Energy-E_F (eV)    DOS (1/eV)    PDOS (1/eV)  of atom type H  C  
     -6.85534    200.73440     10.52030    190.21410
     -6.84534    300.05000     23.10260    276.94740
     -6.83534    234.31350     21.90116    212.41234
     -6.82534    119.17530      9.01609    110.15921
     -6.81534     90.27260      2.77070     87.50190
     -6.80534     65.07820      1.33987     63.73833
     -6.79534     80.23481      1.52328     78.71153
     -6.78534    134.32504      2.85533    131.46971
     -6.77534    168.93618      8.22153    160.71465
     -6.76534    244.32314     24.95667    219.36646
     -6.75534    309.70823     38.76080    270.94743
     -6.74534    212.12208     27.07299    185.04909
     -6.73534    111.87025      9.12488    102.74538
     -6.72534     97.88394      4.34660     93.53734
     -6.71534    120.85539     10.24939    110.60599
     -6.70534    205.39762     18.13862    187.25900
     -6.69534    204.43385     13.50093    190.93292
     -6.68534    110.22789      7.02849    103.19940
     -6.67534    134.87332     15.67138    119.20194
     -6.66534    234.67232     27.64788    207.02444
     -6.65534    173.34583     18.62266    154.72317
     -6.64534     71.07170      5.02619     66.04551
     -6.63534    106.20455      2.11975    104.08480
     -6.62534    164.16689      3.73165    160.43525
     -6.61534    132.74537      9.65448    123.09089
     -6.60534    148.97387     22.79022    126.18365
     -6.59534    222.82882     30.79276    192.03606
     -6.58534    222.83305     26.45347    196.37957
     -6.57534    141.45482     15.04218    126.41263
     -6.56534     99.93278      5.71600     94.21678
     -6.55534    144.02366      3.01832    141.00533
     -6.54534    143.91334      3.98981    139.92353
     -6.53534    123.19330     14.06846    109.12484
     -6.52534    204.40689     33.69519    170.71169
     -6.51534    223.82707     32.33894    191.48813
     -6.50534    140.14904     15.87265    124.27639
     -6.49534    109.94090     10.23199     99.70891
     -6.48534    123.92698      6.88477    117.04221
     -6.47534    169.15999      5.76788    163.39211
     -6.46534    191.19988     14.83266    176.36722
     -6.45534    201.50715     29.66464    171.84251
     -6.44534    179.52527     25.75632    153.76895
     -6.43534    158.87897     15.99135    142.88762
     -6.42534    215.74664     28.96060    186.78604
     -6.41534    272.85388     43.20060    229.65328
     -6.40534    253.95294     35.00504    218.94790
     -6.39534    268.71960     24.48009    244.23951
     -6.38534    235.13626     17.70280    217.43345
     -6.37534    132.97340     12.15939    120.81401
     -6.36534     64.41893      5.52116     58.89777
     -6.35534     84.81934      4.62025     80.19908
     -6.34534    128.74311     11.68278    117.06034
     -6.33534    114.18932     15.72002     98.46930
     -6.32534     78.93448      8.75248     70.18201
     -6.31534    122.24823      3.84265    118.40558
     -6.30534    180.58472      6.89049    173.69424
     -6.29534    158.45805     13.71576    144.74229
     -6.28534    126.68458     18.38970    108.29487
     -6.27534    193.74809     30.37025    163.37784
     -6.26534    312.76130     44.16722    268.59408
     -6.25534    301.66431     40.98277    260.68154
     -6.24534    258.74863     40.83066    217.91797
     -6.23534    249.13570     38.47348    210.66222
     -6.22534    219.02256     26.17890    192.84366
     -6.21534    172.41582     14.26367    158.15215
     -6.20534    173.27257     17.05213    156.22044
     -6.19534    177.89613     22.64091    155.25522
     -6.18534    111.27740     14.05670     97.22070
     -6.17534     84.20008      8.80578     75.39431
     -6.16534    152.45378     17.49949    134.95428
     -6.15534    175.07358     19.94618    155.12740
     -6.14534    144.07113     11.13906    132.93206
     -6.13534    154.51276     13.25740    141.25536
     -6.12534    213.58048     22.90393    190.67656
     -6.11534    190.82994     17.46684    173.36310
     -6.10534     84.30577      5.40610     78.89967
     -6.09534     17.82915      0.75950     17.06965
     -6.08534     15.17016      0.89294     14.27723
     -6.07534     93.28867      6.85254     86.43613
     -6.06534    262.50273     23.18533    239.31740
     -6.05534    330.43472     35.52364    294.91109
     -6.04534    211.55448     27.69964    183.85483
     -6.03534     89.23525     12.85757     76.37768
     -6.02534    101.71188     10.38994     91.32194
     -6.01534    230.30601     18.12503    212.18099
     -6.00534    307.04857     19.60574    287.44283
     -5.99534    238.21972     12.54737    225.67234
     -5.98534    109.43863      5.47857    103.96006
     -5.97534     85.54306      8.76396     76.77910
     -5.96534    191.07757     23.99373    167.08383
     -5.95534    254.08282     34.65736    219.42545
     -5.94534    186.13634     26.19341    159.94293
     -5.93534     80.58364     10.64804     69.93560
     -5.92534     50.14058      7.26318     42.87740
     -5.91534    154.08403     23.75473    130.32930
     -5.90534    274.72957     41.19685    233.53272
     -5.89534    259.72117     36.80953    222.91165
     -5.88534    214.18537     30.15682    184.02855
     -5.87534    166.57112     24.03932    142.53180
     -5.86534    116.38527     13.35266    103.03261
     -5.85534    135.69070      9.08095    126.60974
     -5.84534    160.84638     12.84804    147.99834
     -5.83534    135.93892     19.66321    116.27571
     -5.82534    158.24491     29.50706    128.73785
     -5.81534    231.79189     32.21032    199.58157
     -5.80534    315.96897     30.78804    285.18093
     -5.79534    287.75055     24.38677    263.36378
     -5.78534    127.96690     10.08270    117.88420
     -5.77534     33.14967      2.70032     30.44936
     -5.76534     50.84563      5.22916     45.61647
     -5.75534    113.26315     12.04130    101.22185
     -5.74534    177.90533     20.25722    157.64810
     -5.73534    224.16172     24.72956    199.43216
     -5.72534    212.55150     18.48253    194.06897
     -5.71534    153.28050     12.64523    140.63527
     -5.70534    100.97731     14.14751     86.82979
     -5.69534    152.57659     24.94510    127.63148
     -5.68534    219.30063     26.61654    192.68409
     -5.67534    192.37591     20.12334    172.25257
     -5.66534    206.50688     28.27307    178.23381
     -5.65534    253.04864     33.81660    219.23204
     -5.64534    233.15838     22.45990    210.69848
     -5.63534    291.14653     23.40432    267.74221
     -5.62534    365.01107     32.76886    332.24221
     -5.61534    311.91564     31.60892    280.30673
     -5.60534    349.67040     43.09694    306.57346
     -5.59534    569.46336     73.75227    495.71109
     -5.58534    709.28433     90.46064    618.82369
     -5.57534    673.73625     88.21747    585.51878
     -5.56534    630.00147     78.93556    551.06591
     -5.55534    593.70005     64.48074    529.21931
     -5.54534    558.14419     60.58330    497.56089
     -5.53534    513.39913     55.88003    457.51910
     -5.52534    450.39703     46.36769    404.02935
     -5.51534    430.32397     42.75131    387.57266
     -5.50534    515.78397     54.37641    461.40757
     -5.49534    488.09437     58.58738    429.50700
     -5.48534    294.89013     44.74532    250.14481
     -5.47534    250.99231     46.26429    204.72802
     -5.46534    276.00604     42.54267    233.46337
     -5.45534    210.50269     24.47192    186.03077
     -5.44534    162.55506     17.04504    145.51002
     -5.43534    148.45211     22.65647    125.79564
     -5.42534     95.61913     20.43732     75.18181
     -5.41534     84.47176     21.93703     62.53473
     -5.40534    161.74353     41.90839    119.83513
     -5.39534    239.75025     53.57094    186.17930
     -5.38534    295.94457     44.02441    251.92016
     -5.37534    337.76771     39.61390    298.15381
     -5.36534    283.06045     39.30357    243.75688
     -5.35534    153.19501     23.68527    129.50974
     -5.34534     50.28908      7.41504     42.87403
     -5.33534     24.70524      1.42210     23.28314
     -5.32534     60.91572      1.26793     59.64779
     -5.31534     79.31890      1.61335     77.70555
     -5.30534     58.75921      1.81466     56.94454
     -5.29534    100.82089      6.09807     94.72283
     -5.28534    156.14063     12.32781    143.81282
     -5.27534    109.13488      9.67462     99.46026
     -5.26534     71.40020      3.64328     67.75692
     -5.25534     82.10423      1.87613     80.22810
     -5.24534     50.28370      1.03544     49.24826
     -5.23534     15.71835      0.77671     14.94164
     -5.22534     32.57698      3.92528     28.65170
     -5.21534    106.53145     11.27968     95.25177
     -5.20534    207.94803     16.83523    191.11279
     -5.19534    253.07695     17.15789    235.91906
     -5.18534    153.39061      9.91589    143.47472
     -5.17534     39.01524      2.43503     36.58021
     -5.16534      3.98861      0.23101      3.75760
     -5.15534      2.23191      0.04996      2.18196
     -5.14534     19.03592      0.39329     18.64263
     -5.13534     68.49785      1.70396     66.79389
     -5.12534    130.22545      6.02839    124.19706
     -5.11534    214.58936     17.39565    197.19371
     -5.10534    234.02301     23.35978    210.66323
     -5.09534    110.81873     12.13684     98.68189
     -5.08534     29.74734      2.55919     27.18815
     -5.07534     47.31191      1.09607     46.21584
     -5.06534     79.72601      1.60743     78.11858
     -5.05534     51.12821      1.03234     50.09587
     -5.04534     17.48907      0.48656     17.00251
     -5.03534     44.43191      2.43713     41.99478
     -5.02534    133.21883      8.96152    124.25731
     -5.01534    177.98313     12.80132    165.18181
     -5.00534    138.97362      7.71907    131.25455
     -4.99534     76.21425      2.49692     73.71733
     -4.98534     21.78915      0.50871     21.28045
     -4.97534      2.64799      0.05541      2.59258
     -4.96534      3.18749      0.07100      3.11649
     -4.95534     29.45282      0.78252     28.67029
     -4.94534    118.28648      4.28317    114.00331
     -4.93534    211.06681     11.11266    199.95414
     -4.92534    169.79406     12.37954    157.41452
     -4.91534     59.31735      5.45039     53.86696
     -4.90534     10.54284      0.95134      9.59150
     -4.89534     19.21400      0.44276     18.77124
     -4.88534     63.05722      1.34423     61.71299
     -4.87534     86.33962      2.40779     83.93183
     -4.86534     90.35952      5.12324     85.23627
     -4.85534    150.20892     10.72490    139.48403
     -4.84534    200.92869     14.99480    185.93390
     -4.83534    164.38095     12.77704    151.60391
     -4.82534    113.68911      6.02841    107.66070
     -4.81534     77.91277      2.17294     75.73983
     -4.80534     28.10916      0.61495     27.49421
     -4.79534      4.85414      0.10145      4.75270
     -4.78534     12.57519      0.26987     12.30532
     -4.77534     68.47825      1.72514     66.75310
     -4.76534    167.08990      6.18528    160.90462
     -4.75534    198.40770     12.07056    186.33714
     -4.74534    125.23862     11.10260    114.13603
     -4.73534     87.09555      7.14596     79.94959
     -4.72534    176.76997      9.23957    167.53040
     -4.71534    333.52665     12.19248    321.33417
     -4.70534    471.42524     14.04922    457.37602
     -4.69534    486.40972     13.51791    472.89181
     -4.68534    455.63758     12.18655    443.45104
     -4.67534    452.50041     15.05204    437.44838
     -4.66534    401.17222     19.24817    381.92404
     -4.65534    302.67241     15.54636    287.12605
     -4.64534    222.81824      8.43490    214.38334
     -4.63534    180.29208      5.29771    174.99437
     -4.62534    140.28790      3.99922    136.28868
     -4.61534    146.89081      4.76047    142.13034
     -4.60534    211.38926      8.44367    202.94559
     -4.59534    265.66479     11.59580    254.06899
     -4.58534    261.84850     13.44377    248.40473
     -4.57534    260.43571     16.16442    244.27129
     -4.56534    224.33882     12.13340    212.20542
     -4.55534    133.21675      5.13251    128.08424
     -4.54534     90.62938      2.63425     87.99512
     -4.53534     88.88060      2.40407     86.47653
     -4.52534     84.07987      1.97153     82.10835
     -4.51534    126.51245      2.93906    123.57339
     -4.50534    185.35447      6.16505    179.18942
     -4.49534    232.71080     12.92310    219.78770
     -4.48534    252.74430     18.26374    234.48055
     -4.47534    233.22508     14.69986    218.52523
     -4.46534    171.97189      7.35238    164.61951
     -4.45534    110.33908      3.19979    107.13929
     -4.44534     78.79367      2.05903     76.73463
     -4.43534     86.18859      2.33425     83.85434
     -4.42534     73.17051      2.24938     70.92113
     -4.41534    104.98413      5.17846     99.80567
     -4.40534    217.91264     12.94258    204.97005
     -4.39534    252.67327     14.32198    238.35129
     -4.38534    163.20949      7.31088    155.89860
     -4.37534     89.52094      3.68186     85.83907
     -4.36534    129.54394      6.44614    123.09780
     -4.35534    155.03112      7.62540    147.40573
     -4.34534     81.32731      3.67574     77.65157
     -4.33534     67.84081      2.60729     65.23352
     -4.32534    168.14728      8.42730    159.71999
     -4.31534    280.92171     15.49223    265.42948
     -4.30534    275.74238     12.49735    263.24503
     -4.29534    165.01410      4.98025    160.03385
     -4.28534    100.12594      2.23427     97.89167
     -4.27534    139.72493      3.06362    136.66131
     -4.26534    147.86002      3.38101    144.47901
     -4.25534    120.55229      4.62973    115.92255
     -4.24534    184.37554      9.94099    174.43455
     -4.23534    285.49553     16.17663    269.31890
     -4.22534    336.38491     16.72096    319.66395
     -4.21534    240.49122      9.07685    231.41438
     -4.20534     88.16440      2.55720     85.60720
     -4.19534     53.00532      1.36011     51.64521
     -4.18534     90.32965      2.24573     88.08391
     -4.17534    107.19863      2.38226    104.81637
     -4.16534    124.56263      3.34606    121.21656
     -4.15534    175.94212      8.79853    167.14359
     -4.14534    256.34745     16.27273    240.07471
     -4.13534    273.13693     15.79205    257.34488
     -4.12534    207.86212      9.13779    198.72433
     -4.11534    140.19386      4.00659    136.18727
     -4.10534    131.79908      2.70894    129.09014
     -4.09534    132.82548      2.90627    129.91921
     -4.08534     93.15413      2.70192     90.45221
     -4.07534     90.38096      5.43096     84.95000
     -4.06534    170.54344     12.19414    158.34930
     -4.05534    205.24912     12.33918    192.90994
     -4.04534    188.38374      7.03709    181.34665
     -4.03534    179.31993      5.77140    173.54853
     -4.02534    184.93594      7.26718    177.66877
     -4.01534    158.90917      5.81026    153.09891
     -4.00534    140.76743      4.11312    136.65431
     -3.99534    185.99963      6.91268    179.08696
     -3.98534    194.66669     12.03083    182.63586
     -3.97534    177.41555     12.19494    165.22060
     -3.96534    160.76085      6.72908    154.03177
     -3.95534    149.37924      3.75309    145.62615
     -3.94534    133.07095      3.10141    129.96954
     -3.93534     98.45255      3.09814     95.35442
     -3.92534     91.83058      5.01398     86.81660
     -3.91534    112.80267      7.71499    105.08767
     -3.90534    153.59958     11.67650    141.92308
     -3.89534    157.69932     12.01682    145.68251
     -3.88534     70.34064      5.20193     65.13871
     -3.87534     11.82594      0.84447     10.98147
     -3.86534      0.76392      0.05141      0.71251
     -3.85534      1.09230      0.03874      1.05356
     -3.84534     15.52670      0.69647     14.83023
     -3.83534     89.68494      5.09473     84.59020
     -3.82534    209.87797     14.43633    195.44164
     -3.81534    198.21622     15.56847    182.64774
     -3.80534     74.42672      6.31307     68.11365
     -3.79534     15.36664      1.04052     14.32611
     -3.78534     38.51406      0.77445     37.73961
     -3.77534    125.45341      2.40330    123.05011
     -3.76534    193.99505      4.20808    189.78698
     -3.75534    229.97181      8.03903    221.93278
     -3.74534    282.84185     14.37177    268.47008
     -3.73534    253.53185     13.73212    239.79973
     -3.72534    169.32155      8.65964    160.66191
     -3.71534    124.09660      5.33304    118.76356
     -3.70534    151.69610      3.87435    147.82174
     -3.69534    166.71093      3.48591    163.22502
     -3.68534    137.84011      3.99354    133.84657
     -3.67534    169.09067      9.16272    159.92794
     -3.66534    196.25212     13.24185    183.01026
     -3.65534    146.51553      8.42411    138.09143
     -3.64534    120.81753      4.22737    116.59017
     -3.63534    143.64482      5.24488    138.39994
     -3.62534    130.95615      5.43608    125.52007
     -3.61534    142.52107      4.61277    137.90831
     -3.60534    216.77039      8.07471    208.69568
     -3.59534    246.06221     13.50170    232.56051
     -3.58534    158.01618     10.70349    147.31269
     -3.57534     50.20565      3.44124     46.76441
     -3.56534     41.21590      1.24966     39.96624
     -3.55534    129.91597      3.54137    126.37460
     -3.54534    227.75232      7.32817    220.42416
     -3.53534    234.69560      9.76229    224.93331
     -3.52534    205.03432     12.73956    192.29475
     -3.51534    164.36062     11.93209    152.42853
     -3.50534    118.51011      5.90611    112.60400
     -3.49534     74.10724      2.06299     72.04425
     -3.48534     66.38722      1.36158     65.02564
     -3.47534     98.03759      2.52902     95.50858
     -3.46534    147.68289      7.02247    140.66043
     -3.45534    264.10311     15.57027    248.53284
     -3.44534    289.57024     15.95167    273.61857
     -3.43534    185.59339      7.60192    177.99147
     -3.42534    104.27639      2.65974    101.61666
     -3.41534     43.14446      0.92664     42.21782
     -3.40534     25.38813      1.04900     24.33913
     -3.39534    101.17991      5.79848     95.38143
     -3.38534    262.07709     15.27101    246.80608
     -3.37534    340.26115     17.07052    323.19063
     -3.36534    214.11595      8.39680    205.71914
     -3.35534     72.30814      2.12312     70.18502
     -3.34534     62.34302      1.47322     60.86980
     -3.33534     90.55411      3.16992     87.38419
     -3.32534    101.02191      7.73858     93.28333
     -3.31534    162.42790     13.15030    149.27759
     -3.30534    246.35040     12.43735    233.91305
     -3.29534    228.29082      7.91059    220.38023
     -3.28534    133.01275      3.67381    129.33894
     -3.27534    121.90032      3.18966    118.71066
     -3.26534    158.88195      6.91486    151.96709
     -3.25534    164.99171     12.11883    152.87288
     -3.24534    119.87650     10.53456    109.34194
     -3.23534    141.62936      7.01140    134.61796
     -3.22534    227.09441      7.15538    219.93902
     -3.21534    193.17153      5.37736    187.79417
     -3.20534    140.64109      5.97758    134.66351
     -3.19534    169.45965     11.60105    157.85860
     -3.18534    166.74020     11.72280    155.01741
     -3.17534    135.60671      6.54791    129.05880
     -3.16534    121.28123      4.83906    116.44217
     -3.15534    136.39651      5.25740    131.13911
     -3.14534    196.52026      8.15831    188.36195
     -3.13534    227.25180     13.22128    214.03052
     -3.12534    180.74423     11.40693    169.33729
     -3.11534    191.67590      6.99353    184.68237
     -3.10534    213.54600      6.48087    207.06512
     -3.09534    200.44760      7.77167    192.67593
     -3.08534    182.09390     10.74595    171.34795
     -3.07534    170.52406     12.99825    157.52581
     -3.06534    163.95121      9.00076    154.95045
     -3.05534    228.18420      7.04581    221.13839
     -3.04534    382.78158     11.42657    371.35501
     -3.03534    346.42952     13.61969    332.80983
     -3.02534    180.87835     13.51192    167.36643
     -3.01534     82.23483      9.51164     72.72319
     -3.00534     47.13692      3.59220     43.54472
     -2.99534    105.94504      3.61369    102.33135
     -2.98534    181.80966      8.43153    173.37813
     -2.97534    164.83246     12.89399    151.93846
     -2.96534     92.21757     10.37035     81.84722
     -2.95534     34.32772      3.85617     30.47155
     -2.94534     50.82203      2.86029     47.96174
     -2.93534    146.12253      8.39079    137.73173
     -2.92534    238.88704     14.38765    224.49939
     -2.91534    220.56858     11.55408    209.01450
     -2.90534    125.57964      4.94389    120.63575
     -2.89534     96.41545      4.89413     91.52132
     -2.88534    135.98502     10.75054    125.23448
     -2.87534    121.73734     12.61644    109.12090
     -2.86534     61.52673      6.66664     54.86009
     -2.85534     70.92220      4.21559     66.70661
     -2.84534    168.04531      9.60504    158.44027
     -2.83534    236.94152     14.56012    222.38140
     -2.82534    206.21466     10.55075    195.66391
     -2.81534    160.78221      6.23221    154.55000
     -2.80534    147.12391      9.01713    138.10678
     -2.79534    130.25473     12.67938    117.57535
     -2.78534    103.95449      9.77273     94.18177
     -2.77534    123.71397      7.17184    116.54213
     -2.76534    183.18170     10.97656    172.20514
     -2.75534    216.43553     14.35554    202.07999
     -2.74534    204.69106     10.87247    193.81858
     -2.73534    199.24627      9.16423    190.08204
     -2.72534    200.72335     13.41763    187.30572
     -2.71534    173.15121     13.02260    160.12861
     -2.70534    137.45661      9.46062    127.99598
     -2.69534    202.29959     13.81038    188.48921
     -2.68534    261.01592     15.83105    245.18487
     -2.67534    244.89373     13.19953    231.69420
     -2.66534    276.82463     16.39042    260.43421
     -2.65534    338.49810     18.14092    320.35718
     -2.64534    305.09809     16.22469    288.87340
     -2.63534    207.70399     15.63508    192.06891
     -2.62534    127.60751     12.41936    115.18815
     -2.61534    149.14413     13.07694    136.06719
     -2.60534    173.93764     14.34978    159.58786
     -2.59534    146.86743     14.16702    132.70040
     -2.58534    162.83506     15.37606    147.45900
     -2.57534    197.06330     16.77443    180.28888
     -2.56534    181.22360     18.49904    162.72456
     -2.55534    170.12156     20.97811    149.14344
     -2.54534    223.89942     25.80064    198.09879
     -2.53534    278.47154     28.63349    249.83805
     -2.52534    213.33590     21.13854    192.19736
     -2.51534    117.21561      8.54484    108.67078
     -2.50534     90.96346      2.23525     88.72821
     -2.49534     54.16913      0.67944     53.48968
     -2.48534     30.03806      0.39300     29.64506
     -2.47534     96.45977      1.42742     95.03235
     -2.46534    232.99837      3.47902    229.51935
     -2.45534    270.65201      3.97754    266.67447
     -2.44534    154.21231      2.19668    152.01563
     -2.43534     91.67147      1.22917     90.44230
     -2.42534    148.81906      1.95874    146.86032
     -2.41534    139.12852      1.85962    137.26890
     -2.40534     76.56941      1.16048     75.40892
     -2.39534    105.10797      1.78711    103.32086
     -2.38534    173.54772      2.77746    170.77026
     -2.37534    208.62448      3.51680    205.10768
     -2.36534    215.57853      4.88475    210.69378
     -2.35534    181.23900      4.99553    176.24347
     -2.34534    107.10900      2.72075    104.38825
     -2.33534    151.58015      2.53946    149.04069
     -2.32534    236.94872      3.70988    233.23883
     -2.31534    152.15392      2.38658    149.76734
     -2.30534     44.63781      0.78436     43.85345
     -2.29534     96.42166      2.62712     93.79454
     -2.28534    461.24964     13.27833    447.97131
     -2.27534   1044.22375     30.62839   1013.59537
     -2.26534   1241.08559     36.05847   1205.02712
     -2.25534    934.18803     26.77908    907.40895
     -2.24534    565.55291     16.37475    549.17816
     -2.23534    419.69031     11.73224    407.95807
     -2.22534    479.43445     12.78364    466.65081
     -2.21534    470.10272     12.40760    457.69512
     -2.20534    374.46116      9.45227    365.00889
     -2.19534    409.19045     10.35348    398.83696
     -2.18534    510.79864     13.65704    497.14161
     -2.17534    440.05565     11.56498    428.49067
     -2.16534    256.51623      6.06801    250.44822
     -2.15534    129.28719      2.48523    126.80196
     -2.14534     93.40983      1.36472     92.04511
     -2.13534     55.17957      0.74730     54.43227
     -2.12534     19.84100      0.26533     19.57566
     -2.11534     45.29953      0.60619     44.69334
     -2.10534    123.42559      1.67539    121.75019
     -2.09534    142.79434      1.97064    140.82371
     -2.08534     68.65369      0.96185     67.69184
     -2.07534     14.72365      0.20965     14.51400
     -2.06534     15.44489      0.22989     15.21499
     -2.05534     61.55151      0.90443     60.64708
     -2.04534    116.76011      1.64105    115.11905
     -2.03534    119.81173      1.56688    118.24485
     -2.02534     68.65878      0.85635     67.80243
     -2.01534     36.12189      0.53645     35.58544
     -2.00534    119.41834      2.20520    117.21315
     -1.99534    364.28736      7.20500    357.08236
     -1.98534    640.00870     13.03862    626.97007
     -1.97534    758.80683     15.26435    743.54247
     -1.96534    698.61333     13.63528    684.97805
     -1.95534    525.11667     10.14514    514.97152
     -1.94534    432.76900      8.33265    424.43635
     -1.93534    515.67607      9.98533    505.69074
     -1.92534    586.84685     11.42472    575.42213
     -1.91534    505.96060      9.68918    496.27142
     -1.90534    506.56670      9.14502    497.42168
     -1.89534    594.73658     10.42261    584.31397
     -1.88534    505.18427      8.98407    496.20020
     -1.87534    308.84646      5.66660    303.17987
     -1.86534    237.70393      4.38129    233.32264
     -1.85534    214.76922      3.73919    211.03003
     -1.84534    180.80417      2.67591    178.12825
     -1.83534    174.11577      2.31782    171.79795
     -1.82534    145.06872      2.03681    143.03190
     -1.81534    105.28479      1.57995    103.70484
     -1.80534     55.97234      0.83589     55.13646
     -1.79534     53.00980      0.66171     52.34809
     -1.78534    121.50355      1.47820    120.02535
     -1.77534    143.01031      1.80119    141.20912
     -1.76534     71.43996      0.92934     70.51061
     -1.75534     16.15947      0.21233     15.94715
     -1.74534     17.86516      0.20947     17.65568
     -1.73534     73.58626      0.86922     72.71704
     -1.72534    138.85881      1.68697    137.17184
     -1.71534    120.51426      1.50678    119.00749
     -1.70534     66.96934      0.82568     66.14366
     -1.69534     80.52388      0.92789     79.59599
     -1.68534    117.38533      1.34752    116.03781
     -1.67534    143.73175      1.68975    142.04201
     -1.66534    141.38259      1.71414    139.66845
     -1.65534     77.81801      0.96504     76.85297
     -1.64534     23.47991      0.28993     23.18998
     -1.63534     42.91345      0.49436     42.41909
     -1.62534    152.16104      1.76020    150.40084
     -1.61534    225.37055      2.64135    222.72920
     -1.60534    137.89002      1.64284    136.24718
     -1.59534     36.29708      0.43921     35.85788
     -1.58534     18.04978      0.21436     17.83542
     -1.57534     79.56332      0.93396     78.62936
     -1.56534    172.45720      2.01592    170.44127
     -1.55534    174.48250      2.02787    172.45463
     -1.54534    114.36771      1.32948    113.03824
     -1.53534     73.36956      0.90059     72.46897
     -1.52534     92.84072      1.18567     91.65504
     -1.51534    116.50767      1.37256    115.13511
     -1.50534    108.33233      1.15726    107.17507
     -1.49534     98.59989      1.15636     97.44353
     -1.48534    142.45808      1.84886    140.60923
     -1.47534    143.78928      1.83348    141.95580
     -1.46534     79.91126      0.92138     78.98987
     -1.45534     89.06336      0.88731     88.17605
     -1.44534    137.39952      1.54377    135.85575
     -1.43534    113.31760      1.46734    111.85026
     -1.42534     55.70316      0.75038     54.95278
     -1.41534     68.99777      0.76829     68.22948
     -1.40534    127.39860      1.24083    126.15778
     -1.39534    124.68916      1.04816    123.64100
     -1.38534     59.77334      0.44594     59.32740
     -1.37534     26.88144      0.22847     26.65297
     -1.36534     80.06657      0.74157     79.32499
     -1.35534    174.22948      1.57484    172.65463
     -1.34534    227.94139      2.27267    225.66873
     -1.33534    287.72888      3.31365    284.41523
     -1.32534    262.02692      3.01995    259.00698
     -1.31534    132.47706      1.37331    131.10375
     -1.30534     87.80037      0.94747     86.85291
     -1.29534    177.26481      2.22315    175.04167
     -1.28534    231.63397      3.10472    228.52925
     -1.27534    194.37075      2.36600    192.00475
     -1.26534    183.13776      1.68998    181.44778
     -1.25534    141.22291      1.27674    139.94617
     -1.24534    135.61830      1.58058    134.03772
     -1.23534    162.44885      1.90652    160.54233
     -1.22534    104.20117      1.02284    103.17833
     -1.21534     86.81273      0.51536     86.29737
     -1.20534    148.45950      1.25156    147.20794
     -1.19534    189.26997      2.46365    186.80633
     -1.18534    132.33166      2.11349    130.21817
     -1.17534     41.09060      0.72134     40.36926
     -1.16534     11.04086      0.21969     10.82117
     -1.15534     36.48166      0.76204     35.71962
     -1.14534     86.00075      1.72405     84.27670
     -1.13534    105.53262      1.78983    103.74279
     -1.12534     98.27169      1.29140     96.98030
     -1.11534     64.97537      0.85741     64.11796
     -1.10534     60.72311      1.16741     59.55570
     -1.09534     80.95087      1.71565     79.23522
     -1.08534     49.87850      1.05491     48.82359
     -1.07534     23.73844      0.39658     23.34186
     -1.06534     67.13330      0.94226     66.19104
     -1.05534    140.83069      2.20487    138.62582
     -1.04534    125.34661      2.19911    123.14750
     -1.03534     46.73561      0.89569     45.83993
     -1.02534     11.16280      0.23199     10.93081
     -1.01534     30.35711      0.64620     29.71092
     -1.00534     87.24335      1.74370     85.49965
     -0.99534    123.93960      2.09635    121.84325
     -0.98534    102.85491      1.38952    101.46539
     -0.97534     52.51042      0.70474     51.80568
     -0.96534     51.27149      1.04304     50.22845
     -0.95534     80.02880      1.75488     78.27392
     -0.94534     56.31487      1.20873     55.10614
     -0.93534     37.63767      0.57657     37.06110
     -0.92534     85.73429      1.14036     84.59393
     -0.91534    133.96476      2.14131    131.82345
     -0.90534    106.71987      2.03636    104.68351
     -0.89534     40.86974      0.85909     40.01065
     -0.88534     12.07211      0.26203     11.81009
     -0.87534     39.50477      0.80967     38.69511
     -0.86534    112.60447      2.08911    110.51535
     -0.85534    141.84854      2.26845    139.58009
     -0.84534     80.80534      1.11193     79.69341
     -0.83534     32.36118      0.53190     31.82929
     -0.82534     55.41874      1.23669     54.18205
     -0.81534     81.23240      1.82169     79.41072
     -0.80534     60.78403      1.16870     59.61532
     -0.79534     73.41498      0.92935     72.48563
     -0.78534    107.99054      1.51113    106.47941
     -0.77534    110.24679      2.07389    108.17290
     -0.76534     72.98539      1.59599     71.38940
     -0.75534     24.50379      0.55026     23.95352
     -0.74534     25.42801      0.48228     24.94573
     -0.73534     97.94686      1.72686     96.22000
     -0.72534    158.01681      2.64199    155.37482
     -0.71534     96.16367      1.52402     94.63965
     -0.70534     28.25189      0.47767     27.77422
     -0.69534     39.12136      0.89787     38.22349
     -0.68534     82.67125      1.87324     80.79801
     -0.67534     92.18074      1.73148     90.44926
     -0.66534     95.07502      1.22252     93.85250
     -0.65534     89.55364      1.24331     88.31033
     -0.64534     88.31547      1.82122     86.49425
     -0.63534     75.33402      1.75599     73.57803
     -0.62534     34.86752      0.76324     34.10428
     -0.61534     50.09975      0.76759     49.33216
     -0.60534    131.46956      2.10840    129.36117
     -0.59534    144.45411      2.53879    141.91532
     -0.58534     62.17100      1.19010     60.98090
     -0.57534     21.34794      0.47428     20.87366
     -0.56534     56.16457      1.26762     54.89695
     -0.55534    118.06990      2.31621    115.75370
     -0.54534    126.84099      1.94060    124.90039
     -0.53534     78.36492      1.04860     77.31631
     -0.52534     61.56652      1.27859     60.28792
     -0.51534     82.75504      2.00129     80.75375
     -0.50534     68.58521      1.45891     67.12630
     -0.49534     79.34237      1.08211     78.26026
     -0.48534    124.04327      1.88077    122.16250
     -0.47534    118.89572      2.36829    116.52744
     -0.46534     60.99662      1.41001     59.58661
     -0.45534     32.51148      0.68488     31.82660
     -0.44534     92.32564      1.67358     90.65205
     -0.43534    158.85299      2.75798    156.09501
     -0.42534    104.15537      1.75247    102.40291
     -0.41534     41.87376      0.83359     41.04017
     -0.40534     69.32416      1.64604     67.67812
     -0.39534    117.78070      2.37104    115.40966
     -0.38534    119.82326      1.76885    118.05441
     -0.37534     92.23757      1.43283     90.80474
     -0.36534     89.62846      2.07312     87.55534
     -0.35534     83.39496      1.93570     81.45926
     -0.34534     88.19454      1.38200     86.81254
     -0.33534    132.46430      2.10452    130.35978
     -0.32534    123.98692      2.52133    121.46559
     -0.31534     66.79198      1.51022     65.28175
     -0.30534     79.36508      1.44533     77.91975
     -0.29534    153.27993      2.70844    150.57149
     -0.28534    127.95740      2.34577    125.61163
     -0.27534     67.31221      1.37404     65.93816
     -0.26534    111.14216      2.24483    108.89733
     -0.25534    154.93104      2.74435    152.18669
     -0.24534    107.76045      1.84346    105.91699
     -0.23534    101.91845      2.16007     99.75838
     -0.22534    144.27365      2.73291    141.54074
     -0.21534    133.43919      2.18705    131.25214
     -0.20534    124.07393      2.44824    121.62568
     -0.19534    148.14147      2.79031    145.35116
     -0.18534    144.84095      2.42048    142.42047
     -0.17534    151.26639      2.85589    148.41050
     -0.16534    169.24187      2.94330    166.29857
     -0.15534    180.17052      2.93867    177.23185
     -0.14534    213.25071      3.48993    209.76078
     -0.13534    208.70366      3.26742    205.43625
     -0.12534    169.87809      3.19836    166.67974
     -0.11534    113.08868      2.78870    110.29997
     -0.10534     95.33895      2.73720     92.60175
     -0.09534     98.91896      2.90739     96.01157
     -0.08534    101.66901      2.99648     98.67253
     -0.07534    107.70723      3.17744    104.52980
     -0.06534    113.16573      3.33901    109.82671
     -0.05534    120.65319      3.55712    117.09607
     -0.04534    125.81504      3.70211    122.11293
     -0.03534    132.58772      3.88815    128.69957
     -0.02534    140.15324      4.09106    136.06219
     -0.01534    132.13399      3.83224    128.30175
     -0.00534    115.24652      3.31245    111.93407
      0.00466     80.04590      2.28788     77.75802
      0.01466     27.84896      0.79475     27.05421
      0.02466      3.83181      0.10932      3.72249
      0.03466      0.19659      0.00561      0.19098
      0.04466      0.00373      0.00011      0.00362
      0.05466      0.00000      0.00000      0.00000
      0.06466      0.00000      0.00000      0.00000
      0.07466      0.00000      0.00000      0.00000
      0.08466      0.00000      0.00000      0.00000
      0.09466      0.00000      0.00000      0.00000
      0.10466      0.00000      0.00000      0.00000
      0.11466      0.00000      0.00000      0.00000
      0.12466      0.00000      0.00000      0.00000
      0.13466      0.00000      0.00000      0.00000
      0.14466      0.00000      0.00000      0.00000
      0.15466      0.00000      0.00000      0.00000
      0.16466      0.00000      0.00000      0.00000
      0.17466      0.00000      0.00000      0.00000
      0.18466      0.00000      0.00000      0.00000
      0.19466      0.00000      0.00000      0.00000
      0.20466      0.00000      0.00000      0.00000
      0.21466      0.00000      0.00000      0.00000
      0.22466      0.00000      0.00000      0.00000
      0.23466      0.00000      0.00000      0.00000
      0.24466      0.00000      0.00000      0.00000
      0.25466      0.00000      0.00000      0.00000
      0.26466      0.00000      0.00000      0.00000
      0.27466      0.00000      0.00000      0.00000
      0.28466      0.00000      0.00000      0.00000
      0.29466      0.00000      0.00000      0.00000
      0.30466      0.00000      0.00000      0.00000
      0.31466      0.00000      0.00000      0.00000
      0.32466      0.00000      0.00000      0.00000
      0.33466      0.00000      0.00000      0.00000
      0.34466      0.00000      0.00000      0.00000
      0.35466      0.00000      0.00000      0.00000
      0.36466      0.00000      0.00000      0.00000
      0.37466      0.00000      0.00000      0.00000
      0.38466      0.00000      0.00000      0.00000
      0.39466      0.00000      0.00000      0.00000
      0.40466      0.00000      0.00000      0.00000
      0.41466      0.00000      0.00000      0.00000
      0.42466      0.00000      0.00000      0.00000
      0.43466      0.00000      0.00000      0.00000
      0.44466      0.00000      0.00000      0.00000
      0.45466      0.00000      0.00000      0.00000
      0.46466      0.00000      0.00000      0.00000
      0.47466      0.00000      0.00000      0.00000
      0.48466      0.00000      0.00000      0.00000
      0.49466      0.00000      0.00000      0.00000
      0.50466      0.00000      0.00000      0.00000
      0.51466      0.00000      0.00000      0.00000
      0.52466      0.00000      0.00000      0.00000
      0.53466      0.00000      0.00000      0.00000
      0.54466      0.00000      0.00000      0.00000
      0.55466      0.00000      0.00000      0.00000
      0.56466      0.00000      0.00000      0.00000
      0.57466      0.00000      0.00000      0.00000
      0.58466      0.00000      0.00000      0.00000
      0.59466      0.00000      0.00000      0.00000
      0.60466      0.00000      0.00000      0.00000
      0.61466      0.00000      0.00000      0.00000
      0.62466      0.00000      0.00000      0.00000
      0.63466      0.00000      0.00000      0.00000
      0.64466      0.00000      0.00000      0.00000
      0.65466      0.00000      0.00000      0.00000
      0.66466      0.00000      0.00000      0.00000
      0.67466      0.00000      0.00000      0.00000
      0.68466      0.00000      0.00000      0.00000
      0.69466      0.00000      0.00000      0.00000
      0.70466      0.00000      0.00000      0.00000
      0.71466      0.00000      0.00000      0.00000
      0.72466      0.00000      0.00000      0.00000
      0.73466      0.00000      0.00000      0.00000
      0.74466      0.00000      0.00000      0.00000
      0.75466      0.00000      0.00000      0.00000
      0.76466      0.00000      0.00000      0.00000
      0.77466      0.00000      0.00000      0.00000
      0.78466      0.00000      0.00000      0.00000
      0.79466      0.00000      0.00000      0.00000
      0.80466      0.00000      0.00000      0.00000
      0.81466      0.00000      0.00000      0.00000
      0.82466      0.00000      0.00000      0.00000
      0.83466      0.00000      0.00000      0.00000
      0.84466      0.00000      0.00000      0.00000
      0.85466      0.00000      0.00000      0.00000
      0.86466      0.00000      0.00000      0.00000
      0.87466      0.00000      0.00000      0.00000
      0.88466      0.00000      0.00000      0.00000
      0.89466      0.00000      0.00000      0.00000
      0.90466      0.00000      0.00000      0.00000
      0.91466      0.00000      0.00000      0.00000
      0.92466      0.00000      0.00000      0.00000
      0.93466      0.00000      0.00000      0.00000
      0.94466      0.00000      0.00000      0.00000
      0.95466      0.00000      0.00000      0.00000
      0.96466      0.00000      0.00000      0.00000
      0.97466      0.00000      0.00000      0.00000
      0.98466      0.00000      0.00000      0.00000
      0.99466      0.00000      0.00000      0.00000
      1.00466      0.00000      0.00000      0.00000
      1.01466      0.00000      0.00000      0.00000
      1.02466      0.00000      0.00000      0.00000
      1.03466      0.00000      0.00000      0.00000
      1.04466      0.00000      0.00000      0.00000
      1.05466      0.00000      0.00000      0.00000
      1.06466      0.00000      0.00000      0.00000
      1.07466      0.00000      0.00000      0.00000
      1.08466      0.00000      0.00000      0.00000
      1.09466      0.00000      0.00000      0.00000
      1.10466      0.00000      0.00000      0.00000
      1.11466      0.00000      0.00000      0.00000
      1.12466      0.00000      0.00000      0.00000
      1.13466      0.00000      0.00000      0.00000
      1.14466      0.00000      0.00000      0.00000
      1.15466      0.00000      0.00000      0.00000
      1.16466      0.00000      0.00000      0.00000
      1.17466      0.00000      0.00000      0.00000
      1.18466      0.00000      0.00000      0.00000
      1.19466      0.00000      0.00000      0.00000
      1.20466      0.00000      0.00000      0.00000
      1.21466      0.00000      0.00000      0.00000
      1.22466      0.00000      0.00000      0.00000
      1.23466      0.00000      0.00000      0.00000
      1.24466      0.00000      0.00000      0.00000
      1.25466      0.00000      0.00000      0.00000
      1.26466      0.00000      0.00000      0.00000
      1.27466      0.00000      0.00000      0.00000
      1.28466      0.00000      0.00000      0.00000
      1.29466      0.00000      0.00000      0.00000
      1.30466      0.00000      0.00000      0.00000
      1.31466      0.00000      0.00000      0.00000
      1.32466      0.00000      0.00000      0.00000
      1.33466      0.00000      0.00000      0.00000
      1.34466      0.00000      0.00000      0.00000
      1.35466      0.00000      0.00000      0.00000
      1.36466      0.00000      0.00000      0.00000
      1.37466      0.00000      0.00000      0.00000
      1.38466      0.00000      0.00000      0.00000
      1.39466      0.00000      0.00000      0.00000
      1.40466      0.00000      0.00000      0.00000
      1.41466      0.00000      0.00000      0.00000
      1.42466      0.00000      0.00000      0.00000
      1.43466      0.00000      0.00000      0.00000
      1.44466      0.00000      0.00000      0.00000
      1.45466      0.00000      0.00000      0.00000
      1.46466      0.00000      0.00000      0.00000
      1.47466      0.00000      0.00000      0.00000
      1.48466      0.00000      0.00000      0.00000
      1.49466      0.00000      0.00000      0.00000
      1.50466      0.00000      0.00000      0.00000
      1.51466      0.00000      0.00000      0.00000
      1.52466      0.00000      0.00000      0.00000
      1.53466      0.00000      0.00000      0.00000
      1.54466      0.00000      0.00000      0.00000
      1.55466      0.00000      0.00000      0.00000
      1.56466      0.00000      0.00000      0.00000
      1.57466      0.00000      0.00000      0.00000
      1.58466      0.00000      0.00000      0.00000
      1.59466      0.00000      0.00000      0.00000
      1.60466      0.00000      0.00000      0.00000
      1.61466      0.00000      0.00000      0.00000
      1.62466      0.00000      0.00000      0.00000
      1.63466      0.00000      0.00000      0.00000
      1.64466      0.00000      0.00000      0.00000
      1.65466      0.00000      0.00000      0.00000
      1.66466      0.00000      0.00000      0.00000
      1.67466      0.00000      0.00000      0.00000
      1.68466      0.00000      0.00000      0.00000
      1.69466      0.00000      0.00000      0.00000
      1.70466      0.00000      0.00000      0.00000
      1.71466      0.00000      0.00000      0.00000
      1.72466      0.00000      0.00000      0.00000
      1.73466      0.00000      0.00000      0.00000
      1.74466      0.00000      0.00000      0.00000
      1.75466      0.00000      0.00000      0.00000
      1.76466      0.00000      0.00000      0.00000
      1.77466      0.00000      0.00000      0.00000
      1.78466      0.00000      0.00000      0.00000
      1.79466      0.00000      0.00000      0.00000
      1.80466      0.00000      0.00000      0.00000
      1.81466      0.00000      0.00000      0.00000
      1.82466      0.00000      0.00000      0.00000
      1.83466      0.00000      0.00000      0.00000
      1.84466      0.00000      0.00000      0.00000
      1.85466      0.00000      0.00000      0.00000
      1.86466      0.00000      0.00000      0.00000
      1.87466      0.00000      0.00000      0.00000
      1.88466      0.00000      0.00000      0.00000
      1.89466      0.00000      0.00000      0.00000
      1.90466      0.00000      0.00000      0.00000
      1.91466      0.00000      0.00000      0.00000
      1.92466      0.00000      0.00000      0.00000
      1.93466      0.00000      0.00000      0.00000
      1.94466      0.00000      0.00000      0.00000
      1.95466      0.00000      0.00000      0.00000
      1.96466      0.00000      0.00000      0.00000
      1.97466      0.00000      0.00000      0.00000
      1.98466      0.00000      0.00000      0.00000
      1.99466      0.00000      0.00000      0.00000
      2.00466      0.00000      0.00000      0.00000
      2.01466      0.00000      0.00000      0.00000
      2.02466      0.00000      0.00000      0.00000
      2.03466      0.00000      0.00000      0.00000
      2.04466      0.00000      0.00000      0.00000
      2.05466      0.00000      0.00000      0.00000
      2.06466      0.00000      0.00000      0.00000
      2.07466      0.00000      0.00000      0.00000
      2.08466      0.00000      0.00000      0.00000
      2.09466      0.00000      0.00000      0.00000
      2.10466      0.00000      0.00000      0.00000
      2.11466      0.00000      0.00000      0.00000
      2.12466      0.00000      0.00000      0.00000
      2.13466      0.00000      0.00000      0.00000
      2.14466      0.00000      0.00000      0.00000
      2.15466      0.00000      0.00000      0.00000
      2.16466      0.00000      0.00000      0.00000
      2.17466      0.00000      0.00000      0.00000
      2.18466      0.00000      0.00000      0.00000
      2.19466      0.00000      0.00000      0.00000
      2.20466      0.00000      0.00000      0.00000
      2.21466      0.00000      0.00000      0.00000
      2.22466      0.00000      0.00000      0.00000
      2.23466      0.00000      0.00000      0.00000
      2.24466      0.00000      0.00000      0.00000
      2.25466      0.00000      0.00000      0.00000
      2.26466      0.00000      0.00000      0.00000
      2.27466      0.00000      0.00000      0.00000
      2.28466      0.00000      0.00000      0.00000
      2.29466      0.00000      0.00000      0.00000
      2.30466      0.00000      0.00000      0.00000
      2.31466      0.00000      0.00000      0.00000
      2.32466      0.00000      0.00000      0.00000
      2.33466      0.00000      0.00000      0.00000
      2.34466      0.00000      0.00000      0.00000
      2.35466      0.00000      0.00000      0.00000
      2.36466      0.00000      0.00000      0.00000
      2.37466      0.00000      0.00000      0.00000
      2.38466      0.00000      0.00000      0.00000
      2.39466      0.00000      0.00000      0.00000
      2.40466      0.00000      0.00000      0.00000
      2.41466      0.00000      0.00000      0.00000
      2.42466      0.00000      0.00000      0.00000
      2.43466      0.00000      0.00000      0.00000
      2.44466      0.00000      0.00000      0.00000
      2.45466      0.00000      0.00000      0.00000
      2.46466      0.00000      0.00000      0.00000
      2.47466      0.00000      0.00000      0.00000
      2.48466      0.00000      0.00000      0.00000
      2.49466      0.00000      0.00000      0.00000
      2.50466      0.00000      0.00000      0.00000
      2.51466      0.00000      0.00000      0.00000
      2.52466      0.00000      0.00000      0.00000
      2.53466      0.00000      0.00000      0.00000
      2.54466      0.00000      0.00000      0.00000
      2.55466      0.00000      0.00000      0.00000
      2.56466      0.00000      0.00000      0.00000
      2.57466      0.00000      0.00000      0.00000
      2.58466      0.00000      0.00000      0.00000
      2.59466      0.00000      0.00000      0.00000
      2.60466      0.00000      0.00000      0.00000
      2.61466      0.00000      0.00000      0.00000
      2.62466      0.00000      0.00000      0.00000
      2.63466      0.00000      0.00000      0.00000
      2.64466      0.00000      0.00000      0.00000
      2.65466      0.00000      0.00000      0.00000
      2.66466      0.00000      0.00000      0.00000
      2.67466      0.00000      0.00000      0.00000
      2.68466      0.00000      0.00000      0.00000
      2.69466      0.00000      0.00000      0.00000
      2.70466      0.00000      0.00000      0.00000
      2.71466      0.00000      0.00000      0.00000
      2.72466      0.00000      0.00000      0.00000
      2.73466      0.00000      0.00000      0.00000
      2.74466      0.00000      0.00000      0.00000
      2.75466      0.00000      0.00000      0.00000
      2.76466      0.00000      0.00000      0.00000
      2.77466      0.00000      0.00000      0.00000
      2.78466      0.00000      0.00000      0.00000
      2.79466      0.00000      0.00000      0.00000
      2.80466      0.00000      0.00000      0.00000
      2.81466      0.00000      0.00000      0.00000
      2.82466      0.00000      0.00000      0.00000
      2.83466      0.00000      0.00000      0.00000
      2.84466      0.00000      0.00000      0.00000
      2.85466      0.00000      0.00000      0.00000
      2.86466      0.00000      0.00000      0.00000
      2.87466      0.00000      0.00000      0.00000
      2.88466      0.00000      0.00000      0.00000
      2.89466      0.00000      0.00000      0.00000
      2.90466      0.00000      0.00000      0.00000
      2.91466      0.00000      0.00000      0.00000
      2.92466      0.00000      0.00000      0.00000
      2.93466      0.00000      0.00000      0.00000
      2.94466      0.00000      0.00000      0.00000
      2.95466      0.00000      0.00000      0.00000
      2.96466      0.00000      0.00000      0.00000
      2.97466      0.00000      0.00000      0.00000
      2.98466      0.00000      0.00000      0.00000
      2.99466      0.00000      0.00000      0.00000
      3.00466      0.00000      0.00000      0.00000
      3.01466      0.00000      0.00000      0.00000
      3.02466      0.00000      0.00000      0.00000
      3.03466      0.00000      0.00000      0.00000
      3.04466      0.00000      0.00000      0.00000
      3.05466      0.00000      0.00000      0.00000
      3.06466      0.00000      0.00000      0.00000
      3.07466      0.00000      0.00000      0.00000
      3.08466      0.00000      0.00000      0.00000
      3.09466      0.00000      0.00000      0.00000
      3.10466      0.00000      0.00000      0.00000
      3.11466      0.00000      0.00000      0.00000
      3.12466      0.00000      0.00000      0.00000
      3.13466      0.00000      0.00000      0.00000
      3.14466      0.00000      0.00000      0.00000
      3.15466      0.00000      0.00000      0.00000
      3.16466      0.00000      0.00000      0.00000
      3.17466      0.00000      0.00000      0.00000
      3.18466      0.00000      0.00000      0.00000
      3.19466      0.00000      0.00000      0.00000
      3.20466      0.00000      0.00000      0.00000
      3.21466      0.00000      0.00000      0.00000
      3.22466      0.00000      0.00000      0.00000
      3.23466      0.00000      0.00000      0.00000
      3.24466      0.00000      0.00000      0.00000
      3.25466      0.00000      0.00000      0.00000
      3.26466      0.00000      0.00000      0.00000
      3.27466      0.00334      0.00004      0.00331
      3.28466      0.19917      0.00216      0.19701
      3.29466      4.28632      0.04652      4.23980
      3.30466     36.21747      0.39487     35.82260
      3.31466    127.30249      1.40028    125.90221
      3.32466    209.45082      2.34549    207.10533
      3.33466    203.91896      2.36422    201.55475
      3.34466    167.51300      2.04722    165.46578
      3.35466    145.53019      1.88140    143.64879
      3.36466    132.25833      1.80424    130.45408
      3.37466    123.76118      1.77874    121.98244
      3.38466    116.97436      1.76973    115.20463
      3.39466    111.32846      1.76643    109.56203
      3.40466    106.43430      1.77488    104.65942
      3.41466    105.45680      1.83583    103.62097
      3.42466    127.21403      2.30954    124.90449
      3.43466    185.91489      3.42261    182.49228
      3.44466    224.26026      4.18817    220.07209
      3.45466    215.55738      4.10602    211.45136
      3.46466    189.27468      3.69663    185.57805
      3.47466    177.53279      3.58283    173.94996
      3.48466    149.58910      3.09716    146.49194
      3.49466    168.19995      3.55490    164.64505
      3.50466    145.80103      3.17110    142.62993
      3.51466    127.14658      2.87342    124.27315
      3.52466    165.14671      3.72277    161.42394
      3.53466    131.22026      3.01948    128.20078
      3.54466    111.73001      2.80930    108.92071
      3.55466    142.36837      3.45423    138.91414
      3.56466    141.35945      3.35416    138.00529
      3.57466    119.86555      3.19210    116.67345
      3.58466     98.38273      2.70846     95.67427
      3.59466    127.81307      3.27053    124.54254
      3.60466    157.54869      4.14668    153.40202
      3.61466     97.64366      2.77105     94.87261
      3.62466     80.20839      2.50361     77.70479
      3.63466    133.37460      3.88132    129.49328
      3.64466    139.22858      3.70124    135.52734
      3.65466    108.70272      3.22635    105.47637
      3.66466     93.74949      3.26386     90.48563
      3.67466     79.53915      2.60217     76.93698
      3.68466    127.84923      3.77333    124.07590
      3.69466    154.85355      4.72391    150.12964
      3.70466     85.61321      2.83454     82.77867
      3.71466     65.25124      2.55015     62.70108
      3.72466    104.73544      3.89550    100.83993
      3.73466    124.55182      3.84008    120.71174
      3.74466    125.81168      3.88229    121.92939
      3.75466    109.00544      4.17129    104.83415
      3.76466     65.54796      2.78954     62.75841
      3.77466     63.10371      2.53959     60.56412
      3.78466    134.46243      4.88639    129.57604
      3.79466    144.51386      4.83267    139.68119
      3.80466     83.53994      2.98864     80.55129
      3.81466     79.15108      3.69389     75.45719
      3.82466     78.77774      3.74699     75.03076
      3.83466     75.02137      2.89131     72.13006
      3.84466    136.54399      4.90266    131.64133
      3.85466    143.56152      5.59123    137.97029
      3.86466     67.84896      2.95899     64.88997
      3.87466     52.46577      2.75577     49.71000
      3.88466     88.45090      4.56870     83.88220
      3.89466    101.03017      4.20478     96.82540
      3.90466    119.42608      4.14304    115.28304
      3.91466    126.02984      5.40955    120.62029
      3.92466     84.78264      4.41086     80.37179
      3.93466     40.69366      2.30599     38.38767
      3.94466     65.77641      3.62656     62.14984
      3.95466    123.09712      5.84912    117.24800
      3.96466    127.72552      4.86271    122.86281
      3.97466     94.82234      3.87513     90.94721
      3.98466     89.37635      5.08171     84.29464
      3.99466     67.04922      4.13603     62.91319
      4.00466     40.84078      2.37701     38.46377
      4.01466     93.48832      4.71022     88.77810
      4.02466    155.45960      7.27097    148.18862
      4.03466    113.74531     10.33210    103.41320
      4.04466    127.08898     65.56420     61.52478
      4.05466    367.10888    267.19534     99.91354
      4.06466    581.58003    468.34071    113.23932
      4.07466    541.79647    443.10544     98.69103
      4.08466    574.54332    415.49916    159.04417
      4.09466    718.45834    513.03499    205.42335
      4.10466    682.95921    544.86778    138.09142
      4.11466    568.66818    478.28942     90.37876
      4.12466    531.39622    419.03913    112.35709
      4.13466    497.39856    381.85525    115.54330
      4.14466    462.33989    354.71907    107.62082
      4.15466    490.48359    337.13707    153.34652
      4.16466    489.16214    322.74234    166.41980
      4.17466    409.35772    305.61275    103.74497
      4.18466    351.76825    290.51353     61.25471
      4.19466    366.35164    281.20870     85.14294
      4.20466    386.82918    272.55509    114.27409
      4.21466    379.81694    261.57244    118.24450
      4.22466    387.75155    252.92218    134.82937
      4.23466    382.42242    246.28392    136.13850
      4.24466    340.52371    238.47298    102.05073
      4.25466    284.69085    228.06460     56.62624
      4.26466    285.69209    222.85190     62.84020
      4.27466    329.56050    219.25507    110.30543
      4.28466    349.79496    214.54219    135.25277
      4.29466    332.93877    207.07221    125.86656
      4.30466    338.39153    201.97893    136.41260
      4.31466    420.65662    198.86354    221.79308
      4.32466    436.95546    195.82620    241.12926
      4.33466    373.71300    188.11221    185.60078
      4.34466    382.58038    188.61391    193.96646
      4.35466    424.99904    182.74663    242.25241
      4.36466    410.34004    184.37983    225.96021
      4.37466    326.59094    171.11244    155.47851
      4.38466    348.13932    178.31535    169.82397
      4.39466    322.58797    166.13511    156.45287
      4.40466    269.71078    169.26371    100.44706
      4.41466    296.05514    162.77661    133.27853
      4.42466    364.49734    163.14564    201.35170
      4.43466    357.58109    166.16458    191.41651
      4.44466    286.65073    151.27445    135.37628
      4.45466    299.57616    161.74316    137.83301
      4.46466    287.65345    149.42702    138.22643
      4.47466    247.94497    151.33550     96.60947
      4.48466    236.05702    149.86847     86.18855
      4.49466    303.68742    144.46734    159.22008
      4.50466    368.26411    152.39260    215.87151
      4.51466    296.62236    144.59633    152.02603
      4.52466    233.61531    139.99224     93.62308
      4.53466    357.53793    150.97370    206.56424
      4.54466    546.52031    162.92873    383.59158
      4.55466    540.72799    159.22558    381.50241
      4.56466    445.93778    157.31057    288.62720
      4.57466    452.51544    153.15479    299.36065
      4.58466    525.03104    146.21890    378.81214
      4.59466    508.82569    156.13555    352.69014
      4.60466    375.36988    143.74056    231.62933
      4.61466    305.67948    129.26790    176.41158
      4.62466    370.44038    150.08878    220.35160
      4.63466    429.79959    141.63783    288.16176
      4.64466    409.49064    125.19425    284.29639
      4.65466    396.87309    147.53659    249.33650
      4.66466    340.47603    133.54008    206.93596
      4.67466    317.15372    115.82248    201.33124
      4.68466    372.12873    146.67579    225.45295
      4.69466    357.36010    134.90773    222.45237
      4.70466    296.07301    105.23466    190.83835
      4.71466    322.69607    137.74445    184.95162
      4.72466    383.91930    142.32509    241.59421
      4.73466    348.91028    103.03666    245.87362
      4.74466    333.41013    125.54675    207.86338
      4.75466    338.88097    145.50268    193.37830
      4.76466    270.94776    100.75505    170.19271
      4.77466    278.53473    106.14326    172.39147
      4.78466    328.92189    149.18530    179.73659
      4.79466    291.40205    115.17195    176.23010
      4.80466    328.79142     89.23024    239.56118
      4.81466    361.84214    136.06527    225.77687
      4.82466    309.06400    137.23024    171.83376
      4.83466    253.66470     84.17648    169.48822
      4.84466    286.06502    104.70122    181.36379
      4.85466    337.02481    150.70145    186.32336
      4.86466    252.62612    106.07509    146.55103
      4.87466    211.33914     73.20675    138.13239
      4.88466    305.92645    127.77679    178.14966
      4.89466    386.72381    145.29585    241.42796
      4.90466    338.05611     85.54756    252.50856
      4.91466    251.83454     83.51625    168.31829
      4.92466    257.05180    141.93723    115.11457
      4.93466    207.57248    119.34737     88.22511
      4.94466    182.66935     63.27342    119.39594
      4.95466    299.86609     99.26222    200.60387
      4.96466    401.03505    154.14378    246.89127
      4.97466    345.12373    108.10391    237.01982
      4.98466    201.12512     56.39764    144.72748
      4.99466    211.61046    103.77860    107.83186
      5.00466    312.98674    152.28260    160.70414
      5.01466    228.56248     92.60518    135.95730
      5.02466    152.03904     50.81898    101.22006
      5.03466    268.80690    110.04914    158.75776
      5.04466    348.28324    150.31871    197.96453
      5.05466    300.39383     88.44180    211.95203
      5.06466    261.13062     53.78202    207.34860
      5.07466    245.15197    108.70300    136.44897
      5.08466    259.77147    148.07750    111.69397
      5.09466    233.25909     86.34898    146.91011
      5.10466    170.99285     43.95114    127.04172
      5.11466    200.14437     97.59939    102.54498
      5.12466    278.53279    150.54942    127.98337
      5.13466    241.01688     93.80717    147.20972
      5.14466    227.42918     44.38056    183.04862
      5.15466    313.39827     89.76660    223.63167
      5.16466    332.21895    151.25723    180.96172
      5.17466    215.37955    105.00989    110.36966
      5.18466    184.63695     42.32858    142.30837
      5.19466    321.01502     73.02339    247.99163
      5.20466    448.68863    152.46483    296.22380
      5.21466    389.05482    135.59381    253.46101
      5.22466    201.74723     51.73886    150.00838
      5.23466     89.33539     39.29201     50.04338
      5.24466    148.86580    111.66379     37.20201
      5.25466    246.23224    145.25194    100.98029
      5.26466    236.76574     76.73328    160.03245
      5.27466    182.14439     35.27542    146.86898
      5.28466    237.18342     84.27655    152.90687
      5.29466    349.18663    152.44845    196.73818
      5.30466    282.82526    108.76801    174.05726
      5.31466    169.76873     38.53205    131.23667
      5.32466    209.74067     52.51489    157.22578
      5.33466    249.77223    127.13339    122.63885
      5.34466    196.04515    136.00256     60.04259
      5.35466    154.20571     60.71895     93.48675
      5.36466    227.07943     34.68304    192.39639
      5.37466    287.24110     88.74912    198.49197
      5.38466    292.79618    149.84196    142.95422
      5.39466    258.59409    105.81229    152.78180
      5.40466    199.30914     39.15650    160.15264
      5.41466    211.57297     51.21966    160.35331
      5.42466    297.00559    126.07723    170.92836
      5.43466    237.93804    137.51083    100.42722
      5.44466    111.85519     62.45297     49.40222
      5.45466    122.33097     35.58055     86.75042
      5.46466    236.78370     88.50168    148.28201
      5.47466    340.93034    140.69102    200.23932
      5.48466    332.96661    110.27516    222.69145
      5.49466    268.58897     65.13850    203.45047
      5.50466    238.53013     80.28336    158.24677
      5.51466    204.76872     98.17785    106.59087
      5.52466    175.98664    109.14295     66.84369
      5.53466    246.15752    124.81586    121.34165
      5.54466    327.68216    106.56143    221.12073
      5.55466    250.90088     72.69528    178.20559
      5.56466    205.18252    106.14541     99.03711
      5.57466    307.10849    146.52563    160.58286
      5.58466    332.94268    105.29210    227.65058
      5.59466    223.02315     78.97499    144.04816
      5.60466    143.76586     85.05455     58.71131
      5.61466    167.78485     79.99025     87.79460
      5.62466    268.50247     98.48796    170.01451
      5.63466    309.52245    109.28699    200.23545
      5.64466    255.71172     96.79322    158.91850
      5.65466    249.94082     83.16674    166.77408
      5.66466    385.89332    195.10489    190.78844
      5.67466    601.72239    427.11033    174.61206
      5.68466    619.28386    471.58351    147.70036
      5.69466    418.04850    303.55079    114.49771
      5.70466    357.98822    206.12001    151.86822
      5.71466    441.27294    202.39470    238.87824
      5.72466    495.11608    219.21338    275.90270
      5.73466    417.02325    195.17006    221.85319
      5.74466    266.51500    130.67298    135.84202
      5.75466    296.49773    143.91269    152.58504
      5.76466    417.36740    225.46586    191.90153
      5.77466    385.20776    211.47477    173.73299
      5.78466    295.15717    129.65004    165.50713
      5.79466    323.20572     94.97321    228.23251
      5.80466    436.28017    150.68084    285.59933
      5.81466    442.21515    189.63969    252.57546
      5.82466    387.96483    213.62221    174.34262
      5.83466    411.02442    238.09772    172.92671
      5.84466    450.48598    200.32626    250.15972
      5.85466    579.67842    231.29162    348.38680
      5.86466    573.78380    233.81900    339.96480
      5.87466    437.12121    198.73339    238.38783
      5.88466    399.53565    181.46231    218.07334
      5.89466    329.37772    146.03128    183.34645
      5.90466    222.80336    130.19443     92.60893
      5.91466    124.83114     96.51802     28.31312
      5.92466     46.06012     39.71795      6.34216
      5.93466     11.84882     10.01429      1.83453
      5.94466     45.69467     33.74952     11.94516
      5.95466    199.13593    139.47331     59.66262
      5.96466    358.25397    228.30091    129.95307
      5.97466    343.42024    184.28698    159.13326
      5.98466    316.85572    163.28112    153.57460
      5.99466    265.86303    138.99608    126.86694
      6.00466    158.66361     58.26813    100.39549
      6.01466     80.84708     13.69320     67.15388
      6.02466     24.57030      2.57654     21.99376
      6.03466      4.46814      0.93413      3.53400
      6.04466     21.48516      9.44695     12.03821
      6.05466    124.93997     54.06471     70.87526
      6.06466    289.04606    131.41951    157.62655
      6.07466    295.20376    161.10439    134.09938
      6.08466    204.71174    153.51763     51.19411
      6.09466    194.96274    172.80767     22.15508
      6.10466    189.46997    161.24865     28.22132
      6.11466    153.45495     85.01661     68.43833
      6.12466    214.80043     82.68207    132.11837
      6.13466    319.07881    180.66272    138.41609
      6.14466    359.48603    251.02797    108.45806
      6.15466    353.18484    239.18158    114.00326
      6.16466    257.66086    166.31060     91.35026
      6.17466    227.43172    177.11933     50.31240
      6.18466    300.67255    254.10077     46.57178
      6.19466    232.79163    187.41248     45.37915
      6.20466    128.37573     66.48137     61.89436
      6.21466    150.22124     52.99161     97.22963
      6.22466    251.04909    129.77274    121.27635
      6.23466    342.32518    208.46078    133.86440
      6.24466    378.64071    245.22215    133.41856
      6.25466    302.33133    193.83418    108.49715
      6.26466    172.86850    113.38456     59.48394
      6.27466    185.94325    120.61084     65.33241
      6.28466    215.78187    123.39164     92.39024
      6.29466    162.29229     96.80678     65.48551
      6.30466    140.80832    108.96943     31.83889
      6.31466    153.60889    114.40089     39.20800
      6.32466    203.15997    104.97867     98.18130
      6.33466    352.26131    146.54740    205.71391
      6.34466    422.18999    196.20140    225.98860
      6.35466    336.58023    208.68981    127.89041
      6.36466    229.33331    179.46624     49.86707
      6.37466    146.87665    120.63530     26.24134
      6.38466    152.55683    101.61021     50.94662
      6.39466    204.76802    117.89738     86.87063
      6.40466    218.76830    147.75467     71.01363
      6.41466    169.86083    131.82553     38.03531
      6.42466    139.71295     93.12712     46.58582
      6.43466    172.03638     90.58342     81.45296
      6.44466    167.88317     86.39245     81.49072
      6.45466    231.82711    131.59438    100.23280
      6.46466    309.42598    169.21776    140.21680
      6.47466    258.46721    126.23239    132.50935
      6.48466    196.63268    111.73769     88.30567
      6.49466    332.65739    298.19907     51.51047
      6.50466    546.54370    536.53407     46.87032
      6.51466    490.45338    485.39285     45.16239
      6.52466    408.84602    376.26444     67.98751
      6.53466    578.57540    548.66708     81.22325
      6.54466    773.19141    773.02739     71.69876
      6.55466    820.87096    791.89002     98.07667
      6.56466    842.72131    778.79539    121.05156
      6.57466    762.54524    695.52347    116.84155
      6.58466    514.64495    482.56563     75.23898
      6.59466    329.48819    334.11929     30.52384
      6.60466    367.39196    352.39491     49.83132
      6.61466    504.55806    429.82436    112.75211
      6.62466    526.90292    439.89184    123.72683
      6.63466    431.07622    400.37228     64.36141
      6.64466    377.29962    389.74321     21.03433
      6.65466    392.40014    394.21872     32.70614
      6.66466    385.32222    343.04170     72.85945
      6.67466    365.43730    319.77288     70.87187
      6.68466    351.58965    346.09300     31.33766
      6.69466    367.72107    371.09947     25.91229
      6.70466    394.55585    342.70037     81.30706
      6.71466    464.86846    329.76273    163.44036
      6.72466    544.21018    371.28773    197.08975
      6.73466    498.02799    371.79083    146.01377
      6.74466    385.80494    345.30980     63.39933
      6.75466    338.24849    338.40754     27.28483
      6.76466    296.37217    307.79301     15.19355
      6.77466    287.77069    298.86145     13.67768
      6.78466    326.69885    309.09000     41.99438
      6.79466    405.03656    317.89752    107.91499
      6.80466    452.70880    322.12403    147.38767
      6.81466    409.12025    304.46509    125.57742
      6.82466    278.58701    229.72126     70.15729
      6.83466    245.52524    218.10151     49.35467
      6.84466    311.51150    255.75128     77.69469
      6.85466    301.12608    256.70552     64.41512
      6.86466    240.17066    241.18343     20.99818
      6.87466    188.16344    200.36489      5.62970
      6.88466    220.42700    229.82321      8.72518
      6.89466    265.19862    253.51803     31.87993
      6.90466    363.91226    261.11471    120.29206
      6.91466    501.27945    291.37704    223.82988
      6.92466    410.22164    228.03136    189.15420
      6.93466    224.62364    127.05348    100.69836
      6.94466    274.83751    194.13849     90.16594
      6.95466    426.34740    378.13026     70.12370
      6.96466    442.06805    440.34078     27.46584
      6.97466    327.84734    337.56780     10.26927
      6.98466    253.26721    247.35272     24.44592
      6.99466    324.29749    256.02436     87.67067
      7.00466    393.29994    258.09335    147.92217
      7.01466    345.92783    235.62808    117.81666
      7.02466    262.40010    231.51433     45.73936
      7.03466    193.24201    201.80974     11.17011
      7.04466    108.76370     96.58599     22.25550
      7.05466    106.97040     47.62547     62.70709
      7.06466    211.50287    139.65260     79.70096
      7.07466    393.60088    322.12609     89.01071
      7.08466    506.55353    404.24000    126.81912
      7.09466    447.57322    337.53583    134.75365
      7.10466    328.59813    211.37833    130.83935
      7.11466    302.02568    189.58884    121.97376
      7.12466    360.27518    277.90140    102.03558
      7.13466    316.18980    273.21182     63.24855
      7.14466    184.16625    162.79541     29.70503
      7.15466    182.47246    129.89537     58.01446
      7.16466    322.39064    214.43042    121.30512
      7.17466    338.85307    244.39826    112.66017
      7.18466    220.49670    179.94884     52.41742
      7.19466    163.13134    116.55334     50.10173
      7.20466    161.44792     71.17190     90.71249
      7.21466    195.53490     78.97671    116.69926
      7.22466    260.75292    138.33030    124.05685
      7.23466    350.59978    239.63062    119.55275
      7.24466    442.84280    331.12658    130.56264
      7.25466    447.89908    332.07931    135.76642
      7.26466    376.15670    281.55288    108.27860
      7.27466    319.20929    268.19758     65.28143
      7.28466    445.08797    365.76277     99.42869
      7.29466    646.85128    461.43592    203.06973
      7.30466    666.01406    439.79975    235.72097
      7.31466    508.44376    326.80199    190.25474
      7.32466    432.75378    249.46508    197.39985
      7.33466    414.60657    243.81141    186.70598
      7.34466    306.12656    205.35804    112.87797
      7.35466    195.68033    115.84313     84.95335
      7.36466    170.89014     82.12099     92.16536
      7.37466    242.41127    170.61298     80.17716
      7.38466    381.65889    316.87132     76.88064
      7.39466    442.84829    346.32282    108.62125
      7.40466    354.46888    225.00598    137.94612
      7.41466    294.07537    131.76803    165.06212
      7.42466    284.96998    111.47945    173.83509
      7.43466    194.56750     70.24964    124.34154
      7.44466    144.57840     72.82216     71.93165
      7.45466    271.70751    194.21385     78.99198
      7.46466    451.34342    346.58836    109.80936
      7.47466    439.86442    357.19090     90.47750
      7.48466    269.18896    226.07245     50.35761
      7.49466    179.74540    105.66135     78.18193
      7.50466    220.41697     76.70474    144.78541
      7.51466    334.45268    151.49439    183.07958
      7.52466    434.32903    244.80585    189.73508
      7.53466    386.16845    246.71392    141.10394
      7.54466    296.97427    239.01213     65.05749
      7.55466    379.86763    353.66967     44.76646
      7.56466    487.19430    424.79139     86.67528
      7.57466    412.80029    296.13160    132.32113
      7.58466    409.15807    216.38273    204.02986
      7.59466    487.60925    227.44632    274.06051
      7.60466    487.55796    244.38139    258.52837
      7.61466    388.05276    240.56385    160.22865
      7.62466    274.13538    213.37914     71.05396
      7.63466    196.61181    173.15343     30.55971
      7.64466    189.47784    166.19624     32.84825
      7.65466    236.57026    177.78782     72.14873
      7.66466    272.98742    186.27008     97.30265
      7.67466    255.07546    177.77869     87.22706
      7.68466    187.93486    120.18836     75.61035
      7.69466    231.50060    108.50819    128.35148
      7.70466    301.04737    163.39126    147.73469
      7.71466    234.54821    163.13925     83.38101
      7.72466    201.65277    145.80486     62.11528
      7.73466    238.76385    183.44059     60.93675
      7.74466    241.70063    208.77888     41.60319
      7.75466    181.76472    143.84732     43.69543
      7.76466    102.40674     61.02270     42.80907
      7.77466     44.15645     21.30420     23.06200
      7.78466     74.29978     40.19089     35.19059
      7.79466    199.05054    127.76705     76.58904
      7.80466    275.13641    190.73969     94.41016
      7.81466    293.34500    192.99686    109.78228
      7.82466    314.69335    215.67863    107.69074
      7.83466    249.08260    168.26602     86.94482
      7.84466    178.04002    100.25872     79.63518
      7.85466    148.54184     97.96896     50.78297
      7.86466    123.79919     97.14970     26.65826
      7.87466    110.68613     78.66470     32.02156
      7.88466    112.47887     52.23094     60.24831
      7.89466    136.09491     64.31156     71.80217
      7.90466    121.77000     84.54710     37.55666
      7.91466     83.88514     77.12375      8.93761
      7.92466     95.76865     98.24518      2.74472
      7.93466    138.02733    130.27402     12.40798
      7.94466    237.28739    193.88933     45.64624
      7.95466    424.54289    323.05795    106.05574
      7.96466    558.37149    412.87374    155.09066
      7.97466    468.82354    317.92882    158.76016
      7.98466    351.44705    229.55061    124.63412
      7.99466    270.10584    215.36691     55.83702
      8.00466    170.37043    156.77293     14.69158
      8.01466     91.96196     87.45050      7.64909
      8.02466    129.33559    108.38228     28.62527
      8.03466    217.27706    160.92563     64.87873
      8.04466    234.92271    183.61554     56.67928
      8.05466    141.65085    123.66801     20.14341
      8.06466     47.27557     42.87442      4.82772
      8.07466     47.74105     38.86299      8.91169
      8.08466    109.76767     90.09806     19.67059
      8.09466    167.96460    141.20972     26.75502
      8.10466    182.56979    146.33926     36.23927
      8.11466    165.33789    105.34340     60.18879
      8.12466    214.49741    117.42337     98.66342
      8.13466    308.92349    202.48766    111.22943
      8.14466    396.38391    300.52071    101.30087
      8.15466    353.55004    292.48416     63.82415
      8.16466    242.87601    193.79916     50.31459
      8.17466    231.41677    123.12732    108.82207
      8.18466    267.87595    103.84609    164.28225
      8.19466    288.53882    117.94176    172.24474
      8.20466    388.82867    207.56722    188.01866
      8.21466    406.53621    261.20896    156.34097
      8.22466    245.19306    183.04210     73.14524
      8.23466    201.41753    164.49726     49.51225
      8.24466    295.07816    221.17492     82.89318
      8.25466    377.12487    278.25001    101.44821
      8.26466    353.13804    267.04417     86.68929
      8.27466    284.72387    216.96175     69.32741
      8.28466    232.09402    185.84677     48.99443
      8.29466    213.13182    177.24137     37.77928
      8.30466    188.57535    157.80288     31.38015
      8.31466    156.88519    127.92209     29.35971
