Energy-E_F (eV)    DOS (1/eV)    PDOS (1/eV)  of atom type H  C  
     -4.99000    237.27376     20.25633    217.01743
     -4.98000    266.67538     26.10989    240.56549
     -4.97000    384.95704     41.46816    343.48888
     -4.96000    475.97172     45.79961    430.17211
     -4.95000    409.33934     28.81449    380.52485
     -4.94000    303.04918     17.27763    285.77156
     -4.93000    279.40078     23.61977    255.78101
     -4.92000    258.32618     34.08493    224.24125
     -4.91000    181.12014     29.88022    151.23993
     -4.90000    126.94437     14.91884    112.02553
     -4.89000    155.79889     10.13452    145.66436
     -4.88000    242.61875     21.44808    221.17066
     -4.87000    284.09285     32.49401    251.59885
     -4.86000    242.00250     29.71918    212.28332
     -4.85000    161.03253     17.38579    143.64674
     -4.84000    103.65353      9.59667     94.05686
     -4.83000    202.40479     18.83638    183.56841
     -4.82000    325.13766     31.58973    293.54793
     -4.81000    264.43603     30.62569    233.81034
     -4.80000    132.52270     19.35101    113.17169
     -4.79000    101.99221     10.45212     91.54009
     -4.78000    206.35894     15.64404    190.71490
     -4.77000    291.53645     27.44531    264.09115
     -4.76000    255.75797     32.62455    223.13342
     -4.75000    175.46374     23.98475    151.47899
     -4.74000    155.17789     13.33925    141.83864
     -4.73000    162.83832     12.47316    150.36516
     -4.72000    185.40739     18.68378    166.72361
     -4.71000    276.53417     32.64660    243.88757
     -4.70000    278.83278     32.11259    246.72019
     -4.69000    177.41197     17.67159    159.74038
     -4.68000    115.79388     11.23722    104.55666
     -4.67000    128.01990     12.28491    115.73499
     -4.66000    260.30006     26.37749    233.92258
     -4.65000    323.00905     36.29740    286.71165
     -4.64000    216.42676     25.62762    190.79914
     -4.63000    123.19091     12.17873    111.01218
     -4.62000    128.37582     10.30534    118.07048
     -4.61000    201.74662     21.66662    180.08000
     -4.60000    280.94313     32.65347    248.28967
     -4.59000    272.52440     30.20923    242.31518
     -4.58000    177.77964     15.96716    161.81248
     -4.57000    133.95884     10.92747    123.03138
     -4.56000    168.95173     22.04520    146.90653
     -4.55000    234.56497     29.91573    204.64925
     -4.54000    292.56910     30.92700    261.64210
     -4.53000    312.20352     36.18301    276.02051
     -4.52000    285.42176     42.11708    243.30468
     -4.51000    286.65818     47.07255    239.58563
     -4.50000    304.23323     47.82776    256.40546
     -4.49000    355.97553     47.06568    308.90984
     -4.48000    361.63212     42.36400    319.26812
     -4.47000    266.05051     33.22498    232.82553
     -4.46000    177.96647     23.98478    153.98170
     -4.45000    272.43452     36.28037    236.15415
     -4.44000    391.03677     55.38612    335.65064
     -4.43000    296.42516     39.14033    257.28483
     -4.42000    214.10804     20.72206    193.38598
     -4.41000    264.23493     27.08758    237.14735
     -4.40000    300.05595     36.66160    263.39435
     -4.39000    274.24785     42.23974    232.00810
     -4.38000    272.86182     41.43547    231.42635
     -4.37000    292.05358     30.99145    261.06213
     -4.36000    287.08890     22.59967    264.48923
     -4.35000    281.88319     33.48241    248.40078
     -4.34000    287.11739     43.94671    243.17068
     -4.33000    248.85259     35.76825    213.08434
     -4.32000    256.63692     27.66585    228.97107
     -4.31000    324.58464     32.95060    291.63403
     -4.30000    336.92294     39.26439    297.65855
     -4.29000    277.79901     34.56813    243.23088
     -4.28000    278.08978     34.38130    243.70848
     -4.27000    282.88287     35.31033    247.57254
     -4.26000    255.87548     31.68547    224.19001
     -4.25000    295.42815     32.24809    263.18007
     -4.24000    407.66499     43.27005    364.39495
     -4.23000    378.04008     45.06345    332.97663
     -4.22000    258.58524     32.40162    226.18362
     -4.21000    224.64178     24.22160    200.42018
     -4.20000    322.95534     37.20657    285.74877
     -4.19000    452.36835     54.29095    398.07740
     -4.18000    511.55701     51.29555    460.26146
     -4.17000    590.85542     53.69951    537.15591
     -4.16000    828.26312     81.95492    746.30820
     -4.15000   1073.54778    103.71481    969.83297
     -4.14000   1256.45987    108.76731   1147.69256
     -4.13000   1327.58025    107.93015   1219.65010
     -4.12000   1376.87485    114.59610   1262.27875
     -4.11000   1369.90943    125.05956   1244.84987
     -4.10000   1034.21830    101.55329    932.66501
     -4.09000    570.89608     55.54495    515.35113
     -4.08000    329.64820     24.41664    305.23156
     -4.07000    352.07065     26.25624    325.81440
     -4.06000    472.92996     46.49917    426.43079
     -4.05000    414.00096     40.46747    373.53349
     -4.04000    268.77159     21.26138    247.51021
     -4.03000    273.55073     26.38513    247.16561
     -4.02000    336.59851     38.18308    298.41542
     -4.01000    348.53477     36.06585    312.46892
     -4.00000    329.33131     29.54324    299.78807
     -3.99000    318.86950     29.15595    289.71355
     -3.98000    350.00602     38.52599    311.48003
     -3.97000    318.51879     39.73154    278.78725
     -3.96000    248.35772     26.21836    222.13936
     -3.95000    256.24424     26.40517    229.83908
     -3.94000    350.96567     40.75629    310.20938
     -3.93000    398.08591     42.75733    355.32858
     -3.92000    305.42781     34.79540    270.63241
     -3.91000    254.69603     32.03376    222.66226
     -3.90000    288.08399     35.97766    252.10634
     -3.89000    327.42811     39.70718    287.72092
     -3.88000    412.16625     43.47077    368.69549
     -3.87000    446.01547     43.54569    402.46978
     -3.86000    377.97069     41.19940    336.77130
     -3.85000    417.42218     49.30485    368.11733
     -3.84000    404.84752     51.42145    353.42607
     -3.83000    329.46236     48.09540    281.36696
     -3.82000    418.11785     56.98132    361.13652
     -3.81000    590.34948     79.13852    511.21096
     -3.80000    579.66888     96.76492    482.90397
     -3.79000    433.77960     78.01578    355.76383
     -3.78000    309.34614     35.62408    273.72205
     -3.77000    267.73162     16.17809    251.55353
     -3.76000    276.30329     19.09129    257.21201
     -3.75000    300.11612     18.84656    281.26955
     -3.74000    232.90083     10.53699    222.36384
     -3.73000    192.82572      8.10944    184.71628
     -3.72000    261.31398     14.37857    246.93541
     -3.71000    260.74164     15.58155    245.16009
     -3.70000    212.79222     12.02683    200.76539
     -3.69000    237.79778     12.00846    225.78932
     -3.68000    309.50123     15.52221    293.97902
     -3.67000    269.66687     15.41121    254.25566
     -3.66000    180.32704      9.11990    171.20714
     -3.65000    222.03387      9.34313    212.69074
     -3.64000    296.80966     16.52223    280.28742
     -3.63000    350.48956     20.23687    330.25270
     -3.62000    349.22772     14.52450    334.70322
     -3.61000    285.35123      8.63538    276.71585
     -3.60000    218.93270     10.26368    208.66902
     -3.59000    202.26431     17.09639    185.16792
     -3.58000    186.13392     15.27988    170.85404
     -3.57000    130.48596      6.66015    123.82582
     -3.56000     84.30293      4.96805     79.33488
     -3.55000     97.05715     10.93982     86.11733
     -3.54000    133.60380     14.33190    119.27190
     -3.53000    132.54934     10.29973    122.24961
     -3.52000    129.68775      7.02059    122.66716
     -3.51000    140.57206     10.23650    130.33556
     -3.50000    118.07844     12.17856    105.89988
     -3.49000     94.51206      9.00646     85.50561
     -3.48000    110.98465      8.44543    102.53923
     -3.47000    174.97127     11.83307    163.13819
     -3.46000    290.52749     15.44685    275.08065
     -3.45000    279.23580     11.36291    267.87290
     -3.44000    225.50019      9.21039    216.28980
     -3.43000    289.95690     14.97795    274.97895
     -3.42000    271.72739     16.77655    254.95084
     -3.41000    201.77677     10.45676    191.32001
     -3.40000    247.09023      8.03101    239.05922
     -3.39000    295.23085     13.75239    281.47846
     -3.38000    237.84666     17.48735    220.35931
     -3.37000    155.72750     11.16970    144.55781
     -3.36000    199.00195      6.95360    192.04834
     -3.35000    288.96230     11.99420    276.96810
     -3.34000    287.07275     18.14956    268.92319
     -3.33000    202.25749     13.41495    188.84254
     -3.32000    178.88746      7.14342    171.74404
     -3.31000    208.20665      9.95142    198.25523
     -3.30000    238.01649     16.55475    221.46174
     -3.29000    255.13780     14.76550    240.37230
     -3.28000    241.98138      8.87097    233.11040
     -3.27000    232.66023     10.61456    222.04568
     -3.26000    211.02704     15.66399    195.36305
     -3.25000    172.48454     12.97819    159.50635
     -3.24000    193.37134      8.44085    184.93049
     -3.23000    306.74646     12.66774    294.07872
     -3.22000    298.85144     17.09744    281.75400
     -3.21000    181.24208     12.33180    168.91028
     -3.20000    131.27489      7.55167    123.72322
     -3.19000    223.96915     12.37833    211.59082
     -3.18000    310.71221     17.38040    293.33181
     -3.17000    258.09942     12.65529    245.44413
     -3.16000    167.58462      8.45708    159.12754
     -3.15000    215.59655     13.60108    201.99548
     -3.14000    299.65676     16.86990    282.78687
     -3.13000    210.68572     10.68932    199.99640
     -3.12000    145.35496      9.09945    136.25551
     -3.11000    255.31106     15.83162    239.47944
     -3.10000    334.78273     16.12931    318.65342
     -3.09000    250.50276     10.47706    240.02570
     -3.08000    169.84308     11.90735    157.93573
     -3.07000    187.62686     15.31586    172.31100
     -3.06000    222.52001     11.57030    210.94971
     -3.05000    316.00344     12.58981    303.41362
     -3.04000    332.03578     17.83448    314.20130
     -3.03000    193.92978     13.39631    180.53346
     -3.02000    136.73609      8.70495    128.03114
     -3.01000    269.45854     15.24627    254.21226
     -3.00000    326.53180     17.61383    308.91797
     -2.99000    254.65663     12.01870    242.63793
     -2.98000    235.51985     13.01965    222.50020
     -2.97000    252.66275     16.41731    236.24544
     -2.96000    292.99111     14.67559    278.31552
     -2.95000    259.50229     13.10304    246.39924
     -2.94000    223.67632     15.71801    207.95831
     -2.93000    265.24937     15.03725    250.21212
     -2.92000    343.21324     14.68356    328.52968
     -2.91000    360.79880     18.68206    342.11674
     -2.90000    249.34005     15.62465    233.71540
     -2.89000    205.81219     12.70249    193.10970
     -2.88000    315.93673     18.10119    297.83554
     -2.87000    399.42982     19.26313    380.16669
     -2.86000    363.94589     16.59810    347.34779
     -2.85000    363.37381     19.67316    343.70065
     -2.84000    405.83352     20.32234    385.51118
     -2.83000    418.66528     20.30833    398.35695
     -2.82000    441.71641     23.65235    418.06407
     -2.81000    491.30826     23.51961    467.78865
     -2.80000    569.35939     25.09172    544.26766
     -2.79000    433.33468     21.22182    412.11286
     -2.78000    179.64539     12.56937    167.07601
     -2.77000     98.81556     11.96753     86.84803
     -2.76000     88.16128     11.18686     76.97442
     -2.75000    130.69584     11.87538    118.82046
     -2.74000    226.37012     14.12419    212.24593
     -2.73000    228.06302     13.59454    214.46849
     -2.72000    150.04698     13.67000    136.37699
     -2.71000     99.47693     12.59162     86.88531
     -2.70000    101.97824     13.49578     88.48246
     -2.69000    129.19784     13.90696    115.29089
     -2.68000    215.78879     15.79432    199.99447
     -2.67000    262.93632     16.89342    246.04290
     -2.66000    196.71456     16.79697    179.91759
     -2.65000    136.26688     16.58343    119.68345
     -2.64000    129.73457     17.42741    112.30716
     -2.63000    151.43317     18.78413    132.64904
     -2.62000    225.35054     21.18116    204.16937
     -2.61000    315.68235     24.40323    291.27912
     -2.60000    302.84334     27.22874    275.61460
     -2.59000    264.00489     31.92584    232.07905
     -2.58000    309.04679     41.69321    267.35358
     -2.57000    345.68824     46.26677    299.42147
     -2.56000    261.90883     29.58345    232.32538
     -2.55000    191.21184      9.84893    181.36291
     -2.54000    146.74645      2.92198    143.82448
     -2.53000     59.96737      0.95673     59.01064
     -2.52000     10.64162      0.16994     10.47167
     -2.51000     10.22076      0.12316     10.09760
     -2.50000     63.85181      0.78502     63.06679
     -2.49000    178.40781      2.35021    176.05760
     -2.48000    232.06739      3.30563    228.76176
     -2.47000    183.09977      2.69696    180.40281
     -2.46000    135.30938      1.90956    133.39982
     -2.45000    111.06839      1.52180    109.54658
     -2.44000     79.22912      1.07931     78.14981
     -2.43000     99.80323      1.38713     98.41610
     -2.42000    207.51711      3.01817    204.49894
     -2.41000    206.09076      3.11137    202.97939
     -2.40000     84.07005      1.30147     82.76858
     -2.39000     39.92642      0.58534     39.34108
     -2.38000     94.65303      1.32567     93.32736
     -2.37000    149.46279      2.08769    147.37511
     -2.36000    144.69783      2.16213    142.53570
     -2.35000    120.40906      2.00638    118.40268
     -2.34000    103.72143      1.65110    102.07033
     -2.33000    117.35085      1.65612    115.69473
     -2.32000    123.70758      1.73131    121.97627
     -2.31000     89.32459      1.29547     88.02912
     -2.30000     65.35642      1.08007     64.27635
     -2.29000    117.15623      1.97893    115.17731
     -2.28000    177.37133      2.72902    174.64231
     -2.27000    163.42825      2.36040    161.06784
     -2.26000     82.35197      1.18596     81.16601
     -2.25000     25.16080      0.38805     24.77275
     -2.24000     54.55441      0.93222     53.62220
     -2.23000    174.75812      2.85498    171.90314
     -2.22000    227.03860      3.53384    223.50476
     -2.21000    114.96878      1.71597    113.25281
     -2.20000     24.91808      0.36333     24.55474
     -2.19000     30.26059      0.48668     29.77391
     -2.18000    127.16956      2.11064    125.05893
     -2.17000    244.33041      4.33580    239.99461
     -2.16000    312.84250      7.37010    305.47240
     -2.15000    524.52155     15.71253    508.80902
     -2.14000    747.84745     23.00466    724.84280
     -2.13000    782.88088     22.88125    759.99963
     -2.12000    752.49928     20.56930    731.92997
     -2.11000    639.10842     17.35689    621.75153
     -2.10000    505.10955     14.43972    490.66983
     -2.09000    476.34007     13.91962    462.42045
     -2.08000    530.92724     14.78758    516.13966
     -2.07000    621.71134     16.42703    605.28431
     -2.06000    693.05788     18.50790    674.54998
     -2.05000    543.06449     15.06650    527.99800
     -2.04000    227.85752      6.44645    221.41107
     -2.03000     74.89220      1.60199     73.29021
     -2.02000    112.23973      1.47280    110.76693
     -2.01000    147.91593      1.99956    145.91638
     -2.00000     98.71981      1.62747     97.09234
     -1.99000    101.07485      2.69640     98.37845
     -1.98000    177.24808      4.95858    172.28950
     -1.97000    201.61860      4.52843    197.09017
     -1.96000    194.28180      3.09584    191.18595
     -1.95000    170.83045      2.75990    168.07055
     -1.94000    262.31484      5.15452    257.16032
     -1.93000    430.34054      8.68805    421.65249
     -1.92000    508.03427      9.93228    498.10199
     -1.91000    548.54369     10.11877    538.42493
     -1.90000    503.81427      9.29705    494.51722
     -1.89000    395.71953      7.80804    387.91150
     -1.88000    353.63376      7.22615    346.40761
     -1.87000    417.43461      8.03481    409.39979
     -1.86000    534.13684      9.53908    524.59777
     -1.85000    539.94939      9.66940    530.27999
     -1.84000    469.28130      8.98184    460.29946
     -1.83000    501.49982      9.83041    491.66941
     -1.82000    691.55606     12.98419    678.57187
     -1.81000    862.58783     15.43798    847.14984
     -1.80000    652.69645     11.30999    641.38646
     -1.79000    245.54781      4.13937    241.40843
     -1.78000     51.42585      0.80758     50.61827
     -1.77000     65.94570      0.83801     65.10769
     -1.76000    171.26970      2.08955    169.18015
     -1.75000    211.13055      2.50334    208.62720
     -1.74000    116.08402      1.35120    114.73282
     -1.73000     37.21621      0.44085     36.77536
     -1.72000     57.55012      0.71623     56.83389
     -1.71000    126.73324      1.54215    125.19109
     -1.70000    172.52345      2.02195    170.50150
     -1.69000    151.90131      1.74336    150.15795
     -1.68000     84.48658      0.97997     83.50661
     -1.67000     79.65296      0.96349     78.68947
     -1.66000    123.68412      1.46486    122.21926
     -1.65000    123.15482      1.39397    121.76085
     -1.64000     90.72778      1.01390     89.71388
     -1.63000    111.54386      1.30006    110.24380
     -1.62000    157.05919      1.85622    155.20297
     -1.61000    156.26660      1.77123    154.49538
     -1.60000    108.27300      1.13643    107.13657
     -1.59000     50.09672      0.52686     49.56986
     -1.58000     66.62108      0.80691     65.81417
     -1.57000    168.04748      1.94503    166.10245
     -1.56000    213.83432      2.30479    211.52953
     -1.55000    121.80211      1.25017    120.55194
     -1.54000     53.96882      0.59865     53.37016
     -1.53000    105.57505      1.20490    104.37015
     -1.52000    156.57298      1.64127    154.93170
     -1.51000    112.80098      1.10992    111.69105
     -1.50000    108.58560      1.13006    107.45553
     -1.49000    175.67439      1.82536    173.84902
     -1.48000    190.37400      2.00477    188.36923
     -1.47000    110.46980      1.17626    109.29354
     -1.46000     74.51671      0.58410     73.93262
     -1.45000    120.46187      0.91172    119.55015
     -1.44000    167.93928      1.62440    166.31488
     -1.43000    201.59898      2.13141    199.46757
     -1.42000    202.14249      1.90867    200.23382
     -1.41000    164.25499      1.18009    163.07490
     -1.40000    141.93376      0.80820    141.12556
     -1.39000    197.77951      1.29724    196.48227
     -1.38000    266.66144      1.96471    264.69674
     -1.37000    247.68001      1.91582    245.76419
     -1.36000    156.76620      1.41261    155.35358
     -1.35000     78.71272      0.97487     77.73785
     -1.34000     73.44015      1.31672     72.12344
     -1.33000     77.59929      1.48326     76.11603
     -1.32000     37.36128      0.70072     36.66056
     -1.31000     29.70306      0.42198     29.28108
     -1.30000     93.37488      1.32173     92.05315
     -1.29000    149.33762      2.33333    147.00429
     -1.28000    100.28698      1.71789     98.56909
     -1.27000     28.33488      0.52027     27.81461
     -1.26000     11.13130      0.22074     10.91056
     -1.25000     46.07979      0.89470     45.18508
     -1.24000    111.46445      1.97990    109.48455
     -1.23000    131.48746      1.99668    129.49078
     -1.22000     79.73597      1.04309     78.69287
     -1.21000     33.56851      0.50713     33.06137
     -1.20000     53.70573      1.09486     52.61087
     -1.19000     80.75603      1.66898     79.08705
     -1.18000     57.35795      1.07875     56.27921
     -1.17000     62.07671      0.80235     61.27436
     -1.16000     98.33388      1.27963     97.05425
     -1.15000    107.36537      1.80401    105.56136
     -1.14000     86.76605      1.73144     85.03461
     -1.13000     36.68174      0.76415     35.91759
     -1.12000     12.74447      0.23568     12.50880
     -1.11000     50.63506      0.82014     49.81492
     -1.10000    139.39625      2.25253    137.14371
     -1.09000    142.22950      2.29814    139.93136
     -1.08000     53.72402      0.86983     52.85419
     -1.07000     13.00497      0.24035     12.76462
     -1.06000     35.29058      0.75030     34.54028
     -1.05000     86.58290      1.75596     84.82694
     -1.04000    110.15023      1.86529    108.28494
     -1.03000     99.42713      1.28664     98.14049
     -1.02000     60.64424      0.77984     59.86440
     -1.01000     55.98769      1.09727     54.89043
     -1.00000     80.71380      1.74673     78.96707
     -0.99000     56.31831      1.18117     55.13714
     -0.98000     42.59080      0.60951     41.98130
     -0.97000     88.68572      1.12523     87.56050
     -0.96000    124.44071      1.96668    122.47404
     -0.95000    102.02986      1.98072    100.04915
     -0.94000     43.47517      0.92290     42.55227
     -0.93000     12.57175      0.25455     12.31720
     -0.92000     41.47754      0.71677     40.76076
     -0.91000    128.59196      2.14651    126.44546
     -0.90000    149.75453      2.41973    147.33480
     -0.89000     65.06968      1.01943     64.05024
     -0.88000     16.51277      0.29433     16.21843
     -0.87000     37.47388      0.82410     36.64978
     -0.86000     89.32848      1.85678     87.47170
     -0.85000    112.61849      1.89945    110.71904
     -0.84000     98.44128      1.23855     97.20273
     -0.83000     59.31570      0.78323     58.53246
     -0.82000     61.00217      1.26738     59.73479
     -0.81000     81.30199      1.82534     79.47665
     -0.80000     56.76376      1.14577     55.61799
     -0.79000     61.91409      0.77943     61.13465
     -0.78000    103.86793      1.35298    102.51495
     -0.77000    115.27607      2.03464    113.24144
     -0.76000     83.04278      1.77236     81.27042
     -0.75000     31.33111      0.69080     30.64031
     -0.74000     26.35995      0.41834     25.94160
     -0.73000     96.73016      1.50208     95.22808
     -0.72000    157.79292      2.60535    155.18757
     -0.71000     97.15013      1.70165     95.44848
     -0.70000     24.76084      0.46668     24.29416
     -0.69000     24.39310      0.51986     23.87324
     -0.68000     87.77125      1.71788     86.05337
     -0.67000    145.32931      2.45020    142.87911
     -0.66000    105.73408      1.49020    104.24387
     -0.65000     40.29027      0.57140     39.71886
     -0.64000     45.50456      1.01507     44.48949
     -0.63000     90.14352      1.97936     88.16415
     -0.62000    105.83116      1.80489    104.02627
     -0.61000     97.47431      1.16801     96.30630
     -0.60000     71.81584      1.03066     70.78518
     -0.59000     78.43313      1.72919     76.70393
     -0.58000     81.51920      1.83789     79.68131
     -0.57000     70.60875      1.09643     69.51232
     -0.56000     95.56152      1.12830     94.43322
     -0.55000    108.86786      1.79567    107.07219
     -0.54000     95.17410      2.08545     93.08865
     -0.53000     56.20537      1.20019     55.00518
     -0.52000     62.44599      0.81464     61.63134
     -0.51000    120.02504      1.70714    118.31790
     -0.50000    129.56445      2.39817    127.16628
     -0.49000     72.14094      1.55260     70.58834
     -0.48000     43.61184      0.70615     42.90570
     -0.47000    100.11636      1.41471     98.70164
     -0.46000    148.55468      2.52055    146.03413
     -0.45000     96.69403      1.90924     94.78479
     -0.44000     46.40650      0.80824     45.59826
     -0.43000     91.32014      1.29857     90.02157
     -0.42000    150.34753      2.51035    147.83718
     -0.41000    108.59537      2.07977    106.51560
     -0.40000     61.07297      0.98642     60.08655
     -0.39000    104.54351      1.43849    103.10502
     -0.38000    145.29846      2.49798    142.80048
     -0.37000    110.42395      2.09162    108.33233
     -0.36000     93.83882      1.26685     92.57197
     -0.35000    120.15039      1.67767    118.47272
     -0.34000    141.49273      2.54608    138.94664
     -0.33000    143.17993      2.25674    140.92320
     -0.32000    121.28621      1.48314    119.80308
     -0.31000    153.54323      2.16351    151.37972
     -0.30000    212.83697      3.15315    209.68381
     -0.29000    209.97846      2.55391    207.42456
     -0.28000    169.34511      1.94317    167.40193
     -0.27000    126.72228      2.31421    124.40807
     -0.26000     83.51089      2.06314     81.44775
     -0.25000     40.08585      1.07795     39.00790
     -0.24000     53.73063      1.47817     52.25246
     -0.23000     80.41033      2.21529     78.19504
     -0.22000     53.81940      1.48534     52.33406
     -0.21000     48.00654      1.33757     46.66897
     -0.20000     79.00903      2.20787     76.80116
     -0.19000     64.85780      1.81477     63.04303
     -0.18000     51.34285      1.44804     49.89481
     -0.17000     78.83261      2.23242     76.60019
     -0.16000     69.87507      1.98187     67.89319
     -0.15000     59.75705      1.70688     58.05017
     -0.14000     82.57113      2.36707     80.20406
     -0.13000     71.67737      2.05980     69.61757
     -0.12000     73.29408      2.11923     71.17484
     -0.11000     86.59506      2.51016     84.08490
     -0.10000     77.79980      2.26375     75.53605
     -0.09000     90.35014      2.63908     87.71107
     -0.08000     90.84425      2.66010     88.18414
     -0.07000     97.56450      2.86603     94.69846
     -0.06000    105.08499      3.09296    101.99203
     -0.05000    113.97937      3.36046    110.61891
     -0.04000    127.79211      3.76991    124.02220
     -0.03000    149.91110      4.41785    145.49325
     -0.02000    193.64321      5.68119    187.96202
     -0.01000    250.43987      7.29383    243.14604
      0.00000    223.28544      6.46265    216.82279
      0.01000     97.98285      2.82450     95.15835
      0.02000     18.02337      0.51819     17.50518
      0.03000      1.30192      0.03736      1.26456
      0.04000      0.03590      0.00103      0.03487
      0.05000      0.00000      0.00000      0.00000
      0.06000      0.00000      0.00000      0.00000
      0.07000      0.00000      0.00000      0.00000
      0.08000      0.00000      0.00000      0.00000
      0.09000      0.00000      0.00000      0.00000
      0.10000      0.00000      0.00000      0.00000
      0.11000      0.00000      0.00000      0.00000
      0.12000      0.00000      0.00000      0.00000
      0.13000      0.00000      0.00000      0.00000
      0.14000      0.00000      0.00000      0.00000
      0.15000      0.00000      0.00000      0.00000
      0.16000      0.00000      0.00000      0.00000
      0.17000      0.00000      0.00000      0.00000
      0.18000      0.00000      0.00000      0.00000
      0.19000      0.00000      0.00000      0.00000
      0.20000      0.00000      0.00000      0.00000
      0.21000      0.00000      0.00000      0.00000
      0.22000      0.00000      0.00000      0.00000
      0.23000      0.00000      0.00000      0.00000
      0.24000      0.00000      0.00000      0.00000
      0.25000      0.00000      0.00000      0.00000
      0.26000      0.00000      0.00000      0.00000
      0.27000      0.00000      0.00000      0.00000
      0.28000      0.00000      0.00000      0.00000
      0.29000      0.00000      0.00000      0.00000
      0.30000      0.00000      0.00000      0.00000
      0.31000      0.00000      0.00000      0.00000
      0.32000      0.00000      0.00000      0.00000
      0.33000      0.00000      0.00000      0.00000
      0.34000      0.00000      0.00000      0.00000
      0.35000      0.00000      0.00000      0.00000
      0.36000      0.00000      0.00000      0.00000
      0.37000      0.00000      0.00000      0.00000
      0.38000      0.00000      0.00000      0.00000
      0.39000      0.00000      0.00000      0.00000
      0.40000      0.00000      0.00000      0.00000
      0.41000      0.00000      0.00000      0.00000
      0.42000      0.00000      0.00000      0.00000
      0.43000      0.00000      0.00000      0.00000
      0.44000      0.00000      0.00000      0.00000
      0.45000      0.00000      0.00000      0.00000
      0.46000      0.00000      0.00000      0.00000
      0.47000      0.00000      0.00000      0.00000
      0.48000      0.00000      0.00000      0.00000
      0.49000      0.00000      0.00000      0.00000
      0.50000      0.00000      0.00000      0.00000
      0.51000      0.00000      0.00000      0.00000
      0.52000      0.00000      0.00000      0.00000
      0.53000      0.00000      0.00000      0.00000
      0.54000      0.00000      0.00000      0.00000
      0.55000      0.00000      0.00000      0.00000
      0.56000      0.00000      0.00000      0.00000
      0.57000      0.00000      0.00000      0.00000
      0.58000      0.00000      0.00000      0.00000
      0.59000      0.00000      0.00000      0.00000
      0.60000      0.00000      0.00000      0.00000
      0.61000      0.00000      0.00000      0.00000
      0.62000      0.00000      0.00000      0.00000
      0.63000      0.00000      0.00000      0.00000
      0.64000      0.00000      0.00000      0.00000
      0.65000      0.00000      0.00000      0.00000
      0.66000      0.00000      0.00000      0.00000
      0.67000      0.00000      0.00000      0.00000
      0.68000      0.00000      0.00000      0.00000
      0.69000      0.00000      0.00000      0.00000
      0.70000      0.00000      0.00000      0.00000
      0.71000      0.00000      0.00000      0.00000
      0.72000      0.00000      0.00000      0.00000
      0.73000      0.00000      0.00000      0.00000
      0.74000      0.00000      0.00000      0.00000
      0.75000      0.00000      0.00000      0.00000
      0.76000      0.00000      0.00000      0.00000
      0.77000      0.00000      0.00000      0.00000
      0.78000      0.00000      0.00000      0.00000
      0.79000      0.00000      0.00000      0.00000
      0.80000      0.00000      0.00000      0.00000
      0.81000      0.00000      0.00000      0.00000
      0.82000      0.00000      0.00000      0.00000
      0.83000      0.00000      0.00000      0.00000
      0.84000      0.00000      0.00000      0.00000
      0.85000      0.00000      0.00000      0.00000
      0.86000      0.00000      0.00000      0.00000
      0.87000      0.00000      0.00000      0.00000
      0.88000      0.00000      0.00000      0.00000
      0.89000      0.00000      0.00000      0.00000
      0.90000      0.00000      0.00000      0.00000
      0.91000      0.00000      0.00000      0.00000
      0.92000      0.00000      0.00000      0.00000
      0.93000      0.00000      0.00000      0.00000
      0.94000      0.00000      0.00000      0.00000
      0.95000      0.00000      0.00000      0.00000
      0.96000      0.00000      0.00000      0.00000
      0.97000      0.00000      0.00000      0.00000
      0.98000      0.00000      0.00000      0.00000
      0.99000      0.00000      0.00000      0.00000
      1.00000      0.00000      0.00000      0.00000
      1.01000      0.00000      0.00000      0.00000
      1.02000      0.00000      0.00000      0.00000
      1.03000      0.00000      0.00000      0.00000
      1.04000      0.00000      0.00000      0.00000
      1.05000      0.00000      0.00000      0.00000
      1.06000      0.00000      0.00000      0.00000
      1.07000      0.00000      0.00000      0.00000
      1.08000      0.00000      0.00000      0.00000
      1.09000      0.00000      0.00000      0.00000
      1.10000      0.00000      0.00000      0.00000
      1.11000      0.00000      0.00000      0.00000
      1.12000      0.00000      0.00000      0.00000
      1.13000      0.00000      0.00000      0.00000
      1.14000      0.00000      0.00000      0.00000
      1.15000      0.00000      0.00000      0.00000
      1.16000      0.00000      0.00000      0.00000
      1.17000      0.00000      0.00000      0.00000
      1.18000      0.00000      0.00000      0.00000
      1.19000      0.00000      0.00000      0.00000
      1.20000      0.00000      0.00000      0.00000
      1.21000      0.00000      0.00000      0.00000
      1.22000      0.00000      0.00000      0.00000
      1.23000      0.00000      0.00000      0.00000
      1.24000      0.00000      0.00000      0.00000
      1.25000      0.00000      0.00000      0.00000
      1.26000      0.00000      0.00000      0.00000
      1.27000      0.00000      0.00000      0.00000
      1.28000      0.00000      0.00000      0.00000
      1.29000      0.00000      0.00000      0.00000
      1.30000      0.00000      0.00000      0.00000
      1.31000      0.00000      0.00000      0.00000
      1.32000      0.00000      0.00000      0.00000
      1.33000      0.00000      0.00000      0.00000
      1.34000      0.00000      0.00000      0.00000
      1.35000      0.00000      0.00000      0.00000
      1.36000      0.00000      0.00000      0.00000
      1.37000      0.00000      0.00000      0.00000
      1.38000      0.00000      0.00000      0.00000
      1.39000      0.00000      0.00000      0.00000
      1.40000      0.00000      0.00000      0.00000
      1.41000      0.00000      0.00000      0.00000
      1.42000      0.00000      0.00000      0.00000
      1.43000      0.00000      0.00000      0.00000
      1.44000      0.00000      0.00000      0.00000
      1.45000      0.00000      0.00000      0.00000
      1.46000      0.00000      0.00000      0.00000
      1.47000      0.00000      0.00000      0.00000
      1.48000      0.00000      0.00000      0.00000
      1.49000      0.00000      0.00000      0.00000
      1.50000      0.00000      0.00000      0.00000
      1.51000      0.00000      0.00000      0.00000
      1.52000      0.00038      0.00000      0.00037
      1.53000      0.03594      0.00039      0.03555
      1.54000      1.21993      0.01324      1.20669
      1.55000     15.95674      0.17382     15.78292
      1.56000     83.71478      0.91816     82.79662
      1.57000    191.05254      2.12448    188.92806
      1.58000    226.35158      2.58932    223.76226
      1.59000    191.05540      2.29458    188.76082
      1.60000    156.46785      1.99298    154.47487
      1.61000    135.57793      1.82688    133.75105
      1.62000    122.77598      1.74372    121.03226
      1.63000    112.22291      1.67539    110.54751
      1.64000    106.59569      1.66695    104.92874
      1.65000     98.02678      1.60453     96.42225
      1.66000     97.43503      1.66379     95.77124
      1.67000     87.69141      1.55765     86.13375
      1.68000     90.98083      1.68801     89.29281
      1.69000     82.32326      1.57198     80.75127
      1.70000     81.42966      1.63174     79.79792
      1.71000     84.49648      1.73290     82.76358
      1.72000     69.89169      1.49055     68.40114
      1.73000     83.34791      1.84329     81.50462
      1.74000     72.62607      1.63330     70.99278
      1.75000     66.36108      1.56553     64.79555
      1.76000     83.86131      2.01577     81.84554
      1.77000     73.21213      1.72620     71.48593
      1.78000    120.48680      2.66916    117.81764
      1.79000    205.12841      4.33493    200.79348
      1.80000    201.03119      4.09127    196.93992
      1.81000    186.73590      3.98901    182.74689
      1.82000    182.25813      4.11068    178.14746
      1.83000    137.24332      3.05702    134.18630
      1.84000    146.00477      3.35812    142.64665
      1.85000    146.91165      3.66497    143.24668
      1.86000    117.54487      2.83893    114.70594
      1.87000    131.75380      3.13721    128.61659
      1.88000    131.91423      3.56472    128.34952
      1.89000    102.58757      2.76979     99.81778
      1.90000    118.19715      2.88651    115.31063
      1.91000    138.32281      3.78414    134.53867
      1.92000     97.87849      2.97639     94.90210
      1.93000     80.02072      2.19359     77.82713
      1.94000    137.62077      3.72562    133.89515
      1.95000    137.72959      4.08035    133.64924
      1.96000     65.86483      2.11501     63.74983
      1.97000     69.86136      2.20925     67.65211
      1.98000    147.39693      4.45378    142.94315
      1.99000    134.08391      3.92353    130.16038
      2.00000     60.91747      1.92410     58.99337
      2.01000     70.66046      2.72555     67.93492
      2.02000    117.02875      4.08116    112.94760
      2.03000    121.55608      3.44966    118.10642
      2.04000     96.92650      2.89923     94.02727
      2.05000     91.63572      3.66974     87.96598
      2.06000     73.77699      3.09351     70.68348
      2.07000     67.64399      2.21065     65.43333
      2.08000    128.59193      4.05992    124.53201
      2.09000    141.26917      5.05600    136.21317
      2.10000     68.02993      2.73203     65.29790
      2.11000     35.35318      1.60211     33.75107
      2.12000     85.90488      3.69080     82.21408
      2.13000    139.36334      5.13391    134.22944
      2.14000    112.24875      3.50259    108.74617
      2.15000     69.93673      2.65232     67.28441
      2.16000     81.04551      4.05293     76.99258
      2.17000     70.47710      3.50793     66.96917
      2.18000     62.22733      2.30851     59.91881
      2.19000    122.72562      4.30504    118.42059
      2.20000    143.72792      5.82365    137.90427
      2.21000     73.26690      3.37495     69.89195
      2.22000     30.16145      1.60478     28.55666
      2.23000     64.04333      3.46125     60.58209
      2.24000    114.47288      5.36205    109.11083
      2.25000    119.72578      4.28109    115.44469
      2.26000     90.67829      3.20392     87.47437
      2.27000     84.93563      4.44680     80.48884
      2.28000     76.07397      4.48601     71.58796
      2.29000     38.81527      2.18813     36.62714
      2.30000     63.60845      2.87038     60.73807
      2.31000    146.99382      6.42292    140.57090
      2.32000    134.50746      5.83911    128.66835
      2.33000     52.21767      2.40226     49.81541
      2.34000     44.70286      2.77402     41.92884
      2.35000     80.20598      5.13318     75.07279
      2.36000     74.73262      4.21357     70.51905
      2.37000     84.80779      3.21838     81.58940
      2.38000    127.57980      5.30459    122.27520
      2.39000    118.13833      6.32548    111.81284
      2.40000     57.13641      3.54283     53.59358
      2.41000     26.71988      1.78366     24.93622
      2.42000     62.84603      4.08995     58.75608
      2.43000    111.92256      6.28881    105.63375
      2.44000    118.20774      4.92745    113.28029
      2.45000     91.23370      3.60952     87.62418
      2.46000     84.34539      5.04634     79.29906
      2.47000     77.73491      5.34006     72.39485
      2.48000     36.91651      2.54538     34.37113
      2.49000     41.42298      2.47474     38.94823
      2.50000    118.15198      6.29959    111.85239
      2.51000    150.50061      7.19081    143.30980
      2.52000     80.25366      3.54154     76.71212
      2.53000     46.62163      2.81128     43.81035
      2.54000     76.10445      5.33841     70.76603
      2.55000     66.62748      4.65182     61.97566
      2.56000     41.76394      2.34356     39.42039
      2.57000     95.85120      4.41483     91.43637
      2.58000    156.92501      7.72140    149.20361
      2.59000    100.81062      5.34960     95.46102
      2.60000     33.47247      1.99746     31.47500
      2.61000     46.84426      3.16744     43.67682
      2.62000     81.66645      5.47213     76.19432
      2.63000     76.53822      4.15539     72.38283
      2.64000    129.65844      3.70587    125.95257
      2.65000    247.98182      6.26974    241.71208
      2.66000    265.20862      6.82299    258.38563
      2.67000    193.85605      4.28120    189.57485
      2.68000    133.25914      2.45012    130.80902
      2.69000    139.90731      3.84502    136.06228
      2.70000    180.36802      5.85019    174.51783
      2.71000    163.00002      5.12390    157.87612
      2.72000    169.22063      4.86572    164.35491
      2.73000    180.91593      5.65572    175.26021
      2.74000    132.93912      5.02553    127.91359
      2.75000     78.54726      2.95375     75.59350
      2.76000     98.41822      3.09603     95.32219
      2.77000    137.89964      4.88040    133.01924
      2.78000    152.00915      5.83881    146.17034
      2.79000    148.94474      5.33901    143.60573
      2.80000    140.26688      4.84537    135.42151
      2.81000    131.39357      5.00437    126.38920
      2.82000    105.99207      4.53143    101.46064
      2.83000     65.19858      2.83351     62.36507
      2.84000     92.28503      4.17769     88.10734
      2.85000    243.50855     13.78206    229.72650
      2.86000    457.89690     30.33499    427.56191
      2.87000    496.84107     36.40352    460.43755
      2.88000    384.94172     29.82649    355.11524
      2.89000    345.87242     25.29279    320.57963
      2.90000    344.13146     23.95030    320.18116
      2.91000    302.46141     21.63284    280.82857
      2.92000    250.20547     18.20206    232.00341
      2.93000    271.13921     17.67554    253.46367
      2.94000    323.07909     19.27478    303.80431
      2.95000    312.12199     19.47123    292.65076
      2.96000    237.77146     16.55692    221.21454
      2.97000    164.44479     12.65145    151.79334
      2.98000    156.56000     11.69370    144.86630
      2.99000    233.81858     14.80269    219.01589
      3.00000    324.88029     18.88078    305.99951
      3.01000    289.49922     17.10787    272.39135
      3.02000    179.91364     11.93523    167.97841
      3.03000    137.70852     10.17232    127.53620
      3.04000    190.16328     12.75638    177.40690
      3.05000    262.45320     16.08071    246.37249
      3.06000    215.69612     13.36509    202.33103
      3.07000    163.66692     10.62900    153.03792
      3.08000    188.78247     11.48317    177.29931
      3.09000    227.84296     14.10188    213.74108
      3.10000    241.41925     14.95560    226.46365
      3.11000    221.06832     13.18123    207.88709
      3.12000    147.22528      9.26696    137.95832
      3.13000    118.86871      8.47702    110.39169
      3.14000    159.38834     10.84268    148.54567
      3.15000    244.68320     14.91475    229.76845
      3.16000    272.24632     15.27744    256.96888
      3.17000    209.66054     11.84624    197.81431
      3.18000    139.75522      8.97836    130.77686
      3.19000    124.49754      8.38380    116.11373
      3.20000    173.53838     11.32617    162.21221
      3.21000    182.21546     11.56456    170.65089
      3.22000    212.50231     12.84292    199.65939
      3.23000    224.41200     12.82022    211.59178
      3.24000    166.61144      9.50154    157.10991
      3.25000    156.04961      9.35576    146.69385
      3.26000    182.09453     10.69535    171.39918
      3.27000    205.04191     12.82814    192.21378
      3.28000    167.37941     11.10428    156.27514
      3.29000    118.90951      7.70903    111.20048
      3.30000    153.82764      8.88294    144.94470
      3.31000    200.54808     10.72997    189.81811
      3.32000    257.98091     14.44667    243.53423
      3.33000    231.45966     13.71003    217.74963
      3.34000    129.41634      8.10873    121.30761
      3.35000     96.01627      6.29530     89.72097
      3.36000     93.93100      6.07566     87.85534
      3.37000    179.28299     10.82532    168.45767
      3.38000    285.75671     15.77174    269.98497
      3.39000    255.55990     13.03901    242.52089
      3.40000    161.40035      8.55394    152.84642
      3.41000     96.68437      5.57112     91.11325
      3.42000    120.52403      7.10847    113.41556
      3.43000    167.55332     10.09841    157.45491
      3.44000    173.65340     10.03572    163.61767
      3.45000    233.18669     12.19452    220.99217
      3.46000    212.35306     10.70694    201.64612
      3.47000    122.20547      7.02936    115.17611
      3.48000    140.03905      9.48196    130.55709
      3.49000    174.70512     11.35029    163.35483
      3.50000    178.35447     11.18338    167.17108
      3.51000    172.74916     10.94632    161.80284
      3.52000    146.53255      9.16935    137.36319
      3.53000    164.47377      9.85930    154.61447
      3.54000    175.73080     10.12118    165.60962
      3.55000    203.37860     11.34428    192.03433
      3.56000    232.85085     13.54942    219.30143
      3.57000    182.71255     11.17027    171.54228
      3.58000    122.50526      7.25041    115.25485
      3.59000     87.27486      4.88512     82.38974
      3.60000    132.23082      7.47078    124.76004
      3.61000    230.55448     13.48647    217.06801
      3.62000    282.16152     16.20028    265.96125
      3.63000    229.14637     12.23650    216.90987
      3.64000    128.48960      6.45435    122.03525
      3.65000    101.66187      5.11090     96.55097
      3.66000    117.80881      6.47996    111.32885
      3.67000    177.06964     10.36868    166.70096
      3.68000    226.58318     12.89112    213.69206
      3.69000    249.42423     13.33937    236.08486
      3.70000    215.45272     10.93700    204.51572
      3.71000    137.90523      6.57912    131.32612
      3.72000    136.78032      6.50526    130.27507
      3.73000    170.54977      8.54177    162.00800
      3.74000    180.52743      9.02496    171.50247
      3.75000    198.64373     10.33196    188.31177
      3.76000    245.04575     13.06719    231.97856
      3.77000    209.92803     10.57691    199.35113
      3.78000    149.18812      6.40647    142.78165
      3.79000    154.46211      6.16650    148.29561
      3.80000    223.40838      9.78840    213.61998
      3.81000    249.24211     11.86518    237.37693
      3.82000    201.93161      9.25162    192.67998
      3.83000    177.77498      7.32957    170.44541
      3.84000    206.37454      8.67212    197.70242
      3.85000    212.18243      8.75958    203.42285
      3.86000    237.58010      9.88906    227.69104
      3.87000    282.98949     11.49454    271.49495
      3.88000    265.78339      9.23887    256.54452
      3.89000    213.80499      5.82369    207.98130
      3.90000    219.21161      5.62728    213.58433
      3.91000    318.80391     10.21910    308.58481
      3.92000    431.18523     14.20041    416.98482
      3.93000    465.51609     11.85359    453.66250
      3.94000    437.93156      9.33578    428.59578
      3.95000    269.66951      6.55747    263.11204
      3.96000     98.90413      2.90047     96.00367
      3.97000     76.93432      2.34081     74.59351
      3.98000    101.27529      3.79178     97.48350
      3.99000    102.84631      5.55424     97.29207
      4.00000     77.38942      4.98052     72.40890
      4.01000     37.64372      3.04268     34.60104
      4.02000     52.30097      6.57638     45.72459
      4.03000     92.95386     20.75134     72.20253
      4.04000    130.47164     72.54927     57.92237
      4.05000    219.05175    147.24085     71.81090
      4.06000    258.62820    122.71296    135.91524
      4.07000    223.69084     48.51998    175.17087
      4.08000    150.60268     17.41482    133.18786
      4.09000     55.47952      5.90112     49.57840
      4.10000     11.39098      2.71647      8.67452
      4.11000     37.18133     24.46223     12.71910
      4.12000    206.85812    135.67429     71.18383
      4.13000    503.42723    324.97991    178.44733
      4.14000    622.52444    401.17082    221.35362
      4.15000    556.53774    392.05519    164.48255
      4.16000    587.21174    487.41248     99.79926
      4.17000    688.00197    596.30148     91.70049
      4.18000    684.25410    563.23730    121.01680
      4.19000    600.43622    474.89965    125.53657
      4.20000    519.89661    409.37978    110.51683
      4.21000    513.91361    370.00558    143.90803
      4.22000    506.54824    342.11442    164.43383
      4.23000    441.59941    316.54094    125.05847
      4.24000    399.33323    296.61502    102.71821
      4.25000    390.89620    282.01735    108.87884
      4.26000    357.93104    267.80867     90.12237
      4.27000    354.56578    257.65715     96.90862
      4.28000    353.26135    248.79973    104.46161
      4.29000    336.51556    238.81174     97.70381
      4.30000    337.22607    231.25138    105.97469
      4.31000    321.49814    223.38700     98.11114
      4.32000    348.25527    218.68372    129.57155
      4.33000    376.27009    216.93954    159.33055
      4.34000    310.96931    206.83460    104.13471
      4.35000    242.40297    197.83541     44.56756
      4.36000    234.70098    191.21541     43.48557
      4.37000    286.61634    193.75811     92.85822
      4.38000    329.82098    191.60375    138.21722
      4.39000    330.80229    191.33001    139.47228
      4.40000    305.34249    181.07993    124.26256
      4.41000    274.93617    177.51829     97.41788
      4.42000    220.16969    169.68554     50.48415
      4.43000    211.87700    166.60090     45.27611
      4.44000    283.71844    174.43696    109.28148
      4.45000    326.52901    167.97443    158.55458
      4.46000    287.75632    173.44357    114.31275
      4.47000    235.99430    152.61770     83.37660
      4.48000    257.99081    165.43584     92.55498
      4.49000    211.40527    150.72159     60.68368
      4.50000    197.08819    148.72652     48.36167
      4.51000    256.02058    159.50557     96.51501
      4.52000    290.40559    145.25101    145.15458
      4.53000    323.50002    164.59055    158.90947
      4.54000    273.71903    147.91251    125.80652
      4.55000    203.18752    139.96753     63.21999
      4.56000    172.97846    147.52978     25.44869
      4.57000    145.34200    126.21353     19.12847
      4.58000    200.43633    142.10081     58.33552
      4.59000    313.59207    149.53087    164.06120
      4.60000    358.49470    140.07963    218.41507
      4.61000    279.54013    148.03613    131.50400
      4.62000    172.19774    130.18862     42.00912
      4.63000    144.34993    121.81415     22.53578
      4.64000    188.65872    137.60730     51.05142
      4.65000    216.33933    130.15333     86.18600
      4.66000    214.84292    127.15075     87.69217
      4.67000    263.95878    138.12337    125.83541
      4.68000    292.37497    131.55645    160.81852
      4.69000    223.91640    124.75473     99.16166
      4.70000    194.28805    128.06822     66.21983
      4.71000    210.28239    124.90529     85.37710
      4.72000    185.74504    120.49845     65.24659
      4.73000    169.27736    120.88911     48.38825
      4.74000    223.58170    124.88672     98.69498
      4.75000    273.15362    127.37911    145.77451
      4.76000    225.42953    121.06177    104.36776
      4.77000    174.74725    118.07402     56.67323
      4.78000    198.51510    119.46132     79.05378
      4.79000    227.55416    115.73587    111.81829
      4.80000    230.86619    119.19595    111.67024
      4.81000    208.32709    123.33546     84.99164
      4.82000    187.64239    112.91392     74.72847
      4.83000    195.95922    109.65932     86.29990
      4.84000    190.00586    120.91670     69.08916
      4.85000    197.54422    117.50957     80.03465
      4.86000    223.62799    105.35291    118.27508
      4.87000    236.25400    116.62208    119.63192
      4.88000    196.16088    120.96351     75.19737
      4.89000    154.03610     99.68756     54.34853
      4.90000    211.05508    104.66404    106.39104
      4.91000    273.97157    131.81585    142.15572
      4.92000    205.99484    116.04936     89.94548
      4.93000    125.84714     86.57230     39.27485
      4.94000    166.34540    107.31614     59.02926
      4.95000    214.69676    125.81691     88.87985
      4.96000    178.49700     97.87807     80.61892
      4.97000    213.85563     93.21943    120.63619
      4.98000    284.62414    129.68274    154.94140
      4.99000    218.62217    122.36452     96.25766
      5.00000    154.65136     84.02423     70.62713
      5.01000    176.35080     94.81066     81.54014
      5.02000    176.90573    125.39790     51.50783
      5.03000    127.45170    103.68249     23.76921
      5.04000    124.89544     73.07697     51.81846
      5.05000    267.19083    110.49468    156.69615
      5.06000    360.95805    145.48743    215.47062
      5.07000    227.64290    103.43772    124.20518
      5.08000     99.55562     66.50605     33.04957
      5.09000    118.96328    101.85456     17.10872
      5.10000    166.68462    126.83184     39.85278
      5.11000    178.63054     92.15447     86.47607
      5.12000    197.31910     75.79445    121.52465
      5.13000    249.11272    118.90231    130.21041
      5.14000    253.68119    132.85797    120.82323
      5.15000    171.54551     83.55201     87.99349
      5.16000    141.39262     67.12317     74.26946
      5.17000    200.64467    116.14257     84.50209
      5.18000    187.19276    128.39435     58.79841
      5.19000    143.72643     80.57271     63.15372
      5.20000    199.35059     70.60065    128.74994
      5.21000    254.16576    118.70795    135.45781
      5.22000    200.45542    129.57086     70.88456
      5.23000    138.04630     79.78550     58.26081
      5.24000    157.89245     61.15076     96.74169
      5.25000    228.24955    109.74485    118.50469
      5.26000    247.23691    135.26838    111.96852
      5.27000    187.60842     90.60458     97.00384
      5.28000    134.36618     58.24068     76.12550
      5.29000    132.68476     93.74918     38.93558
      5.30000    155.05404    127.13753     27.91651
      5.31000    149.62021     97.31284     52.30737
      5.32000    141.89746     63.68960     78.20786
      5.33000    185.28587     94.62866     90.65722
      5.34000    278.34635    142.45015    135.89620
      5.35000    284.52087    123.48728    161.03359
      5.36000    198.81006     72.30665    126.50341
      5.37000    144.43667     77.31421     67.12246
      5.38000    143.57755    115.46464     28.11291
      5.39000    138.19102    110.75291     27.43811
      5.40000    136.01042     71.91471     64.09571
      5.41000    200.57821     78.03334    122.54488
      5.42000    294.88205    125.89475    168.98730
      5.43000    270.28076    131.72412    138.55664
      5.44000    162.98958     87.41053     75.57905
      5.45000    143.64494     69.16978     74.47516
      5.46000    162.15363     97.80340     64.35023
      5.47000    142.07906    110.04298     32.03608
      5.48000    136.52912     94.49597     42.03315
      5.49000    199.87567     82.73733    117.13834
      5.50000    285.36779    109.00012    176.36767
      5.51000    257.66759    118.08517    139.58242
      5.52000    175.91748    104.87340     71.04408
      5.53000    138.41786     88.55024     49.86763
      5.54000    169.83090     95.27085     74.56006
      5.55000    164.60249     93.67004     70.93245
      5.56000    167.32852     94.77527     72.55326
      5.57000    221.35971    116.67131    104.68840
      5.58000    241.73901    121.13383    120.60519
      5.59000    216.99187     95.74416    121.24771
      5.60000    180.03502     85.73559     94.29943
      5.61000    191.93568    131.38785     60.54783
      5.62000    210.27612    137.29400     72.98212
      5.63000    189.38189     85.63814    103.74376
      5.64000    194.41981     90.04896    104.37085
      5.65000    226.35859    148.92022     77.43838
      5.66000    219.79166    142.20826     77.58340
      5.67000    224.17383    113.70069    110.47314
      5.68000    220.38097    115.23609    105.14488
      5.69000    186.21250    116.95614     69.25636
      5.70000    247.06018    153.94433     93.11585
      5.71000    283.56994    143.39330    140.17665
      5.72000    184.36455     84.05944    100.30511
      5.73000    171.37761    109.10454     62.27307
      5.74000    240.14498    162.19673     77.94825
      5.75000    194.67352    122.55093     72.12259
      5.76000    187.34145    102.37786     84.96359
      5.77000    276.13644    138.72293    137.41351
      5.78000    338.18981    172.56493    165.62488
      5.79000    284.86586    167.99277    116.87309
      5.80000    202.19135    140.38461     61.80674
      5.81000    223.03177    151.39290     71.63888
      5.82000    214.22190    136.15353     78.06836
      5.83000    164.97163     88.02105     76.95057
      5.84000    200.34594     91.61025    108.73568
      5.85000    263.93992    111.87823    152.06169
      5.86000    226.55031     82.51254    144.03777
      5.87000    146.33390     54.12052     92.21339
      5.88000    147.40341     92.16948     55.23393
      5.89000    370.85825    306.13330     64.72495
      5.90000    776.81152    672.59634    104.21518
      5.91000   1017.39494    883.93851    133.45643
      5.92000    950.88938    808.11576    142.77362
      5.93000    819.56631    675.46495    144.10137
      5.94000    748.80209    606.28022    142.52187
      5.95000    748.40181    603.23451    145.16729
      5.96000    815.30117    647.40525    167.89592
      5.97000    730.39901    570.24556    160.15345
      5.98000    445.81593    336.82713    108.98880
      5.99000    242.82785    180.44790     62.37995
      6.00000    165.38016    129.81647     35.56368
      6.01000    176.17567    132.87596     43.29971
      6.02000    203.60070    132.83714     70.76356
      6.03000    181.97328    121.07724     60.89604
      6.04000    141.08431    115.39474     25.68957
      6.05000    117.72211    107.48778     10.23434
      6.06000    102.32985     94.93003      7.39983
      6.07000    107.45901     98.86589      8.59311
      6.08000    115.01075    101.72518     13.28557
      6.09000    123.56879     93.88693     29.68186
      6.10000    163.97219     93.43729     70.53489
      6.11000    220.86940    120.55185    100.31755
      6.12000    177.15171    103.08023     74.07148
      6.13000    107.07357     71.08372     35.98985
      6.14000    124.26803     94.43540     29.83264
      6.15000    146.55518    113.44627     33.10891
      6.16000    161.65041    125.76811     35.88230
      6.17000    291.29789    214.23265     77.06524
      6.18000    456.21649    317.81501    138.40148
      6.19000    399.00944    263.77342    135.23602
      6.20000    255.44341    169.21843     86.22498
      6.21000    199.72933    152.20389     47.52544
      6.22000    197.69458    155.18567     42.50891
      6.23000    233.59384    186.92480     46.66904
      6.24000    240.05089    197.45798     42.59291
      6.25000    221.50674    174.86643     46.64031
      6.26000    254.66773    199.19282     55.47492
      6.27000    273.41935    198.54499     74.87436
      6.28000    235.66476    151.29120     84.37355
      6.29000    218.01997    153.93431     64.08566
      6.30000    247.62214    184.98490     62.63725
      6.31000    200.77754    146.33930     54.43824
      6.32000    160.56445    127.93481     32.62964
      6.33000    185.72095    155.66939     30.05156
      6.34000    199.60370    164.26230     35.34140
      6.35000    187.44852    135.15393     52.29459
      6.36000    209.88911    124.09887     85.79024
      6.37000    233.23106    140.86813     92.36292
      6.38000    255.83016    175.65901     80.17115
      6.39000    231.37020    174.02320     57.34700
      6.40000    119.03360     96.08465     22.94895
      6.41000     84.20769     73.08926     11.11843
      6.42000    169.02156    144.74581     24.27574
      6.43000    254.07469    195.62659     58.44810
      6.44000    269.61085    161.94241    107.66844
      6.45000    224.16273    102.99602    121.16671
      6.46000    303.38205    149.16781    154.21425
      6.47000    546.39950    283.36856    263.03094
      6.48000    646.04940    339.06097    306.98843
      6.49000    574.00200    300.36343    273.63857
      6.50000    447.72733    208.63969    239.08764
      6.51000    396.28186    158.27439    238.00747
      6.52000    472.51126    214.89825    257.61324
      6.53000    551.97469    292.99869    258.99446
      6.54000    474.70261    250.81878    224.39554
      6.55000    381.51270    197.08994    189.93818
      6.56000    551.93950    368.28459    207.60942
      6.57000    836.54405    643.51119    238.31557
      6.58000    920.48444    708.47260    259.19649
      6.59000    935.45081    732.20679    255.31127
      6.60000   1085.51597    890.81162    269.92336
      6.61000   1177.87666    941.32321    321.85931
      6.62000   1108.48139    796.09233    386.80512
      6.63000   1018.88816    685.77468    393.79376
      6.64000    924.91516    696.01343    278.40743
      6.65000    812.85056    693.10351    162.71180
      6.66000    637.35877    582.79694     96.38414
      6.67000    480.48040    476.02391     46.32569
      6.68000    478.26236    482.08638     36.24162
      6.69000    511.49802    504.49425     43.59694
      6.70000    532.25101    513.85740     51.49986
      6.71000    553.21417    505.13106     77.83999
      6.72000    530.43992    466.92941     94.24314
      6.73000    460.09496    410.58075     81.56612
      6.74000    415.24114    378.14131     67.77094
      6.75000    448.90905    426.24722     52.09146
      6.76000    486.00223    470.22342     42.41945
      6.77000    467.24469    440.09119     52.94225
      6.78000    421.45701    375.20662     73.47963
      6.79000    388.72746    348.50205     67.72490
      6.80000    388.16177    353.43906     60.46622
      6.81000    451.89845    407.01366     70.43656
      6.82000    447.17000    410.69400     59.96315
      6.83000    427.83686    384.86812     65.80438
      6.84000    420.85073    360.11455     84.53729
      6.85000    381.77537    331.52269     74.48263
      6.86000    360.32359    327.43674     56.21783
      6.87000    350.85915    333.10518     38.08967
      6.88000    409.36551    396.06032     34.50863
      6.89000    398.68396    371.02966     48.18332
      6.90000    394.83540    319.64749     96.18803
      6.91000    432.04558    325.73916    127.89075
      6.92000    376.94381    321.37013     76.27965
      6.93000    335.61125    322.08231     29.13846
      6.94000    343.48253    332.28022     20.49551
      6.95000    395.23922    359.83416     46.76630
      6.96000    418.24505    352.13477     84.02321
      6.97000    357.65887    298.70473     79.12027
      6.98000    284.23725    242.93021     59.24010
      6.99000    339.73278    300.82360     58.52511
      7.00000    486.64011    415.37115     91.64309
      7.01000    467.23189    367.07586    115.41140
      7.02000    321.55974    268.41711     70.31024
      7.03000    303.96267    281.49549     42.77156
      7.04000    359.47967    311.39804     64.62172
      7.05000    384.91233    320.86825     79.08979
      7.06000    403.11040    337.45381     77.31915
      7.07000    463.88850    366.58336    107.46257
      7.08000    556.96088    413.68325    161.76429
      7.09000    502.30021    375.22063    147.24032
      7.10000    261.44569    208.43233     65.59726
      7.11000    207.41545    206.47962     17.53274
      7.12000    316.08841    322.47790     15.79587
      7.13000    289.89731    281.07803     22.46909
      7.14000    219.10002    208.17177     22.31699
      7.15000    233.46363    225.85578     27.66570
      7.16000    236.17479    204.21921     49.13317
      7.17000    234.46684    196.78808     45.81497
      7.18000    297.62428    277.58283     26.11607
      7.19000    323.64526    306.23794     22.61619
      7.20000    221.40051    213.32714     13.99615
      7.21000    163.56864    173.39845      4.81270
      7.22000    199.98856    211.09249      9.76278
      7.23000    205.74878    191.98766     25.87175
      7.24000    270.29969    237.77711     41.18453
      7.25000    372.99202    333.73628     58.26404
      7.26000    296.76173    263.72810     53.64863
      7.27000    129.52571    115.25260     24.14492
      7.28000    148.44760    144.36110     14.87343
      7.29000    300.54755    300.02336     21.53316
      7.30000    322.01247    318.44006     20.81511
      7.31000    198.89876    193.83466     13.04313
      7.32000    173.98474    169.41353     17.16229
      7.33000    294.57630    263.20838     50.22550
      7.34000    356.86465    300.23459     68.35775
      7.35000    272.12301    239.45396     37.20966
      7.36000    152.30805    147.87339      8.25346
      7.37000    140.50829    146.00474      0.97966
      7.38000    208.07665    215.35976      2.63463
      7.39000    271.72806    270.58942     11.74766
      7.40000    246.05140    225.19320     27.72080
      7.41000    163.51034    114.90484     51.10712
      7.42000    123.20487     57.86904     65.77562
      7.43000    149.04447     79.25839     69.82444
      7.44000    203.98171    129.66095     74.51106
      7.45000    244.77786    196.61564     50.27164
      7.46000    324.34033    310.22900     23.14242
      7.47000    315.00748    319.13278     10.82111
      7.48000    187.85011    173.51693     24.03747
      7.49000    149.28460    100.77348     52.86079
      7.50000    267.74667    224.41963     53.87657
      7.51000    404.15440    384.67985     39.27474
      7.52000    283.78497    274.91372     23.02661
      7.53000     91.98493     90.08850      7.36534
      7.54000    100.17854     99.30541     10.39087
      7.55000    296.04587    267.73307     47.30387
      7.56000    480.74757    403.90247     93.58731
      7.57000    415.56818    331.70448     91.08884
      7.58000    289.01236    217.98108     77.79764
      7.59000    267.35837    213.50772     68.71380
      7.60000    243.39832    218.75648     42.17867
      7.61000    276.57770    243.59223     44.11498
      7.62000    367.37087    297.87153     75.20571
      7.63000    362.05105    289.74496     81.92835
      7.64000    265.99012    225.59095     55.45105
      7.65000    239.43568    193.04484     59.62308
      7.66000    297.69062    210.27541     95.30841
      7.67000    349.33252    257.58257     96.65035
      7.68000    406.10109    311.31219    103.29262
      7.69000    377.34312    283.26724    104.89001
      7.70000    291.04767    223.33741     76.43490
      7.71000    220.03312    174.05494     51.82012
      7.72000    228.49364    195.07593     37.21494
      7.73000    314.12406    277.88739     39.99206
      7.74000    279.82394    244.13816     38.87867
      7.75000    257.66813    206.85710     54.21000
      7.76000    309.76446    218.72036     95.18036
      7.77000    310.24331    220.43821     95.71297
      7.78000    332.81214    276.74235     63.51546
      7.79000    295.42057    256.51530     43.19275
      7.80000    201.65606    171.40720     31.83249
      7.81000    220.99818    171.58425     51.45574
      7.82000    279.48957    217.75469     67.06995
      7.83000    319.74753    274.82533     53.23127
      7.84000    354.55234    289.40981     70.36103
      7.85000    297.04467    216.84353     81.50196
      7.86000    208.64186    153.19345     56.17675
      7.87000    223.57252    167.56483     59.11001
      7.88000    325.26321    265.38833     65.69516
      7.89000    354.82869    308.35309     50.55915
      7.90000    264.88828    227.78610     38.19033
      7.91000    191.41097    159.86484     31.67362
      7.92000    219.76663    160.79247     59.19767
      7.93000    340.22145    236.96383    104.50724
      7.94000    376.88936    290.82716     88.70815
      7.95000    313.31475    258.10520     57.40832
      7.96000    263.04629    219.72033     44.37913
      7.97000    212.15243    183.78381     29.35891
      7.98000    217.30752    183.54869     37.36006
      7.99000    289.38340    227.42119     70.87052
      8.00000    307.76973    226.54571     90.41981
      8.01000    350.50880    258.89966     97.31105
      8.02000    376.23085    291.60597     88.25223
      8.03000    259.98135    211.17726     52.07279
      8.04000    215.53564    182.99522     40.90014
      8.05000    270.93163    215.27212     68.76475
      8.06000    299.35558    232.97922     77.50061
      8.07000    318.70161    252.60126     73.64503
      8.08000    326.82430    252.34081     78.13069
      8.09000    280.66089    219.41018     65.73092
      8.10000    294.20161    230.68311     74.37611
      8.11000    355.27166    269.19291     99.63302
      8.12000    362.68159    281.19314     92.02484
      8.13000    275.40329    221.94003     58.55987
      8.14000    277.13144    219.93266     58.74007
      8.15000    472.62970    363.00511    112.78717
      8.16000    891.63141    651.52354    248.23369
      8.17000   1355.78686    942.01050    421.68929
      8.18000   1402.44196    958.15830    447.11942
      8.19000   1193.89606    838.57351    355.69642
      8.20000   1059.35258    761.27096    298.09976
      8.21000   1063.87803    778.05605    285.82230
      8.22000   1261.77187    939.20612    322.56575
      8.23000   1430.08917   1053.89543    376.19374
      8.24000   1291.42095    929.26659    362.15515
      8.25000    906.37659    637.58598    268.83320
      8.26000    438.31153    301.70684    137.44378
      8.27000    179.16358    141.09934     44.14710
      8.28000    242.38927    217.02800     41.58772
      8.29000    313.06307    247.99841     80.99256
      8.30000    232.69524    159.46191     78.98692
      8.31000    139.66251    102.51443     37.93277
      8.32000    144.93357    119.96173     25.45411
      8.33000    254.67171    201.08954     57.22578
      8.34000    373.05369    288.34326     95.68495
      8.35000    371.43302    272.82215    110.77341
      8.36000    208.21044    136.36751     76.80173
      8.37000     88.39974     65.03022     24.12022
      8.38000     90.51588     85.37747      5.38513
      8.39000    117.21292    101.02347     18.42497
      8.40000    213.58307    151.77708     70.78391
      8.41000    301.67874    192.38472    123.14852
      8.42000    235.92446    154.86767     91.57573
      8.43000    135.19293    113.64398     28.72655
      8.44000     79.02200     71.65564     11.08853
      8.45000    102.01169     68.68474     35.10564
      8.46000    176.25276    105.64271     76.61825
      8.47000    212.00503    146.85262     79.59373
      8.48000    205.88287    171.92287     49.99584
      8.49000    186.07600    151.25095     44.64186
      8.50000    139.86760     94.38299     48.71672
      8.51000    150.33100     76.56109     74.52580
      8.52000    206.03375    103.18744    105.80420
      8.53000    238.30768    169.17447     80.61854
      8.54000    211.45004    201.28766     28.27089
      8.55000    124.83043    129.47965      7.28433
      8.56000     88.55612     61.80688     30.08442
      8.57000    229.03146    117.62149    111.82493
      8.58000    382.38846    219.76424    163.10670
      8.59000    323.62280    226.77937    100.00930
      8.60000    256.89782    221.99822     43.94755
      8.61000    232.55873    199.61505     43.66719
      8.62000    164.05371    106.43375     62.72004
      8.63000    168.35646     73.35388     95.96007
      8.64000    190.94906     96.43526     94.98152
      8.65000    174.54851    115.02631     63.22622
      8.66000    202.65542    176.09211     39.60997
      8.67000    257.71664    213.81456     61.46394
      8.68000    225.79073    133.83734    100.94610
      8.69000    150.18210     66.60863     85.32859
      8.70000    117.50385     71.54979     46.30757
      8.71000    128.60638     95.51530     34.54451
      8.72000    193.15409    140.11817     57.10280
      8.73000    235.10023    152.10567     91.05983
      8.74000    225.89273    146.02390     92.81352
      8.75000    193.07530    131.20928     71.97544
      8.76000    165.18011    111.22546     57.00317
      8.77000    173.87483    124.31864     49.89787
      8.78000    189.07401    120.79406     68.34607
      8.79000    178.59480     90.74384     88.71854
      8.80000    160.81347     98.37912     67.74560
      8.81000    163.03095    134.93736     40.05807
      8.82000    218.40474    163.19831     65.12151
      8.83000    288.03469    175.76434    115.29311
      8.84000    231.17174    130.18635    101.32512
      8.85000    110.18536     62.05290     48.18217
      8.86000     93.59284     58.86181     35.39248
      8.87000    221.64393    137.63739     88.50980
      8.88000    292.77751    186.64308    117.41665
      8.89000    198.17197    140.28346     68.28693
      8.90000    180.67144    128.31012     55.88703
      8.91000    260.99359    158.96207    102.47157
      8.92000    251.00110    118.33842    132.70043
      8.93000    190.20734     81.09080    109.51132
      8.94000    162.98546     96.22533     70.01823
      8.95000    243.46794    165.34663     88.02156
      8.96000    332.46971    196.28256    147.25422
      8.97000    335.11329    157.63926    182.02522
      8.98000    336.86385    148.07617    189.47629
      8.99000    372.54403    142.10463    230.48421
      9.00000    422.44846    125.44743    297.18918
      9.01000    418.49218    108.59131    311.88967
      9.02000    387.04279    137.28400    257.52516
      9.03000    392.34773    179.60860    223.89621
      9.04000    386.48714    158.23558    234.14798
      9.05000    341.12205    119.70940    222.55904
      9.06000    273.02599     93.08590    180.02418
      9.07000    244.98823     78.72127    166.34463
      9.08000    287.29282     88.05438    200.23780
      9.09000    309.35077    113.73364    200.48222
      9.10000    377.70150    166.24124    220.17311
      9.11000    645.17413    221.09868    429.81575
      9.12000    958.82674    261.62325    698.59476
      9.13000   1012.08414    248.98389    763.22430
      9.14000    927.21202    213.30761    713.90848
      9.15000    929.93086    228.19376    701.73714
      9.16000   1038.01122    317.01489    720.99633
      9.17000   1098.56310    393.85472    704.70837
      9.18000   1049.48526    377.62189    671.86337
      9.19000   1025.69068    366.31338    659.37730
      9.20000   1058.62491    398.71007    659.91484
      9.21000   1013.68729    370.94942    642.73788
      9.22000    867.13428    279.45378    587.68049
      9.23000    683.33452    197.57744    485.75708
      9.24000    754.26327    224.24748    530.01579
      9.25000    839.57706    245.12590    594.45117
      9.26000    656.58522    178.08726    478.49797
      9.27000    515.84237    178.03084    337.81153
      9.28000    505.82231    226.41515    279.40716
      9.29000    369.59433    156.94043    212.65391
      9.30000    258.11392     88.99790    169.11601
      9.31000    300.25648    112.70652    187.54996
      9.32000    374.22728    155.92310    218.30418
      9.33000    376.89325    167.61903    209.27422
      9.34000    379.86733    160.02766    219.83966
      9.35000    473.18507    195.69135    277.49371
      9.36000    481.09086    196.48080    284.61006
      9.37000    365.46791    121.45453    244.01338
      9.38000    395.18546    109.61026    285.57520
      9.39000    526.64793    146.98923    379.65870
      9.40000    541.42081    158.12897    383.29184
      9.41000    412.83108    139.31642    273.51466
      9.42000    314.37996    146.43867    167.94129
      9.43000    346.43825    200.33752    146.10073
      9.44000    332.79969    189.80638    142.99331
      9.45000    213.22165    114.35534     98.86631
      9.46000    157.72063     93.87937     63.84126
      9.47000    197.73643    117.90193     79.83450
      9.48000    226.24505    122.53286    103.71219
      9.49000    231.18183    130.68359    100.49824
      9.50000    269.33374    157.44727    111.88648
      9.51000    323.51641    177.90886    145.60756
      9.52000    320.55772    171.83542    148.72230
      9.53000    243.29116    136.50206    106.78910
      9.54000    203.70615    116.54244     87.16371
      9.55000    196.22231     99.39411     96.82820
      9.56000    287.22101    110.47642    176.74459
      9.57000    424.92611    131.81875    293.10735
      9.58000    510.65889    163.46421    347.19468
      9.59000    571.03870    218.02345    353.01525
      9.60000    557.81543    218.17141    339.64402
      9.61000    433.17580    137.34371    295.83208
      9.62000    325.51063    100.18967    225.32096
      9.63000    362.23329    132.85591    229.37738
      9.64000    459.30801    166.06035    293.24766
      9.65000    398.67766    135.74966    262.92801
      9.66000    387.92903    119.94212    267.98691
      9.67000    560.66869    178.99846    381.67023
      9.68000    721.82378    250.22826    471.59552
      9.69000    898.08199    272.64618    625.43581
      9.70000   1079.47354    259.12377    820.34977
      9.71000   1126.92694    218.01880    908.90814
      9.72000   1120.05820    193.93769    926.12051
      9.73000   1098.50285    191.11039    907.39247
      9.74000   1005.49064    191.62853    813.86211
      9.75000    893.08493    221.17473    671.91020
      9.76000    847.45591    254.56503    592.89088
      9.77000    784.74203    223.81926    560.92277
      9.78000    705.14650    158.27056    546.87594
      9.79000    678.70751    129.88570    548.82181
      9.80000    651.62210    128.09934    523.52276
      9.81000    538.39939    129.65397    408.74543
      9.82000    513.12655    145.87615    367.25040
      9.83000    520.47853    153.63096    366.84757
      9.84000    450.38229    149.23417    301.14813
      9.85000    361.38787    130.04176    231.34611
      9.86000    246.87606     78.81255    168.06351
      9.87000    200.42832     38.91470    161.51362
      9.88000    191.12933     29.62229    161.50705
      9.89000    230.76072     47.51743    183.24329
      9.90000    342.44141    101.45205    240.98936
      9.91000    455.29191    148.66996    306.62195
      9.92000    540.65083    160.06238    380.58846
      9.93000    700.96819    185.41623    515.55196
      9.94000    915.87086    243.86400    672.00687
      9.95000    877.43895    243.00972    634.42923
      9.96000    674.25191    197.80380    476.44811
      9.97000    589.52733    191.23989    398.28744
      9.98000    599.94844    210.48109    389.46735
      9.99000    640.10395    226.32374    413.78021
     10.00000    696.65502    242.31831    454.33671
     10.01000    652.20372    224.81782    427.38590
     10.02000    628.76872    223.01156    405.75716
     10.03000    799.34668    305.23031    494.11637
     10.04000    711.10578    278.07186    433.03391
     10.05000    351.95490    133.98201    217.97288
     10.06000    300.09386    104.85673    195.23713
     10.07000    503.06937    183.07554    319.99383
     10.08000    631.84769    252.51135    379.33634
     10.09000    623.81003    271.55625    352.25378
     10.10000    547.67199    242.93394    304.73805
     10.11000    508.85273    221.09867    287.75406
     10.12000    506.44492    225.91715    280.52777
     10.13000    457.73003    199.31344    258.41659
     10.14000    381.19684    147.73723    233.45961
     10.15000    409.35240    149.96998    259.38242
     10.16000    636.84454    249.48842    387.35613
     10.17000    825.08775    332.02754    493.06021
     10.18000    734.59472    278.53480    456.05992
     10.19000    540.02667    185.16190    354.86477
     10.20000    461.49247    164.57580    296.91668
