Energy-E_F (eV)    DOS (1/eV)    PDOS (1/eV)  of atom type H  C  
     -6.84015    201.93111      9.99231    191.93880
     -6.83015    293.52203     22.64621    270.87582
     -6.82015    228.81502     22.29404    206.52097
     -6.81015    124.71325      9.60188    115.11137
     -6.80015     89.80009      2.87126     86.92883
     -6.79015     62.89825      1.30007     61.59818
     -6.78015     88.71218      1.65587     87.05631
     -6.77015    138.42031      2.83473    135.58557
     -6.76015    163.74331      7.86669    155.87662
     -6.75015    236.86314     24.23373    212.62941
     -6.74015    300.90645     38.37863    262.52782
     -6.73015    214.65133     27.74375    186.90758
     -6.72015    121.48353      9.76685    111.71668
     -6.71015     96.70608      4.32300     92.38308
     -6.70015    122.99004     10.04164    112.94840
     -6.69015    216.08180     18.27369    197.80811
     -6.68015    197.84790     13.61016    184.23774
     -6.67015     97.65989      6.80878     90.85111
     -6.66015    135.12276     15.36312    119.75965
     -6.65015    237.29129     27.62378    209.66751
     -6.64015    170.05175     18.89015    151.16160
     -6.63015     76.72489      5.29344     71.43145
     -6.62015    122.04552      2.39270    119.65281
     -6.61015    160.49874      3.67184    156.82690
     -6.60015    118.48190      9.45391    109.02799
     -6.59015    150.04568     22.68431    127.36137
     -6.58015    223.82264     30.42608    193.39656
     -6.57015    212.78872     26.09093    186.69779
     -6.56015    142.16554     15.33289    126.83265
     -6.55015    116.85280      6.31166    110.54114
     -6.54015    153.31337      3.21822    150.09515
     -6.53015    131.11244      3.71324    127.39921
     -6.52015    114.53383     13.72328    100.81055
     -6.51015    209.93824     33.65684    176.28141
     -6.50015    222.15138     32.43421    189.71717
     -6.49015    129.61731     15.59264    114.02467
     -6.48015    112.83330     10.27652    102.55678
     -6.47015    142.86940      7.45187    135.41753
     -6.46015    173.98063      5.74561    168.23502
     -6.45015    172.36833     13.84409    158.52424
     -6.44015    193.32704     29.16818    164.15887
     -6.43015    191.14527     26.63047    164.51480
     -6.42015    159.48497     16.34985    143.13511
     -6.41015    203.04281     28.47688    174.56593
     -6.40015    272.83683     43.05652    229.78031
     -6.39015    272.31463     35.26338    237.05125
     -6.38015    278.57257     24.67877    253.89381
     -6.37015    217.97698     17.47531    200.50167
     -6.36015    123.43817     12.24841    111.18976
     -6.35015     72.72749      5.96990     66.75759
     -6.34015     92.51484      4.70393     87.81092
     -6.33015    119.78013     11.19856    108.58158
     -6.32015    108.03754     15.62875     92.40879
     -6.31015     91.01525      9.23864     81.77661
     -6.30015    140.27390      4.22795    136.04595
     -6.29015    172.83143      6.65206    166.17937
     -6.28015    138.98090     13.22111    125.75979
     -6.27015    121.18329     18.24713    102.93617
     -6.26015    199.36299     30.39143    168.97156
     -6.25015    321.88264     44.48485    277.39778
     -6.24015    298.88062     41.19316    257.68746
     -6.23015    259.12771     41.18994    217.93777
     -6.22015    260.99712     39.07893    221.91819
     -6.21015    223.50251     26.05867    197.44384
     -6.20015    164.79302     13.55861    151.23441
     -6.19015    155.81038     16.14679    139.66359
     -6.18015    170.22276     22.46654    147.75622
     -6.17015    118.84816     14.74682    104.10133
     -6.16015    100.05587      9.75861     90.29726
     -6.15015    160.77475     18.14655    142.62819
     -6.14015    172.22933     19.45521    152.77412
     -6.13015    136.18572     10.31150    125.87423
     -6.12015    144.17425     12.57275    131.60149
     -6.11015    219.25656     22.92620    196.33036
     -6.10015    194.44987     17.97947    176.47040
     -6.09015     74.87244      5.47983     69.39261
     -6.08015     13.35183      0.70952     12.64231
     -6.07015     19.93264      0.97360     18.95904
     -6.06015    110.32360      7.21722    103.10638
     -6.05015    274.70117     23.65060    251.05057
     -6.04015    316.10919     35.16299    280.94620
     -6.03015    194.60464     27.05448    167.55016
     -6.02015     89.33491     12.87766     76.45725
     -6.01015    116.20799     10.63204    105.57595
     -6.00015    244.98912     18.26106    226.72806
     -5.99015    305.09778     19.53600    285.56178
     -5.98015    225.54909     12.48641    213.06268
     -5.97015     98.62142      5.38201     93.23941
     -5.96015     90.68800      8.97242     81.71558
     -5.95015    201.15452     24.81441    176.34010
     -5.94015    244.99932     34.72130    210.27802
     -5.93015    173.40281     25.26153    148.14128
     -5.92015     80.04798     10.46367     69.58430
     -5.91015     60.93593      8.16525     52.77068
     -5.90015    171.79034     25.32407    146.46626
     -5.89015    268.49005     40.66631    227.82375
     -5.88015    239.23948     34.88475    204.35474
     -5.87015    208.50964     29.57310    178.93654
     -5.86015    171.51450     24.31466    147.19984
     -5.85015    128.93176     13.72425    115.20751
     -5.84015    140.68849      9.14656    131.54193
     -5.83015    151.24166     13.11712    138.12454
     -5.82015    135.13018     20.83938    114.29080
     -5.81015    165.76599     29.72593    136.04006
     -5.80015    243.59701     31.24155    212.35546
     -5.79015    319.81580     30.10595    289.70985
     -5.78015    274.59814     24.19436    250.40378
     -5.77015    113.80163     10.04690    103.75473
     -5.76015     28.33072      2.63295     25.69776
     -5.75015     51.61662      5.22332     46.39330
     -5.74015    127.31611     13.00737    114.30874
     -5.73015    200.07975     22.01562    178.06413
     -5.72015    224.87476     24.32109    200.55367
     -5.71015    194.84653     16.81624    178.03029
     -5.70015    139.74047     12.47859    127.26188
     -5.69015    106.05146     15.67231     90.37915
     -5.68015    166.41394     25.71558    140.69836
     -5.67015    220.01632     25.35526    194.66105
     -5.66015    179.07157     19.44456    159.62701
     -5.65015    199.70523     28.25111    171.45412
     -5.64015    258.43446     33.41328    225.02118
     -5.63015    246.26139     22.26725    223.99414
     -5.62015    295.77039     23.33862    272.43178
     -5.61015    358.09569     32.75582    325.33988
     -5.60015    297.68505     31.84309    265.84196
     -5.59015    344.12178     44.14938    299.97240
     -5.58015    567.46357     74.30057    493.16301
     -5.57015    717.55491     91.20288    626.35203
     -5.56015    702.04827     90.46693    611.58134
     -5.55015    638.87239     77.51410    561.35829
     -5.54015    576.68161     62.01388    514.66773
     -5.53015    535.48647     59.50381    475.98266
     -5.52015    501.23621     55.22380    446.01241
     -5.51015    455.61328     46.59681    409.01647
     -5.50015    450.22814     44.28714    405.94100
     -5.49015    525.73522     56.46810    469.26712
     -5.48015    478.81974     59.11867    419.70107
     -5.47015    302.78605     46.51365    256.27240
     -5.46015    267.78281     47.19305    220.58976
     -5.45015    268.72914     39.38339    229.34574
     -5.44015    205.77078     23.03144    182.73934
     -5.43015    167.40188     18.79272    148.60916
     -5.42015    136.60664     23.35104    113.25560
     -5.41015     84.09677     19.58665     64.51012
     -5.40015     94.51005     24.86377     69.64628
     -5.39015    181.06580     45.72970    135.33610
     -5.38015    256.82965     52.49416    204.33549
     -5.37015    303.74483     40.49200    263.25283
     -5.36015    317.27590     38.27288    279.00302
     -5.35015    254.45745     37.75446    216.70300
     -5.34015    139.01743     21.87214    117.14529
     -5.33015     48.76504      6.79257     41.97247
     -5.32015     36.07931      1.55651     34.52281
     -5.31015     73.84862      1.51790     72.33072
     -5.30015     71.19778      1.43969     69.75810
     -5.29015     55.42629      1.71092     53.71537
     -5.28015    110.61527      6.34346    104.27180
     -5.27015    149.85690     12.33564    137.52126
     -5.26015    104.42017      9.53644     94.88374
     -5.25015     83.21945      3.80606     79.41339
     -5.24015     78.02082      1.78038     76.24044
     -5.23015     34.21070      0.71798     33.49272
     -5.22015     10.37091      0.71514      9.65577
     -5.21015     36.93393      4.18365     32.75028
     -5.20015    125.85934     11.78858    114.07076
     -5.19015    234.78258     17.32814    217.45443
     -5.18015    246.02050     16.97934    229.04116
     -5.17015    123.64341      9.16723    114.47618
     -5.16015     25.86517      2.07952     23.78564
     -5.15015      2.39288      0.18520      2.20768
     -5.14015      5.09781      0.10670      4.99111
     -5.13015     32.57163      0.66497     31.90666
     -5.12015     85.18303      2.06676     83.11627
     -5.11015    135.12796      6.38168    128.74628
     -5.10015    214.57921     17.91677    196.66244
     -5.09015    216.31566     22.92063    193.39503
     -5.08015     95.90307     11.32904     84.57403
     -5.07015     35.10870      2.47650     32.63220
     -5.06015     63.78769      1.40709     62.38060
     -5.05015     76.18141      1.53532     74.64609
     -5.04015     34.71402      0.69992     34.01410
     -5.03015     16.02524      0.44637     15.57887
     -5.02015     60.77409      2.83084     57.94325
     -5.01015    148.33354      9.53693    138.79661
     -5.00015    179.42254     12.86077    166.56177
     -4.99015    131.41991      7.32606    124.09385
     -4.98015     56.85137      2.00701     54.84436
     -4.97015     11.44010      0.28889     11.15121
     -4.96015      1.36336      0.02895      1.33441
     -4.95015      7.58972      0.15740      7.43232
     -4.94015     50.90260      1.21231     49.69029
     -4.93015    147.79659      5.00801    142.78858
     -4.92015    203.47679     11.29428    192.18251
     -4.91015    138.87213     11.70203    127.17010
     -4.90015     44.81314      4.86048     39.95266
     -4.89015     11.34686      0.87037     10.47649
     -4.88015     33.18879      0.72106     32.46773
     -4.87015     76.35380      1.62201     74.73179
     -4.86015     75.72400      2.22959     73.49441
     -4.85015     86.54798      5.15329     81.39469
     -4.84015    167.07990     11.28604    155.79386
     -4.83015    204.61064     15.35619    189.25446
     -4.82015    159.96110     12.48441    147.47669
     -4.81015    113.19644      5.67365    107.52279
     -4.80015     61.17788      1.73291     59.44497
     -4.79015     15.49856      0.34572     15.15283
     -4.78015      4.26852      0.08801      4.18051
     -4.77015     26.10285      0.53647     25.56638
     -4.76015    100.73598      2.39327     98.34271
     -4.75015    179.34179      6.77651    172.56528
     -4.74015    172.05492     11.97759    160.07733
     -4.73015    104.09863     10.40879     93.68984
     -4.72015    102.86847      7.29783     95.57063
     -4.71015    244.14236     11.01303    233.12933
     -4.70015    424.74486     14.75936    409.98550
     -4.69015    500.93326     14.85331    486.07995
     -4.68015    462.79207     12.51112    450.28096
     -4.67015    446.73403     11.82479    434.90924
     -4.66015    424.94937     15.12246    409.82691
     -4.65015    362.70566     18.70750    343.99816
     -4.64015    277.35728     14.35168    263.00560
     -4.63015    211.84384      7.74742    204.09642
     -4.62015    161.37047      4.69647    156.67400
     -4.61015    131.76890      3.70954    128.05936
     -4.60015    152.98372      4.84506    148.13866
     -4.59015    229.60011      9.05038    220.54973
     -4.58015    273.76642     12.10993    261.65649
     -4.57015    260.71140     14.01141    246.69999
     -4.56015    262.10927     16.29914    245.81013
     -4.55015    201.22648     10.86476    190.36172
     -4.54015    109.51225      4.18072    105.33153
     -4.53015     91.31045      2.61070     88.69976
     -4.52015     82.72361      2.14220     80.58142
     -4.51015     95.96203      2.12249     93.83954
     -4.50015    151.69728      3.68392    148.01335
     -4.49015    195.47228      6.98964    188.48264
     -4.48015    220.91807     13.46836    207.44971
     -4.47015    245.91517     18.04829    227.86688
     -4.46015    232.70104     13.90228    218.79877
     -4.45015    160.81917      6.60837    154.21081
     -4.44015     94.71509      2.74464     91.97045
     -4.43015     81.96732      2.19275     79.77458
     -4.42015     82.25489      2.23177     80.02312
     -4.41015     69.07172      2.18572     66.88600
     -4.40015    139.70674      6.62510    133.08164
     -4.39015    248.39055     14.35148    234.03907
     -4.38015    234.69722     13.33853    221.35869
     -4.37015    122.41626      5.68826    116.72801
     -4.36015     82.32556      3.53165     78.79392
     -4.35015    145.58396      7.03822    138.54574
     -4.34015    139.87855      7.09428    132.78427
     -4.33015     70.39115      3.16424     67.22691
     -4.32015     98.20586      3.54971     94.65614
     -4.31015    215.22815     10.50128    204.72687
     -4.30015    301.39062     16.06485    285.32577
     -4.29015    242.19344     10.64095    231.55249
     -4.28015    126.00462      3.69652    122.30810
     -4.27015    112.14139      2.53764    109.60374
     -4.26015    152.75307      3.26038    149.49270
     -4.25015    119.94982      2.82718    117.12264
     -4.24015    118.58376      5.00804    113.57573
     -4.23015    225.04462     11.64656    213.39806
     -4.22015    332.71073     17.85085    314.85988
     -4.21015    330.11782     15.82279    314.29503
     -4.20015    171.21480      6.68834    164.52646
     -4.19015     57.25547      1.71812     55.53735
     -4.18015     70.27482      1.80396     68.47086
     -4.17015    100.00603      2.37249     97.63354
     -4.16015    109.88334      2.28718    107.59616
     -4.15015    134.56111      4.05028    130.51083
     -4.14015    197.52660     10.61021    186.91638
     -4.13015    265.91973     16.87539    249.04433
     -4.12015    259.90206     14.50023    245.40183
     -4.11015    190.13681      7.89315    182.24366
     -4.10015    136.98054      3.57808    133.40246
     -4.09015    138.36907      2.89885    135.47022
     -4.08015    117.28534      2.72983    114.55551
     -4.07015     74.48029      2.58603     71.89426
     -4.06015    112.76051      7.00341    105.75710
     -4.05015    198.32487     13.42432    184.90055
     -4.04015    209.35084     11.32612    198.02473
     -4.03015    177.62763      5.96003    171.66759
     -4.02015    166.71079      5.62193    161.08885
     -4.01015    183.78984      7.33477    176.45506
     -4.00015    158.06015      5.61361    152.44654
     -3.99015    164.76558      4.84707    159.91851
     -3.98015    186.07940      7.94806    178.13134
     -3.97015    180.29996     12.49868    167.80128
     -3.96015    181.99838     11.22271    170.77567
     -3.95015    164.80682      5.86834    158.93848
     -3.94015    145.83822      3.51544    142.32278
     -3.93015    109.37755      2.60624    106.77131
     -3.92015     70.82449      2.73759     68.08691
     -3.91015     89.98622      5.42462     84.56160
     -3.90015    134.81696      9.01176    125.80520
     -3.89015    174.52984     12.91404    161.61580
     -3.88015    130.66987     10.46959    120.20028
     -3.87015     40.18508      3.42504     36.76004
     -3.86015      4.65773      0.41885      4.23889
     -3.85015      0.39080      0.02319      0.36761
     -3.84015      4.08913      0.11744      3.97169
     -3.83015     35.15129      1.41295     33.73834
     -3.82015    129.77499      7.39310    122.38189
     -3.81015    215.94297     15.91731    200.02566
     -3.80015    159.52061     13.43882    146.08179
     -3.79015     50.44202      4.34698     46.09504
     -3.78015     22.54311      0.83764     21.70547
     -3.77015     82.08769      1.57578     80.51191
     -3.76015    170.25026      3.28403    166.96623
     -3.75015    203.71253      4.90834    198.80419
     -3.74015    248.85968     10.05549    238.80420
     -3.73015    274.77355     14.92538    259.84817
     -3.72015    201.75759     11.48234    190.27526
     -3.71015    141.38363      7.29292    134.09071
     -3.70015    150.33709      5.37490    144.96219
     -3.69015    177.66108      4.13732    173.52377
     -3.68015    146.19761      3.15562    143.04199
     -3.67015    138.58164      5.04722    133.53442
     -3.66015    184.32531     11.24935    173.07596
     -3.65015    182.29466     12.42013    169.87452
     -3.64015    126.35916      6.31124    120.04791
     -3.63015    121.41492      3.91216    117.50276
     -3.62015    133.80873      5.32160    128.48713
     -3.61015    142.30814      5.49682    136.81132
     -3.60015    187.55281      5.77004    181.78277
     -3.59015    237.84804     10.21534    227.63271
     -3.58015    210.83305     13.43461    197.39844
     -3.57015    100.09826      7.77122     92.32704
     -3.56015     35.00456      2.04733     32.95723
     -3.55015     77.16434      1.89686     75.26749
     -3.54015    176.77771      4.81544    171.96227
     -3.53015    234.85899      8.09159    226.76740
     -3.52015    224.63698     10.93382    213.70316
     -3.51015    191.56472     13.47638    178.08834
     -3.50015    149.05586     10.03061    139.02525
     -3.49015     97.84254      4.00239     93.84014
     -3.48015     62.41080      1.46213     60.94866
     -3.47015     81.46655      1.66145     79.80509
     -3.46015    104.36169      3.32484    101.03684
     -3.45015    190.38609     10.06368    180.32240
     -3.44015    310.04557     17.75001    292.29557
     -3.43015    256.01514     13.24708    242.76806
     -3.42015    142.41300      5.01967    137.39333
     -3.41015     67.40706      1.57336     65.83370
     -3.40015     23.25571      0.58091     22.67480
     -3.39015     49.99840      2.30228     47.69612
     -3.38015    173.08357      9.56741    163.51615
     -3.37015    320.70065     17.51747    303.18318
     -3.36015    301.71887     14.10109    287.61778
     -3.35015    133.21629      5.10497    128.11132
     -3.34015     58.11011      1.54414     56.56597
     -3.33015     81.58924      2.09245     79.49679
     -3.32015     86.72174      4.45838     82.26336
     -3.31015    119.05340     10.34656    108.70685
     -3.30015    209.79430     13.59536    196.19895
     -3.29015    255.34094     10.60151    244.73943
     -3.28015    183.28061      6.01665    177.26397
     -3.27015    124.04330      3.27392    120.76938
     -3.26015    141.87249      4.42828    137.44421
     -3.25015    161.45165      9.34979    152.10186
     -3.24015    136.45385     12.17714    124.27671
     -3.23015    113.16182      8.30938    104.85244
     -3.22015    195.92471      7.08220    188.84251
     -3.21015    234.27280      6.89760    227.37519
     -3.20015    156.13723      4.98628    151.15095
     -3.19015    150.76075      8.48822    142.27253
     -3.18015    174.78700     12.85955    161.92746
     -3.17015    149.09185      9.18831    139.90354
     -3.16015    111.63923      4.73956    106.89968
     -3.15015    124.23036      4.88480    119.34556
     -3.14015    181.65982      6.70183    174.95799
     -3.13015    228.98192     11.11508    217.86684
     -3.12015    201.04404     13.34585    187.69819
     -3.11015    183.87051      9.07552    174.79499
     -3.10015    200.46143      6.04946    194.41197
     -3.09015    195.55736      6.58900    188.96835
     -3.08015    195.58811      9.21604    186.37207
     -3.07015    180.79382     12.70948    168.08435
     -3.06015    174.72867     11.80685    162.92182
     -3.05015    196.22231      7.54015    188.68216
     -3.04015    326.11034      9.28079    316.82955
     -3.03015    374.03700     12.39107    361.64593
     -3.02015    236.48903     13.35072    223.13830
     -3.01015    119.81816     12.25246    107.56571
     -3.00015     56.28027      6.06983     50.21044
     -2.99015     68.93646      2.67199     66.26446
     -2.98015    147.86882      5.55296    142.31586
     -2.97015    181.39340     11.34112    170.05227
     -2.96015    133.10126     12.92375    120.17752
     -2.95015     56.23923      6.70200     49.53723
     -2.94015     27.76320      2.21118     25.55202
     -2.93015     90.90080      4.99038     85.91041
     -2.92015    215.67763     12.59448    203.08315
     -2.91015    258.13079     14.47999    243.65080
     -2.90015    163.93795      7.47297    156.46498
     -2.89015     82.13850      3.50548     78.63301
     -2.88015    111.74134      7.73141    104.00993
     -2.87015    145.92012     13.29947    132.62065
     -2.86015     90.89938      9.81434     81.08504
     -2.85015     49.62701      4.05160     45.57540
     -2.84015    119.65306      6.49698    113.15608
     -2.83015    230.79593     13.68520    217.11073
     -2.82015    232.19770     13.31310    218.88460
     -2.81015    165.70211      6.95047    158.75165
     -2.80015    142.55350      6.99630    135.55720
     -2.79015    145.95800     12.07270    133.88530
     -2.78015    113.97933     11.66626    102.31307
     -2.77015    103.29367      7.26220     96.03148
     -2.76015    166.22666      9.13562    157.09104
     -2.75015    215.18932     13.98957    201.19975
     -2.74015    202.37268     12.43028    189.94241
     -2.73015    201.06388      9.04187    192.02200
     -2.72015    200.50000     11.70185    188.79815
     -2.71015    184.43653     14.07813    170.35840
     -2.70015    144.55807     10.22104    134.33702
     -2.69015    169.05582     11.57014    157.48568
     -2.68015    252.13808     16.15290    235.98518
     -2.67015    248.09740     13.70935    234.38805
     -2.66015    250.03337     14.58912    235.44425
     -2.65015    319.40578     18.17739    301.22839
     -2.64015    330.57939     16.87640    313.70299
     -2.63015    259.50330     16.65835    242.84495
     -2.62015    160.95898     14.07771    146.88128
     -2.61015    139.50008     12.51552    126.98456
     -2.60015    175.70338     14.40376    161.29962
     -2.59015    152.29107     13.97216    138.31890
     -2.58015    151.14185     15.01750    136.12435
     -2.57015    189.85579     16.25718    173.59861
     -2.56015    191.13042     18.00698    173.12343
     -2.55015    170.14968     20.27256    149.87712
     -2.54015    207.43200     24.79142    182.64059
     -2.53015    274.68069     28.95367    245.72702
     -2.52015    242.51218     24.33653    218.17565
     -2.51015    133.71643     11.52978    122.18665
     -2.50015     94.09477      3.17036     90.92441
     -2.49015     68.44655      0.93393     67.51261
     -2.48015     31.98878      0.39016     31.59862
     -2.47015     70.36162      1.02767     69.33395
     -2.46015    199.47635      2.97841    196.49794
     -2.45015    278.44677      4.11786    274.32891
     -2.44015    188.11427      2.70714    185.40713
     -2.43015     91.20601      1.24470     89.96131
     -2.42015    131.14940      1.72533    129.42407
     -2.41015    154.49769      2.04998    152.44771
     -2.40015     88.18685      1.26597     86.92088
     -2.39015     89.58720      1.52028     88.06692
     -2.38015    155.35115      2.51709    152.83406
     -2.37015    192.30238      2.97397    189.32840
     -2.36015    187.30848      3.64026    183.66823
     -2.35015    190.16712      5.04752    185.11960
     -2.34015    150.05186      4.15343    145.89843
     -2.33015    142.65268      2.78303    139.86965
     -2.32015    230.58334      3.65961    226.92372
     -2.31015    187.40344      2.93549    184.46795
     -2.30015     62.50782      1.02833     61.47950
     -2.29015     68.52229      1.82844     66.69385
     -2.28015    359.82581     10.35142    349.47438
     -2.27015    930.06767     27.26087    902.80680
     -2.26015   1232.11064     35.89834   1196.21230
     -2.25015   1011.98028     28.97976    983.00052
     -2.24015    635.38101     18.33839    617.04262
     -2.23015    429.30914     12.19492    417.11423
     -2.22015    460.98631     12.36271    448.62361
     -2.21015    490.26098     12.98081    477.28017
     -2.20015    394.55914     10.10256    384.45658
     -2.19015    392.70787      9.84414    382.86373
     -2.18015    500.94707     13.28963    487.65744
     -2.17015    471.41896     12.54021    458.87875
     -2.16015    292.66960      7.11547    285.55413
     -2.15015    145.28328      2.93785    142.34543
     -2.14015     97.25642      1.47090     95.78552
     -2.13015     66.50482      0.90446     65.60035
     -2.12015     24.03532      0.32220     23.71312
     -2.11015     32.95283      0.43996     32.51287
     -2.10015    105.48639      1.42681    104.05958
     -2.09015    149.28859      2.05242    147.23617
     -2.08015     87.85206      1.22683     86.62523
     -2.07015     21.81036      0.30884     21.50153
     -2.06015     11.23229      0.16651     11.06578
     -2.05015     48.21101      0.71203     47.49898
     -2.04015    107.63313      1.53244    106.10069
     -2.03015    125.02278      1.66151    123.36127
     -2.02015     81.90757      1.02687     80.88071
     -2.01015     37.17307      0.51515     36.65792
     -2.00015     92.95772      1.69412     91.26360
     -1.99015    316.53993      6.20791    310.33202
     -1.98015    605.16115     12.29577    592.86538
     -1.97015    748.51771     15.13300    733.38471
     -1.96015    714.43663     14.00725    700.42938
     -1.95015    552.73657     10.67621    542.06036
     -1.94015    428.20306      8.24812    419.95494
     -1.93015    477.29196      9.22312    468.06884
     -1.92015    585.74749     11.40309    574.34439
     -1.91015    541.42457     10.43619    530.98838
     -1.90015    503.20788      9.20626    494.00162
     -1.89015    589.67499     10.35227    579.32272
     -1.88015    542.38085      9.59954    532.78131
     -1.87015    339.40679      6.18384    333.22295
     -1.86015    240.04744      4.43242    235.61501
     -1.85015    216.35526      3.82477    212.53049
     -1.84015    179.40335      2.73921    176.66414
     -1.83015    174.07699      2.31834    171.75865
     -1.82015    151.89072      2.09889    149.79183
     -1.81015    113.55688      1.68955    111.86734
     -1.80015     64.69385      0.97625     63.71760
     -1.79015     47.21775      0.60874     46.60902
     -1.78015    108.10019      1.30910    106.79110
     -1.77015    147.72019      1.84844    145.87174
     -1.76015     86.44717      1.11899     85.32818
     -1.75015     21.85913      0.28839     21.57074
     -1.74015     13.90712      0.16479     13.74233
     -1.73015     60.93553      0.71703     60.21850
     -1.72015    131.86099      1.59348    130.26751
     -1.71015    129.52325      1.61334    127.90991
     -1.70015     71.18917      0.88782     70.30135
     -1.69015     72.07834      0.83643     71.24191
     -1.68015    113.39214      1.29923    112.09291
     -1.67015    142.27928      1.66344    140.61584
     -1.66015    146.94635      1.77268    145.17367
     -1.65015     90.27921      1.11641     89.16280
     -1.64015     28.33128      0.35229     27.97899
     -1.63015     32.67381      0.37783     32.29598
     -1.62015    129.79637      1.49928    128.29709
     -1.61015    224.96298      2.63035    222.33263
     -1.60015    159.76824      1.89757    157.87066
     -1.59015     47.79875      0.57672     47.22203
     -1.58015     15.97401      0.19062     15.78339
     -1.57015     65.71650      0.77144     64.94507
     -1.56015    161.43313      1.88828    159.54485
     -1.55015    178.26896      2.07448    176.19448
     -1.54015    123.78373      1.43700    122.34673
     -1.53015     77.90175      0.94267     76.95908
     -1.52015     88.95521      1.13718     87.81802
     -1.51015    115.79650      1.38599    114.41051
     -1.50015    111.20689      1.19630    110.01059
     -1.49015     95.91790      1.09794     94.81996
     -1.48015    133.13930      1.72479    131.41451
     -1.47015    150.23497      1.92594    148.30903
     -1.46015     89.14180      1.05228     88.08952
     -1.45015     84.29468      0.84155     83.45313
     -1.44015    134.15941      1.47821    132.68120
     -1.43015    120.46607      1.53710    118.92897
     -1.42015     59.63914      0.81173     58.82740
     -1.41015     60.91738      0.69196     60.22542
     -1.40015    122.09381      1.20663    120.88718
     -1.39015    132.14742      1.13780    131.00962
     -1.38015     68.55423      0.52151     68.03272
     -1.37015     27.17923      0.22488     26.95435
     -1.36015     71.14613      0.66263     70.48350
     -1.35015    164.88417      1.48671    163.39745
     -1.34015    218.25747      2.12593    216.13154
     -1.33015    279.71868      3.18593    276.53276
     -1.32015    275.22009      3.19392    272.02617
     -1.31015    148.99757      1.57416    147.42341
     -1.30015     86.92773      0.91829     86.00944
     -1.29015    166.23444      2.05548    164.17895
     -1.28015    230.67625      3.08091    227.59534
     -1.27015    197.34429      2.45851    194.88578
     -1.26015    185.17288      1.74588    183.42700
     -1.25015    148.25543      1.31771    146.93772
     -1.24015    135.53575      1.52520    134.01055
     -1.23015    164.51953      1.93966    162.57987
     -1.22015    109.62356      1.12707    108.49648
     -1.21015     85.66581      0.51468     85.15113
     -1.20015    139.56640      1.11722    138.44918
     -1.19015    184.57995      2.36939    182.21056
     -1.18015    141.31738      2.24188    139.07550
     -1.17015     48.34472      0.84036     47.50436
     -1.16015     11.44445      0.22313     11.22132
     -1.15015     32.61868      0.68222     31.93646
     -1.14015     82.15068      1.66074     80.48994
     -1.13015    104.24688      1.81150    102.43537
     -1.12015     99.74289      1.33345     98.40945
     -1.11015     68.96106      0.89239     68.06867
     -1.10015     59.96922      1.12371     58.84551
     -1.09015     81.06986      1.71427     79.35559
     -1.08015     53.18743      1.12753     52.05990
     -1.07015     23.29002      0.40574     22.88428
     -1.06015     61.14270      0.85900     60.28370
     -1.05015    137.75541      2.14194    135.61347
     -1.04015    130.86733      2.27219    128.59513
     -1.03015     51.59438      0.97850     50.61588
     -1.02015     11.87186      0.24446     11.62741
     -1.01015     28.34631      0.60506     27.74125
     -1.00015     83.89488      1.69070     82.20419
     -0.99015    122.22307      2.09602    120.12705
     -0.98015    105.20045      1.43315    103.76730
     -0.97015     55.73805      0.73783     55.00022
     -0.96015     51.05456      1.02409     50.03047
     -0.95015     79.83824      1.74943     78.08881
     -0.94015     57.45860      1.23812     56.22048
     -0.93015     36.42739      0.57175     35.85563
     -0.92015     83.09088      1.10757     81.98331
     -0.91015    134.83136      2.14248    132.68888
     -0.90015    109.40092      2.06888    107.33205
     -0.89015     42.22091      0.88204     41.33886
     -0.88015     12.29224      0.26693     12.02532
     -0.87015     38.96151      0.80375     38.15776
     -0.86015    110.87577      2.07052    108.80525
     -0.85015    141.15130      2.26144    138.88986
     -0.84015     82.57718      1.13173     81.44545
     -0.83015     33.89703      0.55306     33.34397
     -0.82015     56.34586      1.25554     55.09032
     -0.81015     80.99607      1.81750     79.17856
     -0.80015     59.41719      1.14565     58.27154
     -0.79015     72.49579      0.92074     71.57506
     -0.78015    109.71383      1.54563    108.16820
     -0.77015    112.14867      2.10502    110.04365
     -0.76015     72.01833      1.56982     70.44852
     -0.75015     23.62455      0.52980     23.09475
     -0.74015     26.52515      0.50816     26.01699
     -0.73015    100.13403      1.77865     98.35538
     -0.72015    157.33247      2.62632    154.70616
     -0.71015     94.05421      1.47407     92.58013
     -0.70015     28.52802      0.48382     28.04421
     -0.69015     42.15687      0.96889     41.18798
     -0.68015     83.96110      1.90063     82.06047
     -0.67015     89.93355      1.66824     88.26531
     -0.66015     94.33517      1.19926     93.13591
     -0.65015     91.76653      1.30643     90.46010
     -0.64015     90.83961      1.88940     88.95020
     -0.63015     72.37952      1.68669     70.69283
     -0.62015     32.40890      0.69848     31.71042
     -0.61015     54.02616      0.83774     53.18842
     -0.60015    137.11048      2.22878    134.88170
     -0.59015    140.97641      2.47886    138.49754
     -0.58015     56.53200      1.07395     55.45805
     -0.57015     22.57086      0.50694     22.06392
     -0.56015     62.85357      1.41599     61.43759
     -0.55015    120.44241      2.32974    118.11267
     -0.54015    122.28091      1.81590    120.46501
     -0.53015     75.91449      1.03399     74.88050
     -0.52015     66.13582      1.41842     64.71739
     -0.51015     83.05501      2.00629     81.04872
     -0.50015     65.01339      1.33059     63.68280
     -0.49015     83.75122      1.13084     82.62038
     -0.48015    129.68920      2.04806    127.64114
     -0.47015    114.88352      2.33108    112.55244
     -0.46015     52.95965      1.22484     51.73480
     -0.45015     35.61218      0.73250     34.87968
     -0.44015    105.73125      1.92761    103.80364
     -0.43015    158.07234      2.72554    155.34680
     -0.42015     91.56099      1.51964     90.04136
     -0.41015     42.84919      0.90168     41.94750
     -0.40015     79.48269      1.87436     77.60833
     -0.39015    119.28951      2.30211    116.98740
     -0.38015    115.07198      1.62712    113.44486
     -0.37015     93.17649      1.56872     91.60776
     -0.36015     92.09395      2.18395     89.91000
     -0.35015     79.15731      1.74935     77.40797
     -0.34015     95.32267      1.43399     93.88868
     -0.33015    139.97896      2.35042    137.62853
     -0.32015    113.79122      2.38524    111.40599
     -0.31015     59.97507      1.31738     58.65768
     -0.30015     96.09084      1.73466     94.35619
     -0.29015    159.81937      2.84539    156.97398
     -0.28015    110.14877      2.02565    108.12312
     -0.27015     69.61275      1.46154     68.15121
     -0.26015    128.25817      2.54321    125.71497
     -0.25015    148.18023      2.53779    145.64245
     -0.24015    100.41841      1.79776     98.62065
     -0.23015    114.68806      2.44118    112.24688
     -0.22015    145.83680      2.61317    143.22363
     -0.21015    128.66537      2.16723    126.49814
     -0.20015    132.01166      2.67233    129.33933
     -0.19015    149.69895      2.66893    147.03002
     -0.18015    147.11365      2.51768    144.59597
     -0.17015    162.98456      3.03434    159.95022
     -0.16015    172.18589      2.85945    169.32644
     -0.15015    192.25342      3.16829    189.08514
     -0.14015    219.74834      3.50633    216.24201
     -0.13015    199.23672      3.24218    195.99455
     -0.12015    148.86903      3.11960    145.74943
     -0.11015    100.58837      2.68841     97.89996
     -0.10015     97.92085      2.85630     95.06455
     -0.09015     98.29880      2.89330     95.40550
     -0.08015    104.65382      3.08597    101.56785
     -0.07015    108.95140      3.21460    105.73680
     -0.06015    116.03757      3.42320    112.61437
     -0.05015    123.00485      3.62409    119.38075
     -0.04015    132.34764      3.88952    128.45812
     -0.03015    141.30365      4.13616    137.16749
     -0.02015    141.74064      4.12649    137.61415
     -0.01015    128.19864      3.70217    124.49647
     -0.00015    103.59640      2.96790    100.62850
      0.00985     51.96183      1.48378     50.47805
      0.01985     11.25332      0.32109     10.93223
      0.02985      0.92910      0.02651      0.90260
      0.03985      0.02841      0.00081      0.02760
      0.04985      0.00032      0.00001      0.00031
      0.05985      0.00000      0.00000      0.00000
      0.06985      0.00000      0.00000      0.00000
      0.07985      0.00000      0.00000      0.00000
      0.08985      0.00000      0.00000      0.00000
      0.09985      0.00000      0.00000      0.00000
      0.10985      0.00000      0.00000      0.00000
      0.11985      0.00000      0.00000      0.00000
      0.12985      0.00000      0.00000      0.00000
      0.13985      0.00000      0.00000      0.00000
      0.14985      0.00000      0.00000      0.00000
      0.15985      0.00000      0.00000      0.00000
      0.16985      0.00000      0.00000      0.00000
      0.17985      0.00000      0.00000      0.00000
      0.18985      0.00000      0.00000      0.00000
      0.19985      0.00000      0.00000      0.00000
      0.20985      0.00000      0.00000      0.00000
      0.21985      0.00000      0.00000      0.00000
      0.22985      0.00000      0.00000      0.00000
      0.23985      0.00000      0.00000      0.00000
      0.24985      0.00000      0.00000      0.00000
      0.25985      0.00000      0.00000      0.00000
      0.26985      0.00000      0.00000      0.00000
      0.27985      0.00000      0.00000      0.00000
      0.28985      0.00000      0.00000      0.00000
      0.29985      0.00000      0.00000      0.00000
      0.30985      0.00000      0.00000      0.00000
      0.31985      0.00000      0.00000      0.00000
      0.32985      0.00000      0.00000      0.00000
      0.33985      0.00000      0.00000      0.00000
      0.34985      0.00000      0.00000      0.00000
      0.35985      0.00000      0.00000      0.00000
      0.36985      0.00000      0.00000      0.00000
      0.37985      0.00000      0.00000      0.00000
      0.38985      0.00000      0.00000      0.00000
      0.39985      0.00000      0.00000      0.00000
      0.40985      0.00000      0.00000      0.00000
      0.41985      0.00000      0.00000      0.00000
      0.42985      0.00000      0.00000      0.00000
      0.43985      0.00000      0.00000      0.00000
      0.44985      0.00000      0.00000      0.00000
      0.45985      0.00000      0.00000      0.00000
      0.46985      0.00000      0.00000      0.00000
      0.47985      0.00000      0.00000      0.00000
      0.48985      0.00000      0.00000      0.00000
      0.49985      0.00000      0.00000      0.00000
      0.50985      0.00000      0.00000      0.00000
      0.51985      0.00000      0.00000      0.00000
      0.52985      0.00000      0.00000      0.00000
      0.53985      0.00000      0.00000      0.00000
      0.54985      0.00000      0.00000      0.00000
      0.55985      0.00000      0.00000      0.00000
      0.56985      0.00000      0.00000      0.00000
      0.57985      0.00000      0.00000      0.00000
      0.58985      0.00000      0.00000      0.00000
      0.59985      0.00000      0.00000      0.00000
      0.60985      0.00000      0.00000      0.00000
      0.61985      0.00000      0.00000      0.00000
      0.62985      0.00000      0.00000      0.00000
      0.63985      0.00000      0.00000      0.00000
      0.64985      0.00000      0.00000      0.00000
      0.65985      0.00000      0.00000      0.00000
      0.66985      0.00000      0.00000      0.00000
      0.67985      0.00000      0.00000      0.00000
      0.68985      0.00000      0.00000      0.00000
      0.69985      0.00000      0.00000      0.00000
      0.70985      0.00000      0.00000      0.00000
      0.71985      0.00000      0.00000      0.00000
      0.72985      0.00000      0.00000      0.00000
      0.73985      0.00000      0.00000      0.00000
      0.74985      0.00000      0.00000      0.00000
      0.75985      0.00000      0.00000      0.00000
      0.76985      0.00000      0.00000      0.00000
      0.77985      0.00000      0.00000      0.00000
      0.78985      0.00000      0.00000      0.00000
      0.79985      0.00000      0.00000      0.00000
      0.80985      0.00000      0.00000      0.00000
      0.81985      0.00000      0.00000      0.00000
      0.82985      0.00000      0.00000      0.00000
      0.83985      0.00000      0.00000      0.00000
      0.84985      0.00000      0.00000      0.00000
      0.85985      0.00000      0.00000      0.00000
      0.86985      0.00000      0.00000      0.00000
      0.87985      0.00000      0.00000      0.00000
      0.88985      0.00000      0.00000      0.00000
      0.89985      0.00000      0.00000      0.00000
      0.90985      0.00000      0.00000      0.00000
      0.91985      0.00000      0.00000      0.00000
      0.92985      0.00000      0.00000      0.00000
      0.93985      0.00000      0.00000      0.00000
      0.94985      0.00000      0.00000      0.00000
      0.95985      0.00000      0.00000      0.00000
      0.96985      0.00000      0.00000      0.00000
      0.97985      0.00000      0.00000      0.00000
      0.98985      0.00000      0.00000      0.00000
      0.99985      0.00000      0.00000      0.00000
      1.00985      0.00000      0.00000      0.00000
      1.01985      0.00000      0.00000      0.00000
      1.02985      0.00000      0.00000      0.00000
      1.03985      0.00000      0.00000      0.00000
      1.04985      0.00000      0.00000      0.00000
      1.05985      0.00000      0.00000      0.00000
      1.06985      0.00000      0.00000      0.00000
      1.07985      0.00000      0.00000      0.00000
      1.08985      0.00000      0.00000      0.00000
      1.09985      0.00000      0.00000      0.00000
      1.10985      0.00000      0.00000      0.00000
      1.11985      0.00000      0.00000      0.00000
      1.12985      0.00000      0.00000      0.00000
      1.13985      0.00000      0.00000      0.00000
      1.14985      0.00000      0.00000      0.00000
      1.15985      0.00000      0.00000      0.00000
      1.16985      0.00000      0.00000      0.00000
      1.17985      0.00000      0.00000      0.00000
      1.18985      0.00000      0.00000      0.00000
      1.19985      0.00000      0.00000      0.00000
      1.20985      0.00000      0.00000      0.00000
      1.21985      0.00000      0.00000      0.00000
      1.22985      0.00000      0.00000      0.00000
      1.23985      0.00000      0.00000      0.00000
      1.24985      0.00000      0.00000      0.00000
      1.25985      0.00000      0.00000      0.00000
      1.26985      0.00000      0.00000      0.00000
      1.27985      0.00000      0.00000      0.00000
      1.28985      0.00000      0.00000      0.00000
      1.29985      0.00000      0.00000      0.00000
      1.30985      0.00000      0.00000      0.00000
      1.31985      0.00000      0.00000      0.00000
      1.32985      0.00000      0.00000      0.00000
      1.33985      0.00000      0.00000      0.00000
      1.34985      0.00000      0.00000      0.00000
      1.35985      0.00000      0.00000      0.00000
      1.36985      0.00000      0.00000      0.00000
      1.37985      0.00000      0.00000      0.00000
      1.38985      0.00000      0.00000      0.00000
      1.39985      0.00000      0.00000      0.00000
      1.40985      0.00000      0.00000      0.00000
      1.41985      0.00000      0.00000      0.00000
      1.42985      0.00000      0.00000      0.00000
      1.43985      0.00000      0.00000      0.00000
      1.44985      0.00000      0.00000      0.00000
      1.45985      0.00000      0.00000      0.00000
      1.46985      0.00000      0.00000      0.00000
      1.47985      0.00000      0.00000      0.00000
      1.48985      0.00000      0.00000      0.00000
      1.49985      0.00000      0.00000      0.00000
      1.50985      0.00000      0.00000      0.00000
      1.51985      0.00000      0.00000      0.00000
      1.52985      0.00000      0.00000      0.00000
      1.53985      0.00000      0.00000      0.00000
      1.54985      0.00000      0.00000      0.00000
      1.55985      0.00000      0.00000      0.00000
      1.56985      0.00000      0.00000      0.00000
      1.57985      0.00000      0.00000      0.00000
      1.58985      0.00000      0.00000      0.00000
      1.59985      0.00000      0.00000      0.00000
      1.60985      0.00000      0.00000      0.00000
      1.61985      0.00000      0.00000      0.00000
      1.62985      0.00000      0.00000      0.00000
      1.63985      0.00000      0.00000      0.00000
      1.64985      0.00000      0.00000      0.00000
      1.65985      0.00000      0.00000      0.00000
      1.66985      0.00000      0.00000      0.00000
      1.67985      0.00000      0.00000      0.00000
      1.68985      0.00000      0.00000      0.00000
      1.69985      0.00000      0.00000      0.00000
      1.70985      0.00000      0.00000      0.00000
      1.71985      0.00000      0.00000      0.00000
      1.72985      0.00000      0.00000      0.00000
      1.73985      0.00000      0.00000      0.00000
      1.74985      0.00000      0.00000      0.00000
      1.75985      0.00000      0.00000      0.00000
      1.76985      0.00000      0.00000      0.00000
      1.77985      0.00000      0.00000      0.00000
      1.78985      0.00000      0.00000      0.00000
      1.79985      0.00000      0.00000      0.00000
      1.80985      0.00000      0.00000      0.00000
      1.81985      0.00000      0.00000      0.00000
      1.82985      0.00000      0.00000      0.00000
      1.83985      0.00000      0.00000      0.00000
      1.84985      0.00000      0.00000      0.00000
      1.85985      0.00000      0.00000      0.00000
      1.86985      0.00000      0.00000      0.00000
      1.87985      0.00000      0.00000      0.00000
      1.88985      0.00000      0.00000      0.00000
      1.89985      0.00000      0.00000      0.00000
      1.90985      0.00000      0.00000      0.00000
      1.91985      0.00000      0.00000      0.00000
      1.92985      0.00000      0.00000      0.00000
      1.93985      0.00000      0.00000      0.00000
      1.94985      0.00000      0.00000      0.00000
      1.95985      0.00000      0.00000      0.00000
      1.96985      0.00000      0.00000      0.00000
      1.97985      0.00000      0.00000      0.00000
      1.98985      0.00000      0.00000      0.00000
      1.99985      0.00000      0.00000      0.00000
      2.00985      0.00000      0.00000      0.00000
      2.01985      0.00000      0.00000      0.00000
      2.02985      0.00000      0.00000      0.00000
      2.03985      0.00000      0.00000      0.00000
      2.04985      0.00000      0.00000      0.00000
      2.05985      0.00000      0.00000      0.00000
      2.06985      0.00000      0.00000      0.00000
      2.07985      0.00000      0.00000      0.00000
      2.08985      0.00000      0.00000      0.00000
      2.09985      0.00000      0.00000      0.00000
      2.10985      0.00000      0.00000      0.00000
      2.11985      0.00000      0.00000      0.00000
      2.12985      0.00000      0.00000      0.00000
      2.13985      0.00000      0.00000      0.00000
      2.14985      0.00000      0.00000      0.00000
      2.15985      0.00000      0.00000      0.00000
      2.16985      0.00000      0.00000      0.00000
      2.17985      0.00000      0.00000      0.00000
      2.18985      0.00000      0.00000      0.00000
      2.19985      0.00000      0.00000      0.00000
      2.20985      0.00000      0.00000      0.00000
      2.21985      0.00000      0.00000      0.00000
      2.22985      0.00000      0.00000      0.00000
      2.23985      0.00000      0.00000      0.00000
      2.24985      0.00000      0.00000      0.00000
      2.25985      0.00000      0.00000      0.00000
      2.26985      0.00000      0.00000      0.00000
      2.27985      0.00000      0.00000      0.00000
      2.28985      0.00000      0.00000      0.00000
      2.29985      0.00000      0.00000      0.00000
      2.30985      0.00000      0.00000      0.00000
      2.31985      0.00000      0.00000      0.00000
      2.32985      0.00000      0.00000      0.00000
      2.33985      0.00000      0.00000      0.00000
      2.34985      0.00000      0.00000      0.00000
      2.35985      0.00000      0.00000      0.00000
      2.36985      0.00000      0.00000      0.00000
      2.37985      0.00000      0.00000      0.00000
      2.38985      0.00000      0.00000      0.00000
      2.39985      0.00000      0.00000      0.00000
      2.40985      0.00000      0.00000      0.00000
      2.41985      0.00000      0.00000      0.00000
      2.42985      0.00000      0.00000      0.00000
      2.43985      0.00000      0.00000      0.00000
      2.44985      0.00000      0.00000      0.00000
      2.45985      0.00000      0.00000      0.00000
      2.46985      0.00000      0.00000      0.00000
      2.47985      0.00000      0.00000      0.00000
      2.48985      0.00000      0.00000      0.00000
      2.49985      0.00000      0.00000      0.00000
      2.50985      0.00000      0.00000      0.00000
      2.51985      0.00000      0.00000      0.00000
      2.52985      0.00000      0.00000      0.00000
      2.53985      0.00000      0.00000      0.00000
      2.54985      0.00000      0.00000      0.00000
      2.55985      0.00000      0.00000      0.00000
      2.56985      0.00000      0.00000      0.00000
      2.57985      0.00000      0.00000      0.00000
      2.58985      0.00000      0.00000      0.00000
      2.59985      0.00000      0.00000      0.00000
      2.60985      0.00000      0.00000      0.00000
      2.61985      0.00000      0.00000      0.00000
      2.62985      0.00000      0.00000      0.00000
      2.63985      0.00000      0.00000      0.00000
      2.64985      0.00000      0.00000      0.00000
      2.65985      0.00000      0.00000      0.00000
      2.66985      0.00000      0.00000      0.00000
      2.67985      0.00000      0.00000      0.00000
      2.68985      0.00000      0.00000      0.00000
      2.69985      0.00000      0.00000      0.00000
      2.70985      0.00000      0.00000      0.00000
      2.71985      0.00000      0.00000      0.00000
      2.72985      0.00000      0.00000      0.00000
      2.73985      0.00000      0.00000      0.00000
      2.74985      0.00000      0.00000      0.00000
      2.75985      0.00000      0.00000      0.00000
      2.76985      0.00000      0.00000      0.00000
      2.77985      0.00000      0.00000      0.00000
      2.78985      0.00000      0.00000      0.00000
      2.79985      0.00000      0.00000      0.00000
      2.80985      0.00000      0.00000      0.00000
      2.81985      0.00000      0.00000      0.00000
      2.82985      0.00000      0.00000      0.00000
      2.83985      0.00000      0.00000      0.00000
      2.84985      0.00000      0.00000      0.00000
      2.85985      0.00000      0.00000      0.00000
      2.86985      0.00000      0.00000      0.00000
      2.87985      0.00000      0.00000      0.00000
      2.88985      0.00000      0.00000      0.00000
      2.89985      0.00000      0.00000      0.00000
      2.90985      0.00000      0.00000      0.00000
      2.91985      0.00000      0.00000      0.00000
      2.92985      0.00000      0.00000      0.00000
      2.93985      0.00000      0.00000      0.00000
      2.94985      0.00000      0.00000      0.00000
      2.95985      0.00000      0.00000      0.00000
      2.96985      0.00000      0.00000      0.00000
      2.97985      0.00000      0.00000      0.00000
      2.98985      0.00000      0.00000      0.00000
      2.99985      0.00000      0.00000      0.00000
      3.00985      0.00000      0.00000      0.00000
      3.01985      0.00000      0.00000      0.00000
      3.02985      0.00000      0.00000      0.00000
      3.03985      0.00000      0.00000      0.00000
      3.04985      0.00000      0.00000      0.00000
      3.05985      0.00000      0.00000      0.00000
      3.06985      0.00000      0.00000      0.00000
      3.07985      0.00000      0.00000      0.00000
      3.08985      0.00000      0.00000      0.00000
      3.09985      0.00000      0.00000      0.00000
      3.10985      0.00000      0.00000      0.00000
      3.11985      0.00000      0.00000      0.00000
      3.12985      0.00000      0.00000      0.00000
      3.13985      0.00000      0.00000      0.00000
      3.14985      0.00000      0.00000      0.00000
      3.15985      0.00000      0.00000      0.00000
      3.16985      0.00000      0.00000      0.00000
      3.17985      0.00000      0.00000      0.00000
      3.18985      0.00000      0.00000      0.00000
      3.19985      0.00000      0.00000      0.00000
      3.20985      0.00000      0.00000      0.00000
      3.21985      0.00000      0.00000      0.00000
      3.22985      0.00000      0.00000      0.00000
      3.23985      0.00000      0.00000      0.00000
      3.24985      0.00000      0.00000      0.00000
      3.25985      0.00000      0.00000      0.00000
      3.26985      0.00000      0.00000      0.00000
      3.27985      0.00000      0.00000      0.00000
      3.28985      0.00000      0.00000      0.00000
      3.29985      0.00000      0.00000      0.00000
      3.30985      0.02444      0.00026      0.02418
      3.31985      0.89733      0.00973      0.88760
      3.32985     12.67109      0.13781     12.53328
      3.33985     71.52571      0.78256     70.74314
      3.34985    174.62171      1.93403    172.68769
      3.35985    218.72745      2.48509    216.24236
      3.36985    191.56260      2.27723    189.28537
      3.37985    160.35016      2.01811    158.33205
      3.38985    141.58174      1.88565    139.69608
      3.39985    129.78001      1.82545    127.95455
      3.40985    120.67019      1.78809    118.88209
      3.41985    114.78651      1.78890    112.99761
      3.42985    108.24375      1.77155    106.47220
      3.43985    106.75306      1.82995    104.92310
      3.44985    114.26336      2.04844    112.21492
      3.45985    164.01013      3.01215    160.99798
      3.46985    216.22943      4.01477    212.21466
      3.47985    226.64082      4.28858    222.35224
      3.48985    196.00540      3.79235    192.21305
      3.49985    186.50781      3.72513    182.78268
      3.50985    159.91332      3.28019    156.63313
      3.51985    164.28240      3.44704    160.83536
      3.52985    159.84048      3.44277    156.39772
      3.53985    125.42717      2.81075    122.61641
      3.54985    160.27965      3.61877    156.66088
      3.55985    145.36709      3.30560    142.06148
      3.56985    110.34342      2.72993    107.61349
      3.57985    138.62566      3.40938    135.21627
      3.58985    145.48371      3.42855    142.05516
      3.59985    124.41490      3.23162    121.18328
      3.60985    101.85576      2.82826     99.02750
      3.61985    118.89345      3.06087    115.83259
      3.62985    159.36699      4.15548    155.21151
      3.63985    110.84518      3.09341    107.75177
      3.64985     76.50109      2.37098     74.13010
      3.65985    126.08866      3.72712    122.36153
      3.66985    144.11792      3.86635    140.25158
      3.67985    112.49183      3.23610    109.25573
      3.68985     96.70567      3.32621     93.37946
      3.69985     80.71899      2.69176     78.02724
      3.70985    119.78530      3.53489    116.25041
      3.71985    157.96198      4.79176    153.17021
      3.72985     94.80107      3.10159     91.69948
      3.73985     63.39297      2.44917     60.94381
      3.74985    101.57685      3.82071     97.75614
      3.75985    125.09075      3.92832    121.16243
      3.76985    126.36432      3.84404    122.52028
      3.77985    111.53178      4.20054    107.33125
      3.78985     69.90385      2.96379     66.94006
      3.79985     60.98553      2.46931     58.51621
      3.80985    130.15367      4.75010    125.40357
      3.81985    147.97971      4.97714    143.00257
      3.82985     86.57713      3.05831     83.51882
      3.83985     78.22607      3.62114     74.60493
      3.84985     80.31525      3.82883     76.48642
      3.85985     75.05773      2.92390     72.13384
      3.86985    134.32909      4.80925    129.51984
      3.87985    145.37832      5.64943    139.72889
      3.88985     70.47344      3.06479     67.40865
      3.89985     52.20944      2.73391     49.47553
      3.90985     88.21174      4.55664     83.65510
      3.91985    101.98903      4.26127     97.72776
      3.92985    119.79066      4.16313    115.62753
      3.93985    126.04081      5.40536    120.63545
      3.94985     85.12301      4.42797     80.69504
      3.95985     41.25982      2.33728     38.92254
      3.96985     66.75528      3.67012     63.08516
      3.97985    124.12363      5.87216    118.25147
      3.98985    127.72412      4.85744    122.86668
      3.99985     94.70414      3.90954     90.79460
      4.00985     89.44901      5.10759     84.34142
      4.01985     66.08155      4.07690     62.00465
      4.02985     41.78794      2.41668     39.37126
      4.03985     97.37153      4.92615     92.44538
      4.04985    157.61032      8.91129    148.69902
      4.05985    133.76631     31.46104    102.30527
      4.06985    229.73064    158.72399     71.00665
      4.07985    494.50023    381.52309    112.97714
      4.08985    565.45553    453.97408    111.48145
      4.09985    494.99273    397.94570     97.04703
      4.10985    615.44146    447.13524    168.30622
      4.11985    754.13167    547.31840    206.81326
      4.12985    658.51165    527.72711    130.78454
      4.13985    540.55476    452.01072     88.54404
      4.14985    515.23018    402.12065    113.10953
      4.15985    483.04094    370.23084    112.81010
      4.16985    454.97156    345.97424    108.99732
      4.17985    487.27609    329.89897    157.37713
      4.18985    478.66685    316.01232    162.65453
      4.19985    396.28407    299.42629     96.85778
      4.20985    346.04639    285.19168     60.85471
      4.21985    365.66954    276.48326     89.18628
      4.22985    382.67819    268.00489    114.67329
      4.23985    376.26691    257.26203    119.00488
      4.24985    385.86475    249.46279    136.40195
      4.25985    377.53681    243.14365    134.39316
      4.26985    330.71159    234.74627     95.96532
      4.27985    279.51077    225.62461     53.88616
      4.28985    287.31782    219.77367     67.54415
      4.29985    333.29277    218.00569    115.28707
      4.30985    345.67283    210.91764    134.75519
      4.31985    326.80558    205.56677    121.23881
      4.32985    332.20267    198.70656    133.49611
      4.33985    420.59470    198.29355    222.30115
      4.34985    429.78694    191.90722    237.87972
      4.35985    374.09446    188.86095    185.23351
      4.36985    387.17213    184.38548    202.78665
      4.37985    433.90932    184.80845    249.10087
      4.38985    398.02556    178.98942    219.03614
      4.39985    325.54027    172.81590    152.72437
      4.40985    347.52309    175.07179    172.45131
      4.41985    316.54762    164.83031    151.71731
      4.42985    269.77628    170.33651     99.43977
      4.43985    298.78148    156.89314    141.88834
      4.44985    379.03981    169.49989    209.53992
      4.45985    341.03812    157.03651    184.00161
      4.46985    286.85966    156.53063    130.32902
      4.47985    296.88166    157.58048    139.30118
      4.48985    283.77902    147.76051    136.01852
      4.49985    246.18595    154.14920     92.03675
      4.50985    235.26140    144.14519     91.11621
      4.51985    321.38860    147.74596    173.64264
      4.52985    366.83885    151.05727    215.78157
      4.53985    278.01425    141.54013    136.47412
      4.54985    232.98723    140.84940     92.13783
      4.55985    373.20530    151.88782    221.31748
      4.56985    550.23797    160.37584    389.86213
      4.57985    535.32054    159.92017    375.40037
      4.58985    451.89486    159.32032    292.57454
      4.59985    464.17582    147.43851    316.73732
      4.60985    537.10894    150.63746    386.47147
      4.61985    493.16436    157.04425    336.12011
      4.62985    350.22252    133.36896    216.85356
      4.63985    316.79181    137.42542    179.36639
      4.64985    385.11876    151.56358    233.55518
      4.65985    422.29203    129.14154    293.15048
      4.66985    418.50389    135.98115    282.52274
      4.67985    391.81197    148.50201    243.30997
      4.68985    317.92739    117.81556    200.11183
      4.69985    335.03083    128.75678    206.27404
      4.70985    377.91353    150.82642    227.08711
      4.71985    332.03421    115.01802    217.01619
      4.72985    303.54041    116.04332    187.49710
      4.73985    345.22282    149.61581    195.60701
      4.74985    370.32348    120.66386    249.65963
      4.75985    343.86963    105.98437    237.88526
      4.76985    348.93441    145.28223    203.65218
      4.77985    314.91616    126.31797    188.59818
      4.78985    258.74354     91.15843    167.58511
      4.79985    311.34058    132.27338    179.06720
      4.80985    318.66883    142.47578    176.19305
      4.81985    277.18918     91.21537    185.97382
      4.82985    358.43587    108.74710    249.68877
      4.83985    361.42169    150.09594    211.32575
      4.84985    274.65779    108.74397    165.91382
      4.85985    253.47109     81.78184    171.68925
      4.86985    322.38101    135.18882    187.19219
      4.87985    319.01295    139.12743    179.88552
      4.88985    217.06109     78.43300    138.62809
      4.89985    241.62190     94.11897    147.50293
      4.90985    341.62618    149.25968    192.36650
      4.91985    366.10487    116.60490    249.49997
      4.92985    309.95580     72.32678    237.62902
      4.93985    268.65392    115.45660    153.19732
      4.94985    253.46600    145.34159    108.12441
      4.95985    169.91631     83.97737     85.93895
      4.96985    206.82367     67.77394    139.04972
      4.97985    354.54389    135.47298    219.07090
      4.98985    393.69278    142.93461    250.75816
      4.99985    290.43168     73.20796    217.22372
      5.00985    195.48603     69.61139    125.87464
      5.01985    258.76541    138.68917    120.07624
      5.02985    296.08289    132.22640    163.85649
      5.03985    179.66537     60.31872    119.34665
      5.04985    181.81014     71.32643    110.48372
      5.05985    320.59917    143.90104    176.69813
      5.06985    327.20419    125.70787    201.49632
      5.07985    272.55038     58.49861    214.05177
      5.08985    268.98915     74.62015    194.36900
      5.09985    263.92493    141.95266    121.97227
      5.10985    241.36906    123.84935    117.51971
      5.11985    201.86478     53.98044    147.88434
      5.12985    179.69756     61.83102    117.86653
      5.13985    243.83934    135.84765    107.99169
      5.14985    265.17553    131.46186    133.71367
      5.15985    209.92054     57.54472    152.37581
      5.16985    255.19674     56.37925    198.81750
      5.17985    357.35807    131.04664    226.31143
      5.18985    298.95671    141.68578    157.27092
      5.19985    165.10780     63.56989    101.53791
      5.20985    211.78956     43.61925    168.17031
      5.21985    390.35790    116.10126    274.25664
      5.22985    454.59559    161.94294    292.65265
      5.23985    320.28019     91.60429    228.67590
      5.24985    152.08777     34.11021    117.97756
      5.25985    110.85323     71.48781     39.36541
      5.26985    193.35218    143.04523     50.30695
      5.27985    234.22372    114.03310    120.19063
      5.28985    206.07446     45.15424    160.92022
      5.29985    196.22073     50.91793    145.30279
      5.30985    294.62279    127.77338    166.84941
      5.31985    341.84803    143.85837    197.98966
      5.32985    219.79321     65.11945    154.67376
      5.33985    169.55503     33.80540    135.74963
      5.34985    250.85377     91.13670    159.71707
      5.35985    251.15839    149.14912    102.00927
      5.36985    152.50836     97.17784     55.33053
      5.37985    155.73220     34.76296    120.96924
      5.38985    266.02032     55.11289    210.90742
      5.39985    313.84438    130.90701    182.93737
      5.40985    275.56393    138.75680    136.80713
      5.41985    221.45834     63.44963    158.00871
      5.42985    191.57289     34.54109    157.03180
      5.43985    258.97289     89.66636    169.30653
      5.44985    307.74937    149.07395    158.67542
      5.45985    174.66567     99.87682     74.78885
      5.46985     88.39230     36.32367     52.06863
      5.47985    164.38558     56.88561    107.49997
      5.48985    292.16734    123.50426    168.66308
      5.49985    343.59298    133.13551    210.45747
      5.50985    299.43170     80.51870    218.91300
      5.51985    260.96218     69.64901    191.31317
      5.52985    237.14636     93.69979    143.44658
      5.53985    193.30262    102.51855     90.78407
      5.54985    192.47906    120.22278     72.25629
      5.55985    277.35143    119.80193    157.54950
      5.56985    308.73338     84.19721    224.53617
      5.57985    228.84131     84.51172    144.32959
      5.58985    240.46982    136.78555    103.68427
      5.59985    319.72638    127.80368    191.92270
      5.60985    301.38254     85.58163    215.80091
      5.61985    194.31625     85.74793    108.56832
      5.62985    135.07957     77.81680     57.26277
      5.63985    200.37782     85.67816    114.69966
      5.64985    298.76542    109.11648    189.64895
      5.65985    296.33298    107.71629    188.61669
      5.66985    232.74221     81.61129    151.13092
      5.67985    299.72356    120.50061    179.22295
      5.68985    519.65631    328.55073    191.10558
      5.69985    661.81491    493.79300    168.02191
      5.70985    518.40749    384.56311    133.84439
      5.71985    347.77660    231.96686    115.80975
      5.72985    379.34557    196.02711    183.31846
      5.73985    470.52115    209.97987    260.54127
      5.74985    484.31002    215.69627    268.61375
      5.75985    344.90468    158.99480    185.90988
      5.76985    251.93382    122.67139    129.26243
      5.77985    367.66282    194.36776    173.29506
      5.78985    420.57305    230.03752    190.53553
      5.79985    326.22060    162.31898    163.90162
      5.80985    280.54561     99.55706    180.98855
      5.81985    379.84383    122.58106    257.26277
      5.82985    469.42036    185.29360    284.12676
      5.83985    429.37514    205.69051    223.68463
      5.84985    402.34190    239.89102    162.45087
      5.85985    404.04567    211.53812    192.50755
      5.86985    496.67218    212.56365    284.10854
      5.87985    612.32875    248.56866    363.76009
      5.88985    523.43578    213.92085    309.51493
      5.89985    417.78785    188.79996    228.98789
      5.90985    364.86378    152.09227    212.77151
      5.91985    285.92105    135.66859    150.25246
      5.92985    175.92041    114.10758     61.81283
      5.93985     73.36490     58.49323     14.87166
      5.94985     17.24541     14.86315      2.38226
      5.95985     21.50717     17.69951      3.80766
      5.96985    123.13682     95.13215     28.00467
      5.97985    303.29286    212.01612     91.27674
      5.98985    351.67011    204.49048    147.17964
      5.99985    321.44815    161.60708    159.84107
      6.00985    301.39408    157.28883    144.10525
      6.01985    198.70095     86.31604    112.38491
      6.02985    113.28517     24.18739     89.09778
      6.03985     53.06521      5.85371     47.21150
      6.04985     12.07605      1.32499     10.75106
      6.05985      8.66761      4.58008      4.08752
      6.06985     63.87733     32.91171     30.96562
      6.07985    217.18350    102.02479    115.15871
      6.08985    319.61984    155.22433    164.39552
      6.09985    249.90592    155.63461     94.27131
      6.10985    191.25447    159.66586     31.58861
      6.11985    194.37772    173.10813     21.26958
      6.12985    155.08338    116.88395     38.19943
      6.13985    165.82861     68.34986     97.47875
      6.14985    288.21370    139.70969    148.50401
      6.15985    370.69801    241.95699    128.74102
      6.16985    370.71957    259.91620    110.80337
      6.17985    297.72283    189.83452    107.88831
      6.18985    223.36645    154.42778     68.93867
      6.19985    284.62622    235.52636     49.09985
      6.20985    272.53903    228.55958     43.97945
      6.21985    142.46599     99.40930     43.05669
      6.22985    120.81198     43.16122     77.65076
      6.23985    210.14320     98.37990    111.76330
      6.24985    319.29323    186.25729    133.03595
      6.25985    378.53947    240.44858    138.09089
      6.26985    352.01933    224.86215    127.15719
      6.27985    213.08130    133.03366     80.04764
      6.28985    163.49222    109.97066     53.52157
      6.29985    205.70512    125.83037     79.87476
      6.30985    187.33901    102.60129     84.73771
      6.31985    150.27351    103.00264     47.27087
      6.32985    153.72949    120.88739     32.84210
      6.33985    164.62081    105.24293     59.37788
      6.34985    274.32210    123.75040    150.57170
      6.35985    420.79401    183.69121    237.10279
      6.36985    396.50489    211.12209    185.38280
      6.37985    273.60657    193.45922     80.14734
      6.38985    167.20691    138.25363     28.95328
      6.39985    136.44985    103.94488     32.50497
      6.40985    181.73201    109.12705     72.60496
      6.41985    225.28267    138.49626     86.78641
      6.42985    197.88702    145.76325     52.12377
      6.43985    134.75765     99.56502     35.19262
      6.44985    156.73955     89.71215     67.02740
      6.45985    176.79764     89.78738     87.01026
      6.46985    203.82508    115.85874     87.96634
      6.47985    285.89270    163.10516    122.78843
      6.48985    277.42963    140.93146    136.54607
      6.49985    205.04627     94.99079    111.04374
      6.50985    247.65741    186.26430     69.41044
      6.51985    466.87556    442.77475     51.01701
      6.52985    531.76542    530.82057     42.24491
      6.53985    416.01530    400.94104     52.20503
      6.54985    474.90430    434.87860     80.67514
      6.55985    697.71161    688.43472     72.88026
      6.56985    824.38993    815.39229     82.61612
      6.57985    861.65161    808.40827    116.73472
      6.58985    821.30923    754.30740    120.14050
      6.59985    616.95663    567.49121     96.42093
      6.60985    385.84242    378.51048     46.12596
      6.61985    324.89028    327.09127     31.80094
      6.62985    450.00652    402.17418     84.85136
      6.63985    542.12398    447.87991    131.97391
      6.64985    481.73274    421.74058     94.98823
      6.65985    387.21872    387.07604     33.24741
      6.66985    384.75131    398.38909     20.73517
      6.67985    393.18356    370.73650     55.53783
      6.68985    382.08676    328.24730     81.15103
      6.69985    354.96120    331.26417     48.61062
      6.70985    353.17339    360.53921     20.45509
      6.71985    378.86881    359.27909     49.36921
      6.72985    433.64927    330.16067    132.31018
      6.73985    540.18251    369.26106    197.70573
      6.74985    538.93880    382.39931    177.69640
      6.75985    417.05919    344.64168     93.12209
      6.76985    348.66059    338.04002     36.57358
      6.77985    308.63227    318.13412     17.93234
      6.78985    284.61522    298.76118     11.27642
      6.79985    309.24977    307.84249     25.95120
      6.80985    383.82360    324.88635     82.12269
      6.81985    449.16314    324.80604    142.00632
      6.82985    427.68375    307.51568    138.90858
      6.83985    320.81363    253.32292     89.42873
      6.84985    233.78381    208.05076     46.78606
      6.85985    290.41441    248.43506     64.79237
      6.86985    317.85914    259.48914     78.49466
      6.87985    265.59912    249.31946     37.83247
      6.88985    204.32471    215.55109      8.78783
      6.89985    203.47393    213.56733      6.86992
      6.90985    251.52950    252.73336     18.78373
      6.91985    319.36784    261.01546     77.23159
      6.92985    464.93511    290.07197    190.61395
      6.93985    474.19830    265.27816    219.11023
      6.94985    273.82185    149.43845    128.13760
      6.95985    227.70257    144.35208     88.92551
      6.96985    378.81460    310.69420     85.17692
      6.97985    456.25467    439.16534     42.93042
      6.98985    375.33420    384.34485     13.42875
      6.99985    261.59778    265.81829     13.81802
      7.00985    290.41288    251.82887     58.26003
      7.01985    388.72346    270.71019    134.35708
      7.02985    379.20304    245.66725    141.97356
      7.03985    279.86523    220.56069     70.01185
      7.04985    212.04549    215.07637     16.62345
      7.05985    137.16927    140.13460     11.92592
      7.06985     94.36795     53.67396     45.49403
      7.07985    168.20857     92.96883     80.28823
      7.08985    338.22481    264.71384     87.34878
      7.09985    488.39751    394.46516    115.85729
      7.10985    483.27147    372.10418    137.01781
      7.11985    373.81766    259.21844    133.31270
      7.12985    292.06660    177.34086    123.76236
      7.13985    324.33198    235.03840    104.33431
      7.14985    348.60783    292.00800     79.09904
      7.15985    234.04388    207.90341     39.27218
      7.16985    170.31857    129.33591     45.90003
      7.17985    275.15310    180.48888    104.31821
      7.18985    346.37732    242.32833    121.68107
      7.19985    258.62893    206.44041     67.58002
      7.20985    176.70473    140.31170     42.67068
      7.21985    160.33059     84.03046     77.39935
      7.22985    184.51343     73.88833    110.73579
      7.23985    242.41644    117.22857    125.87223
      7.24985    314.60001    198.10181    121.61201
      7.25985    410.22613    302.56259    123.07135
      7.26985    459.61797    342.60886    138.02989
      7.27985    410.79995    302.56471    124.21217
      7.28985    319.81226    257.59052     74.94370
      7.29985    392.16762    331.44689     78.93923
      7.30985    611.64753    458.42197    173.08767
      7.31985    696.53621    468.94221    240.02007
      7.32985    542.10897    350.68261    199.08883
      7.33985    425.05410    251.07918    185.94494
      7.34985    433.30865    246.18910    203.05608
      7.35985    351.05629    227.98502    137.33483
      7.36985    218.85564    141.78217     84.69890
      7.37985    162.28082     79.00163     86.35745
      7.38985    219.05002    137.08322     88.16561
      7.39985    357.01166    289.02969     79.29896
      7.40985    438.46250    353.57445     97.31618
      7.41985    377.25655    259.57899    128.03686
      7.42985    300.85143    149.68546    155.75672
      7.43985    296.90042    119.20557    178.51014
      7.44985    224.17414     80.02128    144.20920
      7.45985    148.78251     64.07605     84.77946
      7.46985    229.01832    156.91076     72.94633
      7.47985    403.21359    308.17975     98.81330
      7.48985    455.10391    364.15027     98.22080
      7.49985    312.97311    262.80569     57.88416
      7.50985    190.82583    133.65771     62.44932
      7.51985    206.53645     80.79314    127.57897
      7.52985    314.39022    135.89304    178.76092
      7.53985    426.51526    230.00665    196.63229
      7.54985    404.52484    245.21854    160.33081
      7.55985    299.84569    224.30395     80.32522
      7.56985    336.77202    310.22031     40.92796
      7.57985    476.65695    427.85870     72.95772
      7.58985    439.65404    338.12788    120.51292
      7.59985    390.91922    219.96167    182.45728
      7.60985    469.59315    219.95037    262.09741
      7.61985    504.33500    245.65081    273.95539
      7.62985    426.16723    249.34526    190.82151
      7.63985    298.37950    221.61542     88.13388
      7.64985    207.81981    180.29710     35.36883
      7.65985    177.56887    158.93481     26.29720
      7.66985    221.26260    172.68402     61.39353
      7.67985    272.38968    187.98239     96.38013
      7.68985    269.39401    185.84301     93.60081
      7.69985    204.45684    139.69004     73.80866
      7.70985    216.72329    107.73021    114.30873
      7.71985    294.57523    147.46098    154.89210
      7.72985    252.97320    167.56658     97.91226
      7.73985    208.04180    153.14536     63.33288
      7.74985    227.54265    170.01278     62.65532
      7.75985    240.04877    204.93986     43.27704
      7.76985    201.79762    167.19718     41.84489
      7.77985    121.43014     78.67001     45.16872
      7.78985     50.00296     25.30947     25.01690
      7.79985     54.94486     28.24425     27.24061
      7.80985    166.09606    101.51731     68.13677
      7.81985    268.16822    182.69649     94.51330
      7.82985    296.80837    197.65035    109.25245
      7.83985    320.43569    217.19719    112.20150
      7.84985    267.53468    185.82650     88.99077
      7.85985    186.86051    108.58397     81.12333
      7.86985    154.92097     98.02282     57.32278
      7.87985    131.57906    102.20764     29.39482
      7.88985    111.69134     83.50115     28.19066
      7.89985    103.73750     51.89861     51.83903
      7.90985    130.96458     57.48341     73.48912
      7.91985    129.87402     83.29137     46.76281
      7.92985     87.08737     75.61187     12.97903
      7.93985     88.41086     90.09344      2.93385
      7.94985    133.33550    128.43643     10.13330
      7.95985    223.32742    185.71166     40.19313
      7.96985    393.66845    299.42443     97.64182
      7.97985    542.27001    402.42329    148.46093
      7.98985    484.51954    337.87120    155.71645
      7.99985    366.06651    236.67373    133.21175
      8.00985    283.58496    216.88558     67.96625
      8.01985    191.12263    173.18499     18.93445
      8.02985     97.90625     93.18331      6.96114
      8.03985    110.80147     95.50984     21.86631
      8.04985    203.58870    153.08422     59.46532
      8.05985    244.44941    187.95606     62.83456
      8.06985    166.71636    143.09887     26.43863
      8.07985     60.59883     55.04473      6.21251
      8.08985     45.66751     37.48375      8.24741
      8.09985    100.97961     82.22108     18.76085
      8.10985    158.74906    132.98828     25.76087
      8.11985    183.63952    149.62637     34.01680
      8.12985    163.04125    109.17179     53.97217
      8.13985    199.42769    106.99525     93.49461
      8.14985    288.82806    181.12067    111.75392
      8.15985    386.85972    287.84389    104.76705
      8.16985    370.46928    304.13507     69.74024
      8.17985    258.49037    212.84696     47.10720
      8.18985    230.47096    133.19477     97.93337
      8.19985    266.42840    106.20412    160.44613
      8.20985    279.15556    108.93451    171.20451
      8.21985    364.50235    183.27528    186.37572
      8.22985    417.05282    261.02022    166.49053
      8.23985    270.65423    197.69528     83.78342
      8.24985    198.45007    161.75667     48.85983
      8.25985    291.14782    222.36838     79.52638
      8.26985    376.38345    278.80875    101.58644
      8.27985    354.60422    267.91766     87.45250
      8.28985    286.57385    217.53895     70.29017
      8.29985    239.80136    189.46297     52.98775
      8.30985    219.18483    181.57552     39.80262
      8.31985    193.55939    162.59791     31.75678
      8.32985    155.11218    128.85765     26.55447
      8.33985    163.59339    118.91616     46.28910
      8.34985    172.10557    126.38686     52.59521
