Energy-E_F (eV)    DOS (1/eV)    PDOS (1/eV)  of atom type H  C  
     -6.84015    201.88889      9.99172    191.89718
     -6.83015    293.52262     22.64642    270.87620
     -6.82015    228.81929     22.29391    206.52538
     -6.81015    124.70951      9.60151    115.10800
     -6.80015     89.79862      2.87114     86.92748
     -6.79015     62.88806      1.29989     61.58817
     -6.78015     88.67876      1.65541     87.02335
     -6.77015    138.39186      2.83462    135.55724
     -6.76015    163.77218      7.86773    155.90444
     -6.75015    236.90811     24.23481    212.67330
     -6.74015    300.91260     38.37800    262.53460
     -6.73015    214.63795     27.74291    186.89505
     -6.72015    121.47145      9.76659    111.70486
     -6.71015     96.72546      4.32351     92.40195
     -6.70015    123.05435     10.04316    113.01119
     -6.69015    216.14610     18.27496    197.87113
     -6.68015    197.81273     13.60927    184.20346
     -6.67015     97.59297      6.80776     90.78522
     -6.66015    135.09815     15.36363    119.73452
     -6.65015    237.28672     27.62381    209.66291
     -6.64015    170.04844     18.88908    151.15936
     -6.63015     76.68870      5.29223     71.39647
     -6.62015    121.99713      2.39171    119.60541
     -6.61015    160.52885      3.67271    156.85615
     -6.60015    118.52285      9.45571    109.06714
     -6.59015    150.01866     22.68456    127.33410
     -6.58015    223.80324     30.42510    193.37814
     -6.57015    212.82965     26.09082    186.73883
     -6.56015    142.19635     15.33308    126.86327
     -6.55015    116.85148      6.31174    110.53974
     -6.54015    153.28415      3.21791    150.06624
     -6.53015    131.11380      3.71349    127.40031
     -6.52015    114.55371     13.72505    100.82866
     -6.51015    209.93567     33.65795    176.27772
     -6.50015    222.14950     32.43262    189.71688
     -6.49015    129.62082     15.59123    114.02960
     -6.48015    112.80520     10.27572    102.52948
     -6.47015    142.80073      7.45082    135.34992
     -6.46015    173.96926      5.74557    168.22369
     -6.45015    172.43623     13.84486    158.59137
     -6.44015    193.37862     29.16863    164.20999
     -6.43015    191.17575     26.63143    164.54432
     -6.42015    159.48728     16.35114    143.13614
     -6.41015    203.03067     28.47842    174.55225
     -6.40015    272.82376     43.05604    229.76772
     -6.39015    272.28873     35.26135    237.02739
     -6.38015    278.55503     24.67782    253.87721
     -6.37015    217.99118     17.47525    200.51593
     -6.36015    123.44979     12.24851    111.20128
     -6.35015     72.71633      5.96972     66.74661
     -6.34015     92.50379      4.70366     87.80013
     -6.33015    119.79285     11.19866    108.59419
     -6.32015    108.04278     15.62890     92.41388
     -6.31015     90.97590      9.23816     81.73774
     -6.30015    140.21326      4.22696    135.98631
     -6.29015    172.85804      6.65263    166.20541
     -6.28015    139.04580     13.22242    125.82338
     -6.27015    121.20548     18.24729    102.95819
     -6.26015    199.37305     30.39130    168.98174
     -6.25015    321.89256     44.48553    277.40703
     -6.24015    298.86630     41.19477    257.67153
     -6.23015    259.04714     41.19004    217.85709
     -6.22015    260.89051     39.07664    221.81387
     -6.21015    223.51631     26.05710    197.45921
     -6.20015    164.86526     13.55832    151.30694
     -6.19015    155.87143     16.14725    139.72417
     -6.18015    170.24754     22.46717    147.78037
     -6.17015    118.84054     14.74724    104.09330
     -6.16015    100.02924      9.75909     90.27015
     -6.15015    160.77373     18.14761    142.62612
     -6.14015    172.24172     19.45487    152.78685
     -6.13015    136.19428     10.31074    125.88354
     -6.12015    144.18212     12.57299    131.60912
     -6.11015    219.24554     22.92620    196.31934
     -6.10015    194.45116     17.97900    176.47216
     -6.09015     74.88928      5.47979     69.40949
     -6.08015     13.35721      0.70957     12.64764
     -6.07015     19.92212      0.97349     18.94863
     -6.06015    110.30448      7.21773    103.08675
     -6.05015    274.71462     23.65280    251.06183
     -6.04015    316.13267     35.16334    280.96933
     -6.03015    194.60446     27.05262    167.55184
     -6.02015     89.33723     12.87714     76.46009
     -6.01015    116.22405     10.63288    105.59117
     -6.00015    244.99775     18.26131    226.73645
     -5.99015    305.08523     19.53509    285.55014
     -5.98015    225.53674     12.48585    213.05090
     -5.97015     98.62476      5.38192     93.24284
     -5.96015     90.71707      8.97247     81.74460
     -5.95015    201.17095     24.81414    176.35681
     -5.94015    244.96807     34.72088    210.24719
     -5.93015    173.38045     25.26173    148.11871
     -5.92015     80.04748     10.46417     69.58332
     -5.91015     60.94798      8.16650     52.78149
     -5.90015    171.80660     25.32579    146.48080
     -5.89015    268.48098     40.66543    227.81556
     -5.88015    239.22219     34.88291    204.33927
     -5.87015    208.50759     29.57287    178.93472
     -5.86015    171.52282     24.31504    147.20778
     -5.85015    128.94960     13.72447    115.22513
     -5.84015    140.69323      9.14661    131.54662
     -5.83015    151.22571     13.11742    138.10829
     -5.82015    135.12930     20.84085    114.28845
     -5.81015    165.78584     29.72694    136.05890
     -5.80015    243.62367     31.24077    212.38290
     -5.79015    319.81556     30.10446    289.71109
     -5.78015    274.56744     24.19346    250.37398
     -5.77015    113.77718     10.04659    103.73059
     -5.76015     28.32444      2.63286     25.69158
     -5.75015     51.61893      5.22343     46.39550
     -5.74015    127.33231     13.00869    114.32362
     -5.73015    200.09011     22.01756    178.07255
     -5.72015    224.84658     24.31992    200.52666
     -5.71015    194.82735     16.81395    178.01340
     -5.70015    139.74987     12.47886    127.27101
     -5.69015    106.05353     15.67445     90.37908
     -5.68015    166.37923     25.71542    140.66381
     -5.67015    220.00008     25.35325    194.64683
     -5.66015    179.11229     19.44554    159.66675
     -5.65015    199.73165     28.25252    171.47913
     -5.64015    258.42711     33.41210    225.01501
     -5.63015    246.22092     22.26546    223.95547
     -5.62015    295.69090     23.33685    272.35405
     -5.61015    358.09498     32.75566    325.33933
     -5.60015    297.76474     31.84515    265.91959
     -5.59015    344.17307     44.15322    300.01985
     -5.58015    567.48887     74.30391    493.18496
     -5.57015    717.54799     91.20269    626.34531
     -5.56015    702.02831     90.46614    611.56217
     -5.55015    638.86990     77.51218    561.35772
     -5.54015    576.69487     62.01315    514.68172
     -5.53015    535.48147     59.50291    475.97856
     -5.52015    501.22048     55.22170    445.99878
     -5.51015    455.61894     46.59646    409.02248
     -5.50015    450.25778     44.28938    405.96840
     -5.49015    525.74626     56.47108    469.27518
     -5.48015    478.80136     59.11861    419.68275
     -5.47015    302.77450     46.51352    256.26098
     -5.46015    267.77244     47.19260    220.57984
     -5.45015    268.69977     39.38048    229.31929
     -5.44015    205.72266     23.02951    182.69315
     -5.43015    167.40519     18.79378    148.61141
     -5.42015    136.65802     23.35256    113.30546
     -5.41015     84.12126     19.58753     64.53372
     -5.40015     94.52874     24.86803     69.66071
     -5.39015    181.08197     45.73364    135.34833
     -5.38015    256.83323     52.49240    204.34083
     -5.37015    303.75243     40.48888    263.26354
     -5.36015    317.27422     38.27297    279.00125
     -5.35015    254.43514     37.75268    216.68246
     -5.34015    138.99712     21.86916    117.12796
     -5.33015     48.74820      6.79100     41.95720
     -5.32015     36.04579      1.55559     34.49020
     -5.31015     73.82572      1.51742     72.30830
     -5.30015     71.23249      1.44034     69.79215
     -5.29015     55.47476      1.71179     53.76298
     -5.28015    110.64072      6.34405    104.29667
     -5.27015    149.83747     12.33551    137.50196
     -5.26015    104.38783      9.53573     94.85210
     -5.25015     83.19983      3.80555     79.39428
     -5.24015     78.02783      1.78049     76.24733
     -5.23015     34.22498      0.71827     33.50671
     -5.22015     10.37615      0.71539      9.66076
     -5.21015     36.93758      4.18431     32.75327
     -5.20015    125.85561     11.78918    114.06643
     -5.19015    234.76940     17.32799    217.44142
     -5.18015    246.02101     16.97892    229.04209
     -5.17015    123.65191      9.16667    114.48524
     -5.16015     25.86824      2.07927     23.78897
     -5.15015      2.39396      0.18518      2.20879
     -5.14015      5.10707      0.10688      5.00019
     -5.13015     32.60586      0.66567     31.94019
     -5.12015     85.20882      2.06750     83.14132
     -5.11015    135.11661      6.38281    128.73380
     -5.10015    214.57324     17.91868    196.65456
     -5.09015    216.29340     22.91933    193.37407
     -5.08015     95.87906     11.32651     84.55256
     -5.07015     35.09980      2.47567     32.62414
     -5.06015     63.78371      1.40695     62.37677
     -5.05015     76.18321      1.53536     74.64786
     -5.04015     34.71725      0.69999     34.01726
     -5.03015     16.02425      0.44644     15.57781
     -5.02015     60.77097      2.83132     57.93965
     -5.01015    148.33576      9.53776    138.79800
     -5.00015    179.42053     12.86040    166.56014
     -4.99015    131.41709      7.32520    124.09189
     -4.98015     56.85632      2.00685     54.84948
     -4.97015     11.44287      0.28892     11.15395
     -4.96015      1.36387      0.02896      1.33491
     -4.95015      7.59151      0.15744      7.43407
     -4.94015     50.90933      1.21252     49.69681
     -4.93015    147.80455      5.00864    142.79591
     -4.92015    203.47664     11.29489    192.18175
     -4.91015    138.86387     11.70152    127.16235
     -4.90015     44.80667      4.85972     39.94695
     -4.89015     11.34591      0.87017     10.47574
     -4.88015     33.19087      0.72109     32.46978
     -4.87015     76.35519      1.62205     74.73314
     -4.86015     75.72285      2.22965     73.49320
     -4.85015     86.54856      5.15363     81.39494
     -4.84015    167.08244     11.28667    155.79577
     -4.83015    204.61852     15.35668    189.26184
     -4.82015    159.97379     12.48408    147.48971
     -4.81015    113.19695      5.67308    107.52388
     -4.80015     61.16130      1.73243     59.42887
     -4.79015     15.48989      0.34553     15.14436
     -4.78015      4.27785      0.08819      4.18966
     -4.77015     26.16850      0.53771     25.63079
     -4.76015    100.85893      2.39539     98.46354
     -4.75015    179.34898      6.77677    172.57221
     -4.74015    171.93674     11.97600    159.96073
     -4.73015    104.03637     10.40741     93.62895
     -4.72015    102.92077      7.29860     95.62217
     -4.71015    244.32536     11.01790    233.30746
     -4.70015    424.89695     14.76420    410.13274
     -4.69015    500.83280     14.85052    485.98228
     -4.68015    462.67314     12.50682    450.16633
     -4.67015    446.64734     11.82196    434.82538
     -4.66015    424.85163     15.12044    409.73119
     -4.65015    362.67692     18.70718    343.96974
     -4.64015    277.32456     14.35101    262.97355
     -4.63015    211.83419      7.74727    204.08692
     -4.62015    161.40087      4.69737    156.70350
     -4.61015    131.77533      3.70992    128.06541
     -4.60015    152.96121      4.84501    148.11620
     -4.59015    229.60544      9.05091    220.55453
     -4.58015    273.79415     12.11052    261.68363
     -4.57015    260.68738     14.01106    246.67632
     -4.56015    262.05242     16.29749    245.75493
     -4.55015    201.23983     10.86433    190.37551
     -4.54015    109.54901      4.18135    105.36765
     -4.53015     91.32561      2.61102     88.71458
     -4.52015     82.76517      2.14313     80.62204
     -4.51015     95.98760      2.12291     93.86470
     -4.50015    151.63540      3.68249    147.95290
     -4.49015    195.43261      6.98942    188.44319
     -4.48015    220.92811     13.46961    207.45849
     -4.47015    245.88626     18.04746    227.83880
     -4.46015    232.70252     13.90152    218.80100
     -4.45015    160.85542      6.60884    154.24658
     -4.44015     94.72642      2.74479     91.98163
     -4.43015     81.95403      2.19235     79.76168
     -4.42015     82.26268      2.23205     80.03063
     -4.41015     69.06520      2.18603     66.87917
     -4.40015    139.67300      6.62539    133.04762
     -4.39015    248.40460     14.35232    234.05228
     -4.38015    234.74289     13.33859    221.40430
     -4.37015    122.44205      5.68814    116.75391
     -4.36015     82.35298      3.53247     78.82051
     -4.35015    145.60221      7.03896    138.56325
     -4.34015    139.85297      7.09339    132.75958
     -4.33015     70.36648      3.16345     67.20302
     -4.32015     98.21268      3.55071     94.66197
     -4.31015    215.26550     10.50393    204.76157
     -4.30015    301.41665     16.06493    285.35172
     -4.29015    242.19053     10.63877    231.55177
     -4.28015    125.94867      3.69459    122.25408
     -4.27015    112.12172      2.53683    109.58489
     -4.26015    152.80672      3.26141    149.54531
     -4.25015    119.95322      2.82761    117.12560
     -4.24015    118.58146      5.00812    113.57334
     -4.23015    225.05523     11.64749    213.40774
     -4.22015    332.70750     17.85155    314.85595
     -4.21015    330.11292     15.82209    314.29083
     -4.20015    171.18227      6.68719    164.49508
     -4.19015     57.23035      1.71753     55.51282
     -4.18015     70.26203      1.80365     68.45837
     -4.17015    100.01034      2.37263     97.63771
     -4.16015    109.89403      2.28765    107.60637
     -4.15015    134.57404      4.05189    130.52214
     -4.14015    197.53039     10.61281    186.91759
     -4.13015    265.90965     16.87479    249.03487
     -4.12015    259.92372     14.49829    245.42544
     -4.11015    190.14860      7.89235    182.25624
     -4.10015    136.97098      3.57765    133.39334
     -4.09015    138.36094      2.89868    135.46225
     -4.08015    117.27215      2.72960    114.54255
     -4.07015     74.44942      2.58557     71.86384
     -4.06015    112.72702      7.00330    105.72372
     -4.05015    198.37761     13.42564    184.95197
     -4.04015    209.45235     11.32752    198.12483
     -4.03015    177.65159      5.96005    171.69153
     -4.02015    166.67547      5.62141    161.05406
     -4.01015    183.76807      7.33446    176.43361
     -4.00015    158.04905      5.61332    152.43573
     -3.99015    164.77187      4.84714    159.92473
     -3.98015    186.07642      7.94763    178.12879
     -3.97015    180.33455     12.49897    167.83558
     -3.96015    182.03294     11.22362    170.80932
     -3.95015    164.78632      5.86838    158.91794
     -3.94015    145.81341      3.51507    142.29834
     -3.93015    109.34317      2.60550    106.73766
     -3.92015     70.79484      2.73704     68.05780
     -3.91015     89.98475      5.42507     84.55967
     -3.90015    134.83775      9.01383    125.82392
     -3.89015    174.54259     12.91549    161.62711
     -3.88015    130.64688     10.46747    120.17941
     -3.87015     40.16644      3.42316     36.74328
     -3.86015      4.65418      0.41847      4.23570
     -3.85015      0.39071      0.02317      0.36754
     -3.84015      4.09103      0.11749      3.97354
     -3.83015     35.16136      1.41340     33.74796
     -3.82015    129.79146      7.39439    122.39707
     -3.81015    215.94258     15.91789    200.02470
     -3.80015    159.50385     13.43755    146.06630
     -3.79015     50.43300      4.34606     46.08693
     -3.78015     22.54611      0.83756     21.70854
     -3.77015     82.09818      1.57598     80.52220
     -3.76015    170.25516      3.28419    166.97097
     -3.75015    203.72499      4.90922    198.81577
     -3.74015    248.91332     10.05812    238.85520
     -3.73015    274.81250     14.92638    259.88613
     -3.72015    201.71199     11.48015    190.23184
     -3.71015    141.36678      7.29195    134.07483
     -3.70015    150.39820      5.37577    145.02243
     -3.69015    177.65216      4.13700    173.51516
     -3.68015    146.08037      3.15352    142.92685
     -3.67015    138.54283      5.04734    133.49548
     -3.66015    184.39594     11.25167    173.14427
     -3.65015    182.31966     12.41988    169.89978
     -3.64015    126.34517      6.30981    120.03536
     -3.63015    121.39629      3.91126    117.48504
     -3.62015    133.77204      5.32068    128.45137
     -3.61015    142.27412      5.49641    136.77771
     -3.60015    187.56326      5.77076    181.79250
     -3.59015    237.92819     10.21757    227.71062
     -3.58015    210.85177     13.43498    197.41679
     -3.57015    100.05382      7.76973     92.28408
     -3.56015     34.96939      2.04634     32.92305
     -3.55015     77.13680      1.89629     75.24052
     -3.54015    176.78976      4.81596    171.97380
     -3.53015    234.82577      8.09155    226.73423
     -3.52015    224.58763     10.93362    213.65401
     -3.51015    191.61284     13.47732    178.13552
     -3.50015    149.08713     10.03019    139.05693
     -3.49015     97.84392      4.00188     93.84204
     -3.48015     62.36758      1.46127     60.90631
     -3.47015     81.42592      1.66067     79.76525
     -3.46015    104.39707      3.32531    101.07176
     -3.45015    190.39663     10.06354    180.33309
     -3.44015    310.05886     17.75034    292.30852
     -3.43015    256.03709     13.24781    242.78928
     -3.42015    142.41846      5.01989    137.39856
     -3.41015     67.42523      1.57374     65.85148
     -3.40015     23.25621      0.58094     22.67527
     -3.39015     49.95224      2.30159     47.65064
     -3.38015    173.00586      9.56640    163.43946
     -3.37015    320.66002     17.51644    303.14358
     -3.36015    301.78642     14.10182    287.68460
     -3.35015    133.28807      5.10635    128.18172
     -3.34015     58.09333      1.54381     56.54952
     -3.33015     81.57399      2.09222     79.48177
     -3.32015     86.75735      4.45960     82.29775
     -3.31015    119.04106     10.34691    108.69415
     -3.30015    209.73037     13.59390    196.13648
     -3.29015    255.34609     10.60116    244.74493
     -3.28015    183.31546      6.01703    177.29843
     -3.27015    124.02699      3.27359    120.75340
     -3.26015    141.87950      4.42954    137.44996
     -3.25015    161.50849      9.35328    152.15521
     -3.24015    136.48063     12.17739    124.30324
     -3.23015    113.09231      8.30537    104.78693
     -3.22015    195.82777      7.07909    188.74868
     -3.21015    234.31054      6.89874    227.41180
     -3.20015    156.24122      4.99027    151.25095
     -3.19015    150.81717      8.49334    142.32384
     -3.18015    174.76913     12.85938    161.90975
     -3.17015    149.04395      9.18321    139.86074
     -3.16015    111.62556      4.73697    106.88859
     -3.15015    124.20517      4.88387    119.32130
     -3.14015    181.62219      6.70124    174.92096
     -3.13015    228.99319     11.11484    217.87834
     -3.12015    201.06860     13.34645    187.72215
     -3.11015    183.84505      9.07575    174.76930
     -3.10015    200.49129      6.05040    194.44090
     -3.09015    195.62383      6.59017    189.03366
     -3.08015    195.58207      9.21450    186.36757
     -3.07015    180.72492     12.70680    168.01812
     -3.06015    174.70125     11.80760    162.89366
     -3.05015    196.26699      7.54227    188.72472
     -3.04015    326.14000      9.28144    316.85856
     -3.03015    374.05112     12.39174    361.65938
     -3.02015    236.50920     13.35239    223.15682
     -3.01015    119.82177     12.25253    107.56924
     -3.00015     56.25446      6.06840     50.18606
     -2.99015     68.88620      2.67083     66.21537
     -2.98015    147.86852      5.55405    142.31447
     -2.97015    181.46257     11.34503    170.11753
     -2.96015    133.12744     12.92412    120.20332
     -2.95015     56.21962      6.69897     49.52066
     -2.94015     27.73482      2.20874     25.52608
     -2.93015     90.83744      4.98548     85.85196
     -2.92015    215.60384     12.58869    203.01515
     -2.91015    258.12932     14.48246    243.64687
     -2.90015    164.01303      7.47920    156.53383
     -2.89015     82.19200      3.50844     78.68356
     -2.88015    111.76948      7.73492    104.03456
     -2.87015    145.95229     13.30221    132.65008
     -2.86015     90.88494      9.81125     81.07368
     -2.85015     49.57269      4.04790     45.52479
     -2.84015    119.54657      6.49401    113.05255
     -2.83015    230.74584     13.68448    217.06136
     -2.82015    232.28005     13.31523    218.96482
     -2.81015    165.76386      6.95166    158.81220
     -2.80015    142.57333      6.99713    135.57620
     -2.79015    145.98588     12.07442    133.91146
     -2.78015    113.98536     11.66587    102.31949
     -2.77015    103.26827      7.25961     96.00866
     -2.76015    166.17701      9.13051    157.04650
     -2.75015    215.16102     13.98655    201.17446
     -2.74015    202.40157     12.43412    189.96746
     -2.73015    201.11899      9.04722    192.07177
     -2.72015    200.51888     11.70530    188.81358
     -2.71015    184.40060     14.07637    170.32423
     -2.70015    144.54722     10.21829    134.32893
     -2.69015    169.04265     11.56818    157.47448
     -2.68015    252.11973     16.15257    235.96716
     -2.67015    248.10526     13.71101    234.39425
     -2.66015    250.04275     14.59067    235.45209
     -2.65015    319.37874     18.17618    301.20256
     -2.64015    330.54425     16.87242    313.67182
     -2.63015    259.51939     16.65651    242.86288
     -2.62015    161.00322     14.07869    146.92454
     -2.61015    139.50031     12.51346    126.98684
     -2.60015    175.70718     14.40426    161.30292
     -2.59015    152.28370     13.97413    138.30957
     -2.58015    151.09008     15.01980    136.07028
     -2.57015    189.84452     16.26093    173.58359
     -2.56015    191.20378     18.00806    173.19572
     -2.55015    170.21205     20.27388    149.93817
     -2.54015    207.46311     24.79331    182.66979
     -2.53015    274.65614     28.94945    245.70670
     -2.52015    242.46639     24.33260    218.13379
     -2.51015    133.68338     11.53135    122.15202
     -2.50015     94.07802      3.17174     90.90628
     -2.49015     68.48779      0.93463     67.55316
     -2.48015     32.03031      0.39065     31.63966
     -2.47015     70.39224      1.02808     69.36417
     -2.46015    199.48285      2.97852    196.50434
     -2.45015    278.41313      4.11739    274.29574
     -2.44015    188.09243      2.70683    185.38560
     -2.43015     91.16910      1.24422     89.92487
     -2.42015    131.09488      1.72462    129.37027
     -2.41015    154.53169      2.05044    152.48126
     -2.40015     88.26076      1.26702     86.99374
     -2.39015     89.61572      1.52077     88.09494
     -2.38015    155.32468      2.51664    152.80804
     -2.37015    192.29471      2.97366    189.32104
     -2.36015    187.30127      3.63986    183.66141
     -2.35015    190.15078      5.04715    185.10363
     -2.34015    150.06598      4.15391    145.91207
     -2.33015    142.66553      2.78345    139.88208
     -2.32015    230.58469      3.65969    226.92500
     -2.31015    187.40376      2.93548    184.46828
     -2.30015     62.51673      1.02858     61.48815
     -2.29015     68.59922      1.83087     66.76835
     -2.28015    360.02289     10.35767    349.66521
     -2.27015    930.00580     27.25900    902.74680
     -2.26015   1231.66944     35.88457   1195.78487
     -2.25015   1011.75266     28.97270    982.77997
     -2.24015    635.44806     18.34042    617.10764
     -2.23015    429.41658     12.19797    417.21861
     -2.22015    460.99378     12.36279    448.63099
     -2.21015    490.31852     12.98296    477.33557
     -2.20015    394.59994     10.10459    384.49535
     -2.19015    392.72163      9.84464    382.87699
     -2.18015    501.03908     13.29150    487.74759
     -2.17015    471.54730     12.54278    459.00452
     -2.16015    292.69350      7.11617    285.57733
     -2.15015    145.19416      2.93667    142.25749
     -2.14015     97.20832      1.47024     95.73809
     -2.13015     66.52729      0.90476     65.62253
     -2.12015     24.06006      0.32253     23.73753
     -2.11015     32.96898      0.44016     32.52882
     -2.10015    105.47830      1.42666    104.05164
     -2.09015    149.25709      2.05199    147.20509
     -2.08015     87.85843      1.22696     86.63147
     -2.07015     21.82393      0.30904     21.51489
     -2.06015     11.22982      0.16647     11.06335
     -2.05015     48.20434      0.71191     47.49244
     -2.04015    107.66549      1.53283    106.13267
     -2.03015    125.06525      1.66207    123.40319
     -2.02015     81.88279      1.02659     80.85620
     -2.01015     37.14240      0.51480     36.62760
     -2.00015     92.96413      1.69436     91.26977
     -1.99015    316.60482      6.20926    310.39555
     -1.98015    605.24277     12.29736    592.94541
     -1.97015    748.50315     15.13258    733.37057
     -1.96015    714.38133     14.00611    700.37522
     -1.95015    552.70972     10.67583    542.03389
     -1.94015    428.16650      8.24745    419.91905
     -1.93015    477.29099      9.22294    468.06805
     -1.92015    585.73435     11.40270    574.33165
     -1.91015    541.36725     10.43497    530.93228
     -1.90015    503.21492      9.20626    494.00867
     -1.89015    589.70500     10.35297    579.35203
     -1.88015    542.35372      9.59925    532.75446
     -1.87015    339.39271      6.18362    333.20909
     -1.86015    240.06627      4.43278    235.63349
     -1.85015    216.37799      3.82516    212.55283
     -1.84015    179.41508      2.73938    176.67569
     -1.83015    174.07109      2.31829    171.75280
     -1.82015    151.90067      2.09909    149.80158
     -1.81015    113.56703      1.68971    111.87732
     -1.80015     64.68408      0.97610     63.70799
     -1.79015     47.21180      0.60864     46.60316
     -1.78015    108.09868      1.30907    106.78961
     -1.77015    147.71799      1.84842    145.86957
     -1.76015     86.44743      1.11899     85.32843
     -1.75015     21.85889      0.28839     21.57050
     -1.74015     13.89776      0.16469     13.73307
     -1.73015     60.91044      0.71674     60.19371
     -1.72015    131.85077      1.59334    130.25742
     -1.71015    129.55197      1.61367    127.93830
     -1.70015     71.25789      0.88862     70.36927
     -1.69015     72.16355      0.83741     71.32614
     -1.68015    113.35479      1.29881    112.05598
     -1.67015    142.18439      1.66235    140.52203
     -1.66015    146.92557      1.77244    145.15313
     -1.65015     90.28952      1.11653     89.17299
     -1.64015     28.33728      0.35236     27.98491
     -1.63015     32.68381      0.37795     32.30586
     -1.62015    129.82684      1.49964    128.32720
     -1.61015    224.97783      2.63053    222.34730
     -1.60015    159.73956      1.89723    157.84233
     -1.59015     47.77605      0.57645     47.19960
     -1.58015     15.96060      0.19046     15.77013
     -1.57015     65.68638      0.77108     64.91530
     -1.56015    161.44287      1.88839    159.55448
     -1.55015    178.36683      2.07561    176.29122
     -1.54015    123.80703      1.43727    122.36976
     -1.53015     77.83713      0.94192     76.89521
     -1.52015     88.91882      1.13677     87.78205
     -1.51015    115.78370      1.38587    114.39783
     -1.50015    111.20957      1.19634    110.01323
     -1.49015     95.94886      1.09825     94.85060
     -1.48015    133.19799      1.72544    131.47255
     -1.47015    150.24504      1.92608    148.31896
     -1.46015     89.08959      1.05171     88.03789
     -1.45015     84.27135      0.84132     83.43004
     -1.44015    134.16705      1.47833    132.68871
     -1.43015    120.46971      1.53713    118.93259
     -1.42015     59.65397      0.81186     58.84210
     -1.41015     60.97916      0.69264     60.28653
     -1.40015    122.11912      1.20684    120.91228
     -1.39015    132.09165      1.13713    130.95451
     -1.38015     68.50693      0.52104     67.98589
     -1.37015     27.16143      0.22475     26.93668
     -1.36015     71.12397      0.66251     70.46145
     -1.35015    164.86607      1.48664    163.37943
     -1.34015    218.27037      2.12603    216.14435
     -1.33015    279.71027      3.18582    276.52445
     -1.32015    275.20979      3.19381    272.01598
     -1.31015    149.02047      1.57431    147.44617
     -1.30015     86.93589      0.91830     86.01759
     -1.29015    166.22791      2.05542    164.17249
     -1.28015    230.68763      3.08104    227.60659
     -1.27015    197.36372      2.45871    194.90501
     -1.26015    185.17859      1.74594    183.43265
     -1.25015    148.24814      1.31768    146.93046
     -1.24015    135.52858      1.52526    134.00332
     -1.23015    164.51619      1.93963    162.57657
     -1.22015    109.62095      1.12694    108.49401
     -1.21015     85.65889      0.51464     85.14425
     -1.20015    139.57534      1.11737    138.45796
     -1.19015    184.59895      2.36962    182.22933
     -1.18015    141.31643      2.24178    139.07466
     -1.17015     48.33643      0.84017     47.49626
     -1.16015     11.44482      0.22314     11.22169
     -1.15015     32.62869      0.68244     31.94626
     -1.14015     82.15339      1.66084     80.49255
     -1.13015    104.22534      1.81116    102.41418
     -1.12015     99.73167      1.33325     98.39843
     -1.11015     68.97710      0.89262     68.08448
     -1.10015     59.99199      1.12413     58.86786
     -1.09015     81.07311      1.71433     79.35878
     -1.08015     53.17153      1.12719     52.04434
     -1.07015     23.28383      0.40561     22.87823
     -1.06015     61.15245      0.85920     60.29326
     -1.05015    137.77134      2.14228    135.62906
     -1.04015    130.86075      2.27206    128.58869
     -1.03015     51.57808      0.97815     50.59993
     -1.02015     11.86880      0.24439     11.62441
     -1.01015     28.35718      0.60528     27.75190
     -1.00015     83.91663      1.69102     82.22561
     -0.99015    122.24090      2.09612    120.14478
     -0.98015    105.18783      1.43292    103.75491
     -0.97015     55.71301      0.73757     54.97543
     -0.96015     51.05371      1.02419     50.02952
     -0.95015     79.83920      1.74946     78.08974
     -0.94015     57.44743      1.23789     56.20954
     -0.93015     36.41452      0.57155     35.84297
     -0.92015     83.08045      1.10744     81.97301
     -0.91015    134.83637      2.14253    132.69384
     -0.90015    109.41068      2.06899    107.34169
     -0.89015     42.22410      0.88209     41.34202
     -0.88015     12.29106      0.26690     12.02416
     -0.87015     38.95545      0.80362     38.15183
     -0.86015    110.87144      2.07043    108.80101
     -0.85015    141.15653      2.26156    138.89497
     -0.84015     82.58232      1.13184     81.45048
     -0.83015     33.89695      0.55305     33.34390
     -0.82015     56.34306      1.25547     55.08759
     -0.81015     80.99433      1.81749     79.17684
     -0.80015     59.40560      1.14556     58.26004
     -0.79015     72.47356      0.92050     71.55306
     -0.78015    109.71885      1.54564    108.17321
     -0.77015    112.16876      2.10520    110.06356
     -0.76015     72.02914      1.56997     70.45916
     -0.75015     23.62755      0.52985     23.09770
     -0.74015     26.52339      0.50804     26.01535
     -0.73015    100.13685      1.77849     98.35836
     -0.72015    157.34074      2.62646    154.71428
     -0.71015     94.05102      1.47422     92.57681
     -0.70015     28.51870      0.48372     28.03499
     -0.69015     42.14183      0.96855     41.17328
     -0.68015     83.95581      1.90052     82.05529
     -0.67015     89.94337      1.66853     88.27485
     -0.66015     94.33881      1.19938     93.13943
     -0.65015     91.76171      1.30626     90.45545
     -0.64015     90.83402      1.88923     88.94479
     -0.63015     72.38912      1.68691     70.70221
     -0.62015     32.41650      0.69867     31.71783
     -0.61015     54.01790      0.83758     53.18032
     -0.60015    137.09876      2.22852    134.87024
     -0.59015    140.98455      2.47901    138.50553
     -0.58015     56.54431      1.07421     55.47010
     -0.57015     22.57199      0.50696     22.06504
     -0.56015     62.84871      1.41588     61.43283
     -0.55015    120.44038      2.32973    118.11064
     -0.54015    122.28421      1.81599    120.46821
     -0.53015     75.91805      1.03403     74.88402
     -0.52015     66.13596      1.41840     64.71756
     -0.51015     83.05767      2.00632     81.05135
     -0.50015     65.02761      1.33074     63.69687
     -0.49015     83.76411      1.13087     82.63325
     -0.48015    129.66659      2.04763    127.61896
     -0.47015    114.86594      2.33094    112.53500
     -0.46015     52.96615      1.22509     51.74106
     -0.45015     35.60987      0.73239     34.87748
     -0.44015    105.72257      1.92726    103.79531
     -0.43015    158.07867      2.72569    155.35298
     -0.42015     91.57218      1.52005     90.05213
     -0.41015     42.86015      0.90202     41.95813
     -0.40015     79.49325      1.87462     77.61863
     -0.39015    119.28525      2.30194    116.98331
     -0.38015    115.06130      1.62684    113.43446
     -0.37015     93.16716      1.56853     91.59863
     -0.36015     92.09539      2.18394     89.91145
     -0.35015     79.18872      1.74971     77.43901
     -0.34015     95.37186      1.43462     93.93724
     -0.33015    139.97456      2.35063    137.62393
     -0.32015    113.74591      2.38475    111.36116
     -0.31015     59.94341      1.31703     58.62637
     -0.30015     96.07106      1.73484     94.33622
     -0.29015    159.82003      2.84546    156.97456
     -0.28015    110.16485      2.02541    108.13944
     -0.27015     69.61862      1.46154     68.15708
     -0.26015    128.24503      2.54317    125.70186
     -0.25015    148.17769      2.53770    145.63999
     -0.24015    100.44513      1.79826     98.64686
     -0.23015    114.68213      2.44140    112.24073
     -0.22015    145.79683      2.61247    143.18436
     -0.21015    128.67044      2.16698    126.50346
     -0.20015    132.01111      2.67232    129.33879
     -0.19015    149.69269      2.66908    147.02360
     -0.18015    147.14890      2.51854    144.63036
     -0.17015    162.97402      3.03427    159.93976
     -0.16015    172.14567      2.85843    169.28724
     -0.15015    192.22998      3.16779    189.06219
     -0.14015    219.75587      3.50699    216.24888
     -0.13015    199.31613      3.24403    196.07210
     -0.12015    148.91422      3.11990    145.79432
     -0.11015    100.55899      2.68714     97.87185
     -0.10015     97.90397      2.85575     95.04822
     -0.09015     98.29643      2.89323     95.40320
     -0.08015    104.64674      3.08576    101.56098
     -0.07015    108.93090      3.21400    105.71690
     -0.06015    116.01845      3.42264    112.59581
     -0.05015    122.99266      3.62373    119.36893
     -0.04015    132.35664      3.88979    128.46685
     -0.03015    141.33304      4.13702    137.19602
     -0.02015    141.76960      4.12734    137.64226
     -0.01015    128.20549      3.70237    124.50312
     -0.00015    103.58892      2.96768    100.62123
      0.00985     51.95060      1.48346     50.46714
      0.01985     11.24886      0.32096     10.92790
      0.02985      0.92856      0.02649      0.90207
      0.03985      0.02839      0.00081      0.02758
      0.04985      0.00032      0.00001      0.00031
      0.05985      0.00000      0.00000      0.00000
      0.06985      0.00000      0.00000      0.00000
      0.07985      0.00000      0.00000      0.00000
      0.08985      0.00000      0.00000      0.00000
      0.09985      0.00000      0.00000      0.00000
      0.10985      0.00000      0.00000      0.00000
      0.11985      0.00000      0.00000      0.00000
      0.12985      0.00000      0.00000      0.00000
      0.13985      0.00000      0.00000      0.00000
      0.14985      0.00000      0.00000      0.00000
      0.15985      0.00000      0.00000      0.00000
      0.16985      0.00000      0.00000      0.00000
      0.17985      0.00000      0.00000      0.00000
      0.18985      0.00000      0.00000      0.00000
      0.19985      0.00000      0.00000      0.00000
      0.20985      0.00000      0.00000      0.00000
      0.21985      0.00000      0.00000      0.00000
      0.22985      0.00000      0.00000      0.00000
      0.23985      0.00000      0.00000      0.00000
      0.24985      0.00000      0.00000      0.00000
      0.25985      0.00000      0.00000      0.00000
      0.26985      0.00000      0.00000      0.00000
      0.27985      0.00000      0.00000      0.00000
      0.28985      0.00000      0.00000      0.00000
      0.29985      0.00000      0.00000      0.00000
      0.30985      0.00000      0.00000      0.00000
      0.31985      0.00000      0.00000      0.00000
      0.32985      0.00000      0.00000      0.00000
      0.33985      0.00000      0.00000      0.00000
      0.34985      0.00000      0.00000      0.00000
      0.35985      0.00000      0.00000      0.00000
      0.36985      0.00000      0.00000      0.00000
      0.37985      0.00000      0.00000      0.00000
      0.38985      0.00000      0.00000      0.00000
      0.39985      0.00000      0.00000      0.00000
      0.40985      0.00000      0.00000      0.00000
      0.41985      0.00000      0.00000      0.00000
      0.42985      0.00000      0.00000      0.00000
      0.43985      0.00000      0.00000      0.00000
      0.44985      0.00000      0.00000      0.00000
      0.45985      0.00000      0.00000      0.00000
      0.46985      0.00000      0.00000      0.00000
      0.47985      0.00000      0.00000      0.00000
      0.48985      0.00000      0.00000      0.00000
      0.49985      0.00000      0.00000      0.00000
      0.50985      0.00000      0.00000      0.00000
      0.51985      0.00000      0.00000      0.00000
      0.52985      0.00000      0.00000      0.00000
      0.53985      0.00000      0.00000      0.00000
      0.54985      0.00000      0.00000      0.00000
      0.55985      0.00000      0.00000      0.00000
      0.56985      0.00000      0.00000      0.00000
      0.57985      0.00000      0.00000      0.00000
      0.58985      0.00000      0.00000      0.00000
      0.59985      0.00000      0.00000      0.00000
      0.60985      0.00000      0.00000      0.00000
      0.61985      0.00000      0.00000      0.00000
      0.62985      0.00000      0.00000      0.00000
      0.63985      0.00000      0.00000      0.00000
      0.64985      0.00000      0.00000      0.00000
      0.65985      0.00000      0.00000      0.00000
      0.66985      0.00000      0.00000      0.00000
      0.67985      0.00000      0.00000      0.00000
      0.68985      0.00000      0.00000      0.00000
      0.69985      0.00000      0.00000      0.00000
      0.70985      0.00000      0.00000      0.00000
      0.71985      0.00000      0.00000      0.00000
      0.72985      0.00000      0.00000      0.00000
      0.73985      0.00000      0.00000      0.00000
      0.74985      0.00000      0.00000      0.00000
      0.75985      0.00000      0.00000      0.00000
      0.76985      0.00000      0.00000      0.00000
      0.77985      0.00000      0.00000      0.00000
      0.78985      0.00000      0.00000      0.00000
      0.79985      0.00000      0.00000      0.00000
      0.80985      0.00000      0.00000      0.00000
      0.81985      0.00000      0.00000      0.00000
      0.82985      0.00000      0.00000      0.00000
      0.83985      0.00000      0.00000      0.00000
      0.84985      0.00000      0.00000      0.00000
      0.85985      0.00000      0.00000      0.00000
      0.86985      0.00000      0.00000      0.00000
      0.87985      0.00000      0.00000      0.00000
      0.88985      0.00000      0.00000      0.00000
      0.89985      0.00000      0.00000      0.00000
      0.90985      0.00000      0.00000      0.00000
      0.91985      0.00000      0.00000      0.00000
      0.92985      0.00000      0.00000      0.00000
      0.93985      0.00000      0.00000      0.00000
      0.94985      0.00000      0.00000      0.00000
      0.95985      0.00000      0.00000      0.00000
      0.96985      0.00000      0.00000      0.00000
      0.97985      0.00000      0.00000      0.00000
      0.98985      0.00000      0.00000      0.00000
      0.99985      0.00000      0.00000      0.00000
      1.00985      0.00000      0.00000      0.00000
      1.01985      0.00000      0.00000      0.00000
      1.02985      0.00000      0.00000      0.00000
      1.03985      0.00000      0.00000      0.00000
      1.04985      0.00000      0.00000      0.00000
      1.05985      0.00000      0.00000      0.00000
      1.06985      0.00000      0.00000      0.00000
      1.07985      0.00000      0.00000      0.00000
      1.08985      0.00000      0.00000      0.00000
      1.09985      0.00000      0.00000      0.00000
      1.10985      0.00000      0.00000      0.00000
      1.11985      0.00000      0.00000      0.00000
      1.12985      0.00000      0.00000      0.00000
      1.13985      0.00000      0.00000      0.00000
      1.14985      0.00000      0.00000      0.00000
      1.15985      0.00000      0.00000      0.00000
      1.16985      0.00000      0.00000      0.00000
      1.17985      0.00000      0.00000      0.00000
      1.18985      0.00000      0.00000      0.00000
      1.19985      0.00000      0.00000      0.00000
      1.20985      0.00000      0.00000      0.00000
      1.21985      0.00000      0.00000      0.00000
      1.22985      0.00000      0.00000      0.00000
      1.23985      0.00000      0.00000      0.00000
      1.24985      0.00000      0.00000      0.00000
      1.25985      0.00000      0.00000      0.00000
      1.26985      0.00000      0.00000      0.00000
      1.27985      0.00000      0.00000      0.00000
      1.28985      0.00000      0.00000      0.00000
      1.29985      0.00000      0.00000      0.00000
      1.30985      0.00000      0.00000      0.00000
      1.31985      0.00000      0.00000      0.00000
      1.32985      0.00000      0.00000      0.00000
      1.33985      0.00000      0.00000      0.00000
      1.34985      0.00000      0.00000      0.00000
      1.35985      0.00000      0.00000      0.00000
      1.36985      0.00000      0.00000      0.00000
      1.37985      0.00000      0.00000      0.00000
      1.38985      0.00000      0.00000      0.00000
      1.39985      0.00000      0.00000      0.00000
      1.40985      0.00000      0.00000      0.00000
      1.41985      0.00000      0.00000      0.00000
      1.42985      0.00000      0.00000      0.00000
      1.43985      0.00000      0.00000      0.00000
      1.44985      0.00000      0.00000      0.00000
      1.45985      0.00000      0.00000      0.00000
      1.46985      0.00000      0.00000      0.00000
      1.47985      0.00000      0.00000      0.00000
      1.48985      0.00000      0.00000      0.00000
      1.49985      0.00000      0.00000      0.00000
      1.50985      0.00000      0.00000      0.00000
      1.51985      0.00000      0.00000      0.00000
      1.52985      0.00000      0.00000      0.00000
      1.53985      0.00000      0.00000      0.00000
      1.54985      0.00000      0.00000      0.00000
      1.55985      0.00000      0.00000      0.00000
      1.56985      0.00000      0.00000      0.00000
      1.57985      0.00000      0.00000      0.00000
      1.58985      0.00000      0.00000      0.00000
      1.59985      0.00000      0.00000      0.00000
      1.60985      0.00000      0.00000      0.00000
      1.61985      0.00000      0.00000      0.00000
      1.62985      0.00000      0.00000      0.00000
      1.63985      0.00000      0.00000      0.00000
      1.64985      0.00000      0.00000      0.00000
      1.65985      0.00000      0.00000      0.00000
      1.66985      0.00000      0.00000      0.00000
      1.67985      0.00000      0.00000      0.00000
      1.68985      0.00000      0.00000      0.00000
      1.69985      0.00000      0.00000      0.00000
      1.70985      0.00000      0.00000      0.00000
      1.71985      0.00000      0.00000      0.00000
      1.72985      0.00000      0.00000      0.00000
      1.73985      0.00000      0.00000      0.00000
      1.74985      0.00000      0.00000      0.00000
      1.75985      0.00000      0.00000      0.00000
      1.76985      0.00000      0.00000      0.00000
      1.77985      0.00000      0.00000      0.00000
      1.78985      0.00000      0.00000      0.00000
      1.79985      0.00000      0.00000      0.00000
      1.80985      0.00000      0.00000      0.00000
      1.81985      0.00000      0.00000      0.00000
      1.82985      0.00000      0.00000      0.00000
      1.83985      0.00000      0.00000      0.00000
      1.84985      0.00000      0.00000      0.00000
      1.85985      0.00000      0.00000      0.00000
      1.86985      0.00000      0.00000      0.00000
      1.87985      0.00000      0.00000      0.00000
      1.88985      0.00000      0.00000      0.00000
      1.89985      0.00000      0.00000      0.00000
      1.90985      0.00000      0.00000      0.00000
      1.91985      0.00000      0.00000      0.00000
      1.92985      0.00000      0.00000      0.00000
      1.93985      0.00000      0.00000      0.00000
      1.94985      0.00000      0.00000      0.00000
      1.95985      0.00000      0.00000      0.00000
      1.96985      0.00000      0.00000      0.00000
      1.97985      0.00000      0.00000      0.00000
      1.98985      0.00000      0.00000      0.00000
      1.99985      0.00000      0.00000      0.00000
      2.00985      0.00000      0.00000      0.00000
      2.01985      0.00000      0.00000      0.00000
      2.02985      0.00000      0.00000      0.00000
      2.03985      0.00000      0.00000      0.00000
      2.04985      0.00000      0.00000      0.00000
      2.05985      0.00000      0.00000      0.00000
      2.06985      0.00000      0.00000      0.00000
      2.07985      0.00000      0.00000      0.00000
      2.08985      0.00000      0.00000      0.00000
      2.09985      0.00000      0.00000      0.00000
      2.10985      0.00000      0.00000      0.00000
      2.11985      0.00000      0.00000      0.00000
      2.12985      0.00000      0.00000      0.00000
      2.13985      0.00000      0.00000      0.00000
      2.14985      0.00000      0.00000      0.00000
      2.15985      0.00000      0.00000      0.00000
      2.16985      0.00000      0.00000      0.00000
      2.17985      0.00000      0.00000      0.00000
      2.18985      0.00000      0.00000      0.00000
      2.19985      0.00000      0.00000      0.00000
      2.20985      0.00000      0.00000      0.00000
      2.21985      0.00000      0.00000      0.00000
      2.22985      0.00000      0.00000      0.00000
      2.23985      0.00000      0.00000      0.00000
      2.24985      0.00000      0.00000      0.00000
      2.25985      0.00000      0.00000      0.00000
      2.26985      0.00000      0.00000      0.00000
      2.27985      0.00000      0.00000      0.00000
      2.28985      0.00000      0.00000      0.00000
      2.29985      0.00000      0.00000      0.00000
      2.30985      0.00000      0.00000      0.00000
      2.31985      0.00000      0.00000      0.00000
      2.32985      0.00000      0.00000      0.00000
      2.33985      0.00000      0.00000      0.00000
      2.34985      0.00000      0.00000      0.00000
      2.35985      0.00000      0.00000      0.00000
      2.36985      0.00000      0.00000      0.00000
      2.37985      0.00000      0.00000      0.00000
      2.38985      0.00000      0.00000      0.00000
      2.39985      0.00000      0.00000      0.00000
      2.40985      0.00000      0.00000      0.00000
      2.41985      0.00000      0.00000      0.00000
      2.42985      0.00000      0.00000      0.00000
      2.43985      0.00000      0.00000      0.00000
      2.44985      0.00000      0.00000      0.00000
      2.45985      0.00000      0.00000      0.00000
      2.46985      0.00000      0.00000      0.00000
      2.47985      0.00000      0.00000      0.00000
      2.48985      0.00000      0.00000      0.00000
      2.49985      0.00000      0.00000      0.00000
      2.50985      0.00000      0.00000      0.00000
      2.51985      0.00000      0.00000      0.00000
      2.52985      0.00000      0.00000      0.00000
      2.53985      0.00000      0.00000      0.00000
      2.54985      0.00000      0.00000      0.00000
      2.55985      0.00000      0.00000      0.00000
      2.56985      0.00000      0.00000      0.00000
      2.57985      0.00000      0.00000      0.00000
      2.58985      0.00000      0.00000      0.00000
      2.59985      0.00000      0.00000      0.00000
      2.60985      0.00000      0.00000      0.00000
      2.61985      0.00000      0.00000      0.00000
      2.62985      0.00000      0.00000      0.00000
      2.63985      0.00000      0.00000      0.00000
      2.64985      0.00000      0.00000      0.00000
      2.65985      0.00000      0.00000      0.00000
      2.66985      0.00000      0.00000      0.00000
      2.67985      0.00000      0.00000      0.00000
      2.68985      0.00000      0.00000      0.00000
      2.69985      0.00000      0.00000      0.00000
      2.70985      0.00000      0.00000      0.00000
      2.71985      0.00000      0.00000      0.00000
      2.72985      0.00000      0.00000      0.00000
      2.73985      0.00000      0.00000      0.00000
      2.74985      0.00000      0.00000      0.00000
      2.75985      0.00000      0.00000      0.00000
      2.76985      0.00000      0.00000      0.00000
      2.77985      0.00000      0.00000      0.00000
      2.78985      0.00000      0.00000      0.00000
      2.79985      0.00000      0.00000      0.00000
      2.80985      0.00000      0.00000      0.00000
      2.81985      0.00000      0.00000      0.00000
      2.82985      0.00000      0.00000      0.00000
      2.83985      0.00000      0.00000      0.00000
      2.84985      0.00000      0.00000      0.00000
      2.85985      0.00000      0.00000      0.00000
      2.86985      0.00000      0.00000      0.00000
      2.87985      0.00000      0.00000      0.00000
      2.88985      0.00000      0.00000      0.00000
      2.89985      0.00000      0.00000      0.00000
      2.90985      0.00000      0.00000      0.00000
      2.91985      0.00000      0.00000      0.00000
      2.92985      0.00000      0.00000      0.00000
      2.93985      0.00000      0.00000      0.00000
      2.94985      0.00000      0.00000      0.00000
      2.95985      0.00000      0.00000      0.00000
      2.96985      0.00000      0.00000      0.00000
      2.97985      0.00000      0.00000      0.00000
      2.98985      0.00000      0.00000      0.00000
      2.99985      0.00000      0.00000      0.00000
      3.00985      0.00000      0.00000      0.00000
      3.01985      0.00000      0.00000      0.00000
      3.02985      0.00000      0.00000      0.00000
      3.03985      0.00000      0.00000      0.00000
      3.04985      0.00000      0.00000      0.00000
      3.05985      0.00000      0.00000      0.00000
      3.06985      0.00000      0.00000      0.00000
      3.07985      0.00000      0.00000      0.00000
      3.08985      0.00000      0.00000      0.00000
      3.09985      0.00000      0.00000      0.00000
      3.10985      0.00000      0.00000      0.00000
      3.11985      0.00000      0.00000      0.00000
      3.12985      0.00000      0.00000      0.00000
      3.13985      0.00000      0.00000      0.00000
      3.14985      0.00000      0.00000      0.00000
      3.15985      0.00000      0.00000      0.00000
      3.16985      0.00000      0.00000      0.00000
      3.17985      0.00000      0.00000      0.00000
      3.18985      0.00000      0.00000      0.00000
      3.19985      0.00000      0.00000      0.00000
      3.20985      0.00000      0.00000      0.00000
      3.21985      0.00000      0.00000      0.00000
      3.22985      0.00000      0.00000      0.00000
      3.23985      0.00000      0.00000      0.00000
      3.24985      0.00000      0.00000      0.00000
      3.25985      0.00000      0.00000      0.00000
      3.26985      0.00000      0.00000      0.00000
      3.27985      0.00000      0.00000      0.00000
      3.28985      0.00000      0.00000      0.00000
      3.29985      0.00000      0.00000      0.00000
      3.30985      0.02441      0.00026      0.02414
      3.31985      0.89618      0.00972      0.88647
      3.32985     12.65833      0.13767     12.52066
      3.33985     71.47423      0.78199     70.69224
      3.34985    174.55351      1.93325    172.62026
      3.35985    218.73006      2.48509    216.24497
      3.36985    191.63198      2.27802    189.35396
      3.37985    160.40831      2.01880    158.38951
      3.38985    141.60138      1.88590    139.71548
      3.39985    129.79598      1.82572    127.97027
      3.40985    120.71762      1.78885    118.92878
      3.41985    114.77442      1.78868    112.98574
      3.42985    108.13636      1.76979    106.36658
      3.43985    106.72825      1.82958    104.89867
      3.44985    114.33421      2.04969    112.28452
      3.45985    164.05228      3.01287    161.03941
      3.46985    216.19430      4.01407    212.18022
      3.47985    226.60030      4.28785    222.31244
      3.48985    196.01092      3.79255    192.21836
      3.49985    186.52770      3.72555    182.80215
      3.50985    159.92457      3.28032    156.64425
      3.51985    164.27963      3.44690    160.83272
      3.52985    159.83463      3.44267    156.39196
      3.53985    125.43168      2.81086    122.62082
      3.54985    160.28651      3.61891    156.66760
      3.55985    145.36764      3.30567    142.06197
      3.56985    110.35423      2.73021    107.62402
      3.57985    138.64177      3.40966    135.23211
      3.58985    145.46672      3.42807    142.03865
      3.59985    124.38813      3.23101    121.15712
      3.60985    101.88607      2.82898     99.05709
      3.61985    118.96032      3.06242    115.89789
      3.62985    159.36048      4.15544    155.20504
      3.63985    110.78185      3.09199    107.68987
      3.64985     76.45058      2.36978     74.08080
      3.65985    126.03400      3.72598    122.30802
      3.66985    144.11590      3.86639    140.24951
      3.67985    112.54452      3.23720    109.30731
      3.68985     96.73349      3.32680     93.40669
      3.69985     80.73681      2.69238     78.04443
      3.70985    119.81781      3.53615    116.28166
      3.71985    157.96540      4.79191    153.17349
      3.72985     94.77697      3.10067     91.67630
      3.73985     63.39897      2.44944     60.94953
      3.74985    101.58446      3.82092     97.76354
      3.75985    125.07974      3.92772    121.15202
      3.76985    126.35605      3.84380    122.51225
      3.77985    111.52575      4.20044    107.32531
      3.78985     69.89770      2.96358     66.93412
      3.79985     60.98982      2.46962     58.52019
      3.80985    130.15454      4.75032    125.40422
      3.81985    147.97122      4.97671    142.99451
      3.82985     86.58462      3.05852     83.52611
      3.83985     78.23909      3.62171     74.61738
      3.84985     80.31151      3.82853     76.48298
      3.85985     75.06810      2.92403     72.14407
      3.86985    134.34981      4.81005    129.53977
      3.87985    145.36041      5.64893    139.71148
      3.88985     70.45066      3.06397     67.38669
      3.89985     52.21225      2.73414     49.47811
      3.90985     88.21646      4.55682     83.65964
      3.91985    101.98695      4.26092     97.72603
      3.92985    119.78752      4.16291    115.62461
      3.93985    126.03324      5.40518    120.62806
      3.94985     85.11783      4.42781     80.69003
      3.95985     41.25773      2.33715     38.92058
      3.96985     66.76026      3.67014     63.09012
      3.97985    124.14420      5.87268    118.27151
      3.98985    127.73094      4.85775    122.87319
      3.99985     94.69018      3.90942     90.78076
      4.00985     89.44171      5.10751     84.33420
      4.01985     66.07633      4.07664     61.99969
      4.02985     41.78956      2.41689     39.37267
      4.03985     97.37546      4.92671     92.44875
      4.04985    157.60329      8.91157    148.69172
      4.05985    133.77032     31.46879    102.30153
      4.06985    229.76852    158.75860     71.00992
      4.07985    494.54180    381.56051    112.98129
      4.08985    565.45516    453.96791    111.48725
      4.09985    494.99542    397.92493     97.07049
      4.10985    615.42085    447.08885    168.33201
      4.11985    754.08061    547.28923    206.79138
      4.12985    658.50551    527.75046    130.75505
      4.13985    540.57798    452.04063     88.53734
      4.14985    515.24606    402.13635    113.10972
      4.15985    483.03197    370.22052    112.81144
      4.16985    454.95042    345.94947    109.00095
      4.17985    487.27784    329.89586    157.38198
      4.18985    478.66070    316.00967    162.65103
      4.19985    396.26045    299.40922     96.85123
      4.20985    346.05497    285.19330     60.86167
      4.21985    365.68899    276.48923     89.19976
      4.22985    382.67892    268.01171    114.66721
      4.23985    376.26324    257.27190    118.99134
      4.24985    385.85758    249.45967    136.39791
      4.25985    377.52770    243.13459    134.39311
      4.26985    330.70916    234.74367     95.96549
      4.27985    279.51559    225.62878     53.88681
      4.28985    287.31933    219.77845     67.54088
      4.29985    333.26536    218.00683    115.25853
      4.30985    345.62457    210.91022    134.71435
      4.31985    326.83079    205.56290    121.26790
      4.32985    332.27604    198.70353    133.57251
      4.33985    420.63724    198.29168    222.34556
      4.34985    429.77960    191.90734    237.87226
      4.35985    374.10089    188.86291    185.23798
      4.36985    387.16039    184.38424    202.77615
      4.37985    433.86942    184.80599    249.06343
      4.38985    398.01557    178.99247    219.02311
      4.39985    325.56863    172.82085    152.74778
      4.40985    347.54041    175.07169    172.46872
      4.41985    316.52458    164.82964    151.69495
      4.42985    269.77549    170.33722     99.43827
      4.43985    298.80693    156.88906    141.91788
      4.44985    379.04388    169.49998    209.54390
      4.45985    341.03286    157.04079    183.99206
      4.46985    286.89795    156.53446    130.36349
      4.47985    296.87185    157.57828    139.29357
      4.48985    283.71896    147.75593    135.96303
      4.49985    246.16876    154.14916     92.01960
      4.50985    235.26509    144.14116     91.12394
      4.51985    321.38096    147.74997    173.63099
      4.52985    366.82779    151.06391    215.76388
      4.53985    278.02465    141.54136    136.48330
      4.54985    233.01925    140.84986     92.16940
      4.55985    373.25751    151.87725    221.38026
      4.56985    550.26943    160.37540    389.89403
      4.57985    535.28488    159.92399    375.36088
      4.58985    451.81991    159.30720    292.51270
      4.59985    464.14984    147.44766    316.70218
      4.60985    537.14350    150.65131    386.49219
      4.61985    493.16909    157.03589    336.13320
      4.62985    350.22028    133.37025    216.85002
      4.63985    316.78537    137.42781    179.35756
      4.64985    385.06167    151.55702    233.50465
      4.65985    422.26264    129.15064    293.11200
      4.66985    418.49941    135.99489    282.50452
      4.67985    391.81435    148.49653    243.31781
      4.68985    317.96144    117.80402    200.15742
      4.69985    335.04917    128.74691    206.30226
      4.70985    377.90517    150.82042    227.08475
      4.71985    332.02331    115.02430    216.99901
      4.72985    303.52669    116.04452    187.48216
      4.73985    345.11263    149.60372    195.50892
      4.74985    370.21152    120.66061    249.55092
      4.75985    343.97278    105.98940    237.98338
      4.76985    349.05510    145.28371    203.77139
      4.77985    314.94402    126.32463    188.61939
      4.78985    258.75876     91.16950    167.58926
      4.79985    311.35048    132.27560    179.07489
      4.80985    318.62200    142.46902    176.15298
      4.81985    277.06355     91.21217    185.85138
      4.82985    358.40200    108.74971    249.65229
      4.83985    361.52513    150.09649    211.42864
      4.84985    274.68845    108.74692    165.94153
      4.85985    253.47852     81.80025    171.67827
      4.86985    322.40620    135.19808    187.20812
      4.87985    319.01948    139.11041    179.90907
      4.88985    217.04244     78.42042    138.62202
      4.89985    241.55471     94.10798    147.44673
      4.90985    341.54549    149.24552    192.29997
      4.91985    366.04889    116.60715    249.44174
      4.92985    310.03506     72.34308    237.69198
      4.93985    268.78362    115.46733    153.31629
      4.94985    253.50085    145.33758    108.16327
      4.95985    169.89827     83.97356     85.92471
      4.96985    206.76291     67.76615    138.99676
      4.97985    354.51487    135.46512    219.04976
      4.98985    393.77956    142.94329    250.83627
      4.99985    290.50281     73.22379    217.27902
      5.00985    195.46376     69.62570    125.83806
      5.01985    258.69712    138.68587    120.01125
      5.02985    296.05518    132.21101    163.84417
      5.03985    179.72192     60.32111    119.40081
      5.04985    181.84125     71.33860    110.50265
      5.05985    320.52751    143.89946    176.62805
      5.06985    327.07221    125.69193    201.38028
      5.07985    272.56133     58.49453    214.06680
      5.08985    269.10497     74.62928    194.47569
      5.09985    264.00099    141.96132    122.03967
      5.10985    241.39119    123.84672    117.54447
      5.11985    201.86947     53.98139    147.88808
      5.12985    179.73280     61.85425    117.87856
      5.13985    243.87716    135.86614    108.01102
      5.14985    265.12273    131.43771    133.68502
      5.15985    209.87012     57.52095    152.34917
      5.16985    255.19861     56.36799    198.83062
      5.17985    357.35382    131.03677    226.31705
      5.18985    298.95774    141.69134    157.26640
      5.19985    165.11677     63.57950    101.53727
      5.20985    211.74956     43.61564    168.13392
      5.21985    390.30066    116.08965    274.21101
      5.22985    454.60882    161.94484    292.66398
      5.23985    320.31400     91.61509    228.69891
      5.24985    152.11285     34.11429    117.99856
      5.25985    110.86611     71.48710     39.37902
      5.26985    193.36971    143.04533     50.32437
      5.27985    234.27722    114.03788    120.23935
      5.28985    206.05300     45.15652    160.89648
      5.29985    196.11741     50.92339    145.19402
      5.30985    294.66728    127.78881    166.87847
      5.31985    341.91701    143.85297    198.06404
      5.32985    219.76025     65.10406    154.65619
      5.33985    169.52700     33.80164    135.72535
      5.34985    250.86247     91.13998    159.72249
      5.35985    251.16110    149.14881    102.01229
      5.36985    152.49551     97.17442     55.32109
      5.37985    155.71384     34.76302    120.95083
      5.38985    266.03006     55.12113    210.90893
      5.39985    313.88463    130.91430    182.97033
      5.40985    275.62253    138.75242    136.87011
      5.41985    221.51408     63.44758    158.06650
      5.42985    191.58184     34.54662    157.03522
      5.43985    258.98490     89.68212    169.30278
      5.44985    307.69214    149.07412    158.61802
      5.45985    174.59573     99.85830     74.73744
      5.46985     88.39087     36.32020     52.07068
      5.47985    164.42509     56.90291    107.52218
      5.48985    292.22754    123.51656    168.71097
      5.49985    343.64722    133.12464    210.52258
      5.50985    299.40238     80.49920    218.90319
      5.51985    260.91043     69.63488    191.27555
      5.52985    237.14930     93.70193    143.44736
      5.53985    193.27506    102.52934     90.74573
      5.54985    192.53535    120.23523     72.30012
      5.55985    277.51902    119.81243    157.70659
      5.56985    308.71653     84.19499    224.52154
      5.57985    228.71650     84.50853    144.20797
      5.58985    240.56550    136.77445    103.79105
      5.59985    319.89897    127.80149    192.09747
      5.60985    301.26026     85.58984    215.67042
      5.61985    194.13241     85.74449    108.38792
      5.62985    135.12011     77.80089     57.31922
      5.63985    200.46555     85.66671    114.79883
      5.64985    298.71933    109.13202    189.58731
      5.65985    296.26284    107.72631    188.53653
      5.66985    232.66090     81.52851    151.13239
      5.67985    299.40387    120.19998    179.20389
      5.68985    519.39038    328.33822    191.05216
      5.69985    662.16248    494.12480    168.03767
      5.70985    518.72110    384.84758    133.87352
      5.71985    347.85179    231.95920    115.89259
      5.72985    379.40596    195.99429    183.41167
      5.73985    470.46919    209.97484    260.49435
      5.74985    484.17787    215.64436    268.53351
      5.75985    344.78276    158.95761    185.82515
      5.76985    251.78057    122.55292    129.22764
      5.77985    367.53523    194.19137    173.34386
      5.78985    420.75377    230.19105    190.56271
      5.79985    326.44809    162.54161    163.90648
      5.80985    280.72924     99.65981    181.06943
      5.81985    379.96481    122.69633    257.26849
      5.82985    469.17725    185.22055    283.95670
      5.83985    428.89504    205.32671    223.56833
      5.84985    402.07350    239.66805    162.40545
      5.85985    404.16035    211.69782    192.46254
      5.86985    496.61542    212.64676    283.96865
      5.87985    612.29650    248.62506    363.67145
      5.88985    523.89526    214.03865    309.85661
      5.89985    418.26060    188.84395    229.41665
      5.90985    364.85163    152.05542    212.79622
      5.91985    285.64585    135.61976    150.02609
      5.92985    175.79776    114.11745     61.68031
      5.93985     73.38946     58.54116     14.84830
      5.94985     17.27018     14.88682      2.38336
      5.95985     21.52079     17.70056      3.82024
      5.96985    123.18544     95.10111     28.08433
      5.97985    303.45134    211.96453     91.48681
      5.98985    351.88677    204.49436    147.39241
      5.99985    321.35838    161.58364    159.77474
      6.00985    301.16819    157.29907    143.86912
      6.01985    198.61960     86.38193    112.23767
      6.02985    113.26314     24.21368     89.04946
      6.03985     53.05400      5.85591     47.19810
      6.04985     12.07051      1.32306     10.74745
      6.05985      8.64910      4.55918      4.08992
      6.06985     63.83926     32.83775     31.00151
      6.07985    217.23816    101.98811    115.25005
      6.08985    319.66573    155.27257    164.39316
      6.09985    249.80464    155.62806     94.17658
      6.10985    191.24682    159.69230     31.55452
      6.11985    194.44704    173.15763     21.28942
      6.12985    155.18821    116.90291     38.28531
      6.13985    165.89376     68.34890     97.54487
      6.14985    288.08218    139.67276    148.40942
      6.15985    370.54543    241.85305    128.69238
      6.16985    370.73793    259.85349    110.88444
      6.17985    297.84881    189.94334    107.90547
      6.18985    223.39689    154.53855     68.85834
      6.19985    284.64619    235.58026     49.06593
      6.20985    272.54790    228.55369     43.99422
      6.21985    142.50315     99.37433     43.12881
      6.22985    120.90826     43.16788     77.74038
      6.23985    210.23499     98.42612    111.80887
      6.24985    319.39481    186.34078    133.05403
      6.25985    378.64668    240.58211    138.06457
      6.26985    351.95522    224.85104    127.10418
      6.27985    212.89934    132.93330     79.96604
      6.28985    163.47146    109.96031     53.51116
      6.29985    205.65582    125.76862     79.88720
      6.30985    187.22756    102.52568     84.70188
      6.31985    150.18998    102.96601     47.22397
      6.32985    153.68894    120.86814     32.82080
      6.33985    164.66003    105.26269     59.39733
      6.34985    274.55882    123.79620    150.76261
      6.35985    421.00169    183.71300    237.28869
      6.36985    396.32543    211.11192    185.21351
      6.37985    273.40595    193.43236     79.97360
      6.38985    167.15025    138.24633     28.90392
      6.39985    136.38679    103.95474     32.43205
      6.40985    181.63315    109.12025     72.51290
      6.41985    225.35748    138.51218     86.84531
      6.42985    197.98775    145.76094     52.22681
      6.43985    134.79638     99.53050     35.26588
      6.44985    156.78393     89.68957     67.09435
      6.45985    176.64904     89.71904     86.92999
      6.46985    203.55127    115.75580     87.79547
      6.47985    285.96384    163.16394    122.80079
      6.48985    277.82146    141.05445    136.81495
      6.49985    205.17250     95.02517    111.13629
      6.50985    247.61929    186.33679     69.30334
      6.51985    466.95623    442.89312     50.98435
      6.52985    531.71870    530.78407     42.23553
      6.53985    416.02139    400.87975     52.27189
      6.54985    474.90077    434.86750     80.68145
      6.55985    697.61002    688.42953     72.77929
      6.56985    824.50046    815.51103     82.60559
      6.57985    861.91131    808.58129    116.81827
      6.58985    821.30652    754.23490    120.21118
      6.59985    616.69174    567.29478     96.35672
      6.60985    385.64193    378.41940     46.01622
      6.61985    324.87171    327.09720     31.77737
      6.62985    450.04505    402.19006     84.87419
      6.63985    542.11667    447.86537    131.97769
      6.64985    481.70457    421.73702     94.96259
      6.65985    387.21491    387.10134     33.21995
      6.66985    384.64240    398.35543     20.65745
      6.67985    392.95177    370.63433     55.40237
      6.68985    382.10364    328.23332     81.18162
      6.69985    355.16373    331.33042     48.74819
      6.70985    353.31881    360.61434     20.52439
      6.71985    378.90400    359.28335     49.40134
      6.72985    433.57337    330.18140    132.21639
      6.73985    540.08107    369.31433    197.55095
      6.74985    538.92335    382.35378    177.72503
      6.75985    417.10816    344.57120     93.24149
      6.76985    348.67675    338.00745     36.62273
      6.77985    308.61448    318.11558     17.93405
      6.78985    284.61206    298.76544     11.27034
      6.79985    309.28273    307.90694     25.91997
      6.80985    383.79699    324.93113     82.04967
      6.81985    449.15751    324.76971    142.03815
      6.82985    427.78672    307.50163    139.02870
      6.83985    320.82338    253.31595     89.44605
      6.84985    233.77963    208.01631     46.81262
      6.85985    290.49696    248.43297     64.87486
      6.86985    317.81169    259.48500     78.45097
      6.87985    265.47633    249.29086     37.73775
      6.88985    204.28203    215.53888      8.75808
      6.89985    203.47204    213.56433      6.86983
      6.90985    251.62901    252.82152     18.79439
      6.91985    319.47125    261.12543     77.22366
      6.92985    464.91451    290.05115    190.61317
      6.93985    474.17200    265.22942    219.13704
      6.94985    273.74956    149.42148    128.08537
      6.95985    227.65108    144.36391     88.86086
      6.96985    378.77159    310.62072     85.20449
      6.97985    456.24071    439.10685     42.97660
      6.98985    375.38185    384.38125     13.44244
      6.99985    261.70060    265.91060     13.82788
      7.00985    290.56308    251.98751     58.25336
      7.01985    388.71979    270.75519    134.30973
      7.02985    379.16007    245.61570    141.98132
      7.03985    279.78377    220.44274     70.04751
      7.04985    211.95739    214.98531     16.62592
      7.05985    137.15399    140.12103     11.92465
      7.06985     94.37064     53.67731     45.49419
      7.07985    168.19297     92.96112     80.28228
      7.08985    338.24583    264.71086     87.37489
      7.09985    488.53979    394.51562    115.94689
      7.10985    483.30273    372.12105    137.02841
      7.11985    373.73000    259.18809    133.25500
      7.12985    291.97688    177.31168    123.70034
      7.13985    324.25382    235.00713    104.28251
      7.14985    348.66411    292.05196     79.11230
      7.15985    234.10648    207.94606     39.29721
      7.16985    170.29629    129.31148     45.90285
      7.17985    275.15690    180.47983    104.32843
      7.18985    346.36597    242.31568    121.68170
      7.19985    258.64600    206.45884     67.58110
      7.20985    176.73897    140.33491     42.68374
      7.21985    160.32718     84.03170     77.39525
      7.22985    184.49369     73.92521    110.67928
      7.23985    242.42702    117.27868    125.83356
      7.24985    314.61913    198.14120    121.59530
      7.25985    410.16954    302.54848    123.03147
      7.26985    459.74626    342.59192    138.17143
      7.27985    410.90787    302.54233    124.33976
      7.28985    319.71782    257.55410     74.88542
      7.29985    392.24920    331.52570     78.94078
      7.30985    611.83121    458.54507    173.14705
      7.31985    696.31661    468.80453    239.93959
      7.32985    541.84189    350.53455    198.97244
      7.33985    425.22197    251.21677    185.97614
      7.34985    433.67871    246.43179    203.17996
      7.35985    350.96976    227.90220    137.32911
      7.36985    218.55657    141.55184     84.63182
      7.37985    162.16445     78.90691     86.33831
      7.38985    218.86169    136.94480     88.11920
      7.39985    356.86068    288.92737     79.24986
      7.40985    438.61311    353.71022     97.32712
      7.41985    377.48750    259.72636    128.11914
      7.42985    301.08637    149.78753    155.88991
      7.43985    296.85780    119.20344    178.46981
      7.44985    223.96397     79.93511    144.08521
      7.45985    148.76793     64.07486     84.76615
      7.46985    229.26520    157.08176     73.02281
      7.47985    403.43618    308.29287     98.92378
      7.48985    454.91839    363.98955     98.19506
      7.49985    312.74264    262.65974     57.79772
      7.50985    190.84084    133.64508     62.47715
      7.51985    206.78546     80.83284    127.78904
      7.52985    314.65762    136.02486    178.89670
      7.53985    426.54328    230.16460    196.50241
      7.54985    404.17999    245.09266    160.11211
      7.55985    299.72707    224.22089     80.29082
      7.56985    337.12465    310.39024     41.11329
      7.57985    477.13260    428.03127     73.26161
      7.58985    439.60977    338.02637    120.56823
      7.59985    390.71837    219.85734    182.36122
      7.60985    469.52413    220.04669    261.93571
      7.61985    504.61523    245.96477    273.92448
      7.62985    426.14312    249.36056    190.78264
      7.63985    297.90294    221.27309     87.99859
      7.64985    207.52717    180.05730     35.30921
      7.65985    177.54003    158.84668     26.34919
      7.66985    221.32311    172.67543     61.46139
      7.67985    272.33362    188.03363     96.28272
      7.68985    269.33664    185.91390     93.48304
      7.69985    204.23384    139.61047     73.66146
      7.70985    216.32323    107.56965    114.06316
      7.71985    294.70547    147.49891    154.98672
      7.72985    253.47437    167.75294     98.22731
      7.73985    208.33897    153.27306     63.49835
      7.74985    227.49393    169.97893     62.64051
      7.75985    239.88149    204.84134     43.20958
      7.76985    201.73905    167.14846     41.83286
      7.77985    121.39569     78.64348     45.15890
      7.78985     49.94666     25.28945     24.98029
      7.79985     54.83966     28.23272     27.14757
      7.80985    166.02092    101.52831     68.05319
      7.81985    268.25091    182.71397     94.58017
      7.82985    296.83795    197.61057    109.31852
      7.83985    320.41199    217.16660    112.20524
      7.84985    267.51981    185.84306     88.95960
      7.85985    186.88893    108.61723     81.11946
      7.86985    155.00226     98.04789     57.37925
      7.87985    131.59717    102.19661     29.42398
      7.88985    111.68091     83.48867     28.19272
      7.89985    103.72945     51.89324     51.83634
      7.90985    130.95539     57.47481     73.48854
      7.91985    129.87928     83.29453     46.76522
      7.92985     87.12217     75.64619     12.98111
      7.93985     88.46114     90.14061      2.93883
      7.94985    133.41124    128.48792     10.15640
      7.95985    223.43964    185.79313     40.22384
      7.96985    393.78434    299.53917     97.65111
      7.97985    542.36642    402.53221    148.45700
      7.98985    484.37783    337.73393    155.70459
      7.99985    365.93047    236.52337    133.21670
      8.00985    283.52015    216.84525     67.93948
      8.01985    191.07078    173.15570     18.91209
      8.02985     97.86884     93.15948      6.94973
      8.03985    110.78453     95.51885     21.84307
      8.04985    203.54560    153.05951     59.44491
      8.05985    244.45303    187.93637     62.85482
      8.06985    166.73450    143.09482     26.46035
      8.07985     60.56748     55.01509      6.21094
      8.08985     45.57382     37.40856      8.22893
      8.09985    100.97897     82.21524     18.76606
      8.10985    158.98093    133.15817     25.82284
      8.11985    183.74650    149.71523     34.03495
      8.12985    162.89910    109.08808     53.91436
      8.13985    199.48662    107.04226     93.51072
      8.14985    289.12612    181.33145    111.84844
      8.15985    386.94168    287.88556    104.80540
      8.16985    370.18853    303.93975     69.64773
      8.17985    258.18145    212.67158     46.97114
      8.18985    230.25119    133.09581     97.81212
      8.19985    266.40739    106.19669    160.43227
      8.20985    279.15274    108.92522    171.20921
      8.21985    364.40540    183.20322    186.34579
      8.22985    417.14900    261.03070    166.57428
      8.23985    270.84215    197.78135     83.88782
      8.24985    198.47158    161.76764     48.87093
      8.25985    291.04459    222.31587     79.47827
      8.26985    376.28973    278.74749    101.55650
      8.27985    354.70079    267.96448     87.50221
      8.28985    286.65641    217.56981     70.33986
      8.29985    239.86666    189.49536     53.01977
      8.30985    219.29911    181.67161     39.82285
      8.31985    193.52233    162.58929     31.72971
      8.32985    154.93760    128.76903     26.46880
      8.33985    163.47375    118.88427     46.20187
      8.34985    172.27042    126.48875     52.65924
