Energy-E_F (eV)    DOS (1/eV)    PDOS (1/eV)  of atom type H  C  
     -6.84586    202.64389     10.31141    192.33249
     -6.83586    296.68395     22.92672    273.75723
     -6.82586    229.42705     22.03348    207.39356
     -6.81586    121.87875      9.26058    112.61817
     -6.80586     89.87546      2.80433     87.07113
     -6.79586     63.38569      1.30627     62.07943
     -6.78586     85.96933      1.61509     84.35424
     -6.77586    137.29349      2.86537    134.42812
     -6.76586    166.18607      8.11474    158.07133
     -6.75586    241.14005     24.73999    216.40006
     -6.74586    304.22233     38.55397    265.66836
     -6.73586    211.92199     27.25928    184.66271
     -6.72586    117.37810      9.38794    107.99016
     -6.71586     97.15905      4.34775     92.81130
     -6.70586    122.52283     10.23262    112.29021
     -6.69586    212.94942     18.25813    194.69129
     -6.68586    199.77396     13.45765    186.31631
     -6.67586    101.59021      6.88717     94.70304
     -6.66586    136.20531     15.66876    120.53656
     -6.65586    237.02510     27.67779    209.34731
     -6.64586    169.66268     18.58443    151.07825
     -6.63586     73.71256      5.08368     68.62888
     -6.62586    116.88103      2.29292    114.58811
     -6.61586    162.30302      3.73396    158.56906
     -6.60586    123.53794      9.65371    113.88423
     -6.59586    150.19871     22.86412    127.33459
     -6.58586    224.12902     30.56300    193.56601
     -6.57586    216.11029     26.13314    189.97715
     -6.56586    140.77455     15.09812    125.67644
     -6.55586    110.21580      6.01320    104.20260
     -6.54586    150.35454      3.13648    147.21806
     -6.53586    135.78333      3.86140    131.92193
     -6.52586    118.11335     14.06146    104.05188
     -6.51586    208.80489     33.84225    174.96265
     -6.50586    222.32424     32.22017    190.10406
     -6.49586    132.86353     15.55940    117.30413
     -6.48586    111.39571     10.22830    101.16741
     -6.47586    135.64944      7.19966    128.44979
     -6.46586    173.54176      5.91940    167.62237
     -6.45586    182.14435     14.78547    167.35887
     -6.44586    196.94524     29.58756    167.35768
     -6.43586    183.93739     25.78138    158.15601
     -6.42586    158.44290     15.99793    142.44497
     -6.41586    208.85294     28.86884    179.98410
     -6.40586    272.67849     43.13942    229.53907
     -6.39586    264.29750     34.98560    229.31190
     -6.38586    273.66668     24.31134    249.35533
     -6.37586    221.92960     17.18150    204.74809
     -6.36586    126.82606     12.23091    114.59515
     -6.35586     71.13040      6.02631     65.10409
     -6.34586     90.85786      4.81658     86.04128
     -6.33586    124.11642     11.51792    112.59850
     -6.32586    109.96297     15.64202     94.32095
     -6.31586     85.56456      8.92648     76.63809
     -6.30586    133.71727      4.05211    129.66517
     -6.29586    176.63688      6.81166    169.82522
     -6.28586    146.43944     13.48438    132.95505
     -6.27586    123.33959     18.38673    104.95285
     -6.26586    198.38865     30.61859    167.77006
     -6.25586    319.05332     44.41697    274.63636
     -6.24586    299.59715     41.03784    258.55931
     -6.23586    258.58645     41.06775    217.51870
     -6.22586    255.93093     38.75771    217.17322
     -6.21586    220.94248     25.92056    195.02191
     -6.20586    167.67745     13.76528    153.91216
     -6.19586    163.48851     16.62422    146.86428
     -6.18586    172.96882     22.52178    150.44703
     -6.17586    114.61504     14.32964    100.28540
     -6.16586     93.76232      9.41564     84.34668
     -6.15586    158.55368     18.02445    140.52924
     -6.14586    173.41646     19.57194    153.84453
     -6.13586    139.22087     10.55166    128.66921
     -6.12586    148.50391     12.95244    135.55146
     -6.11586    217.07174     22.96863    194.10311
     -6.10586    192.39361     17.63324    174.76037
     -6.09586     77.76638      5.34950     72.41689
     -6.08586     14.68612      0.70790     13.97822
     -6.07586     17.95138      0.95786     16.99351
     -6.06586    104.42283      7.20126     97.22157
     -6.05586    271.94321     23.71199    248.23122
     -6.04586    322.13600     35.35070    286.78530
     -6.03586    199.74051     27.11798    172.62253
     -6.02586     88.09449     12.71742     75.37707
     -6.01586    110.71764     10.55969    100.15795
     -6.00586    240.54631     18.27666    222.26965
     -5.99586    306.44240     19.54973    286.89267
     -5.98586    229.65054     12.42795    217.22259
     -5.97586    101.82745      5.38302     96.44443
     -5.96586     88.95140      9.01104     79.94036
     -5.95586    198.80191     24.71171    174.09020
     -5.94586    249.01718     34.72896    214.28823
     -5.93586    177.13220     25.42965    151.70255
     -5.92586     79.06540     10.38330     68.68210
     -5.91586     56.73982      7.88890     48.85092
     -5.90586    166.58496     25.00535    141.57961
     -5.89586    272.13885     40.95872    231.18013
     -5.88586    246.76707     35.51116    211.25591
     -5.87586    210.02480     29.72452    180.30028
     -5.86586    168.47368     24.07415    144.39952
     -5.85586    123.34404     13.46856    109.87548
     -5.84586    139.69958      9.15446    130.54512
     -5.83586    155.42818     13.08464    142.34354
     -5.82586    135.10706     20.47812    114.62894
     -5.81586    162.78110     29.70789    133.07322
     -5.80586    239.30928     31.59856    207.71071
     -5.79586    319.42339     30.37835    289.04504
     -5.78586    279.32055     24.14972    255.17083
     -5.77586    117.68089      9.90195    107.77895
     -5.76586     29.74972      2.63544     27.11428
     -5.75586     51.83181      5.29737     46.53444
     -5.74586    122.24345     12.71953    109.52392
     -5.73586    192.23718     21.44630    170.79087
     -5.72586    225.19845     24.47606    200.72239
     -5.71586    201.61140     17.36391    184.24749
     -5.70586    144.05825     12.48945    131.56879
     -5.69586    103.52079     15.14878     88.37200
     -5.68586    161.72581     25.54630    136.17951
     -5.67586    220.17027     25.75205    194.41823
     -5.66586    182.51007     19.46240    163.04767
     -5.65586    200.03466     28.01292    172.02174
     -5.64586    257.34964     33.66178    223.68786
     -5.63586    246.08414     22.89171    223.19243
     -5.62586    297.88137     23.79497    274.08640
     -5.61586    356.95559     32.26005    324.69555
     -5.60586    296.35896     31.00933    265.34963
     -5.59586    345.53651     43.79004    301.74647
     -5.58586    574.60186     74.89361    499.70825
     -5.57586    717.93818     91.36423    626.57395
     -5.56586    691.82103     89.76265    602.05838
     -5.55586    636.72907     78.03714    558.69193
     -5.54586    583.33575     62.79831    520.53744
     -5.53586    543.42427     59.83909    483.58518
     -5.52586    505.27959     55.41539    449.86420
     -5.51586    452.90721     46.45291    406.45430
     -5.50586    442.83417     43.75065    399.08352
     -5.49586    523.91624     55.88842    468.02782
     -5.48586    480.71808     58.79332    421.92476
     -5.47586    296.03133     45.57341    250.45792
     -5.46586    261.10877     46.91311    214.19566
     -5.45586    271.28803     40.41728    230.87076
     -5.44586    205.99390     23.29804    182.69586
     -5.43586    165.59223     18.07448    147.51775
     -5.42586    141.35173     23.17191    118.17982
     -5.41586     88.09628     19.93610     68.16018
     -5.40586     91.45803     23.99818     67.45985
     -5.39586    174.84637     44.64816    130.19821
     -5.38586    250.33430     52.95050    197.38380
     -5.37586    301.20850     41.54056    259.66794
     -5.36586    325.57334     38.63624    286.93709
     -5.35586    263.77986     38.20966    225.57021
     -5.34586    142.85972     22.36631    120.49341
     -5.33586     48.58441      6.93599     41.64842
     -5.32586     31.35134      1.48291     29.86843
     -5.31586     69.65430      1.43630     68.21799
     -5.30586     74.82349      1.51939     73.30410
     -5.29586     56.14593      1.76276     54.38317
     -5.28586    107.72360      6.33136    101.39224
     -5.27586    152.82602     12.36962    140.45640
     -5.26586    104.86678      9.49728     95.36950
     -5.25586     78.56218      3.69705     74.86513
     -5.24586     80.45419      1.82694     78.62724
     -5.23586     39.87938      0.82942     39.04995
     -5.22586     11.89873      0.72820     11.17053
     -5.21586     35.00038      4.08288     30.91751
     -5.20586    118.27275     11.61950    106.65325
     -5.19586    225.91480     17.23441    208.68039
     -5.18586    250.25950     17.08425    233.17524
     -5.17586    133.87864      9.35874    124.51990
     -5.16586     29.74130      2.15544     27.58586
     -5.15586      2.75370      0.19260      2.56110
     -5.14586      3.76819      0.08009      3.68810
     -5.13586     27.07864      0.55487     26.52377
     -5.12586     79.50068      1.94332     77.55736
     -5.11586    133.88703      6.26916    127.61787
     -5.10586    215.24018     17.76418    197.47600
     -5.09586    223.10483     23.09738    200.00745
     -5.08586    100.48741     11.57423     88.91319
     -5.07586     32.34396      2.47183     29.87213
     -5.06586     58.02321      1.29602     56.72719
     -5.05586     78.58573      1.58389     77.00184
     -5.04586     40.40568      0.81594     39.58974
     -5.03586     15.81088      0.45449     15.35639
     -5.02586     54.65258      2.72392     51.92866
     -5.01586    143.80770      9.40421    134.40349
     -5.00586    178.93924     12.81925    166.11998
     -4.99586    134.39768      7.41232    126.98536
     -4.98586     63.83740      2.16232     61.67508
     -4.97586     14.64131      0.35521     14.28611
     -4.96586      1.62795      0.03443      1.59351
     -4.95586      5.56329      0.11836      5.44494
     -4.94586     42.24193      1.04892     41.19301
     -4.93586    138.11784      4.80740    133.31044
     -4.92586    208.48057     11.32305    197.15752
     -4.91586    149.61699     11.90993    137.70706
     -4.90586     48.89224      4.99540     43.89684
     -4.89586     10.44507      0.87028      9.57479
     -4.88586     27.46995      0.60526     26.86469
     -4.87586     72.27548      1.53825     70.73724
     -4.86586     80.61128      2.33179     78.27949
     -4.85586     87.61130      5.18440     82.42690
     -4.84586    161.09561     11.13016    149.96544
     -4.83586    203.83974     15.24077    188.59896
     -4.82586    160.32617     12.51411    147.81206
     -4.81586    113.39641      5.75210    107.64430
     -4.80586     67.87530      1.89233     65.98297
     -4.79586     19.67753      0.43409     19.24344
     -4.78586      4.03104      0.08371      3.94733
     -4.77586     20.04779      0.41883     19.62896
     -4.76586     88.54828      2.15612     86.39216
     -4.75586    177.45137      6.65679    170.79458
     -4.74586    182.97853     12.07691    170.90161
     -4.73586    110.55069     10.60554     99.94515
     -4.72586     95.80896      7.19329     88.61567
     -4.71586    218.33927     10.32113    208.01814
     -4.70586    393.23314     13.84076    379.39238
     -4.69586    494.11756     14.67327    479.44429
     -4.68586    469.71189     12.84240    456.86949
     -4.67586    448.67282     11.90787    436.76495
     -4.66586    436.39126     15.16771    421.22355
     -4.65586    376.12440     18.93225    357.19215
     -4.64586    285.11822     14.70581    270.41241
     -4.63586    215.99859      7.96390    208.03469
     -4.62586    168.39060      4.91215    163.47845
     -4.61586    133.92847      3.79820    130.13027
     -4.60586    150.14449      4.81950    145.32498
     -4.59586    222.75872      8.83916    213.91956
     -4.58586    271.49596     11.94333    259.55263
     -4.57586    261.22051     13.83231    247.38819
     -4.56586    261.43793     16.25868    245.17925
     -4.55586    210.84294     11.30883    199.53411
     -4.54586    117.05415      4.46640    112.58775
     -4.53586     90.94807      2.61385     88.33422
     -4.52586     85.16333      2.25064     82.91269
     -4.51586     89.95247      2.02284     87.92964
     -4.50586    142.31381      3.39886    138.91495
     -4.49586    193.46957      6.75933    186.71024
     -4.48586    226.88085     13.37879    213.50206
     -4.47586    247.56160     18.12824    229.43336
     -4.46586    232.41857     14.12747    218.29110
     -4.45586    165.18253      6.83928    158.34325
     -4.44586    100.01642      2.88413     97.13229
     -4.43586     80.00626      2.12278     77.88348
     -4.42586     84.98017      2.30811     82.67206
     -4.41586     69.35890      2.18891     67.17000
     -4.40586    125.68368      6.09138    119.59231
     -4.39586    238.83251     13.91718    224.91532
     -4.38586    243.30487     13.72690    229.57797
     -4.37586    137.29284      6.23638    131.05646
     -4.36586     83.07855      3.54050     79.53806
     -4.35586    140.59263      6.86586    133.72677
     -4.34586    146.57212      7.30947    139.26265
     -4.33586     72.30553      3.28164     69.02389
     -4.32586     85.25147      3.15999     82.09148
     -4.31586    198.12479      9.78229    188.34250
     -4.30586    296.20088     15.95166    280.24922
     -4.29586    256.87810     11.32674    245.55135
     -4.28586    138.61890      4.08039    134.53850
     -4.27586    106.07646      2.38678    103.68967
     -4.26586    151.28856      3.26242    148.02614
     -4.25586    130.63360      3.04446    127.58915
     -4.24586    116.17179      4.83159    111.34019
     -4.23586    208.65199     11.01540    197.63659
     -4.22586    315.76959     17.27519    298.49440
     -4.21586    336.63786     16.22716    320.41069
     -4.20586    197.09194      7.52201    189.56993
     -4.19586     64.85782      1.92355     62.93426
     -4.18586     62.82457      1.61699     61.20759
     -4.17586     97.73665      2.36735     95.36930
     -4.16586    108.92923      2.31931    106.60992
     -4.15586    130.56625      3.77833    126.78791
     -4.14586    189.57384      9.99263    179.58121
     -4.13586    263.55599     16.74166    246.81433
     -4.12586    264.87182     14.95126    249.92056
     -4.11586    195.99355      8.28520    187.70835
     -4.10586    136.85901      3.68022    133.17879
     -4.09586    136.20122      2.81649    133.38473
     -4.08586    124.62447      2.83541    121.78905
     -4.07586     80.49691      2.61407     77.88284
     -4.06586    102.81280      6.41045     96.40236
     -4.05586    188.70025     13.04446    175.65579
     -4.04586    208.22330     11.69582    196.52748
     -4.03586    182.93245      6.34176    176.59069
     -4.02586    170.91576      5.66559    165.25018
     -4.01586    183.75899      7.30768    176.45131
     -4.00586    158.15795      5.65834    152.49960
     -3.99586    157.14554      4.58881    152.55673
     -3.98586    188.84489      7.64691    181.19797
     -3.97586    183.08920     12.34424    170.74496
     -3.96586    178.56357     11.53653    167.02704
     -3.95586    163.74799      6.13057    157.61742
     -3.94586    148.22082      3.61259    144.60823
     -3.93586    119.64302      2.82295    116.82007
     -3.92586     80.59067      2.87090     77.71977
     -3.91586     89.20026      5.25477     83.94549
     -3.90586    125.05870      8.49832    116.56038
     -3.89586    168.37488     12.54124    155.83364
     -3.88586    142.45084     11.08706    131.36378
     -3.87586     50.05322      3.99464     46.05859
     -3.86586      6.59604      0.53763      6.05840
     -3.85586      0.41617      0.02900      0.38717
     -3.84586      2.52605      0.07850      2.44755
     -3.83586     26.47666      1.11073     25.36592
     -3.82586    115.78570      6.56704    109.21866
     -3.81586    217.29281     15.53997    201.75284
     -3.80586    173.53433     14.23739    159.29694
     -3.79586     57.36819      4.95482     52.41338
     -3.78586     17.81697      0.84313     16.97384
     -3.77586     63.51145      1.23048     62.28096
     -3.76586    155.70582      2.99441    152.71141
     -3.75586    201.66763      4.65807    197.00956
     -3.74586    243.40608      9.35228    234.05381
     -3.73586    282.16456     14.90775    267.25682
     -3.72586    220.87011     12.31464    208.55547
     -3.71586    147.14037      7.66388    139.47650
     -3.70586    137.15642      5.26467    131.89175
     -3.69586    171.17430      4.08577    167.08853
     -3.68586    154.44227      3.27686    151.16541
     -3.67586    136.03758      4.57680    131.46077
     -3.66586    179.71525     10.55194    169.16331
     -3.65586    189.11342     12.85299    176.26043
     -3.64586    132.44110      7.01494    125.42616
     -3.63586    121.90226      3.99821    117.90405
     -3.62586    137.69167      5.30899    132.38268
     -3.61586    134.24420      5.39536    128.84884
     -3.60586    170.05959      5.27861    164.78098
     -3.59586    233.85206      9.49071    224.36135
     -3.58586    227.33091     13.64874    213.68218
     -3.57586    120.36290      8.83604    111.52687
     -3.56586     37.13130      2.42279     34.70851
     -3.55586     61.29171      1.58652     59.70519
     -3.54586    161.36956      4.38908    156.98047
     -3.53586    234.62805      7.85108    226.77697
     -3.52586    228.04529     10.46061    217.58467
     -3.51586    196.78532     13.30448    183.48083
     -3.50586    154.02719     10.76647    143.26072
     -3.49586    106.51557      4.65528    101.86029
     -3.48586     64.84721      1.61803     63.22917
     -3.47586     75.65680      1.53496     74.12184
     -3.46586    102.57786      3.00367     99.57419
     -3.45586    171.02165      8.85171    162.16994
     -3.44586    295.71510     17.14003    278.57507
     -3.43586    271.78526     14.36075    257.42450
     -3.42586    158.28506      5.88008    152.40498
     -3.41586     81.45751      1.94756     79.50995
     -3.40586     28.45181      0.65236     27.79944
     -3.39586     37.38714      1.71520     35.67195
     -3.38586    144.63695      8.12809    136.50886
     -3.37586    302.57719     16.94547    285.63172
     -3.36586    322.12189     15.35111    306.77079
     -3.35586    161.68679      6.18518    155.50161
     -3.34586     58.71336      1.62592     57.08744
     -3.33586     75.34192      1.85573     73.48619
     -3.32586     89.51950      3.94149     85.57801
     -3.31586    109.37448      9.39273     99.98175
     -3.30586    191.49953     13.58632    177.91322
     -3.29586    256.55686     11.32515    245.23171
     -3.28586    200.24889      6.65149    193.59740
     -3.27586    123.50434      3.30571    120.19863
     -3.26586    134.89803      3.90292    130.99511
     -3.25586    163.22968      8.48746    154.74222
     -3.24586    148.33931     12.38161    135.95770
     -3.23586    111.17039      9.06286    102.10753
     -3.22586    173.85089      6.94328    166.90761
     -3.21586    237.34798      7.08575    230.26224
     -3.20586    168.56399      5.01690    163.54709
     -3.19586    145.30531      7.47766    137.82765
     -3.18586    174.42710     12.63214    161.79495
     -3.17586    156.70251     10.20170    146.50080
     -3.16586    121.06604      5.31130    115.75474
     -3.15586    119.59047      4.76986    114.82061
     -3.14586    161.69077      6.01320    155.67757
     -3.13586    221.74636     10.05944    211.68691
     -3.12586    211.71330     13.54506    198.16824
     -3.11586    178.39457      9.88257    168.51201
     -3.10586    201.06045      6.36627    194.69418
     -3.09586    201.98524      6.48614    195.49910
     -3.08586    196.45001      8.58895    187.86106
     -3.07586    181.06942     12.09507    168.97435
     -3.06586    172.49341     12.42592    160.06748
     -3.05586    178.78506      7.82088    170.96418
     -3.04586    290.16988      8.36990    281.79998
     -3.03586    391.17308     12.28706    378.88603
     -3.02586    276.52262     13.40406    263.11855
     -3.01586    138.65435     12.88520    125.76915
     -3.00586     63.38711      7.32075     56.06636
     -2.99586     57.47386      2.80184     54.67202
     -2.98586    134.57799      4.74598    129.83201
     -2.97586    184.71740     10.29646    174.42094
     -2.96586    145.54938     13.21288    132.33649
     -2.95586     68.64153      8.09152     60.55001
     -2.94586     27.80197      2.59246     25.20951
     -2.93586     72.75084      3.97860     68.77224
     -2.92586    188.54716     11.04102    177.50613
     -2.91586    256.44476     14.85045    241.59431
     -2.90586    189.03448      9.03375    180.00074
     -2.89586     95.38972      3.76607     91.62365
     -2.88586    103.31893      6.45296     96.86597
     -2.87586    144.19550     12.58755    131.60795
     -2.86586    103.71501     11.13452     92.58049
     -2.85586     50.98682      4.78875     46.19807
     -2.84586     97.18403      5.30711     91.87692
     -2.83586    208.54869     12.23618    196.31251
     -2.82586    239.15943     14.22850    224.93093
     -2.81586    181.93066      8.20984    173.72081
     -2.80586    147.92012      6.42212    141.49800
     -2.79586    146.42646     11.03692    135.38954
     -2.78586    121.19862     12.40050    108.79813
     -2.77586    100.30374      7.97047     92.33328
     -2.76586    147.31669      8.05195    139.26474
     -2.75586    207.19142     13.11318    194.07823
     -2.74586    209.38983     13.45971    195.93012
     -2.73586    199.91330      9.39615    190.51715
     -2.72586    201.34552     10.60345    190.74207
     -2.71586    192.99148     14.25402    178.73746
     -2.70586    152.96970     11.12846    141.84124
     -2.69586    151.60679     10.37732    141.22947
     -2.68586    236.60463     15.65909    220.94554
     -2.67586    256.02201     14.51630    241.50571
     -2.66586    243.54501     13.72183    229.82318
     -2.65586    306.47828     17.89974    288.57854
     -2.64586    340.29519     17.38929    322.90591
     -2.63586    276.44036     16.41208    260.02828
     -2.62586    174.26857     14.73549    159.53308
     -2.61586    128.78957     12.11071    116.67887
     -2.60586    169.82025     14.10244    155.71782
     -2.59586    161.48617     14.03880    147.44737
     -2.58586    145.60710     14.65006    130.95705
     -2.57586    179.79230     15.83474    163.95756
     -2.56586    196.24109     17.48517    178.75592
     -2.55586    171.23527     19.40035    151.83492
     -2.54586    190.98135     23.44603    167.53532
     -2.53586    262.79111     28.65214    234.13896
     -2.52586    265.29332     26.76355    238.52976
     -2.51586    158.34853     14.76528    143.58325
     -2.50586     97.77321      4.50352     93.26969
     -2.49586     78.74537      1.23934     77.50603
     -2.48586     37.20269      0.43819     36.76450
     -2.47586     47.67825      0.68066     46.99759
     -2.46586    159.44715      2.37576    157.07139
     -2.45586    274.60731      4.07914    270.52818
     -2.44586    225.74560      3.27817    222.46743
     -2.43586    104.53587      1.45537    103.08050
     -2.42586    111.58544      1.47160    110.11384
     -2.41586    160.75916      2.12343    158.63572
     -2.40586    105.59134      1.45549    104.13585
     -2.39586     77.83655      1.28917     76.54738
     -2.38586    136.95825      2.27148    134.68677
     -2.37586    189.00612      2.92712    186.07900
     -2.36586    193.07885      3.44587    189.63299
     -2.35586    193.87898      4.85826    189.02071
     -2.34586    163.26308      4.59863    158.66445
     -2.33586    126.14802      2.76774    123.38028
     -2.32586    207.84117      3.35130    204.48988
     -2.31586    218.34232      3.42023    214.92209
     -2.30586     91.04913      1.44523     89.60391
     -2.29586     44.48173      1.05864     43.42309
     -2.28586    233.38496      6.63326    226.75171
     -2.27586    759.50572     22.17998    737.32574
     -2.26586   1207.38928     35.34316   1172.04613
     -2.25586   1116.44560     32.10143   1084.34417
     -2.24586    736.22018     21.15573    715.06445
     -2.23586    459.99413     13.23532    446.75882
     -2.22586    434.71308     11.79160    422.92148
     -2.21586    497.55741     13.20344    484.35398
     -2.20586    424.55261     11.04047    413.51214
     -2.19586    378.07869      9.44045    368.63823
     -2.18586    472.48764     12.34902    460.13862
     -2.17586    498.92481     13.37265    485.55216
     -2.16586    347.91956      8.75855    339.16101
     -2.15586    180.46805      3.92624    176.54181
     -2.14586    104.77962      1.72407    103.05555
     -2.13586     79.01570      1.09105     77.92465
     -2.12586     33.40091      0.44907     32.95183
     -2.11586     22.92659      0.30561     22.62098
     -2.10586     80.99572      1.09080     79.90492
     -2.09586    147.69949      2.02077    145.67872
     -2.08586    112.23051      1.56063    110.66989
     -2.07586     35.37532      0.49871     34.87662
     -2.06586      9.14321      0.13358      9.00963
     -2.05586     32.78985      0.48672     32.30313
     -2.04586     91.84842      1.32672     90.52170
     -2.03586    126.80001      1.72249    125.07752
     -2.02586     98.87951      1.25493     97.62458
     -2.01586     44.16571      0.56689     43.59882
     -2.00586     59.08707      1.02726     58.05981
     -1.99586    229.51118      4.41791    225.09327
     -1.98586    521.49597     10.52389    510.97208
     -1.97586    725.78719     14.75750    711.02968
     -1.96586    744.95248     14.74447    730.20801
     -1.95586    610.15542     11.80881    598.34661
     -1.94586    450.09958      8.68311    441.41647
     -1.93586    444.34121      8.56227    435.77894
     -1.92586    562.47412     10.93884    551.53528
     -1.91586    568.90269     11.03518    557.86751
     -1.90586    496.94791      9.27438    487.67352
     -1.89586    563.13248      9.94791    553.18457
     -1.88586    582.38462     10.24984    572.13478
     -1.87586    398.98827      7.19881    391.78946
     -1.86586    255.51766      4.72438    250.79328
     -1.85586    227.72203      4.11032    223.61171
     -1.84586    189.45312      3.06808    186.38505
     -1.83586    174.30610      2.37132    171.93477
     -1.82586    162.56848      2.19764    160.37084
     -1.81586    126.07483      1.84226    124.23257
     -1.80586     79.98719      1.21393     78.77326
     -1.79586     43.57672      0.60181     42.97491
     -1.78586     83.97411      1.01403     82.96009
     -1.77586    146.49032      1.81237    144.67795
     -1.76586    112.06242      1.43648    110.62594
     -1.75586     36.20219      0.47662     35.72557
     -1.74586     10.54022      0.13030     10.40992
     -1.73586     40.35026      0.47205     39.87821
     -1.72586    112.77527      1.34981    111.42546
     -1.71586    141.09646      1.74191    139.35456
     -1.70586     87.90609      1.10471     86.80138
     -1.69586     64.44715      0.76286     63.68429
     -1.68586    101.59441      1.16265    100.43176
     -1.67586    133.41219      1.54660    131.86560
     -1.66586    150.54299      1.79874    148.74424
     -1.65586    113.03760      1.38897    111.64863
     -1.64586     42.88710      0.53499     42.35212
     -1.63586     22.01685      0.25943     21.75743
     -1.62586     90.96233      1.04782     89.91451
     -1.61586    208.57188      2.42797    206.14391
     -1.60586    195.17340      2.30636    192.86704
     -1.59586     76.24086      0.91596     75.32490
     -1.58586     16.87535      0.20381     16.67153
     -1.57586     40.82424      0.47999     40.34424
     -1.56586    133.43160      1.56259    131.86901
     -1.55586    186.08054      2.16937    183.91117
     -1.54586    143.87872      1.66896    142.20976
     -1.53586     86.96056      1.02891     85.93165
     -1.52586     78.73252      1.00208     77.73044
     -1.51586    109.72912      1.35699    108.37213
     -1.50586    116.10052      1.28434    114.81618
     -1.49586     97.88915      1.06718     96.82197
     -1.48586    116.33307      1.47507    114.85800
     -1.47586    156.38406      2.02470    154.35935
     -1.46586    109.12378      1.34389    107.77990
     -1.45586     73.80049      0.76011     73.04038
     -1.44586    119.87092      1.25778    118.61314
     -1.43586    134.83502      1.64595    133.18908
     -1.42586     77.77631      1.05542     76.72089
     -1.41586     50.91879      0.62219     50.29660
     -1.40586    102.32367      1.05474    101.26893
     -1.39586    138.53280      1.24911    137.28368
     -1.38586     91.90908      0.72081     91.18827
     -1.37586     32.77823      0.24916     32.52907
     -1.36586     46.20605      0.43188     45.77417
     -1.35586    135.06012      1.22785    133.83227
     -1.34586    203.93991      1.89711    202.04280
     -1.33586    257.57782      2.81442    254.76340
     -1.32586    293.78212      3.44046    290.34166
     -1.31586    195.00461      2.14210    192.86251
     -1.30586     90.96825      0.92041     90.04784
     -1.29586    131.05657      1.55417    129.50240
     -1.28586    222.10023      2.91106    219.18916
     -1.27586    210.72024      2.77593    207.94430
     -1.26586    186.53261      1.92774    184.60487
     -1.25586    165.23348      1.43657    163.79692
     -1.24586    127.64795      1.32923    126.31873
     -1.23586    160.66039      1.91187    158.74852
     -1.22586    134.30985      1.49293    132.81693
     -1.21586     80.91407      0.59445     80.31962
     -1.20586    117.34667      0.77848    116.56820
     -1.19586    177.61243      1.98507    175.62736
     -1.18586    168.83296      2.53067    166.30229
     -1.17586     77.07209      1.30637     75.76573
     -1.16586     16.37182      0.30179     16.07002
     -1.15586     19.78533      0.41331     19.37202
     -1.14586     65.45889      1.34805     64.11084
     -1.13586    101.28407      1.89154     99.39253
     -1.12586    104.21644      1.51556    102.70088
     -1.11586     81.19035      1.01208     80.17827
     -1.10586     55.68293      0.91628     54.76665
     -1.09586     76.23764      1.58898     74.64866
     -1.08586     68.57529      1.45920     67.11608
     -1.07586     28.19868      0.56034     27.63834
     -1.06586     39.14186      0.54836     38.59350
     -1.05586    113.60797      1.69455    111.91342
     -1.04586    147.08431      2.46065    144.62366
     -1.03586     79.42532      1.46660     77.95873
     -1.02586     18.90482      0.37659     18.52823
     -1.01586     16.43801      0.35235     16.08565
     -1.00586     61.96819      1.28460     60.68359
     -0.99586    114.64567      2.11184    112.53382
     -0.98586    118.16999      1.74269    116.42731
     -0.97586     72.22334      0.91560     71.30774
     -0.96586     43.87679      0.77012     43.10666
     -0.95586     72.05655      1.56551     70.49104
     -0.94586     71.65572      1.56752     70.08820
     -0.93586     37.38888      0.70497     36.68392
     -0.92586     59.62253      0.77804     58.84449
     -0.91586    121.83729      1.79804    120.03926
     -0.90586    127.96794      2.28750    125.68044
     -0.89586     66.01890      1.34250     64.67640
     -0.88586     16.99873      0.36689     16.63184
     -0.87586     21.81553      0.46060     21.35493
     -0.86586     82.21161      1.60098     80.61064
     -0.85586    141.89336      2.41854    139.47482
     -0.84586    110.53943      1.59909    108.94034
     -0.83586     43.67741      0.60880     43.06861
     -0.82586     40.94233      0.87019     40.07214
     -0.81586     77.79365      1.75644     76.03722
     -0.80586     69.12403      1.47233     67.65171
     -0.79586     60.88032      0.87656     60.00375
     -0.78586     97.65009      1.25354     96.39655
     -0.77586    115.13605      1.94854    113.18751
     -0.76586     91.98845      1.93212     90.05633
     -0.75586     39.20706      0.88108     38.32598
     -0.74586     16.96053      0.34819     16.61234
     -0.73586     64.16413      1.16339     63.00074
     -0.72586    147.84585      2.52808    145.31778
     -0.71586    129.40559      2.08188    127.32371
     -0.70586     45.43488      0.70945     44.72543
     -0.69586     28.05550      0.60889     27.44660
     -0.68586     69.38658      1.60177     67.78480
     -0.67586     91.20990      1.90147     89.30843
     -0.66586     91.76903      1.33195     90.43707
     -0.65586     94.33353      1.18476     93.14878
     -0.64586     88.96431      1.62745     87.33687
     -0.63586     85.52276      1.95035     83.57241
     -0.62586     46.41518      1.07273     45.34245
     -0.61586     34.49722      0.57596     33.92126
     -0.60586    102.97991      1.61201    101.36790
     -0.59586    156.05684      2.65948    153.39737
     -0.58586     91.55031      1.69316     89.85715
     -0.57586     26.14788      0.54193     25.60595
     -0.56586     38.83554      0.89741     37.93813
     -0.55586     99.97890      2.08942     97.88949
     -0.54586    131.24996      2.19172    129.05824
     -0.53586     95.90324      1.27059     94.63265
     -0.52586     60.76214      1.07649     59.68566
     -0.51586     78.72289      1.87992     76.84296
     -0.50586     74.71549      1.72302     72.99248
     -0.49586     68.26828      1.05017     67.21811
     -0.48586    112.99087      1.59198    111.39888
     -0.47586    129.83255      2.39347    127.43908
     -0.46586     80.04294      1.78565     78.25729
     -0.45586     32.53953      0.73704     31.80249
     -0.44586     66.42250      1.24172     65.18078
     -0.43586    149.20735      2.62945    146.57789
     -0.42586    130.15028      2.19091    127.95937
     -0.41586     52.17738      0.93326     51.24411
     -0.40586     55.87148      1.33177     54.53971
     -0.39586    106.57006      2.30756    104.26250
     -0.38586    122.72227      1.97282    120.74944
     -0.37586    100.83728      1.43064     99.40664
     -0.36586     90.32725      1.92604     88.40120
     -0.35586     86.96210      2.09884     84.86326
     -0.34586     80.09543      1.40579     78.68964
     -0.33586    122.46462      1.85206    120.61255
     -0.32586    135.77528      2.59473    133.18055
     -0.31586     79.47736      1.78816     77.68919
     -0.30586     64.78326      1.25168     63.53159
     -0.29586    138.08387      2.43992    135.64395
     -0.28586    146.47926      2.64316    143.83609
     -0.27586     75.83114      1.48895     74.34218
     -0.26586     93.51352      1.95317     91.56034
     -0.25586    152.81281      2.80253    150.01028
     -0.24586    122.09965      2.03309    120.06656
     -0.23586     96.35333      1.98133     94.37201
     -0.22586    136.17138      2.71630    133.45507
     -0.21586    140.01679      2.30756    137.70923
     -0.20586    123.95254      2.33451    121.61803
     -0.19586    143.96548      2.81493    141.15055
     -0.18586    148.17489      2.47218    145.70271
     -0.17586    150.98828      2.77235    148.21593
     -0.16586    170.18456      3.01689    167.16767
     -0.15586    178.64279      2.87793    175.76486
     -0.14586    210.12376      3.45439    206.66937
     -0.13586    211.21455      3.32762    207.88692
     -0.12586    176.87764      3.20728    173.67036
     -0.11586    121.08176      2.87399    118.20777
     -0.10586     94.83211      2.68950     92.14261
     -0.09586     98.96892      2.90563     96.06329
     -0.08586    100.11438      2.94953     97.16485
     -0.07586    106.33943      3.13643    103.20300
     -0.06586    110.35606      3.25575    107.10031
     -0.05586    118.73842      3.50088    115.23753
     -0.04586    125.73083      3.70034    122.03049
     -0.03586    135.88897      3.98632    131.90265
     -0.02586    147.23869      4.29993    142.93876
     -0.01586    138.43471      4.01848    134.41623
     -0.00586    117.46336      3.37886    114.08450
      0.00414     82.70456      2.36475     80.33981
      0.01414     30.04618      0.85765     29.18852
      0.02414      4.34648      0.12403      4.22245
      0.03414      0.23472      0.00670      0.22802
      0.04414      0.00468      0.00013      0.00455
      0.05414      0.00000      0.00000      0.00000
      0.06414      0.00000      0.00000      0.00000
      0.07414      0.00000      0.00000      0.00000
      0.08414      0.00000      0.00000      0.00000
      0.09414      0.00000      0.00000      0.00000
      0.10414      0.00000      0.00000      0.00000
      0.11414      0.00000      0.00000      0.00000
      0.12414      0.00000      0.00000      0.00000
      0.13414      0.00000      0.00000      0.00000
      0.14414      0.00000      0.00000      0.00000
      0.15414      0.00000      0.00000      0.00000
      0.16414      0.00000      0.00000      0.00000
      0.17414      0.00000      0.00000      0.00000
      0.18414      0.00000      0.00000      0.00000
      0.19414      0.00000      0.00000      0.00000
      0.20414      0.00000      0.00000      0.00000
      0.21414      0.00000      0.00000      0.00000
      0.22414      0.00000      0.00000      0.00000
      0.23414      0.00000      0.00000      0.00000
      0.24414      0.00000      0.00000      0.00000
      0.25414      0.00000      0.00000      0.00000
      0.26414      0.00000      0.00000      0.00000
      0.27414      0.00000      0.00000      0.00000
      0.28414      0.00000      0.00000      0.00000
      0.29414      0.00000      0.00000      0.00000
      0.30414      0.00000      0.00000      0.00000
      0.31414      0.00000      0.00000      0.00000
      0.32414      0.00000      0.00000      0.00000
      0.33414      0.00000      0.00000      0.00000
      0.34414      0.00000      0.00000      0.00000
      0.35414      0.00000      0.00000      0.00000
      0.36414      0.00000      0.00000      0.00000
      0.37414      0.00000      0.00000      0.00000
      0.38414      0.00000      0.00000      0.00000
      0.39414      0.00000      0.00000      0.00000
      0.40414      0.00000      0.00000      0.00000
      0.41414      0.00000      0.00000      0.00000
      0.42414      0.00000      0.00000      0.00000
      0.43414      0.00000      0.00000      0.00000
      0.44414      0.00000      0.00000      0.00000
      0.45414      0.00000      0.00000      0.00000
      0.46414      0.00000      0.00000      0.00000
      0.47414      0.00000      0.00000      0.00000
      0.48414      0.00000      0.00000      0.00000
      0.49414      0.00000      0.00000      0.00000
      0.50414      0.00000      0.00000      0.00000
      0.51414      0.00000      0.00000      0.00000
      0.52414      0.00000      0.00000      0.00000
      0.53414      0.00000      0.00000      0.00000
      0.54414      0.00000      0.00000      0.00000
      0.55414      0.00000      0.00000      0.00000
      0.56414      0.00000      0.00000      0.00000
      0.57414      0.00000      0.00000      0.00000
      0.58414      0.00000      0.00000      0.00000
      0.59414      0.00000      0.00000      0.00000
      0.60414      0.00000      0.00000      0.00000
      0.61414      0.00000      0.00000      0.00000
      0.62414      0.00000      0.00000      0.00000
      0.63414      0.00000      0.00000      0.00000
      0.64414      0.00000      0.00000      0.00000
      0.65414      0.00000      0.00000      0.00000
      0.66414      0.00000      0.00000      0.00000
      0.67414      0.00000      0.00000      0.00000
      0.68414      0.00000      0.00000      0.00000
      0.69414      0.00000      0.00000      0.00000
      0.70414      0.00000      0.00000      0.00000
      0.71414      0.00000      0.00000      0.00000
      0.72414      0.00000      0.00000      0.00000
      0.73414      0.00000      0.00000      0.00000
      0.74414      0.00000      0.00000      0.00000
      0.75414      0.00000      0.00000      0.00000
      0.76414      0.00000      0.00000      0.00000
      0.77414      0.00000      0.00000      0.00000
      0.78414      0.00000      0.00000      0.00000
      0.79414      0.00000      0.00000      0.00000
      0.80414      0.00000      0.00000      0.00000
      0.81414      0.00000      0.00000      0.00000
      0.82414      0.00000      0.00000      0.00000
      0.83414      0.00000      0.00000      0.00000
      0.84414      0.00000      0.00000      0.00000
      0.85414      0.00000      0.00000      0.00000
      0.86414      0.00000      0.00000      0.00000
      0.87414      0.00000      0.00000      0.00000
      0.88414      0.00000      0.00000      0.00000
      0.89414      0.00000      0.00000      0.00000
      0.90414      0.00000      0.00000      0.00000
      0.91414      0.00000      0.00000      0.00000
      0.92414      0.00000      0.00000      0.00000
      0.93414      0.00000      0.00000      0.00000
      0.94414      0.00000      0.00000      0.00000
      0.95414      0.00000      0.00000      0.00000
      0.96414      0.00000      0.00000      0.00000
      0.97414      0.00000      0.00000      0.00000
      0.98414      0.00000      0.00000      0.00000
      0.99414      0.00000      0.00000      0.00000
      1.00414      0.00000      0.00000      0.00000
      1.01414      0.00000      0.00000      0.00000
      1.02414      0.00000      0.00000      0.00000
      1.03414      0.00000      0.00000      0.00000
      1.04414      0.00000      0.00000      0.00000
      1.05414      0.00000      0.00000      0.00000
      1.06414      0.00000      0.00000      0.00000
      1.07414      0.00000      0.00000      0.00000
      1.08414      0.00000      0.00000      0.00000
      1.09414      0.00000      0.00000      0.00000
      1.10414      0.00000      0.00000      0.00000
      1.11414      0.00000      0.00000      0.00000
      1.12414      0.00000      0.00000      0.00000
      1.13414      0.00000      0.00000      0.00000
      1.14414      0.00000      0.00000      0.00000
      1.15414      0.00000      0.00000      0.00000
      1.16414      0.00000      0.00000      0.00000
      1.17414      0.00000      0.00000      0.00000
      1.18414      0.00000      0.00000      0.00000
      1.19414      0.00000      0.00000      0.00000
      1.20414      0.00000      0.00000      0.00000
      1.21414      0.00000      0.00000      0.00000
      1.22414      0.00000      0.00000      0.00000
      1.23414      0.00000      0.00000      0.00000
      1.24414      0.00000      0.00000      0.00000
      1.25414      0.00000      0.00000      0.00000
      1.26414      0.00000      0.00000      0.00000
      1.27414      0.00000      0.00000      0.00000
      1.28414      0.00000      0.00000      0.00000
      1.29414      0.00000      0.00000      0.00000
      1.30414      0.00000      0.00000      0.00000
      1.31414      0.00000      0.00000      0.00000
      1.32414      0.00000      0.00000      0.00000
      1.33414      0.00000      0.00000      0.00000
      1.34414      0.00000      0.00000      0.00000
      1.35414      0.00000      0.00000      0.00000
      1.36414      0.00000      0.00000      0.00000
      1.37414      0.00000      0.00000      0.00000
      1.38414      0.00000      0.00000      0.00000
      1.39414      0.00000      0.00000      0.00000
      1.40414      0.00000      0.00000      0.00000
      1.41414      0.00000      0.00000      0.00000
      1.42414      0.00000      0.00000      0.00000
      1.43414      0.00000      0.00000      0.00000
      1.44414      0.00000      0.00000      0.00000
      1.45414      0.00000      0.00000      0.00000
      1.46414      0.00000      0.00000      0.00000
      1.47414      0.00000      0.00000      0.00000
      1.48414      0.00000      0.00000      0.00000
      1.49414      0.00000      0.00000      0.00000
      1.50414      0.00000      0.00000      0.00000
      1.51414      0.00000      0.00000      0.00000
      1.52414      0.00000      0.00000      0.00000
      1.53414      0.00000      0.00000      0.00000
      1.54414      0.00000      0.00000      0.00000
      1.55414      0.00000      0.00000      0.00000
      1.56414      0.00000      0.00000      0.00000
      1.57414      0.00000      0.00000      0.00000
      1.58414      0.00000      0.00000      0.00000
      1.59414      0.00000      0.00000      0.00000
      1.60414      0.00000      0.00000      0.00000
      1.61414      0.00000      0.00000      0.00000
      1.62414      0.00000      0.00000      0.00000
      1.63414      0.00000      0.00000      0.00000
      1.64414      0.00000      0.00000      0.00000
      1.65414      0.00000      0.00000      0.00000
      1.66414      0.00000      0.00000      0.00000
      1.67414      0.00000      0.00000      0.00000
      1.68414      0.00000      0.00000      0.00000
      1.69414      0.00000      0.00000      0.00000
      1.70414      0.00000      0.00000      0.00000
      1.71414      0.00000      0.00000      0.00000
      1.72414      0.00000      0.00000      0.00000
      1.73414      0.00000      0.00000      0.00000
      1.74414      0.00000      0.00000      0.00000
      1.75414      0.00000      0.00000      0.00000
      1.76414      0.00000      0.00000      0.00000
      1.77414      0.00000      0.00000      0.00000
      1.78414      0.00000      0.00000      0.00000
      1.79414      0.00000      0.00000      0.00000
      1.80414      0.00000      0.00000      0.00000
      1.81414      0.00000      0.00000      0.00000
      1.82414      0.00000      0.00000      0.00000
      1.83414      0.00000      0.00000      0.00000
      1.84414      0.00000      0.00000      0.00000
      1.85414      0.00000      0.00000      0.00000
      1.86414      0.00000      0.00000      0.00000
      1.87414      0.00000      0.00000      0.00000
      1.88414      0.00000      0.00000      0.00000
      1.89414      0.00000      0.00000      0.00000
      1.90414      0.00000      0.00000      0.00000
      1.91414      0.00000      0.00000      0.00000
      1.92414      0.00000      0.00000      0.00000
      1.93414      0.00000      0.00000      0.00000
      1.94414      0.00000      0.00000      0.00000
      1.95414      0.00000      0.00000      0.00000
      1.96414      0.00000      0.00000      0.00000
      1.97414      0.00000      0.00000      0.00000
      1.98414      0.00000      0.00000      0.00000
      1.99414      0.00000      0.00000      0.00000
      2.00414      0.00000      0.00000      0.00000
      2.01414      0.00000      0.00000      0.00000
      2.02414      0.00000      0.00000      0.00000
      2.03414      0.00000      0.00000      0.00000
      2.04414      0.00000      0.00000      0.00000
      2.05414      0.00000      0.00000      0.00000
      2.06414      0.00000      0.00000      0.00000
      2.07414      0.00000      0.00000      0.00000
      2.08414      0.00000      0.00000      0.00000
      2.09414      0.00000      0.00000      0.00000
      2.10414      0.00000      0.00000      0.00000
      2.11414      0.00000      0.00000      0.00000
      2.12414      0.00000      0.00000      0.00000
      2.13414      0.00000      0.00000      0.00000
      2.14414      0.00000      0.00000      0.00000
      2.15414      0.00000      0.00000      0.00000
      2.16414      0.00000      0.00000      0.00000
      2.17414      0.00000      0.00000      0.00000
      2.18414      0.00000      0.00000      0.00000
      2.19414      0.00000      0.00000      0.00000
      2.20414      0.00000      0.00000      0.00000
      2.21414      0.00000      0.00000      0.00000
      2.22414      0.00000      0.00000      0.00000
      2.23414      0.00000      0.00000      0.00000
      2.24414      0.00000      0.00000      0.00000
      2.25414      0.00000      0.00000      0.00000
      2.26414      0.00000      0.00000      0.00000
      2.27414      0.00000      0.00000      0.00000
      2.28414      0.00000      0.00000      0.00000
      2.29414      0.00000      0.00000      0.00000
      2.30414      0.00000      0.00000      0.00000
      2.31414      0.00000      0.00000      0.00000
      2.32414      0.00000      0.00000      0.00000
      2.33414      0.00000      0.00000      0.00000
      2.34414      0.00000      0.00000      0.00000
      2.35414      0.00000      0.00000      0.00000
      2.36414      0.00000      0.00000      0.00000
      2.37414      0.00000      0.00000      0.00000
      2.38414      0.00000      0.00000      0.00000
      2.39414      0.00000      0.00000      0.00000
      2.40414      0.00000      0.00000      0.00000
      2.41414      0.00000      0.00000      0.00000
      2.42414      0.00000      0.00000      0.00000
      2.43414      0.00000      0.00000      0.00000
      2.44414      0.00000      0.00000      0.00000
      2.45414      0.00000      0.00000      0.00000
      2.46414      0.00000      0.00000      0.00000
      2.47414      0.00000      0.00000      0.00000
      2.48414      0.00000      0.00000      0.00000
      2.49414      0.00000      0.00000      0.00000
      2.50414      0.00000      0.00000      0.00000
      2.51414      0.00000      0.00000      0.00000
      2.52414      0.00000      0.00000      0.00000
      2.53414      0.00000      0.00000      0.00000
      2.54414      0.00000      0.00000      0.00000
      2.55414      0.00000      0.00000      0.00000
      2.56414      0.00000      0.00000      0.00000
      2.57414      0.00000      0.00000      0.00000
      2.58414      0.00000      0.00000      0.00000
      2.59414      0.00000      0.00000      0.00000
      2.60414      0.00000      0.00000      0.00000
      2.61414      0.00000      0.00000      0.00000
      2.62414      0.00000      0.00000      0.00000
      2.63414      0.00000      0.00000      0.00000
      2.64414      0.00000      0.00000      0.00000
      2.65414      0.00000      0.00000      0.00000
      2.66414      0.00000      0.00000      0.00000
      2.67414      0.00000      0.00000      0.00000
      2.68414      0.00000      0.00000      0.00000
      2.69414      0.00000      0.00000      0.00000
      2.70414      0.00000      0.00000      0.00000
      2.71414      0.00000      0.00000      0.00000
      2.72414      0.00000      0.00000      0.00000
      2.73414      0.00000      0.00000      0.00000
      2.74414      0.00000      0.00000      0.00000
      2.75414      0.00000      0.00000      0.00000
      2.76414      0.00000      0.00000      0.00000
      2.77414      0.00000      0.00000      0.00000
      2.78414      0.00000      0.00000      0.00000
      2.79414      0.00000      0.00000      0.00000
      2.80414      0.00000      0.00000      0.00000
      2.81414      0.00000      0.00000      0.00000
      2.82414      0.00000      0.00000      0.00000
      2.83414      0.00000      0.00000      0.00000
      2.84414      0.00000      0.00000      0.00000
      2.85414      0.00000      0.00000      0.00000
      2.86414      0.00000      0.00000      0.00000
      2.87414      0.00000      0.00000      0.00000
      2.88414      0.00000      0.00000      0.00000
      2.89414      0.00000      0.00000      0.00000
      2.90414      0.00000      0.00000      0.00000
      2.91414      0.00000      0.00000      0.00000
      2.92414      0.00000      0.00000      0.00000
      2.93414      0.00000      0.00000      0.00000
      2.94414      0.00000      0.00000      0.00000
      2.95414      0.00000      0.00000      0.00000
      2.96414      0.00000      0.00000      0.00000
      2.97414      0.00000      0.00000      0.00000
      2.98414      0.00000      0.00000      0.00000
      2.99414      0.00000      0.00000      0.00000
      3.00414      0.00000      0.00000      0.00000
      3.01414      0.00000      0.00000      0.00000
      3.02414      0.00000      0.00000      0.00000
      3.03414      0.00000      0.00000      0.00000
      3.04414      0.00000      0.00000      0.00000
      3.05414      0.00000      0.00000      0.00000
      3.06414      0.00000      0.00000      0.00000
      3.07414      0.00000      0.00000      0.00000
      3.08414      0.00000      0.00000      0.00000
      3.09414      0.00000      0.00000      0.00000
      3.10414      0.00000      0.00000      0.00000
      3.11414      0.00000      0.00000      0.00000
      3.12414      0.00000      0.00000      0.00000
      3.13414      0.00000      0.00000      0.00000
      3.14414      0.00000      0.00000      0.00000
      3.15414      0.00000      0.00000      0.00000
      3.16414      0.00000      0.00000      0.00000
      3.17414      0.00000      0.00000      0.00000
      3.18414      0.00000      0.00000      0.00000
      3.19414      0.00000      0.00000      0.00000
      3.20414      0.00000      0.00000      0.00000
      3.21414      0.00000      0.00000      0.00000
      3.22414      0.00000      0.00000      0.00000
      3.23414      0.00000      0.00000      0.00000
      3.24414      0.00000      0.00000      0.00000
      3.25414      0.00000      0.00000      0.00000
      3.26414      0.00000      0.00000      0.00000
      3.27414      0.00000      0.00000      0.00000
      3.28414      0.00000      0.00000      0.00000
      3.29414      0.00476      0.00005      0.00471
      3.30414      0.25677      0.00278      0.25399
      3.31414      5.08043      0.05511      5.02532
      3.32414     39.70119      0.43264     39.26855
      3.33414    131.22461      1.44370    129.78091
      3.34414    209.70526      2.35244    207.35282
      3.35414    205.99643      2.39676    203.59967
      3.36414    171.83862      2.10923    169.72938
      3.37414    148.31706      1.92762    146.38944
      3.38414    133.27185      1.83066    131.44119
      3.39414    123.96761      1.79524    122.17237
      3.40414    117.14774      1.78652    115.36121
      3.41414    110.38665      1.76544    108.62121
      3.42414    106.57955      1.79171    104.78784
      3.43414    106.97099      1.87778    105.09321
      3.44414    136.77170      2.49457    134.27713
      3.45414    193.31424      3.56733    189.74691
      3.46414    224.81333      4.21740    220.59593
      3.47414    210.66098      4.02756    206.63342
      3.48414    190.38240      3.74063    186.64177
      3.49414    174.78184      3.54212    171.23973
      3.50414    153.49468      3.18666    150.30802
      3.51414    171.09550      3.63326    167.46224
      3.52414    135.97067      2.98255    132.98812
      3.53414    137.62435      3.11100    134.51336
      3.54414    165.13823      3.72064    161.41758
      3.55414    119.90625      2.82450    117.08175
      3.56414    120.10809      3.02606    117.08204
      3.57414    147.36569      3.51324    143.85245
      3.58414    136.32109      3.31267    133.00842
      3.59414    112.91854      3.09176    109.82678
      3.60414    100.44544      2.69782     97.74761
      3.61414    143.93516      3.68126    140.25390
      3.62414    146.45044      3.92297    142.52747
      3.63414     82.10173      2.41446     79.68727
      3.64414     94.00911      2.90844     91.10067
      3.65414    143.92128      4.05293    139.86834
      3.66414    130.04037      3.47370    126.56666
      3.67414    103.94472      3.29377    100.65095
      3.68414     87.80498      3.07426     84.73071
      3.69414     87.81378      2.72058     85.09320
      3.70414    147.73958      4.37502    143.36456
      3.71414    137.80272      4.28874    133.51398
      3.72414     68.68773      2.40991     66.27782
      3.73414     77.15570      3.03690     74.11880
      3.74414    115.12483      4.04610    111.07873
      3.75414    126.76499      3.75156    123.01343
      3.76414    122.89209      4.07620    118.81589
      3.77414     96.05445      3.87324     92.18121
      3.78414     55.56306      2.36727     53.19579
      3.79414     84.69992      3.27400     81.42592
      3.80414    152.24286      5.35949    146.88337
      3.81414    123.00734      4.06760    118.93974
      3.82414     74.55765      2.98483     71.57281
      3.83414     83.74773      4.02309     79.72463
      3.84414     72.37702      3.28121     69.09581
      3.85414     93.03145      3.35397     89.67748
      3.86414    153.76751      5.67062    148.09690
      3.87414    117.24472      4.72912    112.51561
      3.88414     51.29330      2.41354     48.87976
      3.89414     66.12946      3.52346     62.60600
      3.90414     95.90817      4.69368     91.21449
      3.91414    106.28787      3.94328    102.34459
      3.92414    126.99630      4.67482    122.32148
      3.93414    115.69950      5.43285    110.26665
      3.94414     62.85546      3.40641     59.44904
      3.95414     41.87487      2.38837     39.48650
      3.96414     91.03023      4.78293     86.24730
      3.97414    133.90630      5.81184    128.09446
      3.98414    114.16550      4.18199    109.98351
      3.99414     89.50543      4.29613     85.20931
      4.00414     85.59442      5.13734     80.45708
      4.01414     50.76890      3.12427     47.64463
      4.02414     52.84695      2.86668     49.98027
      4.03414    128.79167      6.29990    122.49177
      4.04414    150.42659      9.52421    140.90239
      4.05414    120.46550     42.68474     77.78076
      4.06414    279.42216    200.10712     79.31504
      4.07414    538.86281    419.61769    119.24512
      4.08414    550.78988    450.06184    100.72803
      4.09414    512.82875    398.71994    114.10881
      4.10414    668.19997    473.09600    195.10397
      4.11414    738.68866    552.82120    185.86747
      4.12414    615.58768    509.81287    105.77481
      4.13414    533.29656    438.16755     95.12900
      4.14414    513.09455    393.75925    119.33529
      4.15414    469.48192    363.32090    106.16102
      4.16414    465.10804    342.00007    123.10798
      4.17414    497.89168    327.57867    170.31301
      4.18414    455.31554    312.24827    143.06728
      4.19414    371.61022    295.51398     76.09624
      4.20414    349.41980    283.57486     65.84494
      4.21414    378.13633    275.50149    102.63484
      4.22414    381.05683    265.46104    115.59579
      4.23414    379.50217    254.84452    124.65765
      4.24414    387.74028    248.20424    139.53604
      4.25414    367.06014    241.87732    125.18282
      4.26414    309.56161    231.75608     77.80554
      4.27414    275.52993    224.24075     51.28918
      4.28414    303.55190    219.56352     83.98838
      4.29414    343.66370    217.20775    126.45595
      4.30414    341.63709    208.99986    132.63723
      4.31414    322.85788    204.11629    118.74160
      4.32414    362.01179    198.29954    163.71225
      4.33414    442.24731    198.01938    244.22793
      4.34414    405.62082    189.90773    215.71309
      4.35414    370.69068    189.04631    181.64437
      4.36414    403.29187    183.28898    220.00289
      4.37414    436.05267    185.71951    250.33316
      4.38414    365.41674    174.97605    190.44069
      4.39414    327.91718    175.24809    152.66909
      4.40414    348.69507    171.78924    176.90583
      4.41414    293.27304    166.14513    127.12791
      4.42414    270.54737    167.76571    102.78166
      4.43414    327.42474    158.13582    169.28892
      4.44414    381.90418    170.07240    211.83178
      4.45414    314.37930    153.23917    161.14013
      4.46414    288.27748    159.28569    128.99179
      4.47414    298.31604    154.37061    143.94543
      4.48414    271.37018    148.81725    122.55293
      4.49414    234.53887    153.02968     81.50919
      4.50414    255.80331    143.17276    112.63055
      4.51414    349.90516    150.30800    199.59717
      4.52414    348.23708    149.00563    199.23145
      4.53414    247.85103    139.88788    107.96315
      4.54414    262.35960    143.64638    118.71322
      4.55414    447.29181    156.63522    290.65658
      4.56414    567.76255    161.11286    406.64969
      4.57414    499.74652    159.15595    340.59056
      4.58414    441.71051    157.00122    284.70930
      4.59414    488.65060    146.05295    342.59765
      4.60414    540.78792    153.68989    387.09802
      4.61414    447.85045    152.68704    295.16340
      4.62414    321.97355    129.85321    192.12034
      4.63414    331.11764    142.66840    188.44924
      4.64414    407.20254    149.04171    258.16083
      4.65414    421.45245    126.00897    295.44348
      4.66414    411.18219    141.19537    269.98681
      4.67414    371.37086    143.70982    227.66104
      4.68414    310.93459    114.64894    196.28565
      4.69414    352.30402    136.79085    215.51316
      4.70414    374.66365    146.49803    228.16563
      4.71414    317.43145    108.77461    208.65684
      4.72414    304.92370    124.31696    180.60673
      4.73414    361.21404    149.20814    212.00590
      4.74414    366.73690    112.10634    254.63056
      4.75414    336.96108    112.44870    224.51239
      4.76414    347.34048    148.18039    199.16009
      4.77414    297.88348    115.49475    182.38873
      4.78414    260.54217     94.37525    166.16692
      4.79414    324.42926    141.64852    182.78074
      4.80414    303.48139    132.66233    170.81906
      4.81414    293.86693     87.22269    206.64424
      4.82414    369.88182    120.28698    249.59484
      4.83414    338.76734    147.78081    190.98652
      4.84414    263.02612     97.17024    165.85588
      4.85414    263.63338     88.51128    175.12210
      4.86414    334.83114    144.53778    190.29336
      4.87414    294.54895    127.12792    167.42102
      4.88414    207.01307     72.85075    134.16232
      4.89414    264.60171    107.29898    157.30273
      4.90414    360.79548    150.94845    209.84704
      4.91414    363.46840    103.66911    259.79928
      4.92414    286.67971     73.83991    212.83980
      4.93414    262.69807    127.77429    134.92378
      4.94414    236.26615    137.61315     98.65300
      4.95414    164.93876     72.67353     92.26523
      4.96414    243.25912     78.35971    164.89941
      4.97414    378.43782    146.23949    232.19832
      4.98414    381.77083    130.69931    251.07153
      4.99414    255.20619     63.51342    191.69277
      5.00414    190.76766     81.17537    109.59229
      5.01414    284.54040    147.84495    136.69545
      5.02414    277.36471    117.73341    159.63130
      5.03414    158.20709     52.87908    105.32801
      5.04414    212.90801     85.73413    127.17389
      5.05414    339.09016    150.44964    188.64052
      5.06414    314.98016    110.85887    204.12129
      5.07414    270.41366     53.72668    216.68698
      5.08414    261.19998     87.50426    173.69572
      5.09414    258.12201    147.75938    110.36263
      5.10414    239.73552    109.41782    130.31770
      5.11414    191.56108     47.16452    144.39656
      5.12414    182.21722     74.47190    107.74531
      5.13414    260.29592    145.35256    114.94336
      5.14414    256.51955    117.45350    139.06604
      5.15414    211.26128     49.25001    162.01127
      5.16414    281.24866     68.10069    213.14797
      5.17414    356.83219    142.52200    214.31018
      5.18414    262.07034    128.69428    133.37606
      5.19414    161.70011     52.08992    109.61019
      5.20414    253.42654     52.88241    200.54414
      5.21414    422.76235    133.06751    289.69484
      5.22414    435.99547    154.95420    281.04127
      5.23414    274.99775     74.05221    200.94554
      5.24414    120.61358     33.15948     87.45410
      5.25414    119.98427     87.10476     32.87951
      5.26414    214.29660    147.55204     66.74456
      5.27414    239.73890     99.30951    140.42939
      5.28414    196.93522     38.80761    158.12761
      5.29414    206.39459     62.32893    144.06566
      5.30414    320.06986    140.68359    179.38627
      5.31414    326.16650    132.05323    194.11327
      5.32414    192.48956     51.98080    140.50877
      5.33414    184.00922     39.02244    144.98678
      5.34414    257.74776    106.68242    151.06533
      5.35414    228.08962    147.24244     80.84718
      5.36414    144.16435     81.33004     62.83431
      5.37414    184.37911     32.41816    151.96095
      5.38414    282.27382     67.66357    214.61025
      5.39414    304.70606    141.28863    163.41743
      5.40414    266.78685    127.07242    139.71443
      5.41414    213.89139     51.82925    162.06215
      5.42414    194.64694     39.00250    155.64444
      5.43414    279.69784    105.25799    174.43985
      5.44414    286.08515    147.82079    138.26436
      5.45414    142.52456     83.82066     58.70389
      5.46414     96.49990     33.59531     62.90459
      5.47414    193.63984     68.93833    124.70151
      5.48414    314.36155    132.44967    181.91188
      5.49414    342.10819    125.22790    216.88028
      5.50414    288.01881     72.90774    215.11107
      5.51414    252.69612     73.76209    178.93403
      5.52414    225.40768     95.79497    129.61271
      5.53414    182.73754    104.66591     78.07163
      5.54414    208.10091    123.05560     85.04531
      5.55414    303.37230    115.49272    187.87957
      5.56414    292.51612     78.34614    214.16999
      5.57414    211.42059     92.14718    119.27341
      5.58414    261.82816    142.36038    119.46778
      5.59414    333.47173    119.10053    214.37120
      5.60414    275.57172     82.32478    193.24693
      5.61414    168.22446     85.58125     82.64321
      5.62414    141.15998     77.05753     64.10245
      5.63414    228.24770     91.03089    137.21681
      5.64414    310.19136    110.73714    199.45422
      5.65414    280.28738    103.81400    176.47338
      5.66414    232.96422     79.19734    153.76688
      5.67414    332.01634    144.68901    187.32733
      5.68414    553.73584    368.49903    185.23682
      5.69414    652.22724    491.61079    160.61645
      5.70414    476.07339    351.96513    124.10826
      5.71414    343.57882    219.07599    124.50283
      5.72414    405.46881    198.84262    206.62619
      5.73414    485.50770    215.12613    270.38157
      5.74414    463.56331    208.53616    255.02715
      5.75414    307.71323    146.03319    161.68004
      5.76414    261.67240    127.73198    133.94042
      5.77414    391.61298    207.72697    183.88600
      5.78414    411.49020    226.36774    185.12246
      5.79414    312.05058    150.61627    161.43431
      5.80414    292.90009     94.97579    197.92429
      5.81414    404.28360    132.13791    272.14569
      5.82414    461.70408    186.41386    275.29022
      5.83414    405.39011    203.32667    202.06344
      5.84414    400.61297    239.71869    160.89428
      5.85414    423.53834    210.85670    212.68165
      5.86414    532.25435    223.52640    308.72795
      5.87414    608.95124    246.70130    362.24994
      5.88414    491.09503    208.60518    282.48984
      5.89414    408.53992    184.55161    223.98831
      5.90414    351.40244    146.59489    204.80755
      5.91414    259.38289    131.95840    127.42448
      5.92414    153.92348    107.77748     46.14599
      5.93414     63.08276     52.41225     10.67051
      5.94414     14.94910     12.98685      1.96225
      5.95414     27.84893     21.97136      5.87757
      5.96414    148.04923    109.70172     38.34751
      5.97414    328.27610    220.78101    107.49509
      5.98414    354.03462    199.66422    154.37040
      5.99414    322.73171    163.94839    158.78332
      6.00414    288.12222    150.74911    137.37311
      6.01414    180.76506     73.74335    107.02171
      6.02414    101.07023     19.36620     81.70403
      6.03414     40.66142      4.35731     36.30410
      6.04414      7.75805      0.97637      6.78168
      6.05414     11.34896      5.56825      5.78071
      6.06414     82.34962     38.61442     43.73520
      6.07414    247.88043    113.33112    134.54931
      6.08414    318.48667    161.08752    157.39915
      6.09414    231.15940    155.41104     75.74836
      6.10414    190.57863    164.35217     26.22646
      6.11414    193.51116    170.59328     22.91788
      6.12414    151.89791    103.42519     48.47271
      6.13414    185.08417     71.86611    113.21806
      6.14414    306.45652    158.51986    147.93666
      6.15414    367.57128    248.50583    119.06545
      6.16414    359.58802    249.14917    110.43884
      6.17414    280.89366    178.04083    102.85283
      6.18414    222.93942    161.96443     60.97499
      6.19414    291.15698    243.87338     47.28360
      6.20414    257.69210    213.93175     43.76035
      6.21414    135.55812     85.94941     49.60871
      6.22414    134.08952     47.32102     86.76849
      6.23414    231.10077    114.05857    117.04220
      6.24414    332.30001    197.68163    134.61837
      6.25414    379.20157    243.53856    135.66302
      6.26414    331.68022    211.37913    120.30108
      6.27414    192.72902    121.96434     70.76468
      6.28414    169.83693    113.43069     56.40624
      6.29414    210.41295    124.41746     85.99549
      6.30414    176.57731     98.36806     78.20925
      6.31414    141.33186    102.32122     39.01065
      6.32414    147.78785    115.14542     32.64243
      6.33414    177.26323    105.04578     72.21746
      6.34414    307.90087    134.20047    173.70040
      6.35414    429.16917    190.70499    238.46418
      6.36414    374.16286    210.75976    163.40309
      6.37414    256.61155    189.87548     66.73607
      6.38414    159.75564    132.74469     27.01095
      6.39414    141.49105    102.94897     38.54208
      6.40414    191.87225    112.38322     79.48903
      6.41414    225.81894    143.46463     82.35431
      6.42414    186.05308    140.44909     45.60399
      6.43414    133.19578     95.20229     37.99350
      6.44414    164.51475     90.85385     73.66090
      6.45414    176.77711     90.34865     86.42846
      6.46414    215.76518    123.55487     92.21031
      6.47414    293.63724    164.28271    129.35681
      6.48414    268.70832    133.06795    135.73957
      6.49414    197.81373     96.71137    102.75997
      6.50414    272.51736    223.26830     60.28768
      6.51414    499.69904    482.70622     48.07316
      6.52414    522.30795    520.49136     43.32710
      6.53414    410.34023    387.49547     58.86406
      6.54414    513.29439    475.33459     82.21573
      6.55414    734.80207    730.73889     71.55392
      6.56414    829.33360    812.51903     89.38384
      6.57414    853.60455    794.84278    119.73357
      6.58414    796.59572    729.56113    118.79759
      6.59414    576.90563    533.79240     88.69248
      6.60414    359.32133    358.05403     38.45351
      6.61414    337.07386    334.44165     36.77551
      6.62414    473.64379    415.02862     96.21531
      6.63414    539.42278    445.83286    131.01403
      6.64414    461.54890    412.54326     83.42004
      6.65414    381.22151    387.00193     27.40143
      6.66414    388.73683    399.16200     24.17673
      6.67414    392.53454    361.83278     62.94919
      6.68414    377.03487    324.37089     79.01702
      6.69414    351.32510    335.17488     41.31318
      6.70414    356.97043    364.43302     20.98021
      6.71414    385.15610    353.97828     60.90114
      6.72414    452.31696    333.75335    147.25421
      6.73414    552.70751    376.62592    201.91777
      6.74414    519.37489    374.51170    165.25016
      6.75414    394.21119    337.78228     77.90730
      6.76414    341.87561    337.20285     31.38158
      6.77414    303.90161    314.26845     16.77649
      6.78414    286.18519    299.25111     12.03484
      6.79414    317.24783    310.25404     31.52416
      6.80414    393.65135    323.64519     92.35415
      6.81414    448.70099    320.84377    144.90965
      6.82414    420.58026    306.09279    134.16329
      6.83414    303.76325    243.78200     81.73965
      6.84414    235.50484    210.43017     46.37978
      6.85414    300.80970    252.90922     70.51512
      6.86414    312.03992    257.57250     74.33444
      6.87414    256.00939    247.19906     30.71417
      6.88414    196.56041    208.52737      7.13128
      6.89414    209.91331    219.66621      7.54112
      6.90414    259.16268    256.13324     23.26542
      6.91414    337.31936    262.88325     92.76298
      6.92414    481.88971    291.95862    205.04185
      6.93414    449.98816    249.52513    209.35917
      6.94414    249.30689    136.89384    115.70552
      6.95414    244.79881    162.26383     89.45726
      6.96414    399.93460    338.59920     80.45873
      6.97414    451.93938    441.63215     36.37690
      6.98414    355.50300    365.22985     11.67699
      6.99414    256.57452    257.57868     17.10477
      7.00414    305.26620    255.70117     69.31216
      7.01414    392.95434    266.36919    141.55557
      7.02414    365.20431    239.35052    133.64208
      7.03414    270.49900    223.19227     59.59068
      7.04414    205.55647    212.02790     13.60811
      7.05414    124.34205    122.35722     14.95971
      7.06414     97.26300     48.89047     52.34948
      7.07414    186.97211    110.92371     82.03464
      7.08414    363.18929    290.12920     88.36947
      7.09414    495.11558    398.70608    119.41267
      7.10414    470.01697    359.43547    136.29243
      7.11414    356.23206    240.04058    132.86353
      7.12414    291.66089    178.46380    122.05166
      7.13414    338.48794    252.59981    102.85677
      7.14414    339.80660    288.20544     73.61350
      7.15414    212.78129    188.81501     35.04062
      7.16414    169.45857    125.16391     49.14752
      7.17414    291.36103    192.19952    110.28465
      7.18414    348.54993    246.76225    119.91885
      7.19414    246.56392    198.38319     62.25809
      7.20414    171.13013    130.75010     45.43400
      7.21414    160.86663     78.54126     83.09352
      7.22414    188.92546     76.13114    112.89709
      7.23414    248.71774    124.43219    125.26012
      7.24414    326.28000    212.60150    120.02813
      7.25414    423.38824    314.83867    125.43845
      7.26414    457.70352    340.60342    137.91490
      7.27414    397.85023    294.16008    118.67966
      7.28414    318.89012    260.24760     71.79789
      7.29414    415.03005    346.63379     87.48577
      7.30414    626.55483    461.42657    184.28736
      7.31414    681.53947    456.14433    236.57154
      7.32414    524.75666    339.12810    193.49736
      7.33414    429.13706    250.62523    191.41061
      7.34414    428.78331    246.22814    198.61791
      7.35414    332.72299    219.08316    127.13608
      7.36414    207.86391    130.34962     84.03886
      7.37414    166.84725     79.99879     89.88540
      7.38414    232.98414    153.30747     86.71480
      7.39414    369.50351    302.86131     78.34672
      7.40414    437.86137    349.02577    101.18292
      7.41414    366.48840    244.23311    131.94648
      7.42414    297.23874    141.68224    159.37388
      7.43414    291.85777    115.94154    176.50803
      7.44414    214.10294     77.05387    137.08701
      7.45414    154.59682     71.31566     83.38628
      7.46414    247.55728    172.45296     76.17727
      7.47414    414.96049    319.54296     99.70416
      7.48414    446.27342    360.20167     93.58292
      7.49414    294.69181    248.15054     54.09805
      7.50414    186.57649    122.48042     68.92124
      7.51414    214.15327     79.94134    135.71643
      7.52414    325.63921    144.36197    181.47147
      7.53414    429.39453    235.94917    193.59834
      7.54414    393.10118    243.33012    151.02121
      7.55414    296.17722    228.42423     73.38176
      7.56414    354.42245    328.24477     42.26632
      7.57414    483.93873    429.49074     78.91971
      7.58414    427.95873    319.91349    125.62277
      7.59414    397.36801    216.88201    191.71953
      7.60414    477.73882    222.78805    267.94601
      7.61414    498.56016    245.77234    268.19703
      7.62414    412.24542    247.13036    178.59522
      7.63414    289.16377    219.33974     80.76922
      7.64414    200.34305    175.87988     31.96244
      7.65414    180.28462    160.54082     28.11933
      7.66414    227.92305    175.30386     65.81306
      7.67414    272.04151    187.12657     96.29212
      7.68414    263.38127    182.54721     90.79571
      7.69414    198.51409    132.43113     74.69906
      7.70414    223.58603    108.21047    120.60299
      7.71414    298.29112    154.19226    152.80347
      7.72414    247.86089    167.63345     92.70156
      7.73414    209.18937    152.15685     64.55025
      7.74414    230.17303    173.87781     61.52001
      7.75414    236.63464    204.54321     40.53575
      7.76414    192.53016    157.26624     41.95573
      7.77414    113.12165     70.91983     44.17657
      7.78414     46.99741     23.25572     24.00138
      7.79414     62.53457     32.73977     30.52935
      7.80414    180.55038    112.66670     72.16388
      7.81414    272.43091    187.31909     94.66506
      7.82414    295.33865    195.50023    109.65071
      7.83414    317.25494    216.11920    109.95978
      7.84414    258.67163    178.40201     87.10097
      7.85414    182.62819    104.61512     80.42102
      7.86414    152.27344     97.67388     54.92040
      7.87414    127.45138     99.33694     28.13022
      7.88414    111.43571     81.62985     29.80615
      7.89414    108.77137     52.87285     55.89873
      7.90414    133.89111     60.67895     73.22368
      7.91414    126.36864     83.97992     42.62417
      7.92414     85.24222     75.98339     11.02978
      7.93414     91.27833     93.46291      2.71634
      7.94414    133.75182    128.14928     10.61853
      7.95414    225.13034    186.14643     41.35957
      7.96414    401.79650    305.79234     99.74983
      7.97414    550.41266    407.64853    151.75711
      7.98414    485.29986    334.41510    159.57188
      7.99414    363.15040    235.91913    130.65390
      8.00414    277.60338    216.58017     62.23898
      8.01414    181.71248    165.90660     16.82477
      8.02414     94.30633     89.54209      7.28945
      8.03414    118.49086    100.39921     25.09672
      8.04414    210.67060    157.19499     62.34849
      8.05414    240.81215    186.86317     59.94250
      8.06414    155.88631    135.21603     23.21680
      8.07414     54.35167     49.51053      5.39360
      8.08414     45.10934     36.90668      8.25160
      8.09414    103.99855     84.88503     19.11515
      8.10414    164.35924    137.71466     26.64467
      8.11414    184.29522    149.41437     34.88587
      8.12414    163.14075    107.18894     56.08172
      8.13414    206.69140    111.12968     96.79656
      8.14414    297.04359    188.95890    112.41008
      8.15414    389.10947    292.53892    102.24025
      8.16414    363.79264    300.72284     66.24280
      8.17414    249.41897    204.71555     46.08299
      8.18414    221.97095    126.04246     96.53276
      8.19414    264.70589    104.33323    160.59833
      8.20414    291.44924    114.81074    177.86777
      8.21414    380.57525    194.95204    191.43888
      8.22414    415.09090    262.39309    163.43419
      8.23414    257.18349    190.22297     77.79161
      8.24414    195.89806    161.22182     47.05358
      8.25414    294.77560    222.94035     81.92775
      8.26414    381.44514    280.75110    104.08110
      8.27414    355.88790    268.57596     87.99194
      8.28414    285.67054    217.42250     69.64990
      8.29414    231.50172    185.23837     48.97730
      8.30414    211.34703    176.40762     36.99285
      8.31414    193.85329    162.06891     32.48400
      8.32414    160.07024    131.13611     29.26039
      8.33414    166.97962    120.47059     48.48085
