Energy-E_F (eV)    DOS (1/eV)    PDOS (1/eV)  of atom type H  C  
     -4.99000    237.24147     20.25451    216.98696
     -4.98000    266.55052     26.09819    240.45233
     -4.97000    384.75616     41.45359    343.30256
     -4.96000    475.92580     45.80637    430.11943
     -4.95000    409.49528     28.83370    380.66158
     -4.94000    303.20080     17.28376    285.91704
     -4.93000    279.48644     23.61519    255.87126
     -4.92000    258.37466     34.08027    224.29439
     -4.91000    181.15838     29.88498    151.27340
     -4.90000    126.96939     14.92751    112.04187
     -4.89000    155.82925     10.13486    145.69439
     -4.88000    242.64805     21.44251    221.20554
     -4.87000    284.03989     32.48880    251.55110
     -4.86000    241.94947     29.71994    212.22953
     -4.85000    161.07525     17.39424    143.68101
     -4.84000    103.67192      9.59866     94.07327
     -4.83000    202.35334     18.82989    183.52345
     -4.82000    325.10742     31.58487    293.52254
     -4.81000    264.46743     30.62680    233.84062
     -4.80000    132.56842     19.35834    113.21007
     -4.79000    101.96983     10.45467     91.51516
     -4.78000    206.29311     15.63862    190.65449
     -4.77000    291.52523     27.43925    264.08598
     -4.76000    255.79749     32.62469    223.17279
     -4.75000    175.49318     23.99194    151.50124
     -4.74000    155.17433     13.34285    141.83148
     -4.73000    162.83655     12.47180    150.36475
     -4.72000    185.36435     18.67698    166.68737
     -4.71000    276.48925     32.64009    243.84916
     -4.70000    278.88409     32.11985    246.76423
     -4.69000    177.46725     17.67814    159.78911
     -4.68000    115.81236     11.23899    104.57337
     -4.67000    127.97535     12.28131    115.69404
     -4.66000    260.20968     26.36711    233.84256
     -4.65000    323.02967     36.29682    286.73286
     -4.64000    216.50703     25.63689    190.87015
     -4.63000    123.22424     12.18472    111.03952
     -4.62000    128.35463     10.30366    118.05097
     -4.61000    201.69443     21.65932    180.03511
     -4.60000    280.89090     32.64678    248.24412
     -4.59000    272.56421     30.21366    242.35055
     -4.58000    177.84361     15.97674    161.86687
     -4.57000    133.97234     10.92748    123.04486
     -4.56000    168.92135     22.03941    146.88195
     -4.55000    234.52619     29.91443    204.61176
     -4.54000    292.59490     30.93682    261.65808
     -4.53000    312.30134     36.19757    276.10377
     -4.52000    285.34983     42.09674    243.25308
     -4.51000    286.51630     47.04208    239.47422
     -4.50000    304.12808     47.80980    256.31829
     -4.49000    355.95266     47.06850    308.88417
     -4.48000    361.67600     42.37310    319.30290
     -4.47000    266.12642     33.23311    232.89331
     -4.46000    178.02934     23.99614    154.03320
     -4.45000    272.34395     36.26658    236.07737
     -4.44000    391.03177     55.38545    335.64632
     -4.43000    296.52871     39.16208    257.36664
     -4.42000    214.10683     20.72355    193.38328
     -4.41000    264.20675     27.08154    237.12521
     -4.40000    300.08076     36.66226    263.41850
     -4.39000    274.24513     42.23660    232.00853
     -4.38000    272.84440     41.43671    231.40768
     -4.37000    292.07498     31.00228    261.07270
     -4.36000    287.11639     22.60281    264.51358
     -4.35000    281.86428     33.47268    248.39159
     -4.34000    287.10926     43.94372    243.16555
     -4.33000    248.88002     35.77469    213.10534
     -4.32000    256.63249     27.66979    228.96271
     -4.31000    324.54892     32.94695    291.60196
     -4.30000    336.94284     39.26513    297.67771
     -4.29000    277.82534     34.56940    243.25594
     -4.28000    278.07835     34.37875    243.69960
     -4.27000    282.88749     35.31248    247.57501
     -4.26000    255.88236     31.68936    224.19300
     -4.25000    295.37463     32.24452    263.13011
     -4.24000    407.62468     43.26375    364.36093
     -4.23000    378.09409     45.06754    333.02655
     -4.22000    258.61289     32.41004    226.20285
     -4.21000    224.56570     24.22051    200.34519
     -4.20000    322.87760     37.19528    285.68232
     -4.19000    452.32763     54.28812    398.03951
     -4.18000    511.58793     51.30866    460.27928
     -4.17000    590.89736     53.69546    537.20190
     -4.16000    827.99958     81.91292    746.08665
     -4.15000   1073.23293    103.68927    969.54366
     -4.14000   1256.14554    108.76911   1147.37644
     -4.13000   1327.51880    107.94664   1219.57216
     -4.12000   1376.92264    114.59620   1262.32644
     -4.11000   1369.83024    125.03263   1244.79761
     -4.10000   1034.55430    101.56742    932.98687
     -4.09000    571.36697     55.58552    515.78145
     -4.08000    329.82886     24.43391    305.39495
     -4.07000    352.04535     26.24859    325.79676
     -4.06000    472.89849     46.49228    426.40620
     -4.05000    414.09049     40.47877    373.61172
     -4.04000    268.83813     21.26767    247.57047
     -4.03000    273.53455     26.37948    247.15507
     -4.02000    336.57798     38.17894    298.39904
     -4.01000    348.52227     36.06675    312.45552
     -4.00000    329.35157     29.54825    299.80332
     -3.99000    318.86637     29.15478    289.71160
     -3.98000    349.99885     38.51914    311.47971
     -3.97000    318.55595     39.73532    278.82063
     -3.96000    248.38751     26.22521    222.16230
     -3.95000    256.21236     26.39883    229.81353
     -3.94000    350.88834     40.74768    310.14066
     -3.93000    398.11176     42.76123    355.35053
     -3.92000    305.50341     34.80193    270.70148
     -3.91000    254.68244     32.03072    222.65171
     -3.90000    288.07211     35.97260    252.09952
     -3.89000    327.47818     39.70740    287.77078
     -3.88000    412.17510     43.46812    368.70698
     -3.87000    445.96744     43.54655    402.42089
     -3.86000    377.86966     41.19638    336.67328
     -3.85000    417.34615     49.29576    368.05039
     -3.84000    404.90896     51.42025    353.48870
     -3.83000    329.41617     48.08701    281.32916
     -3.82000    417.90165     56.95442    360.94722
     -3.81000    590.21405     79.09272    511.12134
     -3.80000    579.72220     96.74963    482.97257
     -3.79000    434.00827     78.07798    355.93029
     -3.78000    309.49101     35.67802    273.81300
     -3.77000    267.77467     16.18753    251.58714
     -3.76000    276.33815     19.09038    257.24777
     -3.75000    300.14223     18.85035    281.29188
     -3.74000    232.92430     10.54022    222.38408
     -3.73000    192.77411      8.10642    184.66768
     -3.72000    261.31134     14.37561    246.93573
     -3.71000    260.81565     15.58452    245.23114
     -3.70000    212.78698     12.02800    200.75898
     -3.69000    237.71753     12.00602    225.71150
     -3.68000    309.46957     15.51932    293.95025
     -3.67000    269.72022     15.41346    254.30676
     -3.66000    180.28950      9.12137    171.16814
     -3.65000    221.95228      9.33967    212.61261
     -3.64000    296.73932     16.51701    280.22231
     -3.63000    350.38567     20.23534    330.15033
     -3.62000    349.35058     14.53135    334.81923
     -3.61000    285.58109      8.64144    276.93965
     -3.60000    218.97117     10.26088    208.71029
     -3.59000    202.22346     17.09287    185.13059
     -3.58000    186.14255     15.28403    170.85852
     -3.57000    130.51560      6.66362    123.85199
     -3.56000     84.31858      4.96617     79.35241
     -3.55000     97.03709     10.93594     86.10115
     -3.54000    133.59716     14.33282    119.26434
     -3.53000    132.55456     10.30279    122.25177
     -3.52000    129.67542      7.02016    122.65526
     -3.51000    140.57198     10.23357    130.33842
     -3.50000    118.10341     12.17975    105.92366
     -3.49000     94.51871      9.00837     85.51033
     -3.48000    110.98352      8.44483    102.53869
     -3.47000    175.01234     11.83173    163.18062
     -3.46000    290.64104     15.44981    275.19123
     -3.45000    279.19786     11.36481    267.83305
     -3.44000    225.26081      9.20444    216.05637
     -3.43000    289.83381     14.97237    274.86144
     -3.42000    271.81924     16.77915    255.04010
     -3.41000    201.75729     10.46001    191.29728
     -3.40000    246.95789      8.02797    238.92992
     -3.39000    295.28743     13.74912    281.53831
     -3.38000    237.99317     17.48999    220.50317
     -3.37000    155.72063     11.17386    144.54677
     -3.36000    198.89659      6.95228    191.94431
     -3.35000    288.98081     11.99048    276.99033
     -3.34000    287.15843     18.14967    269.00877
     -3.33000    202.28669     13.41968    188.86700
     -3.32000    178.84784      7.14402    171.70382
     -3.31000    208.21096      9.94789    198.26307
     -3.30000    238.02673     16.55308    221.47365
     -3.29000    255.13557     14.76924    240.36633
     -3.28000    241.96891      8.87221    233.09670
     -3.27000    232.67573     10.61141    222.06433
     -3.26000    211.06507     15.66311    195.40195
     -3.25000    172.50553     12.98199    159.52354
     -3.24000    193.30494      8.44079    184.86416
     -3.23000    306.69268     12.66344    294.02924
     -3.22000    298.92066     17.09788    281.82277
     -3.21000    181.31209     12.33631    168.97578
     -3.20000    131.25311      7.55154    123.70157
     -3.19000    223.88631     12.37341    211.51290
     -3.18000    310.70969     17.38069    293.32900
     -3.17000    258.16787     12.65971    245.50816
     -3.16000    167.60198      8.45650    159.14548
     -3.15000    215.51940     13.59648    201.92292
     -3.14000    299.66186     16.87158    282.79029
     -3.13000    210.77137     10.69340    200.07797
     -3.12000    145.33558      9.09678    136.23880
     -3.11000    255.22505     15.82810    239.39695
     -3.10000    334.78086     16.13222    318.64864
     -3.09000    250.57649     10.47909    240.09740
     -3.08000    169.85870     11.90421    157.95449
     -3.07000    187.61397     15.31637    172.29760
     -3.06000    222.48368     11.57253    210.91115
     -3.05000    315.94339     12.58629    303.35710
     -3.04000    332.08325     17.83353    314.24972
     -3.03000    194.01873     13.40134    180.61739
     -3.02000    136.70058      8.70399    127.99659
     -3.01000    269.36855     15.24133    254.12722
     -3.00000    326.56366     17.61636    308.94730
     -2.99000    254.69386     12.02098    242.67288
     -2.98000    235.51817     13.01694    222.50123
     -2.97000    252.63756     16.41670    236.22086
     -2.96000    292.97110     14.67736    278.29374
     -2.95000    259.53897     13.10218    246.43679
     -2.94000    223.67932     15.71663    207.96270
     -2.93000    265.21918     15.03901    250.18017
     -2.92000    343.15670     14.68113    328.47557
     -2.91000    360.82015     18.68061    342.13954
     -2.90000    249.41068     15.62829    233.78239
     -2.89000    205.77392     12.70084    193.07308
     -2.88000    315.83160     18.09689    297.73471
     -2.87000    399.43236     19.26488    380.16748
     -2.86000    363.97378     16.59760    347.37618
     -2.85000    363.31158     19.67013    343.64145
     -2.84000    405.80277     20.32331    385.47946
     -2.83000    418.72635     20.30818    398.41817
     -2.82000    441.64815     23.64836    417.99978
     -2.81000    491.02212     23.51121    467.51091
     -2.80000    569.29780     25.08980    544.20800
     -2.79000    433.70677     21.23544    412.47132
     -2.78000    179.88180     12.57697    167.30483
     -2.77000     98.85057     11.96781     86.88276
     -2.76000     88.16295     11.18802     76.97493
     -2.75000    130.64397     11.87387    118.77010
     -2.74000    226.32932     14.12411    212.20521
     -2.73000    228.09984     13.59473    214.50511
     -2.72000    150.09316     13.67035    136.42282
     -2.71000     99.48513     12.59132     86.89381
     -2.70000    101.96822     13.49495     88.47327
     -2.69000    129.16208     13.90612    115.25595
     -2.68000    215.72825     15.79274    199.93551
     -2.67000    262.94607     16.89290    246.05317
     -2.66000    196.76319     16.79681    179.96637
     -2.65000    136.27989     16.58267    119.69722
     -2.64000    129.72556     17.42617    112.29939
     -2.63000    151.40108     18.78226    132.61882
     -2.62000    225.28016     21.17840    204.10176
     -2.61000    315.64404     24.40007    291.24397
     -2.60000    302.85574     27.22374    275.63201
     -2.59000    263.91304     31.90897    232.00407
     -2.58000    308.82215     41.66190    267.16025
     -2.57000    345.69072     46.26863    299.42209
     -2.56000    262.17798     29.62629    232.55169
     -2.55000    191.34724      9.87265    181.47459
     -2.54000    146.81479      2.92638    143.88840
     -2.53000     60.01935      0.95767     59.06168
     -2.52000     10.65428      0.17015     10.48413
     -2.51000     10.21177      0.12308     10.08869
     -2.50000     63.83959      0.78496     63.05463
     -2.49000    178.42856      2.35042    176.07815
     -2.48000    232.05039      3.30523    228.74517
     -2.47000    183.03767      2.69624    180.34143
     -2.46000    135.23559      1.90871    133.32687
     -2.45000    111.04831      1.52154    109.52677
     -2.44000     79.30647      1.08033     78.22614
     -2.43000     99.77607      1.38669     98.38938
     -2.42000    207.42981      3.01687    204.41294
     -2.41000    206.16461      3.11244    203.05217
     -2.40000     84.16693      1.30293     82.86400
     -2.39000     39.90432      0.58505     39.31927
     -2.38000     94.59124      1.32478     93.26647
     -2.37000    149.47675      2.08784    147.38891
     -2.36000    144.73200      2.16248    142.56951
     -2.35000    120.41509      2.00646    118.40863
     -2.34000    103.69974      1.65095    102.04879
     -2.33000    117.33777      1.65599    115.68178
     -2.32000    123.74029      1.73172    122.00857
     -2.31000     89.36063      1.29592     88.06472
     -2.30000     65.34409      1.07979     64.26431
     -2.29000    117.09864      1.97810    115.12054
     -2.28000    177.34493      2.72880    174.61613
     -2.27000    163.47486      2.36109    161.11376
     -2.26000     82.41274      1.18679     81.22595
     -2.25000     25.17373      0.38820     24.78553
     -2.24000     54.50015      0.93132     53.56883
     -2.23000    174.67164      2.85369    171.81795
     -2.22000    227.06739      3.53439    223.53300
     -2.21000    115.05836      1.71733    113.34103
     -2.20000     24.94586      0.36373     24.58213
     -2.19000     30.22756      0.48613     29.74142
     -2.18000    127.08858      2.10934    124.97924
     -2.17000    244.34279      4.33648    240.00631
     -2.16000    312.92132      7.37140    305.54992
     -2.15000    524.15399     15.70024    508.45375
     -2.14000    747.26424     22.98672    724.27752
     -2.13000    782.81628     22.88043    759.93585
     -2.12000    752.76556     20.57819    732.18737
     -2.11000    639.40946     17.36571    622.04375
     -2.10000    505.29308     14.44495    490.84812
     -2.09000    476.36404     13.92077    462.44327
     -2.08000    530.85228     14.78627    516.06601
     -2.07000    621.56819     16.42314    605.14505
     -2.06000    692.99935     18.50555    674.49380
     -2.05000    543.28927     15.07254    528.21673
     -2.04000    228.09139      6.45338    221.63801
     -2.03000     74.92435      1.60366     73.32069
     -2.02000    112.19488      1.47233    110.72256
     -2.01000    147.94719      2.00007    145.94712
     -2.00000     98.87898      1.63137     97.24761
     -1.99000    101.39204      2.70593     98.68611
     -1.98000    177.31121      4.96157    172.34965
     -1.97000    201.25867      4.51925    196.73942
     -1.96000    194.12888      3.09121    191.03767
     -1.95000    170.99806      2.76254    168.23552
     -1.94000    262.39714      5.15586    257.24128
     -1.93000    429.96890      8.68035    421.28854
     -1.92000    507.64114      9.92438    497.71676
     -1.91000    548.46650     10.11733    538.34918
     -1.90000    503.94792      9.29919    494.64873
     -1.89000    395.86989      7.81039    388.05950
     -1.88000    353.66789      7.22685    346.44103
     -1.87000    417.36642      8.03413    409.33229
     -1.86000    534.11270      9.53898    524.57372
     -1.85000    540.04574      9.67079    530.37495
     -1.84000    469.34669      8.98269    460.36400
     -1.83000    501.45841      9.82977    491.62864
     -1.82000    691.35029     12.98070    678.36958
     -1.81000    862.22101     15.43100    846.79001
     -1.80000    652.82100     11.31193    641.50907
     -1.79000    246.05571      4.14875    241.90696
     -1.78000     51.61826      0.81122     50.80703
     -1.77000     65.91638      0.83779     65.07859
     -1.76000    171.19745      2.08872    169.10874
     -1.75000    211.14478      2.50357    208.64122
     -1.74000    116.16404      1.35216    114.81188
     -1.73000     37.24187      0.44113     36.80074
     -1.72000     57.51381      0.71577     56.79804
     -1.71000    126.67794      1.54151    125.13642
     -1.70000    172.50471      2.02181    170.48290
     -1.69000    151.95192      1.74398    150.20794
     -1.68000     84.52672      0.98042     83.54630
     -1.67000     79.62676      0.96315     78.66361
     -1.66000    123.64629      1.46445    122.18184
     -1.65000    123.16780      1.39418    121.77362
     -1.64000     90.75617      1.01422     89.74195
     -1.63000    111.52406      1.29980    110.22425
     -1.62000    157.03274      1.85592    155.17682
     -1.61000    156.25974      1.77126    154.48849
     -1.60000    108.31800      1.13697    107.18103
     -1.59000     50.13728      0.52725     49.61003
     -1.58000     66.58110      0.80643     65.77467
     -1.57000    167.96296      1.94420    166.01875
     -1.56000    213.84452      2.30500    211.53952
     -1.55000    121.89101      1.25106    120.63995
     -1.54000     53.97825      0.59872     53.37953
     -1.53000    105.50515      1.20430    104.30085
     -1.52000    156.56439      1.64130    154.92309
     -1.51000    112.85163      1.11033    111.74130
     -1.50000    108.55736      1.12977    107.42760
     -1.49000    175.61312      1.82491    173.78821
     -1.48000    190.40762      2.00512    188.40250
     -1.47000    110.53305      1.17694    109.35610
     -1.46000     74.48085      0.58393     73.89692
     -1.45000    120.40983      0.91119    119.49865
     -1.44000    167.92851      1.62431    166.30420
     -1.43000    201.58884      2.13154    199.45730
     -1.42000    202.10261      1.90856    200.19405
     -1.41000    164.23270      1.18023    163.05247
     -1.40000    141.91816      0.80850    141.10966
     -1.39000    197.79610      1.29732    196.49877
     -1.38000    266.76803      1.96460    264.80343
     -1.37000    247.75205      1.91599    245.83606
     -1.36000    156.78387      1.41302    155.37085
     -1.35000     78.71912      0.97494     77.74418
     -1.34000     73.42669      1.31635     72.11034
     -1.33000     77.61290      1.48346     76.12943
     -1.32000     37.38295      0.70114     36.68181
     -1.31000     29.68736      0.42181     29.26555
     -1.30000     93.33199      1.32109     92.01090
     -1.29000    149.33733      2.33322    147.00411
     -1.28000    100.33014      1.71856     98.61158
     -1.27000     28.35773      0.52067     27.83706
     -1.26000     11.12719      0.22065     10.90653
     -1.25000     46.05214      0.89421     45.15793
     -1.24000    111.43454      1.97954    109.45501
     -1.23000    131.49434      1.99697    129.49737
     -1.22000     79.77027      1.04358     78.72669
     -1.21000     33.57829      0.50717     33.07112
     -1.20000     53.68766      1.09447     52.59319
     -1.19000     80.75672      1.66904     79.08768
     -1.18000     57.36658      1.07907     56.28751
     -1.17000     62.05647      0.80219     61.25428
     -1.16000     98.32297      1.27938     97.04358
     -1.15000    107.37198      1.80391    105.56807
     -1.14000     86.78652      1.73179     85.05473
     -1.13000     36.70282      0.76460     35.93822
     -1.12000     12.74231      0.23568     12.50663
     -1.11000     50.59736      0.81956     49.77780
     -1.10000    139.35993      2.25199    137.10795
     -1.09000    142.26366      2.29870    139.96496
     -1.08000     53.76308      0.87045     52.89263
     -1.07000     13.00810      0.24037     12.76773
     -1.06000     35.26931      0.74987     34.51945
     -1.05000     86.56093      1.75563     84.80530
     -1.04000    110.14443      1.86546    108.27897
     -1.03000     99.44018      1.28694     98.15324
     -1.02000     60.66380      0.77998     59.88382
     -1.01000     55.97717      1.09692     54.88024
     -1.00000     80.71204      1.74671     78.96533
     -0.99000     56.33562      1.18162     55.15399
     -0.98000     42.57892      0.60949     41.96944
     -0.97000     88.65795      1.12480     87.53315
     -0.96000    124.43848      1.96642    122.47206
     -0.95000    102.05516      1.98108    100.07408
     -0.94000     43.50111      0.92344     42.57766
     -0.93000     12.57367      0.25462     12.31905
     -0.92000     41.44575      0.71625     40.72950
     -0.91000    128.55144      2.14589    126.40555
     -0.90000    149.77942      2.42019    147.35923
     -0.89000     65.11107      1.02010     64.09097
     -0.88000     16.51774      0.29436     16.22338
     -0.87000     37.45150      0.82362     36.62788
     -0.86000     89.30776      1.85647     87.45129
     -0.85000    112.61821      1.89972    110.71849
     -0.84000     98.45706      1.23888     97.21818
     -0.83000     59.32853      0.78325     58.54528
     -0.82000     60.98759      1.26695     59.72063
     -0.81000     81.30422      1.82542     79.47880
     -0.80000     56.77731      1.14621     55.63110
     -0.79000     61.89875      0.77935     61.11940
     -0.78000    103.85183      1.35260    102.49923
     -0.77000    115.27838      2.03443    113.24394
     -0.76000     83.06722      1.77282     81.29440
     -0.75000     31.34957      0.69124     30.65833
     -0.74000     26.34385      0.41814     25.92571
     -0.73000     96.68453      1.50133     95.18320
     -0.72000    157.79254      2.60528    155.18726
     -0.71000     97.19596      1.70242     95.49353
     -0.70000     24.77909      0.46700     24.31209
     -0.69000     24.37568      0.51950     23.85619
     -0.68000     87.73051      1.71721     86.01330
     -0.67000    145.32202      2.45030    142.87172
     -0.66000    105.77236      1.49087    104.28149
     -0.65000     40.30884      0.57155     39.73728
     -0.64000     45.48509      1.01457     44.47052
     -0.63000     90.12509      1.97912     88.14597
     -0.62000    105.82726      1.80519    104.02207
     -0.61000     97.48497      1.16825     96.31672
     -0.60000     71.82682      1.03053     70.79630
     -0.59000     78.42459      1.72885     76.69574
     -0.58000     81.52568      1.83819     79.68749
     -0.57000     70.59903      1.09663     69.50240
     -0.56000     95.54673      1.12806     94.41867
     -0.55000    108.87297      1.79537    107.07760
     -0.54000     95.19214      2.08568     93.10646
     -0.53000     56.21740      1.20066     55.01674
     -0.52000     62.41530      0.81439     61.60090
     -0.51000    120.00023      1.70657    118.29366
     -0.50000    129.58940      2.39829    127.19111
     -0.49000     72.17368      1.55326     70.62042
     -0.48000     43.59504      0.70613     42.88891
     -0.47000    100.06742      1.41398     98.65345
     -0.46000    148.56377      2.52043    146.04335
     -0.45000     96.74131      1.91000     94.83131
     -0.44000     46.40037      0.80839     45.59199
     -0.43000     91.26491      1.29782     89.96710
     -0.42000    150.34814      2.51011    147.83804
     -0.41000    108.64374      2.08051    106.56322
     -0.40000     61.05752      0.98652     60.07100
     -0.39000    104.49314      1.43779    103.05535
     -0.38000    145.31465      2.49789    142.81677
     -0.37000    110.43985      2.09211    108.34774
     -0.36000     93.79781      1.26671     92.53110
     -0.35000    120.14262      1.67730    118.46532
     -0.34000    141.46273      2.54573    138.91700
     -0.33000    143.13648      2.25678    140.87970
     -0.32000    121.26541      1.48309    119.78232
     -0.31000    153.46347      2.16262    151.30085
     -0.30000    212.87949      3.15356    209.72593
     -0.29000    210.15796      2.55564    207.60232
     -0.28000    169.45006      1.94394    167.50612
     -0.27000    126.69413      2.31383    124.38030
     -0.26000     83.50063      2.06328     81.43735
     -0.25000     40.08967      1.07812     39.01156
     -0.24000     53.72046      1.47791     52.24256
     -0.23000     80.41080      2.21532     78.19548
     -0.22000     53.82895      1.48561     52.34334
     -0.21000     48.00129      1.33743     46.66387
     -0.20000     79.00539      2.20777     76.79762
     -0.19000     64.86589      1.81500     63.05089
     -0.18000     51.34065      1.44797     49.89267
     -0.17000     78.82898      2.23230     76.59668
     -0.16000     69.88107      1.98203     67.89905
     -0.15000     59.75518      1.70679     58.04838
     -0.14000     82.56954      2.36699     80.20256
     -0.13000     71.68128      2.05987     69.62141
     -0.12000     73.29157      2.11910     71.17247
     -0.11000     86.59610      2.51011     84.08599
     -0.10000     77.80046      2.26368     75.53678
     -0.09000     90.34901      2.63892     87.71009
     -0.08000     90.84537      2.65999     88.18538
     -0.07000     97.56365      2.86581     94.69784
     -0.06000    105.08522      3.09272    101.99250
     -0.05000    113.97587      3.36001    110.61587
     -0.04000    127.77467      3.76889    124.00578
     -0.03000    149.83284      4.41482    145.41803
     -0.02000    193.44904      5.67468    187.77436
     -0.01000    250.31336      7.28981    243.02355
      0.00000    223.46454      6.46823    216.99631
      0.01000     98.17967      2.83056     95.34910
      0.02000     18.07437      0.51975     17.55461
      0.03000      1.30620      0.03750      1.26871
      0.04000      0.03602      0.00103      0.03499
      0.05000      0.00030      0.00001      0.00029
      0.06000      0.00000      0.00000      0.00000
      0.07000      0.00000      0.00000      0.00000
      0.08000      0.00000      0.00000      0.00000
      0.09000      0.00000      0.00000      0.00000
      0.10000      0.00000      0.00000      0.00000
      0.11000      0.00000      0.00000      0.00000
      0.12000      0.00000      0.00000      0.00000
      0.13000      0.00000      0.00000      0.00000
      0.14000      0.00000      0.00000      0.00000
      0.15000      0.00000      0.00000      0.00000
      0.16000      0.00000      0.00000      0.00000
      0.17000      0.00000      0.00000      0.00000
      0.18000      0.00000      0.00000      0.00000
      0.19000      0.00000      0.00000      0.00000
      0.20000      0.00000      0.00000      0.00000
      0.21000      0.00000      0.00000      0.00000
      0.22000      0.00000      0.00000      0.00000
      0.23000      0.00000      0.00000      0.00000
      0.24000      0.00000      0.00000      0.00000
      0.25000      0.00000      0.00000      0.00000
      0.26000      0.00000      0.00000      0.00000
      0.27000      0.00000      0.00000      0.00000
      0.28000      0.00000      0.00000      0.00000
      0.29000      0.00000      0.00000      0.00000
      0.30000      0.00000      0.00000      0.00000
      0.31000      0.00000      0.00000      0.00000
      0.32000      0.00000      0.00000      0.00000
      0.33000      0.00000      0.00000      0.00000
      0.34000      0.00000      0.00000      0.00000
      0.35000      0.00000      0.00000      0.00000
      0.36000      0.00000      0.00000      0.00000
      0.37000      0.00000      0.00000      0.00000
      0.38000      0.00000      0.00000      0.00000
      0.39000      0.00000      0.00000      0.00000
      0.40000      0.00000      0.00000      0.00000
      0.41000      0.00000      0.00000      0.00000
      0.42000      0.00000      0.00000      0.00000
      0.43000      0.00000      0.00000      0.00000
      0.44000      0.00000      0.00000      0.00000
      0.45000      0.00000      0.00000      0.00000
      0.46000      0.00000      0.00000      0.00000
      0.47000      0.00000      0.00000      0.00000
      0.48000      0.00000      0.00000      0.00000
      0.49000      0.00000      0.00000      0.00000
      0.50000      0.00000      0.00000      0.00000
      0.51000      0.00000      0.00000      0.00000
      0.52000      0.00000      0.00000      0.00000
      0.53000      0.00000      0.00000      0.00000
      0.54000      0.00000      0.00000      0.00000
      0.55000      0.00000      0.00000      0.00000
      0.56000      0.00000      0.00000      0.00000
      0.57000      0.00000      0.00000      0.00000
      0.58000      0.00000      0.00000      0.00000
      0.59000      0.00000      0.00000      0.00000
      0.60000      0.00000      0.00000      0.00000
      0.61000      0.00000      0.00000      0.00000
      0.62000      0.00000      0.00000      0.00000
      0.63000      0.00000      0.00000      0.00000
      0.64000      0.00000      0.00000      0.00000
      0.65000      0.00000      0.00000      0.00000
      0.66000      0.00000      0.00000      0.00000
      0.67000      0.00000      0.00000      0.00000
      0.68000      0.00000      0.00000      0.00000
      0.69000      0.00000      0.00000      0.00000
      0.70000      0.00000      0.00000      0.00000
      0.71000      0.00000      0.00000      0.00000
      0.72000      0.00000      0.00000      0.00000
      0.73000      0.00000      0.00000      0.00000
      0.74000      0.00000      0.00000      0.00000
      0.75000      0.00000      0.00000      0.00000
      0.76000      0.00000      0.00000      0.00000
      0.77000      0.00000      0.00000      0.00000
      0.78000      0.00000      0.00000      0.00000
      0.79000      0.00000      0.00000      0.00000
      0.80000      0.00000      0.00000      0.00000
      0.81000      0.00000      0.00000      0.00000
      0.82000      0.00000      0.00000      0.00000
      0.83000      0.00000      0.00000      0.00000
      0.84000      0.00000      0.00000      0.00000
      0.85000      0.00000      0.00000      0.00000
      0.86000      0.00000      0.00000      0.00000
      0.87000      0.00000      0.00000      0.00000
      0.88000      0.00000      0.00000      0.00000
      0.89000      0.00000      0.00000      0.00000
      0.90000      0.00000      0.00000      0.00000
      0.91000      0.00000      0.00000      0.00000
      0.92000      0.00000      0.00000      0.00000
      0.93000      0.00000      0.00000      0.00000
      0.94000      0.00000      0.00000      0.00000
      0.95000      0.00000      0.00000      0.00000
      0.96000      0.00000      0.00000      0.00000
      0.97000      0.00000      0.00000      0.00000
      0.98000      0.00000      0.00000      0.00000
      0.99000      0.00000      0.00000      0.00000
      1.00000      0.00000      0.00000      0.00000
      1.01000      0.00000      0.00000      0.00000
      1.02000      0.00000      0.00000      0.00000
      1.03000      0.00000      0.00000      0.00000
      1.04000      0.00000      0.00000      0.00000
      1.05000      0.00000      0.00000      0.00000
      1.06000      0.00000      0.00000      0.00000
      1.07000      0.00000      0.00000      0.00000
      1.08000      0.00000      0.00000      0.00000
      1.09000      0.00000      0.00000      0.00000
      1.10000      0.00000      0.00000      0.00000
      1.11000      0.00000      0.00000      0.00000
      1.12000      0.00000      0.00000      0.00000
      1.13000      0.00000      0.00000      0.00000
      1.14000      0.00000      0.00000      0.00000
      1.15000      0.00000      0.00000      0.00000
      1.16000      0.00000      0.00000      0.00000
      1.17000      0.00000      0.00000      0.00000
      1.18000      0.00000      0.00000      0.00000
      1.19000      0.00000      0.00000      0.00000
      1.20000      0.00000      0.00000      0.00000
      1.21000      0.00000      0.00000      0.00000
      1.22000      0.00000      0.00000      0.00000
      1.23000      0.00000      0.00000      0.00000
      1.24000      0.00000      0.00000      0.00000
      1.25000      0.00000      0.00000      0.00000
      1.26000      0.00000      0.00000      0.00000
      1.27000      0.00000      0.00000      0.00000
      1.28000      0.00000      0.00000      0.00000
      1.29000      0.00000      0.00000      0.00000
      1.30000      0.00000      0.00000      0.00000
      1.31000      0.00000      0.00000      0.00000
      1.32000      0.00000      0.00000      0.00000
      1.33000      0.00000      0.00000      0.00000
      1.34000      0.00000      0.00000      0.00000
      1.35000      0.00000      0.00000      0.00000
      1.36000      0.00000      0.00000      0.00000
      1.37000      0.00000      0.00000      0.00000
      1.38000      0.00000      0.00000      0.00000
      1.39000      0.00000      0.00000      0.00000
      1.40000      0.00000      0.00000      0.00000
      1.41000      0.00000      0.00000      0.00000
      1.42000      0.00000      0.00000      0.00000
      1.43000      0.00000      0.00000      0.00000
      1.44000      0.00000      0.00000      0.00000
      1.45000      0.00000      0.00000      0.00000
      1.46000      0.00000      0.00000      0.00000
      1.47000      0.00000      0.00000      0.00000
      1.48000      0.00000      0.00000      0.00000
      1.49000      0.00000      0.00000      0.00000
      1.50000      0.00000      0.00000      0.00000
      1.51000      0.00000      0.00000      0.00000
      1.52000      0.00038      0.00000      0.00038
      1.53000      0.03620      0.00039      0.03580
      1.54000      1.22574      0.01330      1.21243
      1.55000     15.99670      0.17425     15.82246
      1.56000     83.75944      0.91862     82.84082
      1.57000    190.89745      2.12270    188.77475
      1.58000    226.11510      2.58657    223.52853
      1.59000    191.00858      2.29391    188.71468
      1.60000    156.52703      1.99354    154.53350
      1.61000    135.63812      1.82751    133.81061
      1.62000    122.81790      1.74418    121.07373
      1.63000    112.25226      1.67572    110.57654
      1.64000    106.61754      1.66723    104.95031
      1.65000     98.04304      1.60473     96.43831
      1.66000     97.44660      1.66397     95.78263
      1.67000     87.70628      1.55788     86.14840
      1.68000     90.98096      1.68802     89.29295
      1.69000     82.34312      1.57236     80.77076
      1.70000     81.42226      1.63159     79.79067
      1.71000     84.51150      1.73324     82.77825
      1.72000     69.89640      1.49064     68.40576
      1.73000     83.34087      1.84319     81.49769
      1.74000     72.64711      1.63380     71.01331
      1.75000     66.35196      1.56533     64.78664
      1.76000     83.86714      2.01596     81.85118
      1.77000     73.26498      1.72729     71.53769
      1.78000    120.53983      2.67003    117.86979
      1.79000    205.07672      4.33414    200.74258
      1.80000    200.87947      4.08871    196.79075
      1.81000    186.61191      3.98668    182.62523
      1.82000    182.28183      4.11125    178.17058
      1.83000    137.27352      3.05773    134.21578
      1.84000    146.00631      3.35805    142.64826
      1.85000    146.98603      3.66646    143.31957
      1.86000    117.53770      2.83902    114.69868
      1.87000    131.75199      3.13708    128.61491
      1.88000    131.97404      3.56588    128.40816
      1.89000    102.58543      2.77005     99.81538
      1.90000    118.16313      2.88583    115.27730
      1.91000    138.36022      3.78477    134.57545
      1.92000     97.92025      2.97753     94.94273
      1.93000     79.98834      2.19308     77.79526
      1.94000    137.58833      3.72480    133.86353
      1.95000    137.77941      4.08156    133.69785
      1.96000     65.90103      2.11604     63.78499
      1.97000     69.82365      2.20833     67.61532
      1.98000    147.36045      4.45304    142.90741
      1.99000    134.12820      3.92488    130.20331
      2.00000     60.94924      1.92482     59.02442
      2.01000     70.64125      2.72491     67.91634
      2.02000    117.00498      4.08095    112.92403
      2.03000    121.55963      3.45014    118.10949
      2.04000     96.94691      2.89951     94.04741
      2.05000     91.64434      3.66985     87.97450
      2.06000     73.78686      3.09419     70.69268
      2.07000     67.62418      2.21041     65.41377
      2.08000    128.56614      4.05915    124.50699
      2.09000    141.29448      5.05675    136.23773
      2.10000     68.06159      2.73319     65.32841
      2.11000     35.34994      1.60201     33.74793
      2.12000     85.87695      3.69002     82.18693
      2.13000    139.35068      5.13404    134.21664
      2.14000    112.27114      3.50346    108.76767
      2.15000     69.94991      2.65247     67.29743
      2.16000     81.04439      4.05290     76.99149
      2.17000     70.48305      3.50855     66.97451
      2.18000     62.21299      2.30839     59.90460
      2.19000    122.70561      4.30444    118.40118
      2.20000    143.74515      5.82423    137.92091
      2.21000     73.29124      3.37596     69.91527
      2.22000     30.16409      1.60492     28.55917
      2.23000     64.03055      3.46084     60.56970
      2.24000    114.45746      5.36198    109.09548
      2.25000    119.72502      4.28145    115.44357
      2.26000     90.69421      3.20432     87.48989
      2.27000     84.94294      4.44697     80.49597
      2.28000     76.07943      4.48646     71.59298
      2.29000     38.81630      2.18840     36.62790
      2.30000     63.59212      2.86999     60.72214
      2.31000    146.98077      6.42271    140.55807
      2.32000    134.52414      5.83981    128.68433
      2.33000     52.23260      2.40278     49.82982
      2.34000     44.70424      2.77409     41.93015
      2.35000     80.20394      5.13326     75.07068
      2.36000     74.72372      4.21353     70.51019
      2.37000     84.79186      3.21807     81.57379
      2.38000    127.58595      5.30483    122.28112
      2.39000    118.15537      6.32603    111.82934
      2.40000     57.14217      3.54305     53.59912
      2.41000     26.72053      1.78372     24.93680
      2.42000     62.84178      4.08991     58.75188
      2.43000    111.90422      6.28837    105.61585
      2.44000    118.19685      4.92717    113.26968
      2.45000     91.25165      3.61002     87.64163
      2.46000     84.35965      5.04674     79.31291
      2.47000     77.73687      5.34009     72.39679
      2.48000     36.91468      2.54529     34.36939
      2.49000     41.41298      2.47442     38.93856
      2.50000    118.12995      6.29893    111.83103
      2.51000    150.50022      7.19078    143.30944
      2.52000     80.27484      3.54209     76.73275
      2.53000     46.62850      2.81131     43.81718
      2.54000     76.10366      5.33825     70.76541
      2.55000     66.62851      4.65192     61.97659
      2.56000     41.75115      2.34317     39.40798
      2.57000     95.82091      4.41365     91.40726
      2.58000    156.92734      7.72136    149.20598
      2.59000    100.84051      5.35079     95.48972
      2.60000     33.47823      1.99759     31.48064
      2.61000     46.82669      3.16639     43.66030
      2.62000     81.66413      5.47222     76.19192
      2.63000     76.56558      4.15635     72.40924
      2.64000    129.69905      3.70486    125.99419
      2.65000    247.97602      6.26887    241.70716
      2.66000    265.11526      6.82448    258.29078
      2.67000    193.74789      4.28115    189.46674
      2.68000    133.24932      2.44910    130.80021
      2.69000    139.88668      3.84392    136.04276
      2.70000    180.38437      5.85049    174.53388
      2.71000    163.04606      5.12440    157.92166
      2.72000    169.18117      4.86416    164.31702
      2.73000    180.92992      5.65522    175.27470
      2.74000    133.01802      5.02781    127.99021
      2.75000     78.55231      2.95432     75.59799
      2.76000     98.37122      3.09375     95.27747
      2.77000    137.90003      4.87944    133.02060
      2.78000    152.03134      5.84009    146.19125
      2.79000    148.94625      5.33952    143.60674
      2.80000    140.25299      4.84402    135.40897
      2.81000    131.40409      5.00384    126.40026
      2.82000    106.02966      4.53321    101.49645
      2.83000     65.22210      2.83516     62.38694
      2.84000     92.27249      4.17830     88.09419
      2.85000    243.49267     13.78188    229.71079
      2.86000    457.68793     30.31652    427.37142
      2.87000    496.57929     36.37900    460.20029
      2.88000    384.92375     29.82509    355.09867
      2.89000    345.95458     25.30129    320.65330
      2.90000    344.23126     23.95814    320.27311
      2.91000    302.56512     21.64033    280.92479
      2.92000    250.26327     18.20729    232.05598
      2.93000    271.12217     17.67671    253.44546
      2.94000    323.06564     19.27477    303.79087
      2.95000    312.17331     19.47335    292.69996
      2.96000    237.84894     16.56112    221.28782
      2.97000    164.48656     12.65437    151.83219
      2.98000    156.53753     11.69348    144.84404
      2.99000    233.74390     14.79970    218.94420
      3.00000    324.86901     18.88014    305.98886
      3.01000    289.57347     17.11123    272.46224
      3.02000    179.96710     11.93767    168.02944
      3.03000    137.69718     10.17177    127.52542
      3.04000    190.09314     12.75328    177.33986
      3.05000    262.43322     16.08004    246.35317
      3.06000    215.76070     13.36801    202.39269
      3.07000    163.68488     10.62988    153.05500
      3.08000    188.75853     11.48196    177.27657
      3.09000    227.81823     14.10034    213.71788
      3.10000    241.39628     14.95509    226.44119
      3.11000    221.09909     13.18321    207.91588
      3.12000    147.28157      9.26936    138.01221
      3.13000    118.87054      8.47664    110.39391
      3.14000    159.34642     10.84041    148.50601
      3.15000    244.63315     14.91260    229.72055
      3.16000    272.25039     15.27847    256.97192
      3.17000    209.70943     11.84863    197.86080
      3.18000    139.79555      8.98020    130.81535
      3.19000    124.47830      8.38252    116.09578
      3.20000    173.51414     11.32458    162.18956
      3.21000    182.21102     11.56445    170.64657
      3.22000    212.47829     12.84207    199.63622
      3.23000    224.43961     12.82234    211.61728
      3.24000    166.63889      9.50291    157.13598
      3.25000    156.02979      9.35464    146.67515
      3.26000    182.07200     10.69376    171.37824
      3.27000    205.04694     12.82771    192.21923
      3.28000    167.42391     11.10707    156.31684
      3.29000    118.91763      7.71000    111.20763
      3.30000    153.79828      8.88192    144.91636
      3.31000    200.50738     10.72797    189.77941
      3.32000    257.94809     14.44440    243.50369
      3.33000    231.52128     13.71315    217.80814
      3.34000    129.46789      8.11155    121.35634
      3.35000     96.02621      6.29593     89.73029
      3.36000     93.91183      6.07465     87.83718
      3.37000    179.20438     10.82126    168.38312
      3.38000    285.72060     15.77096    269.94964
      3.39000    255.61210     13.04190    242.57020
      3.40000    161.46310      8.55622    152.90688
      3.41000     96.70248      5.57134     91.13114
      3.42000    120.49145      7.10573    113.38572
      3.43000    167.53569     10.09679    157.43889
      3.44000    173.61419     10.03466    163.57953
      3.45000    233.13793     12.19443    220.94350
      3.46000    212.42524     10.71253    201.71271
      3.47000    122.26438      7.03208    115.23230
      3.48000    140.02049      9.47956    130.54093
      3.49000    174.69123     11.34833    163.34291
      3.50000    178.34644     11.18174    167.16469
      3.51000    172.75301     10.94589    161.80712
      3.52000    146.53717      9.16977    137.36740
      3.53000    164.46046      9.85884    154.60162
      3.54000    175.72038     10.12103    165.59936
      3.55000    203.33901     11.34225    191.99676
      3.56000    232.85921     13.54961    219.30961
      3.57000    182.76112     11.17328    171.58784
      3.58000    122.54026      7.25289    115.28737
      3.59000     87.27696      4.88542     82.39153
      3.60000    132.17753      7.46775    124.70978
      3.61000    230.49551     13.48318    217.01233
      3.62000    282.15453     16.20068    265.95385
      3.63000    229.21114     12.24056    216.97058
      3.64000    128.53675      6.45685    122.07990
      3.65000    101.66200      5.11080     96.55120
      3.66000    117.78730      6.47840    111.30890
      3.67000    177.02850     10.36629    166.66222
      3.68000    226.56062     12.89041    213.67021
      3.69000    249.41404     13.33950    236.07454
      3.70000    215.50314     10.94004    204.56310
      3.71000    137.93773      6.58098    131.35675
      3.72000    136.76366      6.50423    130.25942
      3.73000    170.53427      8.54078    161.99350
      3.74000    180.52430      9.02471    171.49959
      3.75000    198.61113     10.33005    188.28108
      3.76000    245.04156     13.06742    231.97414
      3.77000    209.97714     10.58030    199.39685
      3.78000    149.21080      6.40812    142.80269
      3.79000    154.43314      6.16502    148.26812
      3.80000    223.36373      9.78556    213.57817
      3.81000    249.25069     11.86548    237.38521
      3.82000    201.97038      9.25452    192.71586
      3.83000    177.76907      7.32980    170.43927
      3.84000    206.35808      8.67145    197.68664
      3.85000    212.16556      8.75896    203.40660
      3.86000    237.52991      9.88709    227.64282
      3.87000    282.98040     11.49567    271.48473
      3.88000    265.82208      9.24196    256.58013
      3.89000    213.82209      5.82501    207.99708
      3.90000    219.16153      5.62528    213.53625
      3.91000    318.68478     10.21458    308.47020
      3.92000    431.05022     14.19978    416.85044
      3.93000    465.33925     11.85495    453.48430
      3.94000    438.01449      9.33793    428.67656
      3.95000    270.01500      6.56157    263.45343
      3.96000     99.04752      2.90170     96.14582
      3.97000     76.92621      2.34002     74.58619
      3.98000    101.27074      3.79086     97.47987
      3.99000    102.85346      5.55370     97.29976
      4.00000     77.41397      4.98182     72.43215
      4.01000     37.65540      3.04372     34.61168
      4.02000     52.30780      6.59949     45.70831
      4.03000     93.25151     21.02732     72.22419
      4.04000    131.45827     73.44307     58.01520
      4.05000    219.46526    147.63195     71.83331
      4.06000    257.61326    121.82555    135.78771
      4.07000    222.98566     47.91458    175.07108
      4.08000    150.54219     17.31986    133.22233
      4.09000     55.54939      5.90574     49.64365
      4.10000     11.45042      2.75369      8.69673
      4.11000     37.51558     24.77455     12.74103
      4.12000    207.80298    136.56862     71.23436
      4.13000    504.00688    325.54059    178.46629
      4.14000    622.24458    400.90349    221.34110
      4.15000    556.84945    392.29372    164.55573
      4.16000    588.07516    488.16568     99.90949
      4.17000    687.90780    596.22862     91.67918
      4.18000    683.67584    562.74011    120.93573
      4.19000    600.18241    474.66690    125.51551
      4.20000    519.77804    409.27859    110.49946
      4.21000    513.79116    369.92025    143.87091
      4.22000    506.46226    342.03286    164.42940
      4.23000    441.53549    316.46417    125.07132
      4.24000    399.24439    296.54184    102.70255
      4.25000    390.82701    281.95288    108.87413
      4.26000    357.88407    267.75763     90.12644
      4.27000    354.51003    257.61629     96.89374
      4.28000    353.22913    248.76841    104.46072
      4.29000    336.48600    238.79048     97.69552
      4.30000    337.19675    231.22686    105.96990
      4.31000    321.47592    223.37123     98.10469
      4.32000    348.19661    218.65896    129.53765
      4.33000    376.26501    216.92583    159.33919
      4.34000    310.98774    206.81361    104.17413
      4.35000    242.41139    197.82896     44.58243
      4.36000    234.64903    191.18351     43.46551
      4.37000    286.58365    193.75754     92.82612
      4.38000    329.76194    191.56099    138.20095
      4.39000    330.82822    191.35041    139.47781
      4.40000    305.27887    181.02143    124.25743
      4.41000    275.01097    177.56398     97.44700
      4.42000    220.10251    169.60453     50.49798
      4.43000    211.93017    166.66268     45.26749
      4.44000    283.57558    174.34659    109.22899
      4.45000    326.58033    168.02135    158.55898
      4.46000    287.74837    173.40979    114.33858
      4.47000    235.95273    152.58610     83.36663
      4.48000    258.06510    165.49855     92.56655
      4.49000    211.29360    150.60132     60.69228
      4.50000    197.20260    148.83966     48.36294
      4.51000    255.87188    159.40160     96.47028
      4.52000    290.40114    145.26350    145.13765
      4.53000    323.56198    164.64268    158.91931
      4.54000    273.60792    147.78645    125.82147
      4.55000    203.35172    140.08747     63.26425
      4.56000    172.91247    147.46068     25.45178
      4.57000    145.28979    126.17274     19.11705
      4.58000    200.50328    142.19847     58.30481
      4.59000    313.38967    149.40578    163.98389
      4.60000    358.55134    140.11811    218.43324
      4.61000    279.66181    148.08739    131.57442
      4.62000    172.10801    130.08307     42.02495
      4.63000    144.41709    121.87898     22.53811
      4.64000    188.64184    137.61149     51.03035
      4.65000    216.23885    130.07206     86.16678
      4.66000    214.90429    127.21099     87.69330
      4.67000    263.91243    138.11503    125.79740
      4.68000    292.32228    131.50056    160.82171
      4.69000    224.00616    124.79775     99.20841
      4.70000    194.28438    128.06639     66.21799
      4.71000    210.23556    124.86735     85.36821
      4.72000    185.77906    120.51389     65.26517
      4.73000    169.27265    120.89396     48.37869
      4.74000    223.51983    124.86799     98.65184
      4.75000    273.13785    127.36643    145.77142
      4.76000    225.47528    121.06719    104.40809
      4.77000    174.77497    118.09279     56.68218
      4.78000    198.45833    119.43243     79.02590
      4.79000    227.51372    115.70847    111.80525
      4.80000    230.92993    119.24677    111.68315
      4.81000    208.32970    123.32353     85.00617
      4.82000    187.55938    112.84358     74.71580
      4.83000    196.02406    109.71475     86.30931
      4.84000    190.05529    120.95593     69.09937
      4.85000    197.41185    117.41087     80.00098
      4.86000    223.61043    105.34904    118.26140
      4.87000    236.39299    116.73331    119.65968
      4.88000    196.11961    120.90382     75.21579
      4.89000    153.90692     99.57951     54.32740
      4.90000    211.14918    104.77941    106.36977
      4.91000    274.03179    131.86652    142.16526
      4.92000    205.86251    115.89743     89.96509
      4.93000    125.85410     86.57058     39.28352
      4.94000    166.50743    107.48335     59.02408
      4.95000    214.61771    125.74958     88.86813
      4.96000    178.30903     97.70752     80.60151
      4.97000    213.96315     93.34382    120.61933
      4.98000    284.77971    129.81405    154.96566
      4.99000    218.46173    122.19496     96.26677
      5.00000    154.52391     83.91728     70.60663
      5.01000    176.59650     95.02582     81.57068
      5.02000    176.98319    125.44717     51.53602
      5.03000    127.19362    103.44807     23.74556
      5.04000    124.84126     73.06047     51.78079
      5.05000    267.39721    110.73693    156.66028
      5.06000    360.92449    145.45018    215.47431
      5.07000    227.43239    103.19013    124.24226
      5.08000     99.66655     66.57933     33.08722
      5.09000    119.23997    102.10634     17.13363
      5.10000    166.53681    126.72286     39.81395
      5.11000    178.31356     91.89645     86.41711
      5.12000    197.45278     75.92033    121.53245
      5.13000    249.38578    119.15173    130.23405
      5.14000    253.52230    132.71342    120.80888
      5.15000    171.29482     83.30260     87.99222
      5.16000    141.56957     67.27598     74.29358
      5.17000    200.92909    116.39408     84.53501
      5.18000    187.02248    128.23563     58.78686
      5.19000    143.39647     80.31062     63.08585
      5.20000    199.46596     70.74801    128.71795
      5.21000    254.49792    118.97672    135.52119
      5.22000    200.35466    129.43071     70.92395
      5.23000    137.76639     79.51356     58.25283
      5.24000    158.02162     61.27229     96.74934
      5.25000    228.53666    110.02428    118.51238
      5.26000    247.10527    135.16095    111.94432
      5.27000    187.27830     90.31122     96.96707
      5.28000    134.46163     58.31090     76.15073
      5.29000    133.03660     94.04981     38.98679
      5.30000    155.00674    127.10010     27.90663
      5.31000    149.26627     97.01011     52.25616
      5.32000    141.88482     63.67859     78.20623
      5.33000    185.61402     94.92321     90.69081
      5.34000    278.37401    142.49731    135.87670
      5.35000    284.20197    123.21137    160.99060
      5.36000    198.71988     72.20782    126.51206
      5.37000    144.75406     77.57409     67.17997
      5.38000    143.73215    115.59628     28.13586
      5.39000    137.94555    110.54420     27.40135
      5.40000    135.77881     71.72968     64.04913
      5.41000    200.76556     78.21286    122.55269
      5.42000    295.08956    126.07547    169.01410
      5.43000    270.18462    131.62073    138.56389
      5.44000    162.75060     87.19719     75.55341
      5.45000    143.72311     69.24650     74.47661
      5.46000    162.37302     97.98534     64.38768
      5.47000    142.07014    110.02787     32.04227
      5.48000    136.31998     94.32882     41.99116
      5.49000    199.81178     82.71248    117.09930
      5.50000    285.53611    109.13488    176.40123
      5.51000    257.72544    118.10414    139.62130
      5.52000    175.86930    104.82800     71.04130
      5.53000    138.33558     88.49481     49.84076
      5.54000    169.86537     95.31177     74.55360
      5.55000    164.57294     93.63431     70.93863
      5.56000    167.40133     94.84958     72.55175
      5.57000    221.39581    116.71194    104.68387
      5.58000    241.66440    121.05959    120.60481
      5.59000    216.85266     95.60291    121.24975
      5.60000    180.23825     85.91106     94.32718
      5.61000    192.17810    131.62001     60.55809
      5.62000    209.99061    137.05995     72.93066
      5.63000    189.14868     85.43838    103.71030
      5.64000    194.77318     90.36564    104.40754
      5.65000    226.61469    149.14264     77.47205
      5.66000    219.51965    141.96652     77.55314
      5.67000    224.17644    113.69823    110.47820
      5.68000    220.43948    115.27243    105.16705
      5.69000    186.32893    117.06935     69.25958
      5.70000    247.17287    154.08510     93.08777
      5.71000    283.20498    143.06813    140.13685
      5.72000    184.24954     83.91908    100.33046
      5.73000    171.77367    109.45099     62.32269
      5.74000    240.13799    162.18808     77.94991
      5.75000    194.33003    122.22518     72.10485
      5.76000    187.34728    102.38079     84.96649
      5.77000    276.26951    138.87503    137.39448
      5.78000    338.30256    172.68213    165.62043
      5.79000    284.83049    167.93224    116.89825
      5.80000    202.30211    140.47219     61.82992
      5.81000    223.16127    151.51784     71.64343
      5.82000    213.94864    135.90535     78.04329
      5.83000    164.75421     87.82454     76.92967
      5.84000    200.55395     91.81336    108.74059
      5.85000    263.82922    111.79600    152.03321
      5.86000    226.19413     82.18823    144.00590
      5.87000    146.36096     54.13580     92.22516
      5.88000    148.15320     92.84081     55.31239
      5.89000    371.79090    306.99604     64.79486
      5.90000    776.28475    672.13018    104.15457
      5.91000   1016.19638    882.82146    133.37492
      5.92000    950.44273    807.71788    142.72485
      5.93000    819.64043    675.55638    144.08405
      5.94000    748.92330    606.38403    142.53928
      5.95000    748.42621    603.25238    145.17384
      5.96000    815.40224    647.48874    167.91350
      5.97000    730.58971    570.39263    160.19707
      5.98000    445.83869    336.85163    108.98707
      5.99000    242.78142    180.41823     62.36319
      6.00000    165.37326    129.80354     35.56972
      6.01000    176.19291    132.87750     43.31541
      6.02000    203.58896    132.82010     70.76886
      6.03000    181.95590    121.06820     60.88771
      6.04000    141.07220    115.38981     25.68240
      6.05000    117.70727    107.47606     10.23121
      6.06000    102.32467     94.92604      7.39863
      6.07000    107.46609     98.87294      8.59316
      6.08000    115.00405    101.71939     13.28466
      6.09000    123.56479     93.87880     29.68599
      6.10000    163.99203     93.44740     70.54463
      6.11000    220.86154    120.55527    100.30628
      6.12000    177.10841    103.05342     74.05498
      6.13000    107.09115     71.09708     35.99407
      6.14000    124.29252     94.45982     29.83270
      6.15000    146.66048    113.55573     33.10475
      6.16000    162.13671    126.16666     35.97005
      6.17000    292.01371    214.72442     77.28929
      6.18000    456.31431    317.85071    138.46361
      6.19000    398.40275    263.36199    135.04075
      6.20000    255.13520    169.02387     86.11133
      6.21000    199.53791    152.05189     47.48602
      6.22000    197.84293    155.33881     42.50412
      6.23000    234.14066    187.43808     46.70257
      6.24000    239.88973    197.30748     42.58224
      6.25000    221.15242    174.52699     46.62543
      6.26000    254.77730    199.28212     55.49518
      6.27000    273.46625    198.58577     74.88048
      6.28000    235.46961    151.11881     84.35079
      6.29000    217.91057    153.84351     64.06706
      6.30000    247.56262    184.93563     62.62699
      6.31000    200.87007    146.41677     54.45330
      6.32000    160.68903    128.03863     32.65039
      6.33000    185.65823    155.60835     30.04988
      6.34000    199.44605    164.12051     35.32555
      6.35000    187.34347    135.06278     52.28069
      6.36000    210.08073    124.27638     85.80435
      6.37000    233.36426    140.99066     92.37359
      6.38000    255.77723    175.60804     80.16920
      6.39000    231.15381    173.82329     57.33053
      6.40000    118.90101     95.96334     22.93766
      6.41000     84.43490     73.29212     11.14277
      6.42000    169.24918    144.95320     24.29599
      6.43000    254.00522    195.57421     58.43101
      6.44000    269.33450    161.69087    107.64363
      6.45000    224.11825    102.89332    121.22493
      6.46000    303.77945    149.41494    154.36451
      6.47000    546.49644    283.54694    262.94950
      6.48000    645.62336    338.92209    306.70126
      6.49000    573.61436    300.09608    273.51829
      6.50000    447.56304    208.44280    239.12024
      6.51000    396.44463    158.35916    238.08547
      6.52000    472.88614    215.20084    257.68553
      6.53000    552.17764    293.18557    259.01087
      6.54000    474.57582    250.72680    224.36728
      6.55000    381.53539    197.19206    189.90094
      6.56000    552.53403    368.95132    207.61846
      6.57000    836.81954    643.77126    238.37067
      6.58000    920.51343    708.46958    259.30060
      6.59000    935.89996    732.71997    255.40908
      6.60000   1085.53731    890.92466    269.91497
      6.61000   1177.14435    940.69147    321.72032
      6.62000   1108.00481    795.77967    386.60684
      6.63000   1019.17077    685.95996    393.88503
      6.64000    925.47185    696.26447    278.73235
      6.65000    812.90201    693.01380    162.90643
      6.66000    637.00094    582.42817     96.44309
      6.67000    480.29875    475.84612     46.33612
      6.68000    478.31637    482.12266     36.25157
      6.69000    511.73296    504.70002     43.61446
      6.70000    532.42193    514.01242     51.51448
      6.71000    552.98698    504.93014     77.83645
      6.72000    530.13039    466.65329     94.23937
      6.73000    459.95344    410.43891     81.57252
      6.74000    415.34724    378.22415     67.79009
      6.75000    449.25386    426.55448     52.12205
      6.76000    486.12336    470.32834     42.42402
      6.77000    466.97716    439.86975     52.90083
      6.78000    421.14364    374.92437     73.45286
      6.79000    388.66989    348.42941     67.73878
      6.80000    388.29280    353.54647     60.48433
      6.81000    452.23557    407.33054     70.45397
      6.82000    447.21639    410.73468     59.95901
      6.83000    427.56015    384.63594     65.76688
      6.84000    420.59044    359.87222     84.52136
      6.85000    381.79464    331.52356     74.50459
      6.86000    360.37820    327.46349     56.23306
      6.87000    351.16987    333.39696     38.09995
      6.88000    409.51896    396.21539     34.49884
      6.89000    398.33548    370.71971     48.14042
      6.90000    394.58396    319.42003     96.16731
      6.91000    432.02698    325.71234    127.89872
      6.92000    377.08327    321.49405     76.28589
      6.93000    335.83718    322.27484     29.14207
      6.94000    343.64481    332.42888     20.50272
      6.95000    395.02411    359.64966     46.76633
      6.96000    417.97574    351.89222     84.02186
      6.97000    357.53245    298.57707     79.12181
      6.98000    284.30582    242.98976     59.24395
      6.99000    340.18394    301.25833     58.55118
      7.00000    486.76798    415.47318     91.66115
      7.01000    466.81653    366.67537    115.38912
      7.02000    321.43766    268.32057     70.30409
      7.03000    303.98494    281.49913     42.78898
      7.04000    359.54764    311.44689     64.62758
      7.05000    385.15001    321.07825     79.10129
      7.06000    403.34295    337.62284     77.35282
      7.07000    463.74170    366.46237    107.43934
      7.08000    556.60493    413.44324    161.67102
      7.09000    501.98125    374.92575    147.19943
      7.10000    261.45598    208.40817     65.62015
      7.11000    207.95242    207.00412     17.57153
      7.12000    316.33706    322.69302     15.82413
      7.13000    289.43610    280.61132     22.44908
      7.14000    218.91520    208.03453     22.28845
      7.15000    233.50069    225.92927     27.64803
      7.16000    236.10245    204.13012     49.12239
      7.17000    234.72295    197.01540     45.81792
      7.18000    297.87285    277.80823     26.12648
      7.19000    323.49299    306.08509     22.62285
      7.20000    221.08737    213.04042     13.99569
      7.21000    163.59712    173.46187      4.81278
      7.22000    199.96651    211.05563      9.76963
      7.23000    205.78948    191.97929     25.89057
      7.24000    270.72514    238.20416     41.19685
      7.25000    372.98356    333.78695     58.23330
      7.26000    296.24476    263.21172     53.62602
      7.27000    129.29856    114.99677     24.15168
      7.28000    148.74269    144.66379     14.88975
      7.29000    300.99741    300.46157     21.56056
      7.30000    321.95084    318.34156     20.82318
      7.31000    198.49691    193.45490     13.01144
      7.32000    173.95645    169.43907     17.13142
      7.33000    294.66854    263.31412     50.21137
      7.34000    356.85430    300.18380     68.37231
      7.35000    272.02470    239.33040     37.22336
      7.36000    152.34238    147.91481      8.25446
      7.37000    140.69461    146.20791      0.97963
      7.38000    208.16672    215.45547      2.63724
      7.39000    271.58073    270.42869     11.75271
      7.40000    245.75022    224.87980     27.71824
      7.41000    163.31701    114.70578     51.10442
      7.42000    123.27509     57.88800     65.82472
      7.43000    149.30422     79.41765     69.92484
      7.44000    204.13358    129.82842     74.49781
      7.45000    245.11250    197.06013     50.17839
      7.46000    324.72638    310.68762     23.10321
      7.47000    314.64354    318.76515     10.82431
      7.48000    187.31486    172.91053     24.07839
      7.49000    149.39375    100.85209     52.89228
      7.50000    268.43088    225.15754     53.86439
      7.51000    404.28386    384.84289     39.25220
      7.52000    283.02164    274.14551     22.99015
      7.53000     91.63236     89.73801      7.35091
      7.54000    100.52497     99.63309     10.43914
      7.55000    296.76126    268.32828     47.43953
      7.56000    480.86814    403.95792     93.62400
      7.57000    414.87337    331.11855     90.96032
      7.58000    288.69980    217.75529     77.72960
      7.59000    267.46582    213.64988     68.70276
      7.60000    243.45585    218.82416     42.15912
      7.61000    276.70663    243.69268     44.12003
      7.62000    367.38838    297.87025     75.22379
      7.63000    361.87847    289.61007     81.91562
      7.64000    265.85537    225.49294     55.42174
      7.65000    239.32262    192.95825     59.58435
      7.66000    297.80029    210.36182     95.31761
      7.67000    349.65858    257.88037     96.68536
      7.68000    405.99275    311.25741    103.26314
      7.69000    377.09561    283.02434    104.89167
      7.70000    290.97893    223.23470     76.46525
      7.71000    220.07878    174.07090     51.84201
      7.72000    228.85125    195.40895     37.23352
      7.73000    314.24645    278.00600     39.99344
      7.74000    279.54109    243.85954     38.87931
      7.75000    257.54059    206.72612     54.22328
      7.76000    309.76946    218.70005     95.21198
      7.77000    310.48792    220.68047     95.72182
      7.78000    332.99841    276.94321     63.49287
      7.79000    295.18178    256.28370     43.17043
      7.80000    201.45626    171.22489     31.81443
      7.81000    220.95668    171.55401     51.45385
      7.82000    279.66686    217.92824     67.08656
      7.83000    320.02831    275.07710     53.25490
      7.84000    354.44453    289.26928     70.37348
      7.85000    296.80159    216.61906     81.47458
      7.86000    208.54542    153.13741     56.13855
      7.87000    223.67779    167.68473     59.10327
      7.88000    325.57967    265.67857     65.71777
      7.89000    354.76893    308.27171     50.56456
      7.90000    264.60846    227.51665     38.17163
      7.91000    191.34735    159.81582     31.65787
      7.92000    219.85410    160.88558     59.19432
      7.93000    340.47890    237.22103    104.51658
      7.94000    376.88943    290.81601     88.72937
      7.95000    313.08067    257.86038     57.42113
      7.96000    263.01485    219.69092     44.37881
      7.97000    212.21250    183.84218     29.36643
      7.98000    217.42138    183.68236     37.35863
      7.99000    289.37622    227.44355     70.85889
      8.00000    307.63836    226.39505     90.43258
      8.01000    350.64274    258.98445     97.35285
      8.02000    376.21826    291.57874     88.26327
      8.03000    259.88945    211.11815     52.04790
      8.04000    215.60133    183.10322     40.88173
      8.05000    270.97035    215.31007     68.76995
      8.06000    299.35717    232.94713     77.52328
      8.07000    318.69608    252.55610     73.67227
      8.08000    326.80313    252.30915     78.13398
      8.09000    280.62451    219.42148     65.69855
      8.10000    294.21621    230.74770     74.34731
      8.11000    355.42677    269.32560     99.65480
      8.12000    362.68064    281.14780     92.05506
      8.13000    275.19553    221.71127     58.56470
      8.14000    277.38561    220.10795     58.81634
      8.15000    473.52817    363.67994    113.02782
      8.16000    892.71772    652.33618    248.52795
      8.17000   1355.67878    941.92768    421.65825
      8.18000   1401.70078    957.59653    446.92870
      8.19000   1193.69098    838.40002    355.66212
      8.20000   1059.36803    761.28726    298.09871
      8.21000   1064.12755    778.30896    285.81891
      8.22000   1262.21556    939.62453    322.59103
      8.23000   1430.11432   1053.89945    376.21487
      8.24000   1290.72280    928.66173    362.06188
      8.25000    905.50062    636.90057    268.64313
      8.26000    437.75895    301.32274    137.28208
      8.27000    179.26699    141.27875     44.09940
      8.28000    242.63866    217.29761     41.58728
      8.29000    312.76496    247.67676     80.98084
      8.30000    232.42338    159.16244     78.98206
      8.31000    139.86924    102.69315     37.95407
      8.32000    145.26092    120.26061     25.48585
      8.33000    254.77290    201.18490     57.25050
      8.34000    373.28093    288.57207     95.70501
      8.35000    371.27760    272.66911    110.75601
      8.36000    207.76547    135.93062     76.77168
      8.37000     88.44533     65.08041     24.11005
      8.38000     90.59316     85.46890      5.37245
      8.39000    117.02069    100.86345     18.40633
      8.40000    213.55378    151.79823     70.75979
      8.41000    301.69869    192.40968    123.14599
      8.42000    235.98884    154.89974     91.60041
      8.43000    135.14979    113.58587     28.73811
      8.44000     78.79278     71.42547     11.07867
      8.45000    101.90903     68.60952     35.07975
      8.46000    176.41049    105.83777     76.60591
      8.47000    212.24586    147.09315     79.61713
      8.48000    205.92010    171.92798     50.02041
      8.49000    185.88990    151.03683     44.64770
      8.50000    139.69676     94.20453     48.70926
      8.51000    150.32310     76.56593     74.51201
      8.52000    206.23587    103.39104    105.81952
      8.53000    238.59310    169.47240     80.63902
      8.54000    211.43088    201.28068     28.26062
      8.55000    124.55830    129.18403      7.27801
      8.56000     88.60298     61.79761     30.12368
      8.57000    229.99972    118.36407    112.04795
      8.58000    383.41612    220.52930    163.37395
      8.59000    323.02017    226.34749     99.86647
      8.60000    256.08545    221.48113     43.71047
      8.61000    232.10397    199.26081     43.59866
      8.62000    163.71577    106.10760     62.70156
      8.63000    168.24403     73.24426     95.95176
      8.64000    190.97157     96.45037     94.99213
      8.65000    174.77971    115.26430     63.24321
      8.66000    202.96385    176.43857     39.61113
      8.67000    257.54339    213.66383     61.43286
      8.68000    225.49027    133.50518    100.94142
      8.69000    150.15518     66.53014     85.36697
      8.70000    117.56456     71.58944     46.32906
      8.71000    128.71689     95.64446     34.53334
      8.72000    193.23611    140.23510     57.08054
      8.73000    235.10484    152.14381     91.04743
      8.74000    225.88475    146.01338     92.82617
      8.75000    192.95155    131.04186     71.99477
      8.76000    165.20182    111.21606     57.01641
      8.77000    173.99364    124.45017     49.88199
      8.78000    188.98378    120.73129     68.31900
      8.79000    178.47025     90.62145     88.72300
      8.80000    160.93326     98.50083     67.76682
      8.81000    163.19507    135.10363     40.06892
      8.82000    218.40706    163.18939     65.11120
      8.83000    287.91757    175.64601    115.27794
      8.84000    231.03390    130.03541    101.33529
      8.85000    110.15614     62.01084     48.19523
      8.86000     93.70242     58.97641     35.39263
      8.87000    221.77917    137.82060     88.48253
      8.88000    292.78079    186.67445    117.40439
      8.89000    198.08951    140.14746     68.32197
      8.90000    180.67756    128.26680     55.91901
      8.91000    260.91250    158.91018    102.43882
      8.92000    250.90192    118.27527    132.66437
      8.93000    190.25368     81.11744    109.53433
      8.94000    163.08596     96.33557     70.02540
      8.95000    243.56726    165.48050     88.00697
      8.96000    332.38454    196.19547    147.24343
      8.97000    335.06862    157.53246    182.06777
      8.98000    336.90303    148.04785    189.53866
      8.99000    372.52593    142.07127    230.49915
      9.00000    422.37804    125.43654    297.13134
      9.01000    418.48406    108.66957    311.81514
      9.02000    387.14944    137.44581    257.49192
      9.03000    392.29492    179.57585    223.87275
      9.04000    386.35892    158.10360    234.13157
      9.05000    341.10460    119.67169    222.57181
      9.06000    273.00986     93.05097    180.04222
      9.07000    244.95011     78.69894    166.32957
      9.08000    287.31768     88.11009    200.21401
      9.09000    309.58533    113.91554    200.55495
      9.10000    378.08366    166.35545    220.45147
      9.11000    645.30619    221.01502    430.02156
      9.12000    958.38826    261.48718    698.28591
      9.13000   1011.73141    248.92771    762.92682
      9.14000    927.24810    213.34382    713.90831
      9.15000    930.23358    228.37318    701.86045
      9.16000   1038.66681    317.36927    721.29754
      9.17000   1098.61940    393.90512    704.71428
      9.18000   1048.97087    377.35800    671.61286
      9.19000   1025.56629    366.22095    659.34534
      9.20000   1058.90622    398.82763    660.07859
      9.21000   1013.92749    371.06232    642.86517
      9.22000    866.77229    279.29784    587.47445
      9.23000    682.92226    197.42807    485.49419
      9.24000    754.21720    224.30069    529.91650
      9.25000    839.54705    245.12284    594.42421
      9.26000    656.52438    178.00053    478.52384
      9.27000    516.04692    178.07488    337.97203
      9.28000    505.93971    226.43549    279.50422
      9.29000    369.46367    156.86171    212.60196
      9.30000    258.11168     88.99599    169.11568
      9.31000    300.27535    112.74321    187.53214
      9.32000    374.27074    156.00328    218.26745
      9.33000    376.95621    167.68389    209.27232
      9.34000    379.87993    159.98417    219.89576
      9.35000    473.12403    195.64257    277.48146
      9.36000    480.93088    196.41356    284.51731
      9.37000    365.45580    121.47661    243.97919
      9.38000    395.25921    109.71466    285.54454
      9.39000    526.57472    147.05673    379.51799
      9.40000    541.41133    158.08555    383.32578
      9.41000    412.96109    139.22558    273.73550
      9.42000    314.62330    146.54160    168.08169
      9.43000    346.50533    200.37499    146.13034
      9.44000    332.54643    189.63066    142.91577
      9.45000    213.13169    114.31814     98.81355
      9.46000    157.87929     94.02197     63.85732
      9.47000    197.82801    117.96556     79.86246
      9.48000    226.16470    122.47605    103.68865
      9.49000    231.09491    130.63825    100.45666
      9.50000    269.31609    157.41803    111.89806
      9.51000    323.54764    177.90911    145.63853
      9.52000    320.58103    171.87712    148.70391
      9.53000    243.30899    136.55885    106.75013
      9.54000    203.65847    116.50135     87.15712
      9.55000    196.26414     99.36915     96.89499
      9.56000    287.36208    110.47347    176.88861
      9.57000    424.89686    131.77683    293.12003
      9.58000    510.55772    163.54036    347.01736
      9.59000    571.05356    218.11658    352.93698
      9.60000    557.58038    218.04271    339.53767
      9.61000    432.99549    137.23703    295.75845
      9.62000    325.66310    100.26489    225.39821
      9.63000    362.40968    132.97757    229.43211
      9.64000    459.29767    166.03961    293.25806
      9.65000    398.52889    135.61333    262.91556
      9.66000    387.90931    119.91347    267.99584
      9.67000    560.93747    179.12801    381.80947
      9.68000    722.35110    250.39279    471.95831
      9.69000    898.24460    272.63519    625.60941
      9.70000   1079.07819    258.97660    820.10158
      9.71000   1126.76507    217.97023    908.79483
      9.72000   1119.79679    193.92308    925.87371
      9.73000   1098.31315    191.06634    907.24682
      9.74000   1005.61715    191.63064    813.98651
      9.75000    893.35402    221.26177    672.09226
      9.76000    847.65754    254.65323    593.00431
      9.77000    784.74476    223.79375    560.95100
      9.78000    705.09884    158.20121    546.89763
      9.79000    678.81492    129.88534    548.92959
      9.80000    651.62631    128.14886    523.47745
      9.81000    538.11725    129.66629    408.45096
      9.82000    512.72407    145.76429    366.95979
      9.83000    520.40266    153.56595    366.83671
      9.84000    450.53497    149.27480    301.26017
      9.85000    361.42089    130.05264    231.36826
      9.86000    246.84003     78.78150    168.05853
      9.87000    200.43038     38.90393    161.52645
      9.88000    191.13778     29.62665    161.51113
      9.89000    230.81824     47.54782    183.27042
      9.90000    342.52697    101.49651    241.03045
      9.91000    455.31708    148.67233    306.64476
      9.92000    540.85327    160.10578    380.74748
      9.93000    701.43579    185.58735    515.84845
      9.94000    916.00237    243.98708    672.01529
      9.95000    877.16207    242.92172    634.24035
      9.96000    674.25256    197.78607    476.46648
      9.97000    589.70848    191.30689    398.40159
      9.98000    599.77303    210.39363    389.37940
      9.99000    639.94014    226.21898    413.72116
     10.00000    696.59557    242.26885    454.32672
     10.01000    652.01576    224.75014    427.26563
     10.02000    628.99299    223.11690    405.87609
     10.03000    799.84410    305.41774    494.42636
     10.04000    710.85252    277.94825    432.90426
     10.05000    351.60384    133.84029    217.76355
     10.06000    300.41478    105.01314    195.40163
     10.07000    503.45896    183.26132    320.19764
     10.08000    631.81816    252.50237    379.31580
     10.09000    623.53340    271.44516    352.08823
     10.10000    547.43136    242.82282    304.60855
     10.11000    508.80355    221.07412    287.72943
     10.12000    506.52569    225.94932    280.57637
     10.13000    457.69606    199.26995    258.42611
     10.14000    381.03178    147.65290    233.37888
     10.15000    409.55950    150.08337    259.47613
     10.16000    637.66100    249.84417    387.81683
     10.17000    825.41960    332.10197    493.31763
     10.18000    734.09089    278.27523    455.81566
     10.19000    539.65370    185.02516    354.62854
