Energy-E_F (eV)    DOS (1/eV)    PDOS (1/eV)  of atom type H  C  
     -6.84015    201.93108      9.99230    191.93878
     -6.83015    293.52202     22.64621    270.87581
     -6.82015    228.81504     22.29405    206.52099
     -6.81015    124.71327      9.60189    115.11138
     -6.80015     89.80009      2.87126     86.92884
     -6.79015     62.89826      1.30007     61.59818
     -6.78015     88.71217      1.65587     87.05630
     -6.77015    138.42030      2.83473    135.58557
     -6.76015    163.74330      7.86669    155.87661
     -6.75015    236.86312     24.23372    212.62940
     -6.74015    300.90645     38.37863    262.52782
     -6.73015    214.65135     27.74375    186.90760
     -6.72015    121.48354      9.76685    111.71669
     -6.71015     96.70608      4.32300     92.38308
     -6.70015    122.99002     10.04164    112.94838
     -6.69015    216.08179     18.27369    197.80810
     -6.68015    197.84792     13.61016    184.23776
     -6.67015     97.65989      6.80878     90.85112
     -6.66015    135.12274     15.36311    119.75963
     -6.65015    237.29128     27.62378    209.66750
     -6.64015    170.05178     18.89016    151.16162
     -6.63015     76.72490      5.29345     71.43146
     -6.62015    122.04551      2.39270    119.65280
     -6.61015    160.49874      3.67184    156.82690
     -6.60015    118.48190      9.45391    109.02799
     -6.59015    150.04566     22.68431    127.36135
     -6.58015    223.82263     30.42608    193.39656
     -6.57015    212.78873     26.09093    186.69780
     -6.56015    142.16556     15.33290    126.83266
     -6.55015    116.85280      6.31166    110.54114
     -6.54015    153.31337      3.21822    150.09514
     -6.53015    131.11244      3.71323    127.39921
     -6.52015    114.53381     13.72328    100.81054
     -6.51015    209.93822     33.65683    176.28139
     -6.50015    222.15140     32.43421    189.71718
     -6.49015    129.61733     15.59265    114.02468
     -6.48015    112.83330     10.27652    102.55678
     -6.47015    142.86939      7.45187    135.41752
     -6.46015    173.98063      5.74561    168.23502
     -6.45015    172.36833     13.84409    158.52424
     -6.44015    193.32704     29.16818    164.15886
     -6.43015    191.14528     26.63047    164.51481
     -6.42015    159.48496     16.34985    143.13511
     -6.41015    203.04278     28.47687    174.56591
     -6.40015    272.83682     43.05652    229.78030
     -6.39015    272.31463     35.26338    237.05125
     -6.38015    278.57258     24.67877    253.89381
     -6.37015    217.97699     17.47531    200.50168
     -6.36015    123.43818     12.24842    111.18977
     -6.35015     72.72750      5.96990     66.75759
     -6.34015     92.51484      4.70393     87.81091
     -6.33015    119.78013     11.19856    108.58157
     -6.32015    108.03754     15.62875     92.40880
     -6.31015     91.01525      9.23864     81.77661
     -6.30015    140.27390      4.22795    136.04594
     -6.29015    172.83143      6.65206    166.17937
     -6.28015    138.98090     13.22111    125.75979
     -6.27015    121.18329     18.24713    102.93616
     -6.26015    199.36296     30.39142    168.97154
     -6.25015    321.88263     44.48485    277.39778
     -6.24015    298.88063     41.19317    257.68747
     -6.23015    259.12771     41.18994    217.93777
     -6.22015    260.99712     39.07893    221.91819
     -6.21015    223.50253     26.05868    197.44385
     -6.20015    164.79303     13.55861    151.23441
     -6.19015    155.81037     16.14679    139.66359
     -6.18015    170.22276     22.46654    147.75622
     -6.17015    118.84817     14.74683    104.10134
     -6.16015    100.05587      9.75861     90.29726
     -6.15015    160.77474     18.14655    142.62818
     -6.14015    172.22933     19.45521    152.77412
     -6.13015    136.18573     10.31150    125.87423
     -6.12015    144.17424     12.57275    131.60149
     -6.11015    219.25656     22.92620    196.33036
     -6.10015    194.44989     17.97947    176.47042
     -6.09015     74.87246      5.47983     69.39262
     -6.08015     13.35183      0.70952     12.64231
     -6.07015     19.93263      0.97360     18.95903
     -6.06015    110.32358      7.21722    103.10636
     -6.05015    274.70114     23.65060    251.05054
     -6.04015    316.10920     35.16299    280.94621
     -6.03015    194.60467     27.05449    167.55018
     -6.02015     89.33492     12.87767     76.45726
     -6.01015    116.20798     10.63204    105.57594
     -6.00015    244.98912     18.26106    226.72806
     -5.99015    305.09779     19.53600    285.56179
     -5.98015    225.54911     12.48641    213.06269
     -5.97015     98.62142      5.38201     93.23941
     -5.96015     90.68799      8.97242     81.71557
     -5.95015    201.15450     24.81441    176.34009
     -5.94015    244.99932     34.72130    210.27802
     -5.93015    173.40283     25.26154    148.14129
     -5.92015     80.04799     10.46368     69.58432
     -5.91015     60.93593      8.16525     52.77068
     -5.90015    171.79032     25.32407    146.46625
     -5.89015    268.49005     40.66630    227.82374
     -5.88015    239.23948     34.88475    204.35474
     -5.87015    208.50964     29.57310    178.93654
     -5.86015    171.51452     24.31466    147.19985
     -5.85015    128.93177     13.72425    115.20752
     -5.84015    140.68849      9.14656    131.54193
     -5.83015    151.24166     13.11712    138.12454
     -5.82015    135.13017     20.83938    114.29080
     -5.81015    165.76598     29.72593    136.04005
     -5.80015    243.59699     31.24155    212.35544
     -5.79015    319.81580     30.10595    289.70985
     -5.78015    274.59816     24.19436    250.40380
     -5.77015    113.80166     10.04690    103.75475
     -5.76015     28.33072      2.63295     25.69777
     -5.75015     51.61660      5.22332     46.39329
     -5.74015    127.31610     13.00737    114.30873
     -5.73015    200.07974     22.01562    178.06412
     -5.72015    224.87476     24.32109    200.55367
     -5.71015    194.84654     16.81625    178.03029
     -5.70015    139.74048     12.47859    127.26189
     -5.69015    106.05146     15.67231     90.37915
     -5.68015    166.41393     25.71557    140.69835
     -5.67015    220.01632     25.35527    194.66105
     -5.66015    179.07158     19.44456    159.62702
     -5.65015    199.70521     28.25110    171.45411
     -5.64015    258.43446     33.41328    225.02118
     -5.63015    246.26140     22.26725    223.99415
     -5.62015    295.77040     23.33862    272.43178
     -5.61015    358.09568     32.75581    325.33987
     -5.60015    297.68499     31.84308    265.84190
     -5.59015    344.12172     44.14937    299.97235
     -5.58015    567.46355     74.30056    493.16299
     -5.57015    717.55494     91.20288    626.35205
     -5.56015    702.04831     90.46694    611.58138
     -5.55015    638.87241     77.51411    561.35831
     -5.54015    576.68161     62.01388    514.66773
     -5.53015    535.48647     59.50381    475.98266
     -5.52015    501.23622     55.22381    446.01241
     -5.51015    455.61328     46.59681    409.01647
     -5.50015    450.22811     44.28714    405.94098
     -5.49015    525.73518     56.46809    469.26708
     -5.48015    478.81977     59.11868    419.70110
     -5.47015    302.78612     46.51365    256.27246
     -5.46015    267.78283     47.19305    220.58978
     -5.45015    268.72915     39.38340    229.34575
     -5.44015    205.77080     23.03144    182.73935
     -5.43015    167.40189     18.79272    148.60917
     -5.42015    136.60664     23.35104    113.25560
     -5.41015     84.09678     19.58665     64.51012
     -5.40015     94.51004     24.86376     69.64627
     -5.39015    181.06579     45.72970    135.33609
     -5.38015    256.82964     52.49416    204.33548
     -5.37015    303.74483     40.49200    263.25283
     -5.36015    317.27589     38.27288    279.00301
     -5.35015    254.45747     37.75446    216.70301
     -5.34015    139.01745     21.87215    117.14531
     -5.33015     48.76505      6.79257     41.97248
     -5.32015     36.07931      1.55651     34.52281
     -5.31015     73.84862      1.51790     72.33072
     -5.30015     71.19778      1.43969     69.75810
     -5.29015     55.42629      1.71092     53.71537
     -5.28015    110.61525      6.34346    104.27179
     -5.27015    149.85690     12.33564    137.52126
     -5.26015    104.42019      9.53644     94.88375
     -5.25015     83.21945      3.80606     79.41339
     -5.24015     78.02082      1.78038     76.24044
     -5.23015     34.21070      0.71798     33.49272
     -5.22015     10.37091      0.71514      9.65577
     -5.21015     36.93391      4.18364     32.75027
     -5.20015    125.85933     11.78858    114.07074
     -5.19015    234.78257     17.32814    217.45443
     -5.18015    246.02051     16.97934    229.04117
     -5.17015    123.64343      9.16723    114.47620
     -5.16015     25.86517      2.07952     23.78565
     -5.15015      2.39288      0.18520      2.20768
     -5.14015      5.09781      0.10670      4.99111
     -5.13015     32.57162      0.66497     31.90665
     -5.12015     85.18302      2.06676     83.11627
     -5.11015    135.12794      6.38168    128.74627
     -5.10015    214.57918     17.91676    196.66242
     -5.09015    216.31567     22.92063    193.39504
     -5.08015     95.90310     11.32904     84.57406
     -5.07015     35.10870      2.47650     32.63220
     -5.06015     63.78769      1.40709     62.38060
     -5.05015     76.18141      1.53532     74.64609
     -5.04015     34.71402      0.69992     34.01411
     -5.03015     16.02523      0.44637     15.57887
     -5.02015     60.77408      2.83084     57.94324
     -5.01015    148.33353      9.53693    138.79660
     -5.00015    179.42254     12.86077    166.56177
     -4.99015    131.41993      7.32606    124.09386
     -4.98015     56.85138      2.00701     54.84437
     -4.97015     11.44010      0.28889     11.15121
     -4.96015      1.36336      0.02895      1.33441
     -4.95015      7.58972      0.15740      7.43232
     -4.94015     50.90260      1.21231     49.69029
     -4.93015    147.79658      5.00801    142.78857
     -4.92015    203.47678     11.29428    192.18251
     -4.91015    138.87214     11.70203    127.17011
     -4.90015     44.81315      4.86048     39.95267
     -4.89015     11.34686      0.87037     10.47649
     -4.88015     33.18879      0.72106     32.46773
     -4.87015     76.35380      1.62201     74.73179
     -4.86015     75.72400      2.22959     73.49441
     -4.85015     86.54796      5.15329     81.39467
     -4.84015    167.07988     11.28604    155.79384
     -4.83015    204.61065     15.35619    189.25446
     -4.82015    159.96111     12.48441    147.47670
     -4.81015    113.19645      5.67366    107.52279
     -4.80015     61.17788      1.73291     59.44497
     -4.79015     15.49856      0.34572     15.15283
     -4.78015      4.26852      0.08801      4.18051
     -4.77015     26.10285      0.53647     25.56638
     -4.76015    100.73597      2.39327     98.34270
     -4.75015    179.34178      6.77651    172.56527
     -4.74015    172.05491     11.97759    160.07733
     -4.73015    104.09863     10.40879     93.68985
     -4.72015    102.86846      7.29783     95.57063
     -4.71015    244.14235     11.01303    233.12932
     -4.70015    424.74486     14.75936    409.98551
     -4.69015    500.93327     14.85331    486.07996
     -4.68015    462.79207     12.51112    450.28096
     -4.67015    446.73402     11.82479    434.90923
     -4.66015    424.94937     15.12246    409.82691
     -4.65015    362.70567     18.70750    343.99816
     -4.64015    277.35729     14.35168    263.00561
     -4.63015    211.84385      7.74743    204.09642
     -4.62015    161.37047      4.69647    156.67400
     -4.61015    131.76890      3.70954    128.05936
     -4.60015    152.98371      4.84506    148.13866
     -4.59015    229.60010      9.05038    220.54972
     -4.58015    273.76642     12.10993    261.65650
     -4.57015    260.71140     14.01141    246.69999
     -4.56015    262.10928     16.29914    245.81014
     -4.55015    201.22649     10.86476    190.36173
     -4.54015    109.51225      4.18072    105.33153
     -4.53015     91.31045      2.61070     88.69976
     -4.52015     82.72361      2.14220     80.58142
     -4.51015     95.96203      2.12249     93.83954
     -4.50015    151.69728      3.68392    148.01335
     -4.49015    195.47227      6.98964    188.48264
     -4.48015    220.91806     13.46836    207.44970
     -4.47015    245.91516     18.04829    227.86687
     -4.46015    232.70106     13.90228    218.79878
     -4.45015    160.81919      6.60837    154.21082
     -4.44015     94.71510      2.74464     91.97045
     -4.43015     81.96732      2.19275     79.77458
     -4.42015     82.25489      2.23177     80.02312
     -4.41015     69.07171      2.18572     66.88599
     -4.40015    139.70673      6.62510    133.08163
     -4.39015    248.39055     14.35148    234.03906
     -4.38015    234.69723     13.33853    221.35869
     -4.37015    122.41627      5.68826    116.72801
     -4.36015     82.32556      3.53165     78.79391
     -4.35015    145.58395      7.03822    138.54573
     -4.34015    139.87856      7.09428    132.78428
     -4.33015     70.39116      3.16424     67.22692
     -4.32015     98.20585      3.54971     94.65614
     -4.31015    215.22814     10.50128    204.72686
     -4.30015    301.39062     16.06485    285.32577
     -4.29015    242.19345     10.64095    231.55249
     -4.28015    126.00463      3.69652    122.30811
     -4.27015    112.14139      2.53764    109.60375
     -4.26015    152.75307      3.26038    149.49270
     -4.25015    119.94982      2.82718    117.12264
     -4.24015    118.58375      5.00804    113.57571
     -4.23015    225.04461     11.64656    213.39805
     -4.22015    332.71074     17.85085    314.85988
     -4.21015    330.11783     15.82279    314.29504
     -4.20015    171.21481      6.68834    164.52647
     -4.19015     57.25548      1.71812     55.53735
     -4.18015     70.27482      1.80396     68.47086
     -4.17015    100.00603      2.37249     97.63354
     -4.16015    109.88334      2.28718    107.59616
     -4.15015    134.56110      4.05028    130.51083
     -4.14015    197.52658     10.61021    186.91637
     -4.13015    265.91972     16.87539    249.04432
     -4.12015    259.90207     14.50024    245.40183
     -4.11015    190.13683      7.89315    182.24367
     -4.10015    136.98055      3.57808    133.40247
     -4.09015    138.36908      2.89885    135.47023
     -4.08015    117.28534      2.72983    114.55551
     -4.07015     74.48028      2.58603     71.89426
     -4.06015    112.76050      7.00341    105.75710
     -4.05015    198.32487     13.42432    184.90054
     -4.04015    209.35085     11.32612    198.02473
     -4.03015    177.62762      5.96003    171.66759
     -4.02015    166.71077      5.62193    161.08884
     -4.01015    183.78984      7.33477    176.45506
     -4.00015    158.06016      5.61361    152.44654
     -3.99015    164.76558      4.84707    159.91851
     -3.98015    186.07940      7.94806    178.13134
     -3.97015    180.29995     12.49868    167.80127
     -3.96015    181.99838     11.22271    170.77567
     -3.95015    164.80682      5.86834    158.93847
     -3.94015    145.83823      3.51544    142.32279
     -3.93015    109.37755      2.60624    106.77132
     -3.92015     70.82449      2.73759     68.08690
     -3.91015     89.98621      5.42462     84.56159
     -3.90015    134.81697      9.01176    125.80520
     -3.89015    174.52984     12.91404    161.61580
     -3.88015    130.66988     10.46959    120.20029
     -3.87015     40.18508      3.42504     36.76005
     -3.86015      4.65774      0.41885      4.23889
     -3.85015      0.39080      0.02319      0.36761
     -3.84015      4.08913      0.11744      3.97169
     -3.83015     35.15129      1.41295     33.73834
     -3.82015    129.77497      7.39310    122.38187
     -3.81015    215.94296     15.91731    200.02565
     -3.80015    159.52062     13.43882    146.08181
     -3.79015     50.44204      4.34699     46.09505
     -3.78015     22.54311      0.83764     21.70547
     -3.77015     82.08768      1.57578     80.51190
     -3.76015    170.25026      3.28403    166.96623
     -3.75015    203.71253      4.90834    198.80420
     -3.74015    248.85968     10.05549    238.80420
     -3.73015    274.77354     14.92538    259.84816
     -3.72015    201.75759     11.48234    190.27525
     -3.71015    141.38363      7.29292    134.09070
     -3.70015    150.33710      5.37490    144.96220
     -3.69015    177.66109      4.13732    173.52377
     -3.68015    146.19761      3.15562    143.04199
     -3.67015    138.58164      5.04722    133.53442
     -3.66015    184.32531     11.24935    173.07596
     -3.65015    182.29466     12.42013    169.87453
     -3.64015    126.35916      6.31124    120.04792
     -3.63015    121.41491      3.91216    117.50276
     -3.62015    133.80872      5.32160    128.48712
     -3.61015    142.30815      5.49682    136.81133
     -3.60015    187.55281      5.77004    181.78277
     -3.59015    237.84804     10.21534    227.63270
     -3.58015    210.83305     13.43461    197.39844
     -3.57015    100.09827      7.77122     92.32705
     -3.56015     35.00456      2.04733     32.95723
     -3.55015     77.16434      1.89686     75.26749
     -3.54015    176.77770      4.81544    171.96226
     -3.53015    234.85898      8.09159    226.76739
     -3.52015    224.63698     10.93382    213.70316
     -3.51015    191.56472     13.47638    178.08834
     -3.50015    149.05587     10.03061    139.02526
     -3.49015     97.84254      4.00240     93.84015
     -3.48015     62.41080      1.46213     60.94866
     -3.47015     81.46655      1.66145     79.80509
     -3.46015    104.36168      3.32484    101.03684
     -3.45015    190.38607     10.06368    180.32239
     -3.44015    310.04557     17.75001    292.29557
     -3.43015    256.01515     13.24708    242.76807
     -3.42015    142.41301      5.01967    137.39334
     -3.41015     67.40706      1.57336     65.83370
     -3.40015     23.25571      0.58091     22.67480
     -3.39015     49.99839      2.30228     47.69612
     -3.38015    173.08356      9.56741    163.51614
     -3.37015    320.70064     17.51747    303.18317
     -3.36015    301.71888     14.10109    287.61778
     -3.35015    133.21630      5.10497    128.11133
     -3.34015     58.11011      1.54414     56.56597
     -3.33015     81.58924      2.09245     79.49679
     -3.32015     86.72174      4.45838     82.26336
     -3.31015    119.05340     10.34656    108.70684
     -3.30015    209.79430     13.59536    196.19894
     -3.29015    255.34094     10.60151    244.73943
     -3.28015    183.28062      6.01665    177.26397
     -3.27015    124.04330      3.27392    120.76938
     -3.26015    141.87248      4.42828    137.44420
     -3.25015    161.45164      9.34979    152.10186
     -3.24015    136.45384     12.17714    124.27671
     -3.23015    113.16182      8.30938    104.85244
     -3.22015    195.92471      7.08220    188.84251
     -3.21015    234.27280      6.89760    227.37520
     -3.20015    156.13723      4.98628    151.15095
     -3.19015    150.76075      8.48822    142.27253
     -3.18015    174.78700     12.85955    161.92746
     -3.17015    149.09185      9.18831    139.90354
     -3.16015    111.63923      4.73956    106.89968
     -3.15015    124.23036      4.88480    119.34556
     -3.14015    181.65983      6.70183    174.95800
     -3.13015    228.98192     11.11508    217.86684
     -3.12015    201.04404     13.34585    187.69819
     -3.11015    183.87051      9.07552    174.79499
     -3.10015    200.46142      6.04946    194.41197
     -3.09015    195.55735      6.58900    188.96835
     -3.08015    195.58812      9.21604    186.37207
     -3.07015    180.79383     12.70948    168.08435
     -3.06015    174.72867     11.80685    162.92182
     -3.05015    196.22232      7.54015    188.68216
     -3.04015    326.11034      9.28079    316.82954
     -3.03015    374.03699     12.39107    361.64592
     -3.02015    236.48903     13.35072    223.13830
     -3.01015    119.81817     12.25246    107.56571
     -3.00015     56.28028      6.06984     50.21044
     -2.99015     68.93645      2.67199     66.26446
     -2.98015    147.86881      5.55296    142.31585
     -2.97015    181.39339     11.34112    170.05227
     -2.96015    133.10127     12.92375    120.17752
     -2.95015     56.23924      6.70200     49.53724
     -2.94015     27.76320      2.21118     25.55202
     -2.93015     90.90078      4.99038     85.91040
     -2.92015    215.67763     12.59448    203.08314
     -2.91015    258.13080     14.47999    243.65081
     -2.90015    163.93795      7.47297    156.46498
     -2.89015     82.13849      3.50548     78.63301
     -2.88015    111.74133      7.73141    104.00992
     -2.87015    145.92012     13.29947    132.62065
     -2.86015     90.89939      9.81434     81.08505
     -2.85015     49.62700      4.05160     45.57540
     -2.84015    119.65305      6.49698    113.15607
     -2.83015    230.79593     13.68520    217.11073
     -2.82015    232.19771     13.31310    218.88461
     -2.81015    165.70211      6.95047    158.75164
     -2.80015    142.55349      6.99630    135.55720
     -2.79015    145.95800     12.07270    133.88530
     -2.78015    113.97934     11.66626    102.31308
     -2.77015    103.29367      7.26220     96.03147
     -2.76015    166.22666      9.13562    157.09104
     -2.75015    215.18932     13.98957    201.19976
     -2.74015    202.37268     12.43028    189.94241
     -2.73015    201.06388      9.04187    192.02200
     -2.72015    200.50000     11.70185    188.79815
     -2.71015    184.43653     14.07813    170.35839
     -2.70015    144.55807     10.22104    134.33703
     -2.69015    169.05581     11.57014    157.48568
     -2.68015    252.13808     16.15290    235.98518
     -2.67015    248.09740     13.70935    234.38805
     -2.66015    250.03337     14.58912    235.44424
     -2.65015    319.40576     18.17739    301.22837
     -2.64015    330.57936     16.87640    313.70297
     -2.63015    259.50331     16.65835    242.84496
     -2.62015    160.95902     14.07771    146.88131
     -2.61015    139.50010     12.51552    126.98457
     -2.60015    175.70339     14.40376    161.29962
     -2.59015    152.29106     13.97216    138.31890
     -2.58015    151.14185     15.01750    136.12435
     -2.57015    189.85579     16.25718    173.59861
     -2.56015    191.13042     18.00698    173.12344
     -2.55015    170.14968     20.27256    149.87712
     -2.54015    207.43199     24.79142    182.64058
     -2.53015    274.68066     28.95366    245.72700
     -2.52015    242.51218     24.33653    218.17565
     -2.51015    133.71646     11.52978    122.18667
     -2.50015     94.09478      3.17036     90.92442
     -2.49015     68.44654      0.93393     67.51261
     -2.48015     31.98878      0.39016     31.59862
     -2.47015     70.36162      1.02767     69.33395
     -2.46015    199.47636      2.97841    196.49795
     -2.45015    278.44677      4.11786    274.32891
     -2.44015    188.11427      2.70714    185.40713
     -2.43015     91.20600      1.24470     89.96131
     -2.42015    131.14940      1.72533    129.42408
     -2.41015    154.49769      2.04998    152.44771
     -2.40015     88.18685      1.26597     86.92088
     -2.39015     89.58720      1.52028     88.06692
     -2.38015    155.35116      2.51709    152.83406
     -2.37015    192.30238      2.97397    189.32841
     -2.36015    187.30850      3.64026    183.66824
     -2.35015    190.16713      5.04752    185.11961
     -2.34015    150.05185      4.15343    145.89842
     -2.33015    142.65268      2.78303    139.86964
     -2.32015    230.58334      3.65961    226.92373
     -2.31015    187.40343      2.93549    184.46794
     -2.30015     62.50782      1.02833     61.47949
     -2.29015     68.52230      1.82844     66.69385
     -2.28015    359.82584     10.35142    349.47441
     -2.27015    930.06772     27.26087    902.80685
     -2.26015   1232.11065     35.89834   1196.21231
     -2.25015   1011.98024     28.97976    983.00048
     -2.24015    635.38098     18.33839    617.04259
     -2.23015    429.30914     12.19492    417.11422
     -2.22015    460.98632     12.36271    448.62361
     -2.21015    490.26098     12.98081    477.28017
     -2.20015    394.55911     10.10256    384.45656
     -2.19015    392.70780      9.84414    382.86365
     -2.18015    500.94706     13.28963    487.65744
     -2.17015    471.41904     12.54021    458.87883
     -2.16015    292.66961      7.11547    285.55414
     -2.15015    145.28326      2.93785    142.34541
     -2.14015     97.25641      1.47090     95.78551
     -2.13015     66.50481      0.90446     65.60035
     -2.12015     24.03532      0.32220     23.71312
     -2.11015     32.95283      0.43996     32.51287
     -2.10015    105.48639      1.42681    104.05959
     -2.09015    149.28859      2.05242    147.23617
     -2.08015     87.85206      1.22683     86.62523
     -2.07015     21.81036      0.30884     21.50153
     -2.06015     11.23229      0.16651     11.06578
     -2.05015     48.21101      0.71203     47.49898
     -2.04015    107.63313      1.53244    106.10069
     -2.03015    125.02278      1.66151    123.36127
     -2.02015     81.90757      1.02687     80.88071
     -2.01015     37.17307      0.51515     36.65792
     -2.00015     92.95773      1.69412     91.26361
     -1.99015    316.53996      6.20791    310.33205
     -1.98015    605.16116     12.29577    592.86539
     -1.97015    748.51770     15.13300    733.38470
     -1.96015    714.43662     14.00725    700.42938
     -1.95015    552.73656     10.67621    542.06035
     -1.94015    428.20305      8.24812    419.95494
     -1.93015    477.29194      9.22312    468.06882
     -1.92015    585.74748     11.40309    574.34438
     -1.91015    541.42459     10.43619    530.98840
     -1.90015    503.20790      9.20626    494.00163
     -1.89015    589.67500     10.35227    579.32273
     -1.88015    542.38084      9.59954    532.78129
     -1.87015    339.40677      6.18384    333.22294
     -1.86015    240.04745      4.43242    235.61503
     -1.85015    216.35526      3.82477    212.53050
     -1.84015    179.40334      2.73921    176.66413
     -1.83015    174.07698      2.31834    171.75865
     -1.82015    151.89071      2.09889    149.79181
     -1.81015    113.55688      1.68955    111.86733
     -1.80015     64.69386      0.97625     63.71761
     -1.79015     47.21776      0.60874     46.60902
     -1.78015    108.10020      1.30910    106.79110
     -1.77015    147.72019      1.84844    145.87174
     -1.76015     86.44717      1.11899     85.32818
     -1.75015     21.85913      0.28839     21.57074
     -1.74015     13.90712      0.16479     13.74233
     -1.73015     60.93554      0.71703     60.21851
     -1.72015    131.86099      1.59348    130.26751
     -1.71015    129.52325      1.61334    127.90991
     -1.70015     71.18916      0.88782     70.30134
     -1.69015     72.07835      0.83643     71.24191
     -1.68015    113.39214      1.29923    112.09291
     -1.67015    142.27928      1.66344    140.61584
     -1.66015    146.94634      1.77268    145.17367
     -1.65015     90.27921      1.11641     89.16280
     -1.64015     28.33128      0.35229     27.97899
     -1.63015     32.67381      0.37783     32.29598
     -1.62015    129.79638      1.49928    128.29710
     -1.61015    224.96298      2.63035    222.33263
     -1.60015    159.76823      1.89757    157.87066
     -1.59015     47.79875      0.57672     47.22203
     -1.58015     15.97401      0.19062     15.78339
     -1.57015     65.71651      0.77144     64.94507
     -1.56015    161.43313      1.88828    159.54486
     -1.55015    178.26896      2.07448    176.19448
     -1.54015    123.78373      1.43700    122.34673
     -1.53015     77.90175      0.94267     76.95908
     -1.52015     88.95521      1.13718     87.81802
     -1.51015    115.79650      1.38599    114.41051
     -1.50015    111.20689      1.19630    110.01059
     -1.49015     95.91790      1.09794     94.81996
     -1.48015    133.13931      1.72479    131.41452
     -1.47015    150.23497      1.92594    148.30903
     -1.46015     89.14180      1.05228     88.08952
     -1.45015     84.29468      0.84155     83.45313
     -1.44015    134.15941      1.47821    132.68120
     -1.43015    120.46607      1.53710    118.92897
     -1.42015     59.63914      0.81173     58.82740
     -1.41015     60.91738      0.69196     60.22542
     -1.40015    122.09381      1.20663    120.88718
     -1.39015    132.14742      1.13780    131.00962
     -1.38015     68.55422      0.52151     68.03271
     -1.37015     27.17923      0.22488     26.95435
     -1.36015     71.14614      0.66263     70.48350
     -1.35015    164.88417      1.48671    163.39745
     -1.34015    218.25747      2.12593    216.13154
     -1.33015    279.71869      3.18593    276.53276
     -1.32015    275.22009      3.19392    272.02617
     -1.31015    148.99757      1.57416    147.42341
     -1.30015     86.92774      0.91829     86.00945
     -1.29015    166.23444      2.05548    164.17896
     -1.28015    230.67625      3.08091    227.59534
     -1.27015    197.34429      2.45851    194.88578
     -1.26015    185.17288      1.74588    183.42700
     -1.25015    148.25543      1.31771    146.93772
     -1.24015    135.53575      1.52520    134.01055
     -1.23015    164.51953      1.93966    162.57987
     -1.22015    109.62355      1.12707    108.49648
     -1.21015     85.66580      0.51468     85.15112
     -1.20015    139.56640      1.11722    138.44918
     -1.19015    184.57995      2.36939    182.21056
     -1.18015    141.31738      2.24188    139.07550
     -1.17015     48.34472      0.84036     47.50435
     -1.16015     11.44445      0.22313     11.22132
     -1.15015     32.61869      0.68222     31.93646
     -1.14015     82.15068      1.66074     80.48994
     -1.13015    104.24688      1.81150    102.43537
     -1.12015     99.74289      1.33345     98.40944
     -1.11015     68.96106      0.89239     68.06867
     -1.10015     59.96922      1.12371     58.84551
     -1.09015     81.06986      1.71427     79.35559
     -1.08015     53.18743      1.12753     52.05990
     -1.07015     23.29002      0.40574     22.88428
     -1.06015     61.14270      0.85900     60.28370
     -1.05015    137.75541      2.14194    135.61347
     -1.04015    130.86732      2.27219    128.59513
     -1.03015     51.59438      0.97850     50.61588
     -1.02015     11.87186      0.24446     11.62740
     -1.01015     28.34631      0.60506     27.74125
     -1.00015     83.89489      1.69070     82.20419
     -0.99015    122.22307      2.09602    120.12705
     -0.98015    105.20045      1.43315    103.76730
     -0.97015     55.73805      0.73783     55.00022
     -0.96015     51.05456      1.02409     50.03047
     -0.95015     79.83824      1.74943     78.08881
     -0.94015     57.45860      1.23812     56.22048
     -0.93015     36.42739      0.57175     35.85564
     -0.92015     83.09088      1.10757     81.98331
     -0.91015    134.83136      2.14248    132.68888
     -0.90015    109.40092      2.06888    107.33204
     -0.89015     42.22090      0.88204     41.33886
     -0.88015     12.29224      0.26693     12.02532
     -0.87015     38.96151      0.80375     38.15776
     -0.86015    110.87577      2.07052    108.80525
     -0.85015    141.15130      2.26144    138.88986
     -0.84015     82.57718      1.13173     81.44545
     -0.83015     33.89703      0.55306     33.34397
     -0.82015     56.34586      1.25554     55.09032
     -0.81015     80.99607      1.81750     79.17856
     -0.80015     59.41719      1.14565     58.27154
     -0.79015     72.49579      0.92074     71.57506
     -0.78015    109.71383      1.54563    108.16820
     -0.77015    112.14867      2.10502    110.04365
     -0.76015     72.01833      1.56982     70.44851
     -0.75015     23.62455      0.52980     23.09475
     -0.74015     26.52515      0.50816     26.01699
     -0.73015    100.13403      1.77865     98.35539
     -0.72015    157.33247      2.62632    154.70616
     -0.71015     94.05420      1.47407     92.58013
     -0.70015     28.52802      0.48382     28.04421
     -0.69015     42.15687      0.96889     41.18798
     -0.68015     83.96110      1.90063     82.06047
     -0.67015     89.93355      1.66824     88.26531
     -0.66015     94.33517      1.19926     93.13591
     -0.65015     91.76653      1.30643     90.46010
     -0.64015     90.83961      1.88940     88.95020
     -0.63015     72.37952      1.68669     70.69283
     -0.62015     32.40890      0.69848     31.71042
     -0.61015     54.02616      0.83774     53.18842
     -0.60015    137.11048      2.22878    134.88170
     -0.59015    140.97641      2.47886    138.49754
     -0.58015     56.53200      1.07395     55.45805
     -0.57015     22.57086      0.50694     22.06392
     -0.56015     62.85357      1.41599     61.43759
     -0.55015    120.44241      2.32974    118.11267
     -0.54015    122.28091      1.81590    120.46501
     -0.53015     75.91449      1.03399     74.88050
     -0.52015     66.13582      1.41842     64.71739
     -0.51015     83.05501      2.00629     81.04872
     -0.50015     65.01339      1.33059     63.68280
     -0.49015     83.75122      1.13084     82.62038
     -0.48015    129.68920      2.04806    127.64114
     -0.47015    114.88351      2.33108    112.55244
     -0.46015     52.95965      1.22484     51.73480
     -0.45015     35.61218      0.73250     34.87968
     -0.44015    105.73125      1.92761    103.80364
     -0.43015    158.07234      2.72554    155.34680
     -0.42015     91.56099      1.51964     90.04135
     -0.41015     42.84919      0.90168     41.94751
     -0.40015     79.48269      1.87436     77.60833
     -0.39015    119.28951      2.30211    116.98740
     -0.38015    115.07197      1.62712    113.44486
     -0.37015     93.17649      1.56872     91.60776
     -0.36015     92.09395      2.18395     89.91000
     -0.35015     79.15731      1.74935     77.40797
     -0.34015     95.32267      1.43399     93.88868
     -0.33015    139.97896      2.35042    137.62853
     -0.32015    113.79122      2.38524    111.40598
     -0.31015     59.97506      1.31738     58.65768
     -0.30015     96.09085      1.73466     94.35619
     -0.29015    159.81937      2.84539    156.97398
     -0.28015    110.14877      2.02565    108.12312
     -0.27015     69.61275      1.46154     68.15121
     -0.26015    128.25817      2.54321    125.71497
     -0.25015    148.18023      2.53779    145.64244
     -0.24015    100.41841      1.79776     98.62065
     -0.23015    114.68806      2.44118    112.24688
     -0.22015    145.83680      2.61317    143.22363
     -0.21015    128.66537      2.16723    126.49814
     -0.20015    132.01166      2.67233    129.33933
     -0.19015    149.69895      2.66893    147.03002
     -0.18015    147.11365      2.51768    144.59597
     -0.17015    162.98456      3.03434    159.95022
     -0.16015    172.18589      2.85945    169.32644
     -0.15015    192.25342      3.16829    189.08513
     -0.14015    219.74834      3.50633    216.24200
     -0.13015    199.23672      3.24218    195.99455
     -0.12015    148.86904      3.11960    145.74944
     -0.11015    100.58837      2.68841     97.89996
     -0.10015     97.92085      2.85630     95.06455
     -0.09015     98.29880      2.89330     95.40550
     -0.08015    104.65382      3.08597    101.56785
     -0.07015    108.95140      3.21460    105.73680
     -0.06015    116.03757      3.42320    112.61437
     -0.05015    123.00485      3.62409    119.38076
     -0.04015    132.34764      3.88952    128.45812
     -0.03015    141.30363      4.13616    137.16748
     -0.02015    141.74062      4.12649    137.61413
     -0.01015    128.19863      3.70217    124.49646
     -0.00015    103.59640      2.96790    100.62850
      0.00985     51.96185      1.48378     50.47807
      0.01985     11.25333      0.32109     10.93224
      0.02985      0.92911      0.02651      0.90260
      0.03985      0.02841      0.00081      0.02760
      0.04985      0.00032      0.00001      0.00031
      0.05985      0.00000      0.00000      0.00000
      0.06985      0.00000      0.00000      0.00000
      0.07985      0.00000      0.00000      0.00000
      0.08985      0.00000      0.00000      0.00000
      0.09985      0.00000      0.00000      0.00000
      0.10985      0.00000      0.00000      0.00000
      0.11985      0.00000      0.00000      0.00000
      0.12985      0.00000      0.00000      0.00000
      0.13985      0.00000      0.00000      0.00000
      0.14985      0.00000      0.00000      0.00000
      0.15985      0.00000      0.00000      0.00000
      0.16985      0.00000      0.00000      0.00000
      0.17985      0.00000      0.00000      0.00000
      0.18985      0.00000      0.00000      0.00000
      0.19985      0.00000      0.00000      0.00000
      0.20985      0.00000      0.00000      0.00000
      0.21985      0.00000      0.00000      0.00000
      0.22985      0.00000      0.00000      0.00000
      0.23985      0.00000      0.00000      0.00000
      0.24985      0.00000      0.00000      0.00000
      0.25985      0.00000      0.00000      0.00000
      0.26985      0.00000      0.00000      0.00000
      0.27985      0.00000      0.00000      0.00000
      0.28985      0.00000      0.00000      0.00000
      0.29985      0.00000      0.00000      0.00000
      0.30985      0.00000      0.00000      0.00000
      0.31985      0.00000      0.00000      0.00000
      0.32985      0.00000      0.00000      0.00000
      0.33985      0.00000      0.00000      0.00000
      0.34985      0.00000      0.00000      0.00000
      0.35985      0.00000      0.00000      0.00000
      0.36985      0.00000      0.00000      0.00000
      0.37985      0.00000      0.00000      0.00000
      0.38985      0.00000      0.00000      0.00000
      0.39985      0.00000      0.00000      0.00000
      0.40985      0.00000      0.00000      0.00000
      0.41985      0.00000      0.00000      0.00000
      0.42985      0.00000      0.00000      0.00000
      0.43985      0.00000      0.00000      0.00000
      0.44985      0.00000      0.00000      0.00000
      0.45985      0.00000      0.00000      0.00000
      0.46985      0.00000      0.00000      0.00000
      0.47985      0.00000      0.00000      0.00000
      0.48985      0.00000      0.00000      0.00000
      0.49985      0.00000      0.00000      0.00000
      0.50985      0.00000      0.00000      0.00000
      0.51985      0.00000      0.00000      0.00000
      0.52985      0.00000      0.00000      0.00000
      0.53985      0.00000      0.00000      0.00000
      0.54985      0.00000      0.00000      0.00000
      0.55985      0.00000      0.00000      0.00000
      0.56985      0.00000      0.00000      0.00000
      0.57985      0.00000      0.00000      0.00000
      0.58985      0.00000      0.00000      0.00000
      0.59985      0.00000      0.00000      0.00000
      0.60985      0.00000      0.00000      0.00000
      0.61985      0.00000      0.00000      0.00000
      0.62985      0.00000      0.00000      0.00000
      0.63985      0.00000      0.00000      0.00000
      0.64985      0.00000      0.00000      0.00000
      0.65985      0.00000      0.00000      0.00000
      0.66985      0.00000      0.00000      0.00000
      0.67985      0.00000      0.00000      0.00000
      0.68985      0.00000      0.00000      0.00000
      0.69985      0.00000      0.00000      0.00000
      0.70985      0.00000      0.00000      0.00000
      0.71985      0.00000      0.00000      0.00000
      0.72985      0.00000      0.00000      0.00000
      0.73985      0.00000      0.00000      0.00000
      0.74985      0.00000      0.00000      0.00000
      0.75985      0.00000      0.00000      0.00000
      0.76985      0.00000      0.00000      0.00000
      0.77985      0.00000      0.00000      0.00000
      0.78985      0.00000      0.00000      0.00000
      0.79985      0.00000      0.00000      0.00000
      0.80985      0.00000      0.00000      0.00000
      0.81985      0.00000      0.00000      0.00000
      0.82985      0.00000      0.00000      0.00000
      0.83985      0.00000      0.00000      0.00000
      0.84985      0.00000      0.00000      0.00000
      0.85985      0.00000      0.00000      0.00000
      0.86985      0.00000      0.00000      0.00000
      0.87985      0.00000      0.00000      0.00000
      0.88985      0.00000      0.00000      0.00000
      0.89985      0.00000      0.00000      0.00000
      0.90985      0.00000      0.00000      0.00000
      0.91985      0.00000      0.00000      0.00000
      0.92985      0.00000      0.00000      0.00000
      0.93985      0.00000      0.00000      0.00000
      0.94985      0.00000      0.00000      0.00000
      0.95985      0.00000      0.00000      0.00000
      0.96985      0.00000      0.00000      0.00000
      0.97985      0.00000      0.00000      0.00000
      0.98985      0.00000      0.00000      0.00000
      0.99985      0.00000      0.00000      0.00000
      1.00985      0.00000      0.00000      0.00000
      1.01985      0.00000      0.00000      0.00000
      1.02985      0.00000      0.00000      0.00000
      1.03985      0.00000      0.00000      0.00000
      1.04985      0.00000      0.00000      0.00000
      1.05985      0.00000      0.00000      0.00000
      1.06985      0.00000      0.00000      0.00000
      1.07985      0.00000      0.00000      0.00000
      1.08985      0.00000      0.00000      0.00000
      1.09985      0.00000      0.00000      0.00000
      1.10985      0.00000      0.00000      0.00000
      1.11985      0.00000      0.00000      0.00000
      1.12985      0.00000      0.00000      0.00000
      1.13985      0.00000      0.00000      0.00000
      1.14985      0.00000      0.00000      0.00000
      1.15985      0.00000      0.00000      0.00000
      1.16985      0.00000      0.00000      0.00000
      1.17985      0.00000      0.00000      0.00000
      1.18985      0.00000      0.00000      0.00000
      1.19985      0.00000      0.00000      0.00000
      1.20985      0.00000      0.00000      0.00000
      1.21985      0.00000      0.00000      0.00000
      1.22985      0.00000      0.00000      0.00000
      1.23985      0.00000      0.00000      0.00000
      1.24985      0.00000      0.00000      0.00000
      1.25985      0.00000      0.00000      0.00000
      1.26985      0.00000      0.00000      0.00000
      1.27985      0.00000      0.00000      0.00000
      1.28985      0.00000      0.00000      0.00000
      1.29985      0.00000      0.00000      0.00000
      1.30985      0.00000      0.00000      0.00000
      1.31985      0.00000      0.00000      0.00000
      1.32985      0.00000      0.00000      0.00000
      1.33985      0.00000      0.00000      0.00000
      1.34985      0.00000      0.00000      0.00000
      1.35985      0.00000      0.00000      0.00000
      1.36985      0.00000      0.00000      0.00000
      1.37985      0.00000      0.00000      0.00000
      1.38985      0.00000      0.00000      0.00000
      1.39985      0.00000      0.00000      0.00000
      1.40985      0.00000      0.00000      0.00000
      1.41985      0.00000      0.00000      0.00000
      1.42985      0.00000      0.00000      0.00000
      1.43985      0.00000      0.00000      0.00000
      1.44985      0.00000      0.00000      0.00000
      1.45985      0.00000      0.00000      0.00000
      1.46985      0.00000      0.00000      0.00000
      1.47985      0.00000      0.00000      0.00000
      1.48985      0.00000      0.00000      0.00000
      1.49985      0.00000      0.00000      0.00000
      1.50985      0.00000      0.00000      0.00000
      1.51985      0.00000      0.00000      0.00000
      1.52985      0.00000      0.00000      0.00000
      1.53985      0.00000      0.00000      0.00000
      1.54985      0.00000      0.00000      0.00000
      1.55985      0.00000      0.00000      0.00000
      1.56985      0.00000      0.00000      0.00000
      1.57985      0.00000      0.00000      0.00000
      1.58985      0.00000      0.00000      0.00000
      1.59985      0.00000      0.00000      0.00000
      1.60985      0.00000      0.00000      0.00000
      1.61985      0.00000      0.00000      0.00000
      1.62985      0.00000      0.00000      0.00000
      1.63985      0.00000      0.00000      0.00000
      1.64985      0.00000      0.00000      0.00000
      1.65985      0.00000      0.00000      0.00000
      1.66985      0.00000      0.00000      0.00000
      1.67985      0.00000      0.00000      0.00000
      1.68985      0.00000      0.00000      0.00000
      1.69985      0.00000      0.00000      0.00000
      1.70985      0.00000      0.00000      0.00000
      1.71985      0.00000      0.00000      0.00000
      1.72985      0.00000      0.00000      0.00000
      1.73985      0.00000      0.00000      0.00000
      1.74985      0.00000      0.00000      0.00000
      1.75985      0.00000      0.00000      0.00000
      1.76985      0.00000      0.00000      0.00000
      1.77985      0.00000      0.00000      0.00000
      1.78985      0.00000      0.00000      0.00000
      1.79985      0.00000      0.00000      0.00000
      1.80985      0.00000      0.00000      0.00000
      1.81985      0.00000      0.00000      0.00000
      1.82985      0.00000      0.00000      0.00000
      1.83985      0.00000      0.00000      0.00000
      1.84985      0.00000      0.00000      0.00000
      1.85985      0.00000      0.00000      0.00000
      1.86985      0.00000      0.00000      0.00000
      1.87985      0.00000      0.00000      0.00000
      1.88985      0.00000      0.00000      0.00000
      1.89985      0.00000      0.00000      0.00000
      1.90985      0.00000      0.00000      0.00000
      1.91985      0.00000      0.00000      0.00000
      1.92985      0.00000      0.00000      0.00000
      1.93985      0.00000      0.00000      0.00000
      1.94985      0.00000      0.00000      0.00000
      1.95985      0.00000      0.00000      0.00000
      1.96985      0.00000      0.00000      0.00000
      1.97985      0.00000      0.00000      0.00000
      1.98985      0.00000      0.00000      0.00000
      1.99985      0.00000      0.00000      0.00000
      2.00985      0.00000      0.00000      0.00000
      2.01985      0.00000      0.00000      0.00000
      2.02985      0.00000      0.00000      0.00000
      2.03985      0.00000      0.00000      0.00000
      2.04985      0.00000      0.00000      0.00000
      2.05985      0.00000      0.00000      0.00000
      2.06985      0.00000      0.00000      0.00000
      2.07985      0.00000      0.00000      0.00000
      2.08985      0.00000      0.00000      0.00000
      2.09985      0.00000      0.00000      0.00000
      2.10985      0.00000      0.00000      0.00000
      2.11985      0.00000      0.00000      0.00000
      2.12985      0.00000      0.00000      0.00000
      2.13985      0.00000      0.00000      0.00000
      2.14985      0.00000      0.00000      0.00000
      2.15985      0.00000      0.00000      0.00000
      2.16985      0.00000      0.00000      0.00000
      2.17985      0.00000      0.00000      0.00000
      2.18985      0.00000      0.00000      0.00000
      2.19985      0.00000      0.00000      0.00000
      2.20985      0.00000      0.00000      0.00000
      2.21985      0.00000      0.00000      0.00000
      2.22985      0.00000      0.00000      0.00000
      2.23985      0.00000      0.00000      0.00000
      2.24985      0.00000      0.00000      0.00000
      2.25985      0.00000      0.00000      0.00000
      2.26985      0.00000      0.00000      0.00000
      2.27985      0.00000      0.00000      0.00000
      2.28985      0.00000      0.00000      0.00000
      2.29985      0.00000      0.00000      0.00000
      2.30985      0.00000      0.00000      0.00000
      2.31985      0.00000      0.00000      0.00000
      2.32985      0.00000      0.00000      0.00000
      2.33985      0.00000      0.00000      0.00000
      2.34985      0.00000      0.00000      0.00000
      2.35985      0.00000      0.00000      0.00000
      2.36985      0.00000      0.00000      0.00000
      2.37985      0.00000      0.00000      0.00000
      2.38985      0.00000      0.00000      0.00000
      2.39985      0.00000      0.00000      0.00000
      2.40985      0.00000      0.00000      0.00000
      2.41985      0.00000      0.00000      0.00000
      2.42985      0.00000      0.00000      0.00000
      2.43985      0.00000      0.00000      0.00000
      2.44985      0.00000      0.00000      0.00000
      2.45985      0.00000      0.00000      0.00000
      2.46985      0.00000      0.00000      0.00000
      2.47985      0.00000      0.00000      0.00000
      2.48985      0.00000      0.00000      0.00000
      2.49985      0.00000      0.00000      0.00000
      2.50985      0.00000      0.00000      0.00000
      2.51985      0.00000      0.00000      0.00000
      2.52985      0.00000      0.00000      0.00000
      2.53985      0.00000      0.00000      0.00000
      2.54985      0.00000      0.00000      0.00000
      2.55985      0.00000      0.00000      0.00000
      2.56985      0.00000      0.00000      0.00000
      2.57985      0.00000      0.00000      0.00000
      2.58985      0.00000      0.00000      0.00000
      2.59985      0.00000      0.00000      0.00000
      2.60985      0.00000      0.00000      0.00000
      2.61985      0.00000      0.00000      0.00000
      2.62985      0.00000      0.00000      0.00000
      2.63985      0.00000      0.00000      0.00000
      2.64985      0.00000      0.00000      0.00000
      2.65985      0.00000      0.00000      0.00000
      2.66985      0.00000      0.00000      0.00000
      2.67985      0.00000      0.00000      0.00000
      2.68985      0.00000      0.00000      0.00000
      2.69985      0.00000      0.00000      0.00000
      2.70985      0.00000      0.00000      0.00000
      2.71985      0.00000      0.00000      0.00000
      2.72985      0.00000      0.00000      0.00000
      2.73985      0.00000      0.00000      0.00000
      2.74985      0.00000      0.00000      0.00000
      2.75985      0.00000      0.00000      0.00000
      2.76985      0.00000      0.00000      0.00000
      2.77985      0.00000      0.00000      0.00000
      2.78985      0.00000      0.00000      0.00000
      2.79985      0.00000      0.00000      0.00000
      2.80985      0.00000      0.00000      0.00000
      2.81985      0.00000      0.00000      0.00000
      2.82985      0.00000      0.00000      0.00000
      2.83985      0.00000      0.00000      0.00000
      2.84985      0.00000      0.00000      0.00000
      2.85985      0.00000      0.00000      0.00000
      2.86985      0.00000      0.00000      0.00000
      2.87985      0.00000      0.00000      0.00000
      2.88985      0.00000      0.00000      0.00000
      2.89985      0.00000      0.00000      0.00000
      2.90985      0.00000      0.00000      0.00000
      2.91985      0.00000      0.00000      0.00000
      2.92985      0.00000      0.00000      0.00000
      2.93985      0.00000      0.00000      0.00000
      2.94985      0.00000      0.00000      0.00000
      2.95985      0.00000      0.00000      0.00000
      2.96985      0.00000      0.00000      0.00000
      2.97985      0.00000      0.00000      0.00000
      2.98985      0.00000      0.00000      0.00000
      2.99985      0.00000      0.00000      0.00000
      3.00985      0.00000      0.00000      0.00000
      3.01985      0.00000      0.00000      0.00000
      3.02985      0.00000      0.00000      0.00000
      3.03985      0.00000      0.00000      0.00000
      3.04985      0.00000      0.00000      0.00000
      3.05985      0.00000      0.00000      0.00000
      3.06985      0.00000      0.00000      0.00000
      3.07985      0.00000      0.00000      0.00000
      3.08985      0.00000      0.00000      0.00000
      3.09985      0.00000      0.00000      0.00000
      3.10985      0.00000      0.00000      0.00000
      3.11985      0.00000      0.00000      0.00000
      3.12985      0.00000      0.00000      0.00000
      3.13985      0.00000      0.00000      0.00000
      3.14985      0.00000      0.00000      0.00000
      3.15985      0.00000      0.00000      0.00000
      3.16985      0.00000      0.00000      0.00000
      3.17985      0.00000      0.00000      0.00000
      3.18985      0.00000      0.00000      0.00000
      3.19985      0.00000      0.00000      0.00000
      3.20985      0.00000      0.00000      0.00000
      3.21985      0.00000      0.00000      0.00000
      3.22985      0.00000      0.00000      0.00000
      3.23985      0.00000      0.00000      0.00000
      3.24985      0.00000      0.00000      0.00000
      3.25985      0.00000      0.00000      0.00000
      3.26985      0.00000      0.00000      0.00000
      3.27985      0.00000      0.00000      0.00000
      3.28985      0.00000      0.00000      0.00000
      3.29985      0.00000      0.00000      0.00000
      3.30985      0.02444      0.00026      0.02418
      3.31985      0.89733      0.00973      0.88760
      3.32985     12.67108      0.13781     12.53328
      3.33985     71.52570      0.78256     70.74314
      3.34985    174.62171      1.93403    172.68768
      3.35985    218.72745      2.48509    216.24236
      3.36985    191.56260      2.27723    189.28537
      3.37985    160.35016      2.01811    158.33206
      3.38985    141.58174      1.88565    139.69608
      3.39985    129.78001      1.82545    127.95456
      3.40985    120.67019      1.78809    118.88209
      3.41985    114.78651      1.78890    112.99761
      3.42985    108.24375      1.77155    106.47220
      3.43985    106.75306      1.82995    104.92310
      3.44985    114.26336      2.04844    112.21492
      3.45985    164.01013      3.01215    160.99797
      3.46985    216.22943      4.01477    212.21466
      3.47985    226.64083      4.28858    222.35225
      3.48985    196.00541      3.79235    192.21305
      3.49985    186.50781      3.72513    182.78268
      3.50985    159.91332      3.28019    156.63313
      3.51985    164.28240      3.44704    160.83536
      3.52985    159.84048      3.44277    156.39772
      3.53985    125.42717      2.81075    122.61641
      3.54985    160.27965      3.61877    156.66088
      3.55985    145.36709      3.30560    142.06148
      3.56985    110.34342      2.72993    107.61349
      3.57985    138.62565      3.40938    135.21627
      3.58985    145.48371      3.42855    142.05516
      3.59985    124.41490      3.23162    121.18328
      3.60985    101.85576      2.82826     99.02750
      3.61985    118.89345      3.06087    115.83259
      3.62985    159.36699      4.15548    155.21151
      3.63985    110.84518      3.09341    107.75176
      3.64985     76.50109      2.37098     74.13010
      3.65985    126.08866      3.72712    122.36153
      3.66985    144.11792      3.86635    140.25158
      3.67985    112.49183      3.23610    109.25573
      3.68985     96.70567      3.32621     93.37946
      3.69985     80.71899      2.69176     78.02723
      3.70985    119.78530      3.53489    116.25041
      3.71985    157.96198      4.79176    153.17021
      3.72985     94.80107      3.10159     91.69948
      3.73985     63.39297      2.44917     60.94381
      3.74985    101.57685      3.82071     97.75614
      3.75985    125.09075      3.92832    121.16243
      3.76985    126.36432      3.84404    122.52028
      3.77985    111.53178      4.20054    107.33125
      3.78985     69.90385      2.96379     66.94006
      3.79985     60.98553      2.46931     58.51621
      3.80985    130.15367      4.75010    125.40357
      3.81985    147.97971      4.97714    143.00257
      3.82985     86.57713      3.05831     83.51882
      3.83985     78.22607      3.62114     74.60493
      3.84985     80.31525      3.82883     76.48642
      3.85985     75.05773      2.92390     72.13384
      3.86985    134.32909      4.80925    129.51984
      3.87985    145.37832      5.64943    139.72889
      3.88985     70.47344      3.06479     67.40865
      3.89985     52.20944      2.73391     49.47553
      3.90985     88.21174      4.55664     83.65510
      3.91985    101.98903      4.26127     97.72775
      3.92985    119.79066      4.16313    115.62753
      3.93985    126.04081      5.40536    120.63545
      3.94985     85.12301      4.42797     80.69504
      3.95985     41.25982      2.33728     38.92254
      3.96985     66.75528      3.67012     63.08516
      3.97985    124.12363      5.87216    118.25147
      3.98985    127.72412      4.85744    122.86668
      3.99985     94.70415      3.90954     90.79460
      4.00985     89.44901      5.10759     84.34142
      4.01985     66.08155      4.07690     62.00465
      4.02985     41.78794      2.41668     39.37126
      4.03985     97.37153      4.92615     92.44538
      4.04985    157.61032      8.91129    148.69902
      4.05985    133.76632     31.46105    102.30527
      4.06985    229.73065    158.72400     71.00665
      4.07985    494.50023    381.52309    112.97714
      4.08985    565.45552    453.97407    111.48145
      4.09985    494.99272    397.94569     97.04703
      4.10985    615.44145    447.13523    168.30622
      4.11985    754.13167    547.31840    206.81326
      4.12985    658.51166    527.72711    130.78454
      4.13985    540.55476    452.01073     88.54404
      4.14985    515.23018    402.12065    113.10953
      4.15985    483.04094    370.23084    112.81010
      4.16985    454.97156    345.97424    108.99732
      4.17985    487.27609    329.89897    157.37713
      4.18985    478.66685    316.01232    162.65453
      4.19985    396.28407    299.42629     96.85778
      4.20985    346.04639    285.19168     60.85471
      4.21985    365.66954    276.48326     89.18628
      4.22985    382.67819    268.00489    114.67329
      4.23985    376.26691    257.26203    119.00488
      4.24985    385.86475    249.46279    136.40195
      4.25985    377.53681    243.14365    134.39316
      4.26985    330.71159    234.74627     95.96532
      4.27985    279.51077    225.62461     53.88616
      4.28985    287.31782    219.77367     67.54415
      4.29985    333.29277    218.00569    115.28707
      4.30985    345.67282    210.91763    134.75519
      4.31985    326.80558    205.56677    121.23881
      4.32985    332.20267    198.70656    133.49611
      4.33985    420.59470    198.29355    222.30114
      4.34985    429.78694    191.90722    237.87973
      4.35985    374.09446    188.86095    185.23351
      4.36985    387.17213    184.38548    202.78665
      4.37985    433.90932    184.80845    249.10087
      4.38985    398.02556    178.98942    219.03614
      4.39985    325.54027    172.81590    152.72437
      4.40985    347.52309    175.07179    172.45131
      4.41985    316.54762    164.83031    151.71731
      4.42985    269.77628    170.33651     99.43977
      4.43985    298.78148    156.89314    141.88834
      4.44985    379.03981    169.49989    209.53993
      4.45985    341.03812    157.03651    184.00161
      4.46985    286.85966    156.53063    130.32902
      4.47985    296.88166    157.58048    139.30118
      4.48985    283.77902    147.76051    136.01852
      4.49985    246.18595    154.14920     92.03675
      4.50985    235.26140    144.14519     91.11621
      4.51985    321.38860    147.74596    173.64264
      4.52985    366.83885    151.05727    215.78157
      4.53985    278.01425    141.54013    136.47412
      4.54985    232.98723    140.84940     92.13783
      4.55985    373.20529    151.88782    221.31747
      4.56985    550.23797    160.37584    389.86212
      4.57985    535.32054    159.92017    375.40037
      4.58985    451.89486    159.32032    292.57454
      4.59985    464.17583    147.43851    316.73732
      4.60985    537.10894    150.63746    386.47148
      4.61985    493.16436    157.04425    336.12011
      4.62985    350.22252    133.36896    216.85356
      4.63985    316.79181    137.42542    179.36639
      4.64985    385.11876    151.56358    233.55518
      4.65985    422.29202    129.14154    293.15048
      4.66985    418.50389    135.98115    282.52274
      4.67985    391.81197    148.50200    243.30997
      4.68985    317.92739    117.81556    200.11183
      4.69985    335.03083    128.75679    206.27404
      4.70985    377.91353    150.82642    227.08711
      4.71985    332.03420    115.01802    217.01619
      4.72985    303.54041    116.04332    187.49710
      4.73985    345.22282    149.61581    195.60701
      4.74985    370.32348    120.66386    249.65963
      4.75985    343.86963    105.98437    237.88526
      4.76985    348.93442    145.28224    203.65218
      4.77985    314.91616    126.31797    188.59819
      4.78985    258.74354     91.15843    167.58511
      4.79985    311.34058    132.27338    179.06720
      4.80985    318.66883    142.47578    176.19305
      4.81985    277.18918     91.21537    185.97381
      4.82985    358.43587    108.74710    249.68877
      4.83985    361.42169    150.09594    211.32575
      4.84985    274.65779    108.74396    165.91382
      4.85985    253.47109     81.78184    171.68925
      4.86985    322.38102    135.18883    187.19219
      4.87985    319.01295    139.12743    179.88552
      4.88985    217.06109     78.43300    138.62809
      4.89985    241.62190     94.11897    147.50293
      4.90985    341.62618    149.25968    192.36650
      4.91985    366.10486    116.60490    249.49997
      4.92985    309.95580     72.32678    237.62902
      4.93985    268.65392    115.45660    153.19732
      4.94985    253.46600    145.34159    108.12441
      4.95985    169.91631     83.97736     85.93895
      4.96985    206.82367     67.77394    139.04972
      4.97985    354.54389    135.47298    219.07090
      4.98985    393.69278    142.93461    250.75816
      4.99985    290.43168     73.20796    217.22372
      5.00985    195.48603     69.61139    125.87464
      5.01985    258.76541    138.68917    120.07624
      5.02985    296.08289    132.22640    163.85649
      5.03985    179.66537     60.31872    119.34665
      5.04985    181.81015     71.32643    110.48372
      5.05985    320.59917    143.90104    176.69813
      5.06985    327.20419    125.70787    201.49632
      5.07985    272.55038     58.49861    214.05177
      5.08985    268.98915     74.62016    194.36900
      5.09985    263.92493    141.95266    121.97227
      5.10985    241.36905    123.84935    117.51971
      5.11985    201.86478     53.98044    147.88434
      5.12985    179.69756     61.83103    117.86653
      5.13985    243.83934    135.84765    107.99169
      5.14985    265.17553    131.46186    133.71367
      5.15985    209.92053     57.54472    152.37581
      5.16985    255.19674     56.37925    198.81750
      5.17985    357.35806    131.04664    226.31142
      5.18985    298.95671    141.68578    157.27093
      5.19985    165.10780     63.56989    101.53792
      5.20985    211.78957     43.61925    168.17032
      5.21985    390.35790    116.10126    274.25664
      5.22985    454.59558    161.94294    292.65264
      5.23985    320.28018     91.60429    228.67590
      5.24985    152.08777     34.11021    117.97756
      5.25985    110.85323     71.48782     39.36541
      5.26985    193.35218    143.04523     50.30695
      5.27985    234.22372    114.03310    120.19063
      5.28985    206.07446     45.15424    160.92022
      5.29985    196.22073     50.91793    145.30279
      5.30985    294.62280    127.77338    166.84941
      5.31985    341.84802    143.85836    197.98966
      5.32985    219.79320     65.11944    154.67376
      5.33985    169.55503     33.80540    135.74963
      5.34985    250.85377     91.13670    159.71707
      5.35985    251.15839    149.14912    102.00927
      5.36985    152.50836     97.17783     55.33053
      5.37985    155.73220     34.76296    120.96924
      5.38985    266.02032     55.11290    210.90742
      5.39985    313.84438    130.90701    182.93737
      5.40985    275.56393    138.75680    136.80713
      5.41985    221.45834     63.44963    158.00871
      5.42985    191.57289     34.54109    157.03180
      5.43985    258.97289     89.66636    169.30653
      5.44985    307.74937    149.07395    158.67542
      5.45985    174.66566     99.87681     74.78885
      5.46985     88.39230     36.32367     52.06863
      5.47985    164.38558     56.88561    107.49997
      5.48985    292.16735    123.50426    168.66309
      5.49985    343.59298    133.13551    210.45747
      5.50985    299.43170     80.51870    218.91300
      5.51985    260.96218     69.64901    191.31317
      5.52985    237.14636     93.69979    143.44657
      5.53985    193.30262    102.51855     90.78407
      5.54985    192.47907    120.22278     72.25629
      5.55985    277.35144    119.80193    157.54951
      5.56985    308.73338     84.19721    224.53617
      5.57985    228.84131     84.51172    144.32959
      5.58985    240.46982    136.78555    103.68427
      5.59985    319.72638    127.80368    191.92271
      5.60985    301.38254     85.58163    215.80091
      5.61985    194.31624     85.74793    108.56831
      5.62985    135.07957     77.81680     57.26277
      5.63985    200.37783     85.67816    114.69966
      5.64985    298.76542    109.11648    189.64895
      5.65985    296.33298    107.71629    188.61669
      5.66985    232.74220     81.61128    151.13092
      5.67985    299.72354    120.50059    179.22295
      5.68985    519.65627    328.55070    191.10557
      5.69985    661.81491    493.79300    168.02191
      5.70985    518.40752    384.56313    133.84439
      5.71985    347.77661    231.96686    115.80975
      5.72985    379.34558    196.02712    183.31846
      5.73985    470.52116    209.97988    260.54127
      5.74985    484.31002    215.69627    268.61375
      5.75985    344.90467    158.99480    185.90987
      5.76985    251.93382    122.67139    129.26244
      5.77985    367.66282    194.36775    173.29506
      5.78985    420.57305    230.03752    190.53553
      5.79985    326.22060    162.31899    163.90162
      5.80985    280.54562     99.55706    180.98855
      5.81985    379.84383    122.58106    257.26277
      5.82985    469.42028    185.29353    284.12675
      5.83985    429.37497    205.69036    223.68462
      5.84985    402.34189    239.89101    162.45087
      5.85985    404.04569    211.53814    192.50755
      5.86985    496.67210    212.56355    284.10854
      5.87985    612.32889    248.56877    363.76012
      5.88985    523.43597    213.92103    309.51494
      5.89985    417.78788    188.80001    228.98788
      5.90985    364.86376    152.09225    212.77151
      5.91985    285.92101    135.66856    150.25245
      5.92985    175.92040    114.10757     61.81282
      5.93985     73.36492     58.49325     14.87167
      5.94985     17.24543     14.86317      2.38226
      5.95985     21.50717     17.69951      3.80766
      5.96985    123.13681     95.13214     28.00467
      5.97985    303.29285    212.01611     91.27674
      5.98985    351.67009    204.49045    147.17963
      5.99985    321.44810    161.60703    159.84106
      6.00985    301.39411    157.28885    144.10525
      6.01985    198.70101     86.31609    112.38492
      6.02985    113.28519     24.18741     89.09778
      6.03985     53.06521      5.85371     47.21150
      6.04985     12.07604      1.32499     10.75106
      6.05985      8.66760      4.58008      4.08752
      6.06985     63.87730     32.91169     30.96562
      6.07985    217.18349    102.02478    115.15871
      6.08985    319.61987    155.22435    164.39552
      6.09985    249.90594    155.63463     94.27131
      6.10985    191.25447    159.66586     31.58861
      6.11985    194.37772    173.10813     21.26958
      6.12985    155.08338    116.88395     38.19943
      6.13985    165.82862     68.34986     97.47876
      6.14985    288.21369    139.70968    148.50401
      6.15985    370.69795    241.95695    128.74101
      6.16985    370.71955    259.91618    110.80337
      6.17985    297.72290    189.83458    107.88832
      6.18985    223.36658    154.42789     68.93869
      6.19985    284.62630    235.52643     49.09987
      6.20985    272.53894    228.55951     43.97943
      6.21985    142.46590     99.40922     43.05668
      6.22985    120.81195     43.16119     77.65075
      6.23985    210.14314     98.37985    111.76329
      6.24985    319.29322    186.25728    133.03595
      6.25985    378.53954    240.44864    138.09090
      6.26985    352.01936    224.86216    127.15719
      6.27985    213.08126    133.03364     80.04763
      6.28985    163.49221    109.97065     53.52156
      6.29985    205.70515    125.83038     79.87477
      6.30985    187.33902    102.60130     84.73771
      6.31985    150.27349    103.00263     47.27087
      6.32985    153.72948    120.88738     32.84210
      6.33985    164.62087    105.24298     59.37790
      6.34985    274.32220    123.75047    150.57173
      6.35985    420.79399    183.69120    237.10279
      6.36985    396.50484    211.12206    185.38278
      6.37985    273.60653    193.45920     80.14733
      6.38985    167.20688    138.25361     28.95327
      6.39985    136.44985    103.94488     32.50497
      6.40985    181.73202    109.12706     72.60496
      6.41985    225.28267    138.49627     86.78640
      6.42985    197.88701    145.76324     52.12377
      6.43985    134.75764     99.56502     35.19263
      6.44985    156.73955     89.71215     67.02740
      6.45985    176.79763     89.78737     87.01026
      6.46985    203.82506    115.85872     87.96634
      6.47985    285.89270    163.10516    122.78843
      6.48985    277.42965    140.93147    136.54607
      6.49985    205.04630     94.99081    111.04374
      6.50985    247.65750    186.26436     69.41046
      6.51985    466.87562    442.77479     51.01703
      6.52985    531.76534    530.82051     42.24489
      6.53985    416.01523    400.94098     52.20501
      6.54985    474.90428    434.87859     80.67514
      6.55985    697.71160    688.43472     72.88025
      6.56985    824.38993    815.39229     82.61612
      6.57985    861.65162    808.40828    116.73472
      6.58985    821.30924    754.30740    120.14050
      6.59985    616.95662    567.49120     96.42092
      6.60985    385.84241    378.51047     46.12596
      6.61985    324.89029    327.09127     31.80094
      6.62985    450.00653    402.17418     84.85136
      6.63985    542.12398    447.87991    131.97391
      6.64985    481.73273    421.74058     94.98823
      6.65985    387.21872    387.07604     33.24741
      6.66985    384.75131    398.38909     20.73517
      6.67985    393.18356    370.73649     55.53784
      6.68985    382.08676    328.24730     81.15103
      6.69985    354.96119    331.26417     48.61062
      6.70985    353.17339    360.53921     20.45509
      6.71985    378.86882    359.27909     49.36922
      6.72985    433.64928    330.16067    132.31019
      6.73985    540.18253    369.26107    197.70574
      6.74985    538.93878    382.39930    177.69639
      6.75985    417.05917    344.64167     93.12208
      6.76985    348.66058    338.04002     36.57358
      6.77985    308.63226    318.13411     17.93234
      6.78985    284.61522    298.76118     11.27642
      6.79985    309.24983    307.84252     25.95122
      6.80985    383.82385    324.88649     82.12280
      6.81985    449.16335    324.80616    142.00640
      6.82985    427.68353    307.51555    138.90849
      6.83985    320.81338    253.32278     89.42863
      6.84985    233.78376    208.05073     46.78604
      6.85985    290.41441    248.43506     64.79238
      6.86985    317.85913    259.48914     78.49466
      6.87985    265.59911    249.31946     37.83246
      6.88985    204.32471    215.55108      8.78783
      6.89985    203.47394    213.56733      6.86992
      6.90985    251.52951    252.73337     18.78374
      6.91985    319.36786    261.01547     77.23160
      6.92985    464.93513    290.07197    190.61396
      6.93985    474.19828    265.27815    219.11022
      6.94985    273.82183    149.43844    128.13759
      6.95985    227.70258    144.35209     88.92551
      6.96985    378.81461    310.69422     85.17692
      6.97985    456.25467    439.16534     42.93041
      6.98985    375.33419    384.34484     13.42875
      6.99985    261.59777    265.81829     13.81802
      7.00985    290.41289    251.82888     58.26004
      7.01985    388.72347    270.71020    134.35708
      7.02985    379.20303    245.66724    141.97356
      7.03985    279.86521    220.56068     70.01184
      7.04985    212.04548    215.07636     16.62344
      7.05985    137.16926    140.13459     11.92592
      7.06985     94.36795     53.67396     45.49403
      7.07985    168.20858     92.96884     80.28823
      7.08985    338.22482    264.71386     87.34878
      7.09985    488.39753    394.46517    115.85730
      7.10985    483.27148    372.10418    137.01782
      7.11985    373.81766    259.21843    133.31270
      7.12985    292.06659    177.34085    123.76236
      7.13985    324.33197    235.03840    104.33431
      7.14985    348.60782    292.00800     79.09904
      7.15985    234.04389    207.90341     39.27219
      7.16985    170.31862    129.33594     45.90006
      7.17985    275.15312    180.48889    104.31822
      7.18985    346.37727    242.32831    121.68104
      7.19985    258.62889    206.44039     67.58000
      7.20985    176.70472    140.31169     42.67068
      7.21985    160.33060     84.03046     77.39936
      7.22985    184.51348     73.88835    110.73581
      7.23985    242.41669    117.22869    125.87236
      7.24985    314.60027    198.10193    121.61215
      7.25985    410.22593    302.56251    123.07124
      7.26985    459.61771    342.60874    138.02974
      7.27985    410.79987    302.56467    124.21213
      7.28985    319.81223    257.59050     74.94368
      7.29985    392.16762    331.44690     78.93922
      7.30985    611.64760    458.42201    173.08770
      7.31985    696.53625    468.94223    240.02009
      7.32985    542.10895    350.68259    199.08884
      7.33985    425.05411    251.07917    185.94496
      7.34985    433.30865    246.18910    203.05608
      7.35985    351.05627    227.98503    137.33481
      7.36985    218.85562    141.78216     84.69889
      7.37985    162.28078     79.00161     86.35743
      7.38985    219.05001    137.08323     88.16560
      7.39985    357.01169    289.02972     79.29896
      7.40985    438.46252    353.57446     97.31619
      7.41985    377.25653    259.57897    128.03687
      7.42985    300.85142    149.68544    155.75672
      7.43985    296.90041    119.20557    178.51014
      7.44985    224.17418     80.02130    144.20921
      7.45985    148.78269     64.07615     84.77954
      7.46985    229.01844    156.91084     72.94638
      7.47985    403.21342    308.17966     98.81322
      7.48985    455.10376    364.15019     98.22073
      7.49985    312.97306    262.80566     57.88415
      7.50985    190.82583    133.65770     62.44933
      7.51985    206.53647     80.79314    127.57898
      7.52985    314.39025    135.89306    178.76093
      7.53985    426.51526    230.00666    196.63229
      7.54985    404.52482    245.21853    160.33080
      7.55985    299.84567    224.30394     80.32521
      7.56985    336.77202    310.22031     40.92796
      7.57985    476.65696    427.85870     72.95773
      7.58985    439.65404    338.12788    120.51293
      7.59985    390.91923    219.96166    182.45729
      7.60985    469.59316    219.95037    262.09742
      7.61985    504.33500    245.65082    273.95539
      7.62985    426.16724    249.34527    190.82151
      7.63985    298.37950    221.61542     88.13388
      7.64985    207.81977    180.29708     35.36882
      7.65985    177.56885    158.93479     26.29720
      7.66985    221.26260    172.68402     61.39353
      7.67985    272.38968    187.98239     96.38013
      7.68985    269.39401    185.84301     93.60080
      7.69985    204.45684    139.69004     73.80867
      7.70985    216.72331    107.73022    114.30874
      7.71985    294.57523    147.46098    154.89209
      7.72985    252.97319    167.56658     97.91225
      7.73985    208.04183    153.14538     63.33289
      7.74985    227.54266    170.01279     62.65532
      7.75985    240.04873    204.93984     43.27703
      7.76985    201.79759    167.19715     41.84488
      7.77985    121.43013     78.67000     45.16872
      7.78985     50.00296     25.30947     25.01690
      7.79985     54.94487     28.24425     27.24062
      7.80985    166.09608    101.51732     68.13678
      7.81985    268.16826    182.69650     94.51331
      7.82985    296.80843    197.65038    109.25248
      7.83985    320.43568    217.19720    112.20150
      7.84985    267.53462    185.82647     88.99074
      7.85985    186.86048    108.58395     81.12332
      7.86985    154.92096     98.02282     57.32277
      7.87985    131.57906    102.20763     29.39482
      7.88985    111.69134     83.50115     28.19066
      7.89985    103.73751     51.89860     51.83903
      7.90985    130.96459     57.48341     73.48912
      7.91985    129.87401     83.29137     46.76280
      7.92985     87.08736     75.61187     12.97903
      7.93985     88.41087     90.09344      2.93385
      7.94985    133.33551    128.43644     10.13331
      7.95985    223.32745    185.71168     40.19314
      7.96985    393.66849    299.42445     97.64184
      7.97985    542.27001    402.42328    148.46094
      7.98985    484.51952    337.87117    155.71645
      7.99985    366.06649    236.67373    133.21174
      8.00985    283.58495    216.88558     67.96624
      8.01985    191.12262    173.18498     18.93444
      8.02985     97.90624     93.18330      6.96115
      8.03985    110.80149     95.50984     21.86632
      8.04985    203.58872    153.08423     59.46533
      8.05985    244.44940    187.95606     62.83455
      8.06985    166.71633    143.09886     26.43862
      8.07985     60.59882     55.04472      6.21251
      8.08985     45.66752     37.48376      8.24741
      8.09985    100.97962     82.22109     18.76086
      8.10985    158.74908    132.98829     25.76087
      8.11985    183.63954    149.62638     34.01682
      8.12985    163.04130    109.17181     53.97221
      8.13985    199.42773    106.99527     93.49464
      8.14985    288.82804    181.12067    111.75391
      8.15985    386.85969    287.84388    104.76702
      8.16985    370.46924    304.13505     69.74022
      8.17985    258.49030    212.84693     47.10716
      8.18985    230.47078    133.19471     97.93325
      8.19985    266.42832    106.20409    160.44608
      8.20985    279.15573    108.93456    171.20463
      8.21985    364.50250    183.27534    186.37582
      8.22985    417.05285    261.02023    166.49055
      8.23985    270.65418    197.69526     83.78339
      8.24985    198.45004    161.75666     48.85982
      8.25985    291.14781    222.36837     79.52638
      8.26985    376.38347    278.80877    101.58644
      8.27985    354.60420    267.91766     87.45248
      8.28985    286.57384    217.53895     70.29016
      8.29985    239.80149    189.46304     52.98781
      8.30985    219.18496    181.57559     39.80267
      8.31985    193.55930    162.59785     31.75674
      8.32985    155.11206    128.85758     26.55442
      8.33985    163.59335    118.91614     46.28908
      8.34985    172.10557    126.38686     52.59521
