Energy-E_F (eV)    DOS (1/eV)    PDOS (1/eV)  of atom type H  C  
     -6.84003    203.34526     10.13591    193.20935
     -6.83003    293.92652     22.76365    271.16286
     -6.82003    227.30586     22.16472    205.14114
     -6.81003    123.92367      9.46364    114.46004
     -6.80003     89.45864      2.83340     86.62525
     -6.79003     62.80582      1.29540     61.51041
     -6.78003     89.26975      1.66571     87.60405
     -6.77003    138.75268      2.85793    135.89475
     -6.76003    164.27818      8.00103    156.27716
     -6.75003    238.30361     24.50071    213.80291
     -6.74003    300.87382     38.41435    262.45947
     -6.73003    212.96285     27.48167    185.48117
     -6.72003    120.71346      9.60348    111.10998
     -6.71003     96.65826      4.33997     92.31829
     -6.70003    123.95989     10.18473    113.77516
     -6.69003    216.78400     18.31114    198.47287
     -6.68003    196.66940     13.47000    183.19940
     -6.67003     97.18623      6.81078     90.37544
     -6.66003    136.65494     15.58535    121.06960
     -6.65003    237.67901     27.66506    210.01394
     -6.64003    168.34388     18.65576    149.68811
     -6.63003     76.26726      5.17757     71.08969
     -6.62003    122.74231      2.39127    120.35104
     -6.61003    160.38587      3.70918    156.67669
     -6.60003    118.49305      9.60674    108.88631
     -6.59003    150.97187     22.85151    128.12036
     -6.58003    224.19439     30.41689    193.77750
     -6.57003    212.26193     25.98025    186.28168
     -6.56003    141.38177     15.19509    126.18668
     -6.55003    116.81631      6.22949    110.58682
     -6.54003    153.47493      3.20260    150.27233
     -6.53003    130.71451      3.76613    126.94838
     -6.52003    115.36524     13.98302    101.38222
     -6.51003    211.08980     33.85890    177.23090
     -6.50003    221.14168     32.20936    188.93232
     -6.49003    128.91739     15.42859    113.48879
     -6.48003    112.97921     10.24749    102.73172
     -6.47003    143.07229      7.40908    135.66321
     -6.46003    174.84667      5.91015    168.93652
     -6.45003    174.96755     14.46609    160.50146
     -6.44003    194.46713     29.45312    165.01401
     -6.43003    188.25803     26.06308    162.19495
     -6.42003    158.08208     16.09747    141.98460
     -6.41003    204.19181     28.72049    175.47132
     -6.40003    273.17605     43.09397    230.08208
     -6.39003    271.73360     35.06754    236.66606
     -6.38003    276.82602     24.36834    252.45768
     -6.37003    214.73966     17.07870    197.66096
     -6.36003    123.32735     12.24816    111.07919
     -6.35003     74.69665      6.19319     68.50346
     -6.34003     93.66997      4.84876     88.82121
     -6.33003    120.24854     11.33271    108.91583
     -6.32003    107.81337     15.60918     92.20419
     -6.31003     90.87699      9.11488     81.76210
     -6.30003    140.76263      4.20243    136.56020
     -6.29003    172.80106      6.71642    166.08464
     -6.28003    138.82235     13.30416    125.51819
     -6.27003    121.62525     18.35251    103.27274
     -6.26003    201.26296     30.67313    170.58983
     -6.25003    322.50397     44.54018    277.96379
     -6.24003    297.93688     41.09732    256.83956
     -6.23003    259.07077     41.21681    217.85396
     -6.22003    260.70493     38.97392    221.73101
     -6.21003    222.46352     25.84194    196.62158
     -6.20003    164.30362     13.47932    150.82430
     -6.19003    156.52667     16.28785    140.23882
     -6.18003    170.17773     22.45935    147.71838
     -6.17003    117.78844     14.58524    103.20321
     -6.16003    100.24878      9.79537     90.45340
     -6.15003    161.44346     18.27073    143.17273
     -6.14003    171.98917     19.35852    152.63064
     -6.13003    135.91429     10.23112    125.68317
     -6.12003    145.06520     12.72373    132.34148
     -6.11003    219.82355     22.99465    196.82889
     -6.10003    193.01420     17.79163    175.22257
     -6.09003     73.67597      5.35422     68.32176
     -6.08003     13.11746      0.68958     12.42788
     -6.07003     20.34622      1.00316     19.34305
     -6.06003    112.00626      7.37885    104.62740
     -6.05003    276.56791     23.91391    252.65400
     -6.04003    315.55263     35.18998    280.36265
     -6.03003    192.86026     26.84495    166.01531
     -6.02003     88.48204     12.71953     75.76251
     -6.01003    117.05421     10.67636    106.37785
     -6.00003    246.21643     18.33930    227.87713
     -5.99003    305.13276     19.50569    285.62707
     -5.98003    224.21080     12.37869    211.83211
     -5.97003     97.71204      5.34328     92.36875
     -5.96003     91.64418      9.12960     82.51458
     -5.95003    202.56905     25.05549    177.51356
     -5.94003    244.85953     34.72406    210.13547
     -5.93003    172.19380     25.04263    147.15117
     -5.92003     78.97413     10.30723     68.66690
     -5.91003     61.40789      8.26648     53.14141
     -5.90003    173.55245     25.63167    147.92079
     -5.89003    268.97084     40.71982    228.25102
     -5.88003    238.89889     34.77387    204.12503
     -5.87003    208.10154     29.51637    178.58517
     -5.86003    170.58741     24.17191    146.41551
     -5.85003    128.47902     13.60006    114.87896
     -5.84003    141.14573      9.17511    131.97062
     -5.83003    151.37789     13.20793    138.16995
     -5.82003    135.15736     20.95996    114.19740
     -5.81003    166.37477     29.78463    136.59014
     -5.80003    244.62755     31.22636    213.40119
     -5.79003    320.36958     30.11353    290.25605
     -5.78003    272.99900     24.03709    248.96192
     -5.77003    111.95131      9.86228    102.08904
     -5.76003     28.09912      2.61133     25.48778
     -5.75003     52.48500      5.31649     47.16851
     -5.74003    128.17496     13.12549    115.04947
     -5.73003    200.42907     22.10637    178.32271
     -5.72003    224.74683     24.26424    200.48260
     -5.71003    194.61386     16.73310    177.88076
     -5.70003    139.17734     12.46144    126.71590
     -5.69003    106.05941     15.76766     90.29175
     -5.68003    167.33523     25.81770    141.51753
     -5.67003    219.70345     25.23364    194.46981
     -5.66003    177.13988     19.22557    157.91431
     -5.65003    198.03498     28.03525    169.99973
     -5.64003    259.86210     33.49115    226.37095
     -5.63003    251.06151     22.80039    228.26113
     -5.62003    299.40374     23.77723    275.62651
     -5.61003    353.56248     32.23843    321.32405
     -5.60003    290.71214     31.09951    259.61263
     -5.59003    344.27711     44.27516    300.00195
     -5.58003    574.96764     75.19794    499.76970
     -5.57003    722.00289     91.72007    630.28282
     -5.56003    702.53029     90.55792    611.97237
     -5.55003    638.69209     77.35355    561.33854
     -5.54003    576.00399     61.86750    514.13649
     -5.53003    535.06964     59.46207    475.60757
     -5.52003    501.22799     55.17265    446.05534
     -5.51003    455.38811     46.54354    408.84457
     -5.50003    450.87038     44.37930    406.49107
     -5.49003    526.91110     56.68483    470.22627
     -5.48003    476.56306     58.94996    417.61310
     -5.47003    299.50262     46.29587    253.20675
     -5.46003    267.23182     47.17425    220.05758
     -5.45003    267.85349     39.13104    228.72245
     -5.44003    204.61910     22.80803    181.81107
     -5.43003    166.93415     18.77505    148.15910
     -5.42003    136.28766     23.35837    112.92929
     -5.41003     83.96408     19.58464     64.37943
     -5.40003     95.53439     25.13532     70.39907
     -5.39003    182.71569     46.12089    136.59479
     -5.38003    257.56381     52.52994    205.03387
     -5.37003    303.26406     40.19086    263.07320
     -5.36003    316.70766     38.15835    278.54930
     -5.35003    253.25259     37.59054    215.66205
     -5.34003    137.78976     21.66510    116.12466
     -5.33003     48.25195      6.70123     41.55072
     -5.32003     36.20225      1.54300     34.65925
     -5.31003     74.02203      1.52012     72.50191
     -5.30003     71.05742      1.43871     69.61871
     -5.29003     55.74180      1.74072     54.00107
     -5.28003    111.49699      6.44071    105.05628
     -5.27003    149.84056     12.37016    137.47040
     -5.26003    103.63297      9.44203     94.19095
     -5.25003     82.95501      3.74853     79.20649
     -5.24003     77.83061      1.76806     76.06256
     -5.23003     33.98712      0.71328     33.27384
     -5.22003     10.33869      0.71703      9.62165
     -5.21003     37.14705      4.20016     32.94688
     -5.20003    126.62244     11.83990    114.78253
     -5.19003    235.85129     17.42022    218.43107
     -5.18003    245.73634     16.97505    228.76129
     -5.17003    122.42187      9.05783    113.36404
     -5.16003     25.35279      2.02781     23.32499
     -5.15003      2.33574      0.17855      2.15719
     -5.14003      5.17299      0.10796      5.06502
     -5.13003     32.86412      0.67085     32.19327
     -5.12003     85.47264      2.07479     83.39785
     -5.11003    135.36446      6.41106    128.95340
     -5.10003    214.98383     17.98557    196.99826
     -5.09003    215.98555     22.91072    193.07483
     -5.08003     95.22874     11.24968     83.97906
     -5.07003     34.99338      2.44621     32.54717
     -5.06003     63.94121      1.40691     62.53430
     -5.05003     76.08335      1.53323     74.55012
     -5.04003     34.54674      0.69684     33.84990
     -5.03003     16.16172      0.45595     15.70577
     -5.02003     61.51230      2.89290     58.61940
     -5.01003    149.16197      9.63283    139.52914
     -5.00003    179.17271     12.82971    166.34300
     -4.99003    130.60855      7.23097    123.37758
     -4.98003     56.31042      1.96994     54.34048
     -4.97003     11.28188      0.28317     10.99871
     -4.96003      1.35416      0.02869      1.32547
     -4.95003      7.69180      0.15994      7.53185
     -4.94003     51.37010      1.23114     50.13896
     -4.93003    148.62433      5.07899    143.54534
     -4.92003    203.78535     11.37234    192.41300
     -4.91003    138.08852     11.64509    126.44343
     -4.90003     44.08104      4.77287     39.30817
     -4.89003     11.22054      0.84749     10.37305
     -4.88003     33.36817      0.72313     32.64504
     -4.87003     76.49743      1.62713     74.87030
     -4.86003     75.84722      2.25160     73.59562
     -4.85003     87.32424      5.22595     82.09829
     -4.84003    167.84148     11.36505    156.47642
     -4.83003    204.39997     15.36891    189.03106
     -4.82003    159.09680     12.39188    146.70492
     -4.81003    112.58422      5.59320    106.99103
     -4.80003     60.90900      1.71191     59.19709
     -4.79003     15.41150      0.34280     15.06870
     -4.78003      4.28534      0.08833      4.19701
     -4.77003     26.30153      0.54155     25.75999
     -4.76003    101.28025      2.42120     98.85905
     -4.75003    179.99284      6.85971    173.13313
     -4.74003    172.08353     12.02831    160.05522
     -4.73003    103.58863     10.34533     93.24330
     -4.72003    103.38812      7.29153     96.09658
     -4.71003    245.06061     11.03698    234.02363
     -4.70003    424.69860     14.72482    409.97378
     -4.69003    500.60993     14.82376    485.78617
     -4.68003    462.99584     12.51016    450.48567
     -4.67003    447.20683     11.85924    435.34759
     -4.66003    425.05501     15.20185    409.85316
     -4.65003    362.31927     18.72384    343.59543
     -4.64003    276.42466     14.25577    262.16888
     -4.63003    211.29293      7.68884    203.60409
     -4.62003    161.09791      4.68217    156.41574
     -4.61003    131.75533      3.71253    128.04280
     -4.60003    153.43454      4.88007    148.55447
     -4.59003    230.30990      9.10327    221.20663
     -4.58003    273.74580     12.12406    261.62173
     -4.57003    260.70870     14.05312    246.65558
     -4.56003    261.85524     16.28196    245.57327
     -4.55003    200.36282     10.76906    189.59376
     -4.54003    109.11716      4.13905    104.97811
     -4.53003     91.28365      2.60612     88.67752
     -4.52003     82.71348      2.14089     80.57259
     -4.51003     96.09846      2.12551     93.97296
     -4.50003    151.89258      3.69790    148.19467
     -4.49003    195.95487      7.05332    188.90155
     -4.48003    221.75491     13.57609    208.17882
     -4.47003    246.16899     18.05285    228.11615
     -4.46003    231.86302     13.80115    218.06187
     -4.45003    159.97250      6.53524    153.43727
     -4.44003     94.46343      2.72664     91.73679
     -4.43003     81.99800      2.19281     79.80519
     -4.42003     82.22417      2.23203     79.99214
     -4.41003     69.25253      2.20622     67.04631
     -4.40003    140.49357      6.70793    133.78564
     -4.39003    248.86136     14.40561    234.45575
     -4.38003    234.01054     13.26102    220.74953
     -4.37003    121.84582      5.62737    116.21845
     -4.36003     82.72454      3.55567     79.16887
     -4.35003    146.14732      7.07672    139.07060
     -4.34003    139.36120      7.06059    132.30060
     -4.33003     69.88716      3.12861     66.75855
     -4.32003     98.55557      3.58453     94.97104
     -4.31003    216.01953     10.59149    205.42804
     -4.30003    301.46581     16.06129    285.40452
     -4.29003    241.49256     10.55135    230.94121
     -4.28003    125.52469      3.65635    121.86834
     -4.27003    112.16840      2.53521    109.63318
     -4.26003    152.82063      3.26248    149.55815
     -4.25003    120.05819      2.84352    117.21467
     -4.24003    119.40471      5.07045    114.33426
     -4.23003    225.79783     11.72343    214.07440
     -4.22003    332.59274     17.86722    314.72553
     -4.21003    329.22234     15.73515    313.48719
     -4.20003    170.39227      6.61311    163.77916
     -4.19003     57.07060      1.70220     55.36840
     -4.18003     70.36470      1.80522     68.55948
     -4.17003    100.12363      2.37412     97.74951
     -4.16003    110.06127      2.29499    107.76628
     -4.15003    134.90811      4.09667    130.81145
     -4.14003    198.25912     10.70704    187.55209
     -4.13003    266.30175     16.89918    249.40258
     -4.12003    259.48332     14.43015    245.05317
     -4.11003    189.33348      7.82031    181.51317
     -4.10003    136.64582      3.54994    133.09588
     -4.09003    138.27547      2.89455    135.38092
     -4.08003    117.15936      2.72969    114.42967
     -4.07003     74.61548      2.61129     72.00419
     -4.06003    113.40480      7.08310    106.32170
     -4.05003    198.57187     13.45005    185.12182
     -4.04003    208.90243     11.25175    197.65068
     -4.03003    177.56449      5.93109    171.63340
     -4.02003    167.15738      5.65357    161.50381
     -4.01003    183.77717      7.33503    176.44215
     -4.00003    157.68116      5.58005    152.10111
     -3.99003    164.86736      4.85346    160.01389
     -3.98003    186.34050      8.01028    178.33021
     -3.97003    180.49885     12.53882    167.96003
     -3.96003    181.74685     11.16063    170.58622
     -3.95003    164.60264      5.81830    158.78434
     -3.94003    145.62151      3.50238    142.11913
     -3.93003    109.17154      2.60620    106.56533
     -3.92003     71.13344      2.76706     68.36638
     -3.91003     90.49013      5.46711     85.02302
     -3.90003    134.89112      9.04958    125.84154
     -3.89003    174.43874     12.93298    161.50576
     -3.88003    130.02287     10.39748    119.62539
     -3.87003     39.70354      3.36562     36.33792
     -3.86003      4.56400      0.40702      4.15698
     -3.85003      0.38678      0.02253      0.36424
     -3.84003      4.12678      0.11992      4.00686
     -3.83003     35.48401      1.44102     34.04299
     -3.82003    130.83974      7.49359    123.34615
     -3.81003    216.59403     15.98044    200.61360
     -3.80003    158.50768     13.34255    145.16513
     -3.79003     49.56863      4.26600     45.30263
     -3.78003     22.44049      0.82319     21.61730
     -3.77003     82.27184      1.57859     80.69325
     -3.76003    170.34742      3.28876    167.05866
     -3.75003    203.81866      4.93621    198.88246
     -3.74003    249.35458     10.12832    239.22626
     -3.73003    275.00782     14.94317    260.06464
     -3.72003    201.73915     11.44289    190.29626
     -3.71003    141.30711      7.26847    134.03864
     -3.70003    149.88969      5.33907    144.55062
     -3.69003    177.36327      4.11794    173.24533
     -3.68003    146.06798      3.15916    142.90882
     -3.67003    138.87581      5.09602    133.77979
     -3.66003    184.75126     11.30892    173.44234
     -3.65003    182.04157     12.38069    169.66088
     -3.64003    126.14070      6.25799    119.88271
     -3.63003    121.77897      3.92339    117.85558
     -3.62003    134.06171      5.34047    128.72124
     -3.61003    141.90172      5.47499    136.42673
     -3.60003    187.42119      5.77568    181.64551
     -3.59003    238.29351     10.27841    228.01509
     -3.58003    210.74724     13.43458    197.31266
     -3.57003     99.47555      7.70110     91.77445
     -3.56003     34.78969      2.01702     32.77267
     -3.55003     77.39913      1.90369     75.49544
     -3.54003    177.38640      4.84781    172.53859
     -3.53003    235.19796      8.12564    227.07232
     -3.52003    224.47493     10.96517    213.50976
     -3.51003    191.34704     13.47812    177.86892
     -3.50003    148.57066      9.96594    138.60472
     -3.49003     97.53532      3.96257     93.57275
     -3.48003     62.36303      1.45588     60.90716
     -3.47003     81.55062      1.66635     79.88427
     -3.46003    104.84397      3.36282    101.48115
     -3.45003    191.39846     10.15289    181.24556
     -3.44003    310.05110     17.76217    292.28894
     -3.43003    255.06509     13.15933    241.90576
     -3.42003    141.94265      4.97211    136.97054
     -3.41003     67.25359      1.56469     65.68890
     -3.40003     23.23960      0.58318     22.65642
     -3.39003     50.29061      2.33276     47.95784
     -3.38003    173.88899      9.64668    164.24231
     -3.37003    321.17127     17.54478    303.62650
     -3.36003    301.03657     14.02849    287.00809
     -3.35003    132.50513      5.05002    127.45510
     -3.34003     57.97158      1.53348     56.43810
     -3.33003     81.65703      2.10053     79.55650
     -3.32003     86.99293      4.50026     82.49267
     -3.31003    119.49581     10.39913    109.09668
     -3.30003    210.02228     13.58413    196.43815
     -3.29003    255.28742     10.56775    244.71967
     -3.28003    182.70715      5.98050    176.72665
     -3.27003    123.65877      3.25690    120.40187
     -3.26003    141.99310      4.45277    137.54033
     -3.25003    161.88035      9.40751    152.47284
     -3.24003    136.51016     12.17527    124.33489
     -3.23003    113.12822      8.27146    104.85676
     -3.22003    196.08657      7.07707    189.00950
     -3.21003    233.91740      6.88043    227.03697
     -3.20003    155.96208      4.99220    150.96988
     -3.19003    151.13085      8.54408    142.58677
     -3.18003    174.82554     12.86343    161.96212
     -3.17003    148.79877      9.13513    139.66364
     -3.16003    111.89608      4.73354    107.16255
     -3.15003    124.45050      4.89434    119.55617
     -3.14003    181.43186      6.70601    174.72585
     -3.13003    229.00910     11.14882    217.86028
     -3.12003    200.87496     13.33414    187.54081
     -3.11003    183.55038      9.02962    174.52076
     -3.10003    200.72191      6.04918    194.67272
     -3.09003    196.03366      6.61394    189.41972
     -3.08003    195.54636      9.23847    186.30789
     -3.07003    180.61510     12.72441    167.89068
     -3.06003    174.32870     11.76732    162.56138
     -3.05003    195.84796      7.50146    188.34650
     -3.04003    326.38891      9.29091    317.09800
     -3.03003    374.69617     12.43373    362.26244
     -3.02003    236.56386     13.38310    223.18076
     -3.01003    119.41514     12.22676    107.18838
     -3.00003     55.89690      6.02204     49.87486
     -2.99003     69.03154      2.66783     66.36371
     -2.98003    148.43104      5.59179    142.83925
     -2.97003    181.65728     11.38279    170.27449
     -2.96003    132.67310     12.90143    119.77167
     -2.95003     55.79123      6.65111     49.14012
     -2.94003     27.87053      2.20516     25.66537
     -2.93003     91.52681      5.03016     86.49665
     -2.92003    215.94748     12.62842    203.31906
     -2.91003    257.56632     14.44762    243.11870
     -2.90003    163.50299      7.43254    156.07045
     -2.89003     82.41367      3.51636     78.89731
     -2.88003    112.26362      7.77688    104.48674
     -2.87003    145.76964     13.30633    132.46331
     -2.86003     90.39117      9.76925     80.62193
     -2.85003     49.65155      4.03754     45.61401
     -2.84003    120.07106      6.52661    113.54445
     -2.83003    230.74695     13.70037    217.04658
     -2.82003    231.81230     13.28450    218.52780
     -2.81003    165.77366      6.93790    158.83576
     -2.80003    142.92119      7.02133    135.89986
     -2.79003    145.89664     12.08686    133.80979
     -2.78003    113.74637     11.64436    102.10201
     -2.77003    103.39814      7.25296     96.14518
     -2.76003    166.26567      9.14954    157.11613
     -2.75003    215.11703     13.99541    201.12162
     -2.74003    202.44936     12.41814    190.03122
     -2.73003    201.07725      9.04299    192.03426
     -2.72003    200.58155     11.72411    188.85744
     -2.71003    184.43276     14.07058    170.36218
     -2.70003    144.30864     10.19626    134.11238
     -2.69003    169.02017     11.57557    157.44460
     -2.68003    251.96600     16.14654    235.81945
     -2.67003    247.93285     13.69541    234.23744
     -2.66003    250.45565     14.60907    235.84658
     -2.65003    320.71344     18.22249    302.49095
     -2.64003    331.78015     16.91605    314.86410
     -2.63003    258.67487     16.63183    242.04304
     -2.62003    159.42813     14.01961    145.40852
     -2.61003    138.96380     12.49642    126.46738
     -2.60003    175.61008     14.39707    161.21301
     -2.59003    152.22687     13.96211    138.26475
     -2.58003    151.02660     15.00581    136.02079
     -2.57003    189.66979     16.23477    173.43503
     -2.56003    190.92715     17.97381    172.95334
     -2.55003    170.17153     20.27182    149.89971
     -2.54003    208.40012     24.92503    183.47509
     -2.53003    276.08121     29.14671    246.93449
     -2.52003    242.35075     24.31253    218.03823
     -2.51003    132.56965     11.37124    121.19840
     -2.50003     93.58924      3.10092     90.48832
     -2.49003     68.37874      0.92463     67.45411
     -2.48003     31.97058      0.38950     31.58108
     -2.47003     70.29583      1.02667     69.26916
     -2.46003    199.40345      2.97733    196.42612
     -2.45003    278.48681      4.11860    274.36821
     -2.44003    188.19313      2.70846    185.48467
     -2.43003     91.21628      1.24496     89.97132
     -2.42003    131.13120      1.72517    129.40603
     -2.41003    154.50836      2.05009    152.45826
     -2.40003     88.17270      1.26555     86.90715
     -2.39003     89.53946      1.51936     88.02010
     -2.38003    155.38761      2.51764    152.86996
     -2.37003    192.37088      2.97489    189.39599
     -2.36003    187.25530      3.63893    183.61637
     -2.35003    190.10728      5.04681    185.06047
     -2.34003    150.09291      4.15541    145.93750
     -2.33003    142.63714      2.78342    139.85373
     -2.32003    230.52594      3.65876    226.86719
     -2.31003    187.45853      2.93652    184.52202
     -2.30003     62.55204      1.02879     61.52325
     -2.29003     68.31359      1.82151     66.49208
     -2.28003    359.18434     10.33094    348.85340
     -2.27003    930.36006     27.27031    903.08975
     -2.26003   1234.03141     35.95930   1198.07211
     -2.25003   1012.66485     29.00080    983.66405
     -2.24003    634.27355     18.30338    615.97017
     -2.23003    427.49631     12.13962    415.35669
     -2.22003    459.10317     12.30599    446.79718
     -2.21003    490.20582     12.97941    477.22640
     -2.20003    396.59420     10.16415    386.43005
     -2.19003    396.70206      9.96268    386.73938
     -2.18003    500.53541     13.27782    487.25759
     -2.17003    467.02923     12.41157    454.61766
     -2.16003    292.79863      7.11942    285.67921
     -2.15003    146.40343      2.97083    143.43260
     -2.14003     97.51977      1.47879     96.04098
     -2.13003     66.57120      0.90577     65.66543
     -2.12003     24.05952      0.32255     23.73697
     -2.11003     32.89983      0.43923     32.46060
     -2.10003    105.37727      1.42526    103.95201
     -2.09003    149.28962      2.05239    147.23722
     -2.08003     87.96340      1.22840     86.73500
     -2.07003     21.86530      0.30962     21.55569
     -2.06003     11.21631      0.16627     11.05004
     -2.05003     48.13863      0.71100     47.42763
     -2.04003    107.57409      1.53173    106.04236
     -2.03003    125.04375      1.66193    123.38182
     -2.02003     81.97934      1.02775     80.95159
     -2.01003     37.12507      0.51380     36.61126
     -2.00003     92.36222      1.68174     90.68049
     -1.99003    315.22508      6.18007    309.04501
     -1.98003    604.72267     12.28617    592.43650
     -1.97003    749.58833     15.15581    734.43252
     -1.96003    715.36279     14.02687    701.33591
     -1.95003    553.04851     10.68238    542.36612
     -1.94003    427.57180      8.23582    419.33598
     -1.93003    475.16242      9.18179    465.98063
     -1.92003    584.82578     11.38576    573.44002
     -1.91003    543.18269     10.47117    532.71152
     -1.90003    504.37728      9.22987    495.14741
     -1.89003    590.31861     10.36507    579.95353
     -1.88003    543.05121      9.61209    533.43912
     -1.87003    339.06000      6.17685    332.88315
     -1.86003    238.90996      4.40961    234.50035
     -1.85003    216.47535      3.82502    212.65033
     -1.84003    179.95070      2.74916    177.20153
     -1.83003    174.37733      2.32338    172.05395
     -1.82003    152.59977      2.10984    150.48992
     -1.81003    113.82490      1.69432    112.13058
     -1.80003     64.16409      0.96872     63.19537
     -1.79003     46.81529      0.60303     46.21226
     -1.78003    107.91595      1.30667    106.60927
     -1.77003    147.75343      1.84873    145.90470
     -1.76003     86.59130      1.12077     85.47053
     -1.75003     21.91851      0.28917     21.62934
     -1.74003     13.87016      0.16438     13.70579
     -1.73003     60.79206      0.71530     60.07676
     -1.72003    131.74512      1.59196    130.15315
     -1.71003    129.62439      1.61451    128.00988
     -1.70003     71.34818      0.88982     70.45836
     -1.69003     72.12284      0.83701     71.28583
     -1.68003    113.31204      1.29830    112.01374
     -1.67003    142.12716      1.66159    140.46557
     -1.66003    146.92070      1.77229    145.14841
     -1.65003     90.42353      1.11816     89.30538
     -1.64003     28.42690      0.35349     28.07341
     -1.63003     32.65876      0.37767     32.28108
     -1.62003    129.69140      1.49803    128.19337
     -1.61003    224.88697      2.62941    222.25757
     -1.60003    159.86112      1.89868    157.96244
     -1.59003     47.89592      0.57791     47.31801
     -1.58003     15.95238      0.19036     15.76202
     -1.57003     65.55473      0.76949     64.78524
     -1.56003    161.35196      1.88731    159.46465
     -1.55003    178.46127      2.07680    176.38448
     -1.54003    123.89304      1.43830    122.45474
     -1.53003     77.81896      0.94159     76.87737
     -1.52003     88.86078      1.13597     87.72480
     -1.51003    115.82553      1.38650    114.43903
     -1.50003    111.25965      1.19705    110.06260
     -1.49003     95.90214      1.09756     94.80459
     -1.48003    133.11711      1.72438    131.39273
     -1.47003    150.30100      1.92694    148.37406
     -1.46003     89.15877      1.05278     88.10598
     -1.45003     84.24137      0.84119     83.40018
     -1.44003    134.16612      1.47833    132.68779
     -1.43003    120.52361      1.53774    118.98587
     -1.42003     59.66969      0.81214     58.85754
     -1.41003     60.91016      0.69203     60.21813
     -1.40003    122.02440      1.20618    120.81822
     -1.39003    132.11762      1.13751    130.98011
     -1.38003     68.62590      0.52199     68.10392
     -1.37003     27.27385      0.22599     27.04787
     -1.36003     71.24481      0.66471     70.58010
     -1.35003    164.69055      1.48567    163.20489
     -1.34003    217.62889      2.11861    215.51028
     -1.33003    279.23500      3.17971    276.05529
     -1.32003    275.54593      3.19721    272.34871
     -1.31003    149.60882      1.58032    148.02850
     -1.30003     87.20743      0.92094     86.28649
     -1.29003    165.87865      2.05156    163.82709
     -1.28003    230.38196      3.07728    227.30468
     -1.27003    197.67011      2.46189    195.20822
     -1.26003    185.38539      1.74833    183.63705
     -1.25003    148.26697      1.31773    146.94923
     -1.24003    135.49115      1.52419    133.96696
     -1.23003    164.52441      1.93994    162.58446
     -1.22003    109.63024      1.12821    108.50203
     -1.21003     85.58755      0.51465     85.07290
     -1.20003    139.48581      1.11595    138.36987
     -1.19003    184.58162      2.36850    182.21312
     -1.18003    141.43388      2.24331    139.19057
     -1.17003     48.43089      0.84174     47.58915
     -1.16003     11.45092      0.22320     11.22772
     -1.15003     32.57352      0.68131     31.89222
     -1.14003     82.09137      1.65984     80.43153
     -1.13003    104.19279      1.81133    102.38146
     -1.12003     99.74473      1.33379     98.41093
     -1.11003     69.04720      0.89327     68.15393
     -1.10003     59.98736      1.12354     58.86383
     -1.09003     81.07313      1.71428     79.35885
     -1.08003     53.22404      1.12836     52.09569
     -1.07003     23.27574      0.40575     22.86999
     -1.06003     61.04078      0.85761     60.18317
     -1.05003    137.69952      2.14087    135.55865
     -1.04003    130.95991      2.27341    128.68650
     -1.03003     51.67796      0.97990     50.69806
     -1.02003     11.88298      0.24464     11.63834
     -1.01003     28.30346      0.60420     27.69926
     -1.00003     83.81532      1.68949     82.12583
     -0.99003    122.16634      2.09580    120.07054
     -0.98003    105.24836      1.43406    103.81430
     -0.97003     55.82009      0.73863     55.08147
     -0.96003     51.04245      1.02344     50.01902
     -0.95003     79.83023      1.74924     78.08099
     -0.94003     57.49159      1.23903     56.25255
     -0.93003     36.36518      0.57132     35.79387
     -0.92003     82.95371      1.10569     81.84802
     -0.91003    134.83755      2.14190    132.69565
     -0.90003    109.53076      2.07058    107.46018
     -0.89003     42.30744      0.88365     41.42379
     -0.88003     12.29329      0.26694     12.02635
     -0.87003     38.87597      0.80210     38.07388
     -0.86003    110.76500      2.06890    108.69609
     -0.85003    141.18122      2.26253    138.91870
     -0.84003     82.69293      1.13349     81.55943
     -0.83003     33.91551      0.55288     33.36263
     -0.82003     56.27948      1.25395     55.02553
     -0.81003     81.00259      1.81778     79.18482
     -0.80003     59.43506      1.14675     58.28831
     -0.79003     72.41773      0.92002     71.49771
     -0.78003    109.67649      1.54437    108.13212
     -0.77003    112.18870      2.10487    110.08383
     -0.76003     72.11701      1.57175     70.54526
     -0.75003     23.67477      0.53096     23.14381
     -0.74003     26.45306      0.50686     25.94620
     -0.73003     99.96740      1.77580     98.19160
     -0.72003    157.34545      2.62686    154.71860
     -0.71003     94.21925      1.47691     92.74234
     -0.70003     28.57458      0.48434     28.09024
     -0.69003     42.08831      0.96724     41.12107
     -0.68003     83.91065      1.89985     82.01081
     -0.67003     89.90475      1.66896     88.23579
     -0.66003     94.30491      1.19933     93.10558
     -0.65003     91.80363      1.30594     90.49770
     -0.64003     90.85668      1.88876     88.96792
     -0.63003     72.45525      1.68834     70.76691
     -0.62003     32.44873      0.69969     31.74905
     -0.61003     53.91793      0.83613     53.08180
     -0.60003    136.99519      2.22661    134.76859
     -0.59003    141.08099      2.48042    138.60056
     -0.58003     56.65702      1.07619     55.58083
     -0.57003     22.56716      0.50673     22.06043
     -0.56003     62.76834      1.41429     61.35405
     -0.55003    120.38426      2.32939    118.05487
     -0.54003    122.32123      1.81715    120.50408
     -0.53003     75.97503      1.03441     74.94063
     -0.52003     66.10881      1.41717     64.69165
     -0.51003     83.06109      2.00647     81.05462
     -0.50003     65.04339      1.33187     63.71152
     -0.49003     83.69384      1.13016     82.56367
     -0.48003    129.64274      2.04653    127.59621
     -0.47003    114.94244      2.33180    112.61064
     -0.46003     53.04010      1.22670     51.81340
     -0.45003     35.58538      0.73228     34.85310
     -0.44003    105.61989      1.92593    103.69396
     -0.43003    158.08375      2.72591    155.35784
     -0.42003     91.67029      1.52128     90.14900
     -0.41003     42.86666      0.90166     41.96500
     -0.40003     79.42666      1.87345     77.55321
     -0.39003    119.22929      2.30197    116.92732
     -0.38003    115.08467      1.62755    113.45712
     -0.37003     93.23375      1.56882     91.66493
     -0.36003     92.11424      2.18399     89.93025
     -0.35003     79.14343      1.74979     77.39364
     -0.34003     95.26710      1.43379     93.83331
     -0.33003    140.00990      2.35067    137.65923
     -0.32003    113.86034      2.38590    111.47444
     -0.31003     59.94984      1.31707     58.63277
     -0.30003     95.96559      1.73307     94.23252
     -0.29003    159.80575      2.84519    156.96055
     -0.28003    110.26108      2.02702    108.23406
     -0.27003     69.58619      1.46101     68.12517
     -0.26003    128.12667      2.54181    125.58486
     -0.25003    148.21081      2.53853    145.67229
     -0.24003    100.51047      1.79847     98.71199
     -0.23003    114.61298      2.44026    112.17272
     -0.22003    145.75431      2.61247    143.14183
     -0.21003    128.67437      2.16589    126.50848
     -0.20003    131.96012      2.67098    129.28914
     -0.19003    149.69798      2.67014    147.02784
     -0.18003    147.19360      2.51822    144.67538
     -0.17003    163.03446      3.03452    159.99994
     -0.16003    172.18904      2.85916    169.32988
     -0.15003    192.15867      3.16616    188.99251
     -0.14003    219.61535      3.50535    216.11001
     -0.13003    199.18002      3.24048    195.93954
     -0.12003    148.99396      3.11979    145.87416
     -0.11003    100.62087      2.68764     97.93323
     -0.10003     97.84868      2.85376     94.99492
     -0.09003     98.17258      2.88931     95.28327
     -0.08003    104.46779      3.08015    101.38764
     -0.07003    108.69803      3.20671    105.49132
     -0.06003    115.70774      3.41294    112.29480
     -0.05003    122.68222      3.61395    119.06827
     -0.04003    132.42253      3.89101    128.53152
     -0.03003    142.23723      4.16292    138.07432
     -0.02003    143.04295      4.16439    138.87857
     -0.01003    128.74081      3.71815    125.02266
     -0.00003    103.31152      2.96017    100.35134
      0.00997     51.30836      1.46540     49.84296
      0.01997     10.98334      0.31345     10.66989
      0.02997      0.89595      0.02556      0.87039
      0.03997      0.02707      0.00077      0.02630
      0.04997      0.00030      0.00001      0.00029
      0.05997      0.00000      0.00000      0.00000
      0.06997      0.00000      0.00000      0.00000
      0.07997      0.00000      0.00000      0.00000
      0.08997      0.00000      0.00000      0.00000
      0.09997      0.00000      0.00000      0.00000
      0.10997      0.00000      0.00000      0.00000
      0.11997      0.00000      0.00000      0.00000
      0.12997      0.00000      0.00000      0.00000
      0.13997      0.00000      0.00000      0.00000
      0.14997      0.00000      0.00000      0.00000
      0.15997      0.00000      0.00000      0.00000
      0.16997      0.00000      0.00000      0.00000
      0.17997      0.00000      0.00000      0.00000
      0.18997      0.00000      0.00000      0.00000
      0.19997      0.00000      0.00000      0.00000
      0.20997      0.00000      0.00000      0.00000
      0.21997      0.00000      0.00000      0.00000
      0.22997      0.00000      0.00000      0.00000
      0.23997      0.00000      0.00000      0.00000
      0.24997      0.00000      0.00000      0.00000
      0.25997      0.00000      0.00000      0.00000
      0.26997      0.00000      0.00000      0.00000
      0.27997      0.00000      0.00000      0.00000
      0.28997      0.00000      0.00000      0.00000
      0.29997      0.00000      0.00000      0.00000
      0.30997      0.00000      0.00000      0.00000
      0.31997      0.00000      0.00000      0.00000
      0.32997      0.00000      0.00000      0.00000
      0.33997      0.00000      0.00000      0.00000
      0.34997      0.00000      0.00000      0.00000
      0.35997      0.00000      0.00000      0.00000
      0.36997      0.00000      0.00000      0.00000
      0.37997      0.00000      0.00000      0.00000
      0.38997      0.00000      0.00000      0.00000
      0.39997      0.00000      0.00000      0.00000
      0.40997      0.00000      0.00000      0.00000
      0.41997      0.00000      0.00000      0.00000
      0.42997      0.00000      0.00000      0.00000
      0.43997      0.00000      0.00000      0.00000
      0.44997      0.00000      0.00000      0.00000
      0.45997      0.00000      0.00000      0.00000
      0.46997      0.00000      0.00000      0.00000
      0.47997      0.00000      0.00000      0.00000
      0.48997      0.00000      0.00000      0.00000
      0.49997      0.00000      0.00000      0.00000
      0.50997      0.00000      0.00000      0.00000
      0.51997      0.00000      0.00000      0.00000
      0.52997      0.00000      0.00000      0.00000
      0.53997      0.00000      0.00000      0.00000
      0.54997      0.00000      0.00000      0.00000
      0.55997      0.00000      0.00000      0.00000
      0.56997      0.00000      0.00000      0.00000
      0.57997      0.00000      0.00000      0.00000
      0.58997      0.00000      0.00000      0.00000
      0.59997      0.00000      0.00000      0.00000
      0.60997      0.00000      0.00000      0.00000
      0.61997      0.00000      0.00000      0.00000
      0.62997      0.00000      0.00000      0.00000
      0.63997      0.00000      0.00000      0.00000
      0.64997      0.00000      0.00000      0.00000
      0.65997      0.00000      0.00000      0.00000
      0.66997      0.00000      0.00000      0.00000
      0.67997      0.00000      0.00000      0.00000
      0.68997      0.00000      0.00000      0.00000
      0.69997      0.00000      0.00000      0.00000
      0.70997      0.00000      0.00000      0.00000
      0.71997      0.00000      0.00000      0.00000
      0.72997      0.00000      0.00000      0.00000
      0.73997      0.00000      0.00000      0.00000
      0.74997      0.00000      0.00000      0.00000
      0.75997      0.00000      0.00000      0.00000
      0.76997      0.00000      0.00000      0.00000
      0.77997      0.00000      0.00000      0.00000
      0.78997      0.00000      0.00000      0.00000
      0.79997      0.00000      0.00000      0.00000
      0.80997      0.00000      0.00000      0.00000
      0.81997      0.00000      0.00000      0.00000
      0.82997      0.00000      0.00000      0.00000
      0.83997      0.00000      0.00000      0.00000
      0.84997      0.00000      0.00000      0.00000
      0.85997      0.00000      0.00000      0.00000
      0.86997      0.00000      0.00000      0.00000
      0.87997      0.00000      0.00000      0.00000
      0.88997      0.00000      0.00000      0.00000
      0.89997      0.00000      0.00000      0.00000
      0.90997      0.00000      0.00000      0.00000
      0.91997      0.00000      0.00000      0.00000
      0.92997      0.00000      0.00000      0.00000
      0.93997      0.00000      0.00000      0.00000
      0.94997      0.00000      0.00000      0.00000
      0.95997      0.00000      0.00000      0.00000
      0.96997      0.00000      0.00000      0.00000
      0.97997      0.00000      0.00000      0.00000
      0.98997      0.00000      0.00000      0.00000
      0.99997      0.00000      0.00000      0.00000
      1.00997      0.00000      0.00000      0.00000
      1.01997      0.00000      0.00000      0.00000
      1.02997      0.00000      0.00000      0.00000
      1.03997      0.00000      0.00000      0.00000
      1.04997      0.00000      0.00000      0.00000
      1.05997      0.00000      0.00000      0.00000
      1.06997      0.00000      0.00000      0.00000
      1.07997      0.00000      0.00000      0.00000
      1.08997      0.00000      0.00000      0.00000
      1.09997      0.00000      0.00000      0.00000
      1.10997      0.00000      0.00000      0.00000
      1.11997      0.00000      0.00000      0.00000
      1.12997      0.00000      0.00000      0.00000
      1.13997      0.00000      0.00000      0.00000
      1.14997      0.00000      0.00000      0.00000
      1.15997      0.00000      0.00000      0.00000
      1.16997      0.00000      0.00000      0.00000
      1.17997      0.00000      0.00000      0.00000
      1.18997      0.00000      0.00000      0.00000
      1.19997      0.00000      0.00000      0.00000
      1.20997      0.00000      0.00000      0.00000
      1.21997      0.00000      0.00000      0.00000
      1.22997      0.00000      0.00000      0.00000
      1.23997      0.00000      0.00000      0.00000
      1.24997      0.00000      0.00000      0.00000
      1.25997      0.00000      0.00000      0.00000
      1.26997      0.00000      0.00000      0.00000
      1.27997      0.00000      0.00000      0.00000
      1.28997      0.00000      0.00000      0.00000
      1.29997      0.00000      0.00000      0.00000
      1.30997      0.00000      0.00000      0.00000
      1.31997      0.00000      0.00000      0.00000
      1.32997      0.00000      0.00000      0.00000
      1.33997      0.00000      0.00000      0.00000
      1.34997      0.00000      0.00000      0.00000
      1.35997      0.00000      0.00000      0.00000
      1.36997      0.00000      0.00000      0.00000
      1.37997      0.00000      0.00000      0.00000
      1.38997      0.00000      0.00000      0.00000
      1.39997      0.00000      0.00000      0.00000
      1.40997      0.00000      0.00000      0.00000
      1.41997      0.00000      0.00000      0.00000
      1.42997      0.00000      0.00000      0.00000
      1.43997      0.00000      0.00000      0.00000
      1.44997      0.00000      0.00000      0.00000
      1.45997      0.00000      0.00000      0.00000
      1.46997      0.00000      0.00000      0.00000
      1.47997      0.00000      0.00000      0.00000
      1.48997      0.00000      0.00000      0.00000
      1.49997      0.00000      0.00000      0.00000
      1.50997      0.00000      0.00000      0.00000
      1.51997      0.00000      0.00000      0.00000
      1.52997      0.00000      0.00000      0.00000
      1.53997      0.00000      0.00000      0.00000
      1.54997      0.00000      0.00000      0.00000
      1.55997      0.00000      0.00000      0.00000
      1.56997      0.00000      0.00000      0.00000
      1.57997      0.00000      0.00000      0.00000
      1.58997      0.00000      0.00000      0.00000
      1.59997      0.00000      0.00000      0.00000
      1.60997      0.00000      0.00000      0.00000
      1.61997      0.00000      0.00000      0.00000
      1.62997      0.00000      0.00000      0.00000
      1.63997      0.00000      0.00000      0.00000
      1.64997      0.00000      0.00000      0.00000
      1.65997      0.00000      0.00000      0.00000
      1.66997      0.00000      0.00000      0.00000
      1.67997      0.00000      0.00000      0.00000
      1.68997      0.00000      0.00000      0.00000
      1.69997      0.00000      0.00000      0.00000
      1.70997      0.00000      0.00000      0.00000
      1.71997      0.00000      0.00000      0.00000
      1.72997      0.00000      0.00000      0.00000
      1.73997      0.00000      0.00000      0.00000
      1.74997      0.00000      0.00000      0.00000
      1.75997      0.00000      0.00000      0.00000
      1.76997      0.00000      0.00000      0.00000
      1.77997      0.00000      0.00000      0.00000
      1.78997      0.00000      0.00000      0.00000
      1.79997      0.00000      0.00000      0.00000
      1.80997      0.00000      0.00000      0.00000
      1.81997      0.00000      0.00000      0.00000
      1.82997      0.00000      0.00000      0.00000
      1.83997      0.00000      0.00000      0.00000
      1.84997      0.00000      0.00000      0.00000
      1.85997      0.00000      0.00000      0.00000
      1.86997      0.00000      0.00000      0.00000
      1.87997      0.00000      0.00000      0.00000
      1.88997      0.00000      0.00000      0.00000
      1.89997      0.00000      0.00000      0.00000
      1.90997      0.00000      0.00000      0.00000
      1.91997      0.00000      0.00000      0.00000
      1.92997      0.00000      0.00000      0.00000
      1.93997      0.00000      0.00000      0.00000
      1.94997      0.00000      0.00000      0.00000
      1.95997      0.00000      0.00000      0.00000
      1.96997      0.00000      0.00000      0.00000
      1.97997      0.00000      0.00000      0.00000
      1.98997      0.00000      0.00000      0.00000
      1.99997      0.00000      0.00000      0.00000
      2.00997      0.00000      0.00000      0.00000
      2.01997      0.00000      0.00000      0.00000
      2.02997      0.00000      0.00000      0.00000
      2.03997      0.00000      0.00000      0.00000
      2.04997      0.00000      0.00000      0.00000
      2.05997      0.00000      0.00000      0.00000
      2.06997      0.00000      0.00000      0.00000
      2.07997      0.00000      0.00000      0.00000
      2.08997      0.00000      0.00000      0.00000
      2.09997      0.00000      0.00000      0.00000
      2.10997      0.00000      0.00000      0.00000
      2.11997      0.00000      0.00000      0.00000
      2.12997      0.00000      0.00000      0.00000
      2.13997      0.00000      0.00000      0.00000
      2.14997      0.00000      0.00000      0.00000
      2.15997      0.00000      0.00000      0.00000
      2.16997      0.00000      0.00000      0.00000
      2.17997      0.00000      0.00000      0.00000
      2.18997      0.00000      0.00000      0.00000
      2.19997      0.00000      0.00000      0.00000
      2.20997      0.00000      0.00000      0.00000
      2.21997      0.00000      0.00000      0.00000
      2.22997      0.00000      0.00000      0.00000
      2.23997      0.00000      0.00000      0.00000
      2.24997      0.00000      0.00000      0.00000
      2.25997      0.00000      0.00000      0.00000
      2.26997      0.00000      0.00000      0.00000
      2.27997      0.00000      0.00000      0.00000
      2.28997      0.00000      0.00000      0.00000
      2.29997      0.00000      0.00000      0.00000
      2.30997      0.00000      0.00000      0.00000
      2.31997      0.00000      0.00000      0.00000
      2.32997      0.00000      0.00000      0.00000
      2.33997      0.00000      0.00000      0.00000
      2.34997      0.00000      0.00000      0.00000
      2.35997      0.00000      0.00000      0.00000
      2.36997      0.00000      0.00000      0.00000
      2.37997      0.00000      0.00000      0.00000
      2.38997      0.00000      0.00000      0.00000
      2.39997      0.00000      0.00000      0.00000
      2.40997      0.00000      0.00000      0.00000
      2.41997      0.00000      0.00000      0.00000
      2.42997      0.00000      0.00000      0.00000
      2.43997      0.00000      0.00000      0.00000
      2.44997      0.00000      0.00000      0.00000
      2.45997      0.00000      0.00000      0.00000
      2.46997      0.00000      0.00000      0.00000
      2.47997      0.00000      0.00000      0.00000
      2.48997      0.00000      0.00000      0.00000
      2.49997      0.00000      0.00000      0.00000
      2.50997      0.00000      0.00000      0.00000
      2.51997      0.00000      0.00000      0.00000
      2.52997      0.00000      0.00000      0.00000
      2.53997      0.00000      0.00000      0.00000
      2.54997      0.00000      0.00000      0.00000
      2.55997      0.00000      0.00000      0.00000
      2.56997      0.00000      0.00000      0.00000
      2.57997      0.00000      0.00000      0.00000
      2.58997      0.00000      0.00000      0.00000
      2.59997      0.00000      0.00000      0.00000
      2.60997      0.00000      0.00000      0.00000
      2.61997      0.00000      0.00000      0.00000
      2.62997      0.00000      0.00000      0.00000
      2.63997      0.00000      0.00000      0.00000
      2.64997      0.00000      0.00000      0.00000
      2.65997      0.00000      0.00000      0.00000
      2.66997      0.00000      0.00000      0.00000
      2.67997      0.00000      0.00000      0.00000
      2.68997      0.00000      0.00000      0.00000
      2.69997      0.00000      0.00000      0.00000
      2.70997      0.00000      0.00000      0.00000
      2.71997      0.00000      0.00000      0.00000
      2.72997      0.00000      0.00000      0.00000
      2.73997      0.00000      0.00000      0.00000
      2.74997      0.00000      0.00000      0.00000
      2.75997      0.00000      0.00000      0.00000
      2.76997      0.00000      0.00000      0.00000
      2.77997      0.00000      0.00000      0.00000
      2.78997      0.00000      0.00000      0.00000
      2.79997      0.00000      0.00000      0.00000
      2.80997      0.00000      0.00000      0.00000
      2.81997      0.00000      0.00000      0.00000
      2.82997      0.00000      0.00000      0.00000
      2.83997      0.00000      0.00000      0.00000
      2.84997      0.00000      0.00000      0.00000
      2.85997      0.00000      0.00000      0.00000
      2.86997      0.00000      0.00000      0.00000
      2.87997      0.00000      0.00000      0.00000
      2.88997      0.00000      0.00000      0.00000
      2.89997      0.00000      0.00000      0.00000
      2.90997      0.00000      0.00000      0.00000
      2.91997      0.00000      0.00000      0.00000
      2.92997      0.00000      0.00000      0.00000
      2.93997      0.00000      0.00000      0.00000
      2.94997      0.00000      0.00000      0.00000
      2.95997      0.00000      0.00000      0.00000
      2.96997      0.00000      0.00000      0.00000
      2.97997      0.00000      0.00000      0.00000
      2.98997      0.00000      0.00000      0.00000
      2.99997      0.00000      0.00000      0.00000
      3.00997      0.00000      0.00000      0.00000
      3.01997      0.00000      0.00000      0.00000
      3.02997      0.00000      0.00000      0.00000
      3.03997      0.00000      0.00000      0.00000
      3.04997      0.00000      0.00000      0.00000
      3.05997      0.00000      0.00000      0.00000
      3.06997      0.00000      0.00000      0.00000
      3.07997      0.00000      0.00000      0.00000
      3.08997      0.00000      0.00000      0.00000
      3.09997      0.00000      0.00000      0.00000
      3.10997      0.00000      0.00000      0.00000
      3.11997      0.00000      0.00000      0.00000
      3.12997      0.00000      0.00000      0.00000
      3.13997      0.00000      0.00000      0.00000
      3.14997      0.00000      0.00000      0.00000
      3.15997      0.00000      0.00000      0.00000
      3.16997      0.00000      0.00000      0.00000
      3.17997      0.00000      0.00000      0.00000
      3.18997      0.00000      0.00000      0.00000
      3.19997      0.00000      0.00000      0.00000
      3.20997      0.00000      0.00000      0.00000
      3.21997      0.00000      0.00000      0.00000
      3.22997      0.00000      0.00000      0.00000
      3.23997      0.00000      0.00000      0.00000
      3.24997      0.00000      0.00000      0.00000
      3.25997      0.00000      0.00000      0.00000
      3.26997      0.00000      0.00000      0.00000
      3.27997      0.00000      0.00000      0.00000
      3.28997      0.00000      0.00000      0.00000
      3.29997      0.00000      0.00000      0.00000
      3.30997      0.02512      0.00027      0.02485
      3.31997      0.91676      0.00994      0.90682
      3.32997     12.86942      0.13997     12.72944
      3.33997     72.23659      0.79043     71.44616
      3.34997    175.44949      1.94355    173.50594
      3.35997    218.87240      2.48751    216.38490
      3.36997    191.29159      2.27506    189.01653
      3.37997    160.08041      2.01576    158.06465
      3.38997    141.39927      1.88418    139.51509
      3.39997    129.66624      1.82470    127.84154
      3.40997    120.57080      1.78743    118.78337
      3.41997    114.70411      1.78833    112.91578
      3.42997    108.18107      1.77128    106.40979
      3.43997    106.73862      1.83037    104.90825
      3.44997    114.50550      2.05350    112.45200
      3.45997    164.53614      3.02201    161.51413
      3.46997    216.54564      4.02102    212.52462
      3.47997    226.52809      4.28714    222.24095
      3.48997    195.93163      3.79199    192.13963
      3.49997    186.43513      3.72478    182.71035
      3.50997    159.65554      3.27560    156.37994
      3.51997    164.46287      3.45140    161.01147
      3.52997    159.42210      3.43500    155.98710
      3.53997    125.39689      2.81106    122.58582
      3.54997    160.54847      3.62466    156.92381
      3.55997    144.91582      3.29665    141.61917
      3.56997    110.34607      2.73183    107.61424
      3.57997    138.88877      3.41410    135.47468
      3.58997    145.35675      3.42613    141.93062
      3.59997    124.18192      3.22915    120.95277
      3.60997    101.75662      2.82510     98.93153
      3.61997    119.30562      3.07044    116.23519
      3.62997    159.36904      4.15730    155.21174
      3.63997    110.28759      3.08035    107.20724
      3.64997     76.64299      2.37651     74.26648
      3.65997    126.48009      3.73614    122.74395
      3.66997    143.93922      3.85985    140.07937
      3.67997    112.29398      3.23515    109.05883
      3.68997     96.59245      3.32460     93.26785
      3.69997     80.73214      2.68939     78.04276
      3.70997    120.31474      3.55031    116.76443
      3.71997    157.82740      4.78973    153.03767
      3.72997     94.24360      3.08615     91.15745
      3.73997     63.54055      2.45705     61.08351
      3.74997    101.85334      3.82800     98.02534
      3.75997    125.10709      3.92362    121.18347
      3.76997    126.33968      3.84770    122.49198
      3.77997    111.34750      4.19935    107.14815
      3.78997     69.57828      2.95102     66.62726
      3.79997     61.25229      2.47845     58.77384
      3.80997    130.65191      4.76596    125.88595
      3.81997    147.65554      4.96389    142.69165
      3.82997     86.27589      3.05282     83.22307
      3.83997     78.37424      3.63180     74.74244
      3.84997     80.17297      3.82031     76.35266
      3.85997     75.23087      2.92525     72.30562
      3.86997    134.79773      4.82841    129.96932
      3.87997    145.00829      5.63878    139.36951
      3.88997     70.00168      3.04769     66.95399
      3.89997     52.40037      2.74586     49.65451
      3.90997     88.41353      4.56409     83.84944
      3.91997    102.03717      4.25385     97.78332
      3.92997    119.93878      4.17015    115.76863
      3.93997    125.92897      5.41051    120.51846
      3.94997     84.71290      4.41069     80.30222
      3.95997     41.15518      2.33217     38.82302
      3.96997     67.17649      3.69055     63.48594
      3.97997    124.42683      5.87753    118.54930
      3.98997    127.52269      4.84401    122.67868
      3.99997     94.51518      3.91215     90.60303
      4.00997     89.41222      5.11254     84.29968
      4.01997     65.79790      4.06000     61.73790
      4.02997     41.86762      2.41847     39.44915
      4.03997     97.97246      4.95169     93.02077
      4.04997    157.61720      8.89003    148.72717
      4.05997    133.13575     31.36045    101.77530
      4.06997    230.06688    159.03517     71.03171
      4.07997    496.27799    383.02786    113.25013
      4.08997    566.53952    455.14158    111.39794
      4.09997    495.59221    398.29415     97.29806
      4.10997    617.03230    448.07767    168.95463
      4.11997    754.32114    547.74667    206.57448
      4.12997    657.08309    526.93000    130.15309
      4.13997    539.66523    451.15854     88.50670
      4.14997    514.85535    401.61696    113.23839
      4.15997    482.62216    369.93851    112.68364
      4.16997    455.03605    345.81845    109.21759
      4.17997    487.51422    329.81572    157.69850
      4.18997    478.28171    315.94434    162.33737
      4.19997    395.75293    299.35703     96.39590
      4.20997    346.01912    285.14674     60.87238
      4.21997    365.91515    276.44248     89.47267
      4.22997    382.67393    267.93858    114.73535
      4.23997    376.32887    257.20224    119.12663
      4.24997    385.90851    249.42739    136.48111
      4.25997    377.34346    243.12278    134.22068
      4.26997    330.30566    234.70746     95.59820
      4.27997    279.39575    225.62616     53.76959
      4.28997    287.65093    219.78765     67.86328
      4.29997    333.57569    218.01568    115.56002
      4.30997    345.59022    210.87039    134.71983
      4.31997    326.67904    205.53890    121.14014
      4.32997    332.71759    198.69532    134.02227
      4.33997    421.20396    198.30670    222.89726
      4.34997    429.33402    191.84933    237.48469
      4.35997    373.97349    188.87076    185.10273
      4.36997    387.48648    184.32665    203.15983
      4.37997    434.08176    184.85274    249.22903
      4.38997    397.31905    178.87033    218.44872
      4.39997    325.49961    172.89626    152.60336
      4.40997    347.64441    174.96727    172.67714
      4.41997    316.05119    164.85704    151.19416
      4.42997    269.62123    170.27063     99.35060
      4.43997    299.39989    156.89244    142.50745
      4.44997    379.28121    169.54956    209.73165
      4.45997    340.36733    156.89892    183.46841
      4.46997    286.81884    156.63046    130.18838
      4.47997    296.93100    157.46795    139.46305
      4.48997    283.58269    147.78268    135.80002
      4.49997    245.83705    154.13251     91.70454
      4.50997    235.51671    144.08464     91.43207
      4.51997    322.05580    147.82104    174.23475
      4.52997    366.59604    151.01258    215.58346
      4.53997    277.31133    141.49479    135.81654
      4.54997    233.36793    140.89349     92.47444
      4.55997    374.85288    151.97585    222.87703
      4.56997    551.13802    160.40641    390.73161
      4.57997    534.68246    159.93675    374.74571
      4.58997    451.25754    159.24853    292.00901
      4.59997    464.30274    147.34465    316.95809
      4.60997    537.32687    150.74673    386.58014
      4.61997    492.29537    156.95403    335.34134
      4.62997    349.45793    133.23242    216.22552
      4.63997    317.00769    137.58330    179.42438
      4.64997    385.45930    151.47866    233.98064
      4.65997    422.32570    129.03211    293.29359
      4.66997    418.48829    136.19243    282.29586
      4.67997    391.38261    148.37010    243.01252
      4.68997    317.72189    117.65669    200.06519
      4.69997    335.54259    129.02410    206.51850
      4.70997    377.86669    150.72687    227.13982
      4.71997    331.65086    114.77746    216.87340
      4.72997    303.62004    116.30583    187.31420
      4.73997    345.39471    149.62258    195.77213
      4.74997    370.05988    120.35045    249.70943
      4.75997    343.91580    106.18882    237.72698
      4.76997    349.12062    145.43833    203.68229
      4.77997    314.48057    125.96201    188.51856
      4.78997    258.78384     91.23010    167.55373
      4.79997    311.83361    132.62419    179.20942
      4.80997    318.15726    142.16812    175.98914
      4.81997    277.19971     91.00513    186.19458
      4.82997    358.92295    109.13328    249.78967
      4.83997    361.06186    150.08227    210.97959
      4.84997    274.26272    108.33955    165.92317
      4.85997    253.75618     81.97989    171.77629
      4.86997    322.86216    135.55776    187.30440
      4.87997    318.40972    138.75229    179.65742
      4.88997    216.60124     78.18040    138.42083
      4.89997    242.09424     94.53832    147.55592
      4.90997    341.97195    149.34361    192.62834
      4.91997    365.99233    116.15095    249.84138
      4.92997    309.63566     72.34825    237.28741
      4.93997    268.76754    115.90348    152.86406
      4.94997    253.08463    145.15103    107.93360
      4.95997    169.49671     83.55209     85.94462
      4.96997    207.57395     68.05877    139.51518
      4.97997    355.16348    135.88194    219.28155
      4.98997    393.40171    142.57187    250.82983
      4.99997    289.75981     72.85769    216.90212
      5.00997    195.46860     69.97688    125.49171
      5.01997    259.40607    139.03891    120.36716
      5.02997    295.61432    131.76700    163.84732
      5.03997    179.02573     60.01955    119.00617
      5.04997    182.52180     71.77043    110.75137
      5.05997    321.05221    144.18569    176.86652
      5.06997    326.60835    125.21422    201.39413
      5.07997    272.48464     58.26799    214.21666
      5.08997    269.21420     75.04024    194.17396
      5.09997    263.99235    142.22548    121.76687
      5.10997    241.19096    123.38915    117.80181
      5.11997    201.53357     53.70457    147.82899
      5.12997    179.85817     62.22467    117.63350
      5.13997    244.37310    136.22871    108.14439
      5.14997    264.70524    131.01549    133.68975
      5.15997    209.64524     57.19224    152.45300
      5.16997    255.99488     56.71880    199.27608
      5.17997    357.80993    131.50726    226.30267
      5.18997    298.03160    141.32636    156.70523
      5.19997    164.61450     63.12007    101.49443
      5.20997    212.53039     43.82538    168.70501
      5.21997    391.28959    116.67089    274.61870
      5.22997    454.40002    161.82092    292.57910
      5.23997    319.20148     91.03075    228.17072
      5.24997    151.35139     34.04471    117.30668
      5.25997    111.19926     72.01100     39.18826
      5.26997    193.85862    143.26497     50.59365
      5.27997    234.13647    113.51820    120.61827
      5.28997    205.79559     44.88527    160.91032
      5.29997    196.50472     51.26597    145.23875
      5.30997    295.47868    128.26798    167.21070
      5.31997    341.57420    143.52485    198.04935
      5.32997    218.89143     64.62435    154.26708
      5.33997    169.81978     33.90390    135.91588
      5.34997    251.31695     91.65536    159.66159
      5.35997    250.65704    149.18108    101.47596
      5.36997    151.96588     96.64785     55.31803
      5.37997    156.19902     34.61933    121.57969
      5.38997    266.65383     55.52432    211.12951
      5.39997    313.92392    131.35451    182.56941
      5.40997    275.21246    138.39528    136.81718
      5.41997    221.12896     62.98793    158.14104
      5.42997    191.63814     34.63668    157.00145
      5.43997    259.69064     90.20774    169.48290
      5.44997    307.40781    149.13927    158.26854
      5.45997    173.64716     99.32429     74.32287
      5.46997     88.40251     36.15165     52.25086
      5.47997    165.18020     57.25284    107.92735
      5.48997    292.91401    123.86316    169.05085
      5.49997    343.59419    132.91665    210.67754
      5.50997    298.89947     80.18624    218.71323
      5.51997    260.61534     69.71807    190.89727
      5.52997    236.99259     93.81995    143.17264
      5.53997    193.21206    102.65362     90.55845
      5.54997    192.79460    120.26871     72.52589
      5.55997    277.94314    119.60652    158.33662
      5.56997    308.38557     83.98085    224.40472
      5.57997    228.28664     84.67319    143.61345
      5.58997    240.90084    137.03731    103.86353
      5.59997    320.00691    127.57210    192.43481
      5.60997    300.71431     85.30533    215.40898
      5.61997    193.70589     85.70584    108.00005
      5.62997    135.45264     77.97369     57.47895
      5.63997    201.27998     85.94302    115.33696
      5.64997    298.91940    109.02875    189.89065
      5.65997    295.66846    107.48247    188.18599
      5.66997    232.57662     81.59412    150.98250
      5.67997    300.81916    121.29975    179.51941
      5.68997    521.38895    330.19445    191.19450
      5.69997    661.93736    494.07378    167.86358
      5.70997    516.65109    383.13095    133.52014
      5.71997    346.99218    231.07471    115.91747
      5.72997    379.91129    196.08256    183.82874
      5.73997    470.77144    210.05538    260.71606
      5.74997    483.40158    214.94638    268.45520
      5.75997    343.85540    158.53629    185.31911
      5.76997    251.59672    122.60042    128.99630
      5.77997    367.48028    194.13283    173.34745
      5.78997    421.32559    230.65397    190.67162
      5.79997    326.94534    162.83068    164.11465
      5.80997    280.53127     99.05789    181.47338
      5.81997    379.12918    121.51335    257.61583
      5.82997    467.77864    183.99122    283.78742
      5.83997    425.78963    202.85674    222.93289
      5.84997    401.13472    238.74295    162.39177
      5.85997    409.15613    215.71323    193.44291
      5.86997    501.04818    216.56933    284.47886
      5.87997    611.87086    249.10543    362.76544
      5.88997    521.99296    212.89329    309.09966
      5.89997    417.76502    188.15885    229.60616
      5.90997    363.81252    151.17112    212.64140
      5.91997    283.34640    133.86758    149.47882
      5.92997    174.91416    113.49029     61.42387
      5.93997     75.02457     60.02751     14.99706
      5.94997     18.22660     15.74019      2.48642
      5.95997     21.04866     17.27422      3.77444
      5.96997    121.60043     93.60788     27.99255
      5.97997    303.73701    211.97239     91.76462
      5.98997    355.65800    207.60863    148.04937
      5.99997    324.88584    164.67480    160.21104
      6.00997    300.00061    156.39903    143.60158
      6.01997    195.90992     84.05437    111.85555
      6.02997    112.31523     23.46613     88.84911
      6.03997     52.71762      5.76181     46.95581
      6.04997     11.92039      1.28056     10.63983
      6.05997      8.21279      4.18021      4.03259
      6.06997     62.36847     31.44353     30.92495
      6.07997    216.86320    101.39946    115.46374
      6.08997    322.21781    157.53375    164.68406
      6.09997    251.62321    157.49626     94.12695
      6.10997    191.15738    159.71543     31.44195
      6.11997    193.76163    172.53617     21.22546
      6.12997    154.55059    116.22744     38.32315
      6.13997    166.41053     68.60114     97.80939
      6.14997    290.76007    141.88113    148.87894
      6.15997    372.98665    243.98507    129.00157
      6.16997    367.90762    257.49483    110.41279
      6.17997    294.81938    187.45089    107.36849
      6.18997    223.08221    154.44644     68.63577
      6.19997    283.68436    234.91378     48.77058
      6.20997    272.10383    228.14215     43.96168
      6.21997    143.59557    100.12511     43.47046
      6.22997    122.92772     44.70884     78.21888
      6.23997    214.59764    101.91849    112.67916
      6.24997    322.51474    188.89023    133.62451
      6.25997    378.57301    240.62413    137.94888
      6.26997    349.00378    222.51785    126.48592
      6.27997    210.22200    130.77428     79.44771
      6.28997    163.07165    109.64364     53.42801
      6.29997    204.22620    124.65763     79.56858
      6.30997    185.44100    101.17435     84.26665
      6.31997    146.04976     99.86122     46.18854
      6.32997    148.15533    116.59826     31.55707
      6.33997    165.50480    105.73821     59.76659
      6.34997    276.96939    125.54942    151.41997
      6.35997    422.46509    184.93084    237.53424
      6.36997    396.81640    211.54572    185.27068
      6.37997    275.54987    195.07891     80.47095
      6.38997    169.61781    140.11287     29.50494
      6.39997    137.28300    104.59517     32.68783
      6.40997    182.16804    109.50282     72.66522
      6.41997    226.26278    139.32432     86.93846
      6.42997    197.67005    145.54606     52.12399
      6.43997    133.76790     98.61155     35.15636
      6.44997    157.11000     89.79019     67.31982
      6.45997    179.48469     91.66770     87.81699
      6.46997    207.08734    118.24112     88.84622
      6.47997    283.55641    161.52070    122.03662
      6.48997    274.06960    138.45212    135.66636
      6.49997    203.54155     93.97618    110.56882
      6.50997    245.46160    185.30657     68.25452
      6.51997    465.48155    442.39659     50.14438
      6.52997    534.27796    532.50118     43.11359
      6.53997    418.61403    402.45504     53.24913
      6.54997    477.74809    437.60343     80.94150
      6.55997    702.06178    692.97367     72.99266
      6.56997    826.55007    816.81231     83.43534
      6.57997    858.38885    804.42546    117.31781
      6.58997    815.72485    749.28526    119.47840
      6.59997    615.53620    566.65126     95.78449
      6.60997    386.05859    378.93814     45.87961
      6.61997    325.58662    327.90461     31.74523
      6.62997    450.45579    402.69136     84.87543
      6.63997    541.39423    447.10876    132.02639
      6.64997    481.07672    421.04211     95.00496
      6.65997    387.08439    386.93719     33.24430
      6.66997    384.94468    398.59170     20.73512
      6.67997    393.74558    371.24779     55.57578
      6.68997    382.76570    328.82209     81.24997
      6.69997    354.80073    331.14149     48.60865
      6.70997    352.58256    359.97807     20.44718
      6.71997    379.30136    359.38525     49.69271
      6.72997    438.48136    333.29461    134.01179
      6.73997    548.48174    374.65084    200.59463
      6.74997    536.56263    380.87756    176.81943
      6.75997    408.07037    338.87766     89.92653
      6.76997    345.21094    335.78969     35.39842
      6.77997    309.04024    318.44648     18.01120
      6.78997    285.69733    299.61134     11.49663
      6.79997    310.76889    309.04677     26.26501
      6.80997    384.75467    325.65693     82.26127
      6.81997    447.54478    323.57655    141.60548
      6.82997    426.45662    306.56403    138.67274
      6.83997    320.44560    252.93119     89.45076
      6.84997    233.77907    207.98830     46.83390
      6.85997    290.62635    248.59302     64.83296
      6.86997    317.76851    259.38224     78.48871
      6.87997    265.38690    249.14244     37.79636
      6.88997    204.24591    215.45336      8.78855
      6.89997    203.98593    214.01750      6.94524
      6.90997    252.93868    253.84671     19.09033
      6.91997    321.04475    262.32202     77.58661
      6.92997    464.59428    289.87531    190.45331
      6.93997    472.49883    263.87982    218.77752
      6.94997    272.80627    148.57774    127.96622
      6.95997    228.40670    145.03762     88.96525
      6.96997    379.35607    311.28649     85.18239
      6.97997    455.72705    438.77007     42.83575
      6.98997    374.35896    383.39597     13.38177
      6.99997    261.54032    265.74247     13.82988
      7.00997    291.06407    252.48587     58.26038
      7.01997    388.79992    270.81369    134.29693
      7.02997    378.76766    245.24328    141.94346
      7.03997    279.62151    220.35936     70.02333
      7.04997    211.94520    214.98175     16.64438
      7.05997    136.69717    139.54962     11.97830
      7.06997     94.51348     53.55542     45.71708
      7.07997    170.25497     94.24060     81.04959
      7.08997    340.71229    266.34040     88.20589
      7.09997    486.10663    393.07378    114.99103
      7.10997    480.45593    370.41411    135.91381
      7.11997    373.72023    259.14364    133.24759
      7.12997    292.54927    177.70138    123.87750
      7.13997    325.03980    235.74846    104.38421
      7.14997    348.99839    292.39775     79.09535
      7.15997    233.24916    207.21458     39.11133
      7.16997    167.53777    127.38231     45.06953
      7.17997    272.55310    178.94500    103.30970
      7.18997    348.52043    243.80199    122.37764
      7.19997    261.52623    208.27086     68.61127
      7.20997    177.20761    140.52279     42.91970
      7.21997    160.03594     83.69454     77.42753
      7.22997    184.75956     74.03874    110.83049
      7.23997    242.74810    117.45280    125.98354
      7.24997    314.69935    198.12516    121.70385
      7.25997    410.11112    302.48757    123.04829
      7.26997    459.96951    343.02684    137.96374
      7.27997    411.34548    303.05182    124.27014
      7.28997    320.90811    257.80222     75.84177
      7.29997    394.30289    332.21807     80.30694
      7.30997    609.64922    457.89266    171.59418
      7.31997    691.55480    467.13677    236.83069
      7.32997    541.26466    350.18934    198.76486
      7.33997    427.20416    251.91023    187.29860
      7.34997    434.26819    246.57089    203.63048
      7.35997    350.44299    227.33400    137.34564
      7.36997    218.35075    141.16166     84.78391
      7.37997    163.79674     79.89095     86.98792
      7.38997    222.66281    139.99488     88.90432
      7.39997    358.99263    290.77414     79.54033
      7.40997    435.32698    351.08304     96.64089
      7.41997    374.99616    257.54426    127.79133
      7.42997    301.06263    149.58571    156.05922
      7.43997    296.65731    119.22521    178.24534
      7.44997    225.68102     80.90892    144.82830
      7.45997    156.37667     68.07035     88.38066
      7.46997    232.30896    158.73897     74.41839
      7.47997    396.22628    304.65602     95.36866
      7.48997    450.41459    361.70790     95.97530
      7.49997    311.73144    261.99707     57.43786
      7.50997    190.69691    133.46408     62.50115
      7.51997    208.12782     81.75518    128.20058
      7.52997    317.77677    138.23728    179.80163
      7.53997    427.21286    230.58130    196.75709
      7.54997    401.34232    243.18720    159.19191
      7.55997    298.51810    223.64432     79.69411
      7.56997    337.80909    311.19973     41.05301
      7.57997    477.07775    428.02274     73.23159
      7.58997    438.35581    336.73735    120.53380
      7.59997    390.13532    219.13332    182.46555
      7.60997    469.51311    220.03865    261.95513
      7.61997    504.90163    246.21988    273.97026
      7.62997    428.71111    250.84524    191.83658
      7.63997    299.65770    222.35636     88.65004
      7.64997    205.26817    178.84818     34.27061
      7.65997    175.97888    158.04840     25.63110
      7.66997    221.13164    172.63849     61.32729
      7.67997    272.01577    187.86639     96.09145
      7.68997    268.99288    185.60003     93.42609
      7.69997    204.75603    139.84324     73.94667
      7.70997    217.91469    108.77026    114.47220
      7.71997    295.47349    148.15550    155.14845
      7.72997    254.88282    168.38501     99.01004
      7.73997    212.48445    155.48058     65.39076
      7.74997    226.55688    169.38156     62.28788
      7.75997    234.82600    201.86387     41.13622
      7.76997    199.60116    165.81151     41.02241
      7.77997    121.02074     78.37581     45.04309
      7.78997     49.90418     25.27783     24.94933
      7.79997     55.30957     28.64157     27.22915
      7.80997    167.18820    102.63930     68.19144
      7.81997    269.02402    183.35887     94.77547
      7.82997    296.92037    197.25016    109.71329
      7.83997    319.78100    216.61956    112.07996
      7.84997    266.23069    185.08490     88.40215
      7.85997    186.33382    108.25484     80.90483
      7.86997    154.91800     97.95947     57.37792
      7.87997    131.41345    102.02127     29.41516
      7.88997    111.71793     83.46973     28.24867
      7.89997    104.06123     52.07759     51.98377
      7.90997    131.20065     57.70131     73.50752
      7.91997    129.83871     83.37273     46.64990
      7.92997     87.10328     75.71399     12.91245
      7.93997     88.45808     90.22059      2.87840
      7.94997    132.13975    127.50559      9.85523
      7.95997    220.58331    183.79134     39.33661
      7.96997    390.17735    297.29117     96.22978
      7.97997    542.29606    402.23256    148.62558
      7.98997    489.96377    341.10616    157.94994
      7.99997    369.41367    239.18912    134.09184
      8.00997    283.46231    217.21386     67.54427
      8.01997    189.92143    172.19857     18.72139
      8.02997     97.36481     92.53239      7.05288
      8.03997    111.19592     95.48762     22.26846
      8.04997    204.48174    153.63910     59.82756
      8.05997    244.26749    188.15561     62.47756
      8.06997    165.90476    142.67965     26.03783
      8.07997     60.16870     54.72398      6.09465
      8.08997     45.18916     37.09764      8.15376
      8.09997    101.06235     82.23225     18.83235
      8.10997    160.24702    134.05799     26.18911
      8.11997    184.19784    150.17102     34.03041
      8.12997    162.12646    108.63945     53.58826
      8.13997    200.67307    107.27282     94.45235
      8.14997    289.02004    180.60966    112.43811
      8.15997    384.50524    286.76442    103.49526
      8.16997    370.37748    305.00122     68.80503
      8.17997    256.45721    212.57683     45.35503
      8.18997    221.65664    130.14519     92.16623
      8.19997    262.73666    104.91643    158.04217
      8.20997    288.00840    111.68791    177.32814
      8.21997    372.38911    186.13940    191.46924
      8.22997    418.93283    261.81534    167.60802
      8.23997    267.66613    196.40952     82.06892
      8.24997    195.01371    160.37411     46.82112
      8.25997    292.88472    223.12118     80.45741
      8.26997    381.13753    280.94623    104.14709
      8.27997    356.04506    268.57738     88.22988
      8.28997    286.18311    217.50237     69.96671
      8.29997    234.81982    186.78384     50.70368
      8.30997    213.73764    178.05460     37.85135
      8.31997    195.52403    163.72417     32.57557
      8.32997    159.27376    131.51205     28.06345
      8.33997    165.05167    119.77384     46.93290
      8.34997    171.50137    126.34634     52.12389
