Energy-E_F (eV)    DOS (1/eV)    PDOS (1/eV)  of atom type H  C  
     -6.84015    201.91852      9.99220    191.92631
     -6.83015    293.52222     22.64639    270.87583
     -6.82015    228.78929     22.29342    206.49587
     -6.81015    124.71371      9.60170    115.11201
     -6.80015     89.78820      2.87096     86.91724
     -6.79015     62.86640      1.29946     61.56695
     -6.78015     88.68019      1.65538     87.02480
     -6.77015    138.39626      2.83456    135.56170
     -6.76015    163.76356      7.86726    155.89630
     -6.75015    236.89694     24.23426    212.66268
     -6.74015    300.90646     38.37811    262.52835
     -6.73015    214.62283     27.74303    186.87980
     -6.72015    121.45256      9.76636    111.68620
     -6.71015     96.73048      4.32353     92.40695
     -6.70015    123.03813     10.04259    112.99554
     -6.69015    216.10425     18.27411    197.83014
     -6.68015    197.83459     13.60990    184.22469
     -6.67015     97.63131      6.80823     90.82307
     -6.66015    135.08162     15.36231    119.71931
     -6.65015    237.27914     27.62355    209.65559
     -6.64015    170.07917     18.89069    151.18848
     -6.63015     76.69730      5.29289     71.40441
     -6.62015    121.98752      2.39156    119.59597
     -6.61015    160.53633      3.67261    156.86371
     -6.60015    118.53262      9.45501    109.07762
     -6.59015    150.02249     22.68392    127.33858
     -6.58015    223.80735     30.42571    193.38164
     -6.57015    212.83028     26.09166    186.73863
     -6.56015    142.20385     15.33364    126.87021
     -6.55015    116.87636      6.31222    110.56414
     -6.54015    153.29963      3.21807    150.08156
     -6.53015    131.09161      3.71287    127.37874
     -6.52015    114.53392     13.72365    100.81027
     -6.51015    209.93796     33.65716    176.28081
     -6.50015    222.15061     32.43375    189.71686
     -6.49015    129.61536     15.59220    114.02316
     -6.48015    112.80871     10.27597    102.53274
     -6.47015    142.82466      7.45105    135.37361
     -6.46015    173.98896      5.74596    168.24300
     -6.45015    172.41490     13.84533    158.56957
     -6.44015    193.34417     29.16855    164.17562
     -6.43015    191.14020     26.62998    164.51021
     -6.42015    159.48551     16.34976    143.13576
     -6.41015    203.04940     28.47719    174.57221
     -6.40015    272.84586     43.05701    229.78886
     -6.39015    272.33665     35.26420    237.07245
     -6.38015    278.58077     24.67841    253.90236
     -6.37015    217.95216     17.47401    200.47816
     -6.36015    123.41537     12.24793    111.16743
     -6.35015     72.69548      5.96953     66.72595
     -6.34015     92.49261      4.70365     87.78896
     -6.33015    119.81151     11.19935    108.61216
     -6.32015    108.06962     15.62928     92.44034
     -6.31015     91.02399      9.23831     81.78568
     -6.30015    140.23937      4.22694    136.01243
     -6.29015    172.80777      6.65182    166.15594
     -6.28015    139.01003     13.22188    125.78814
     -6.27015    121.20310     18.24735    102.95575
     -6.26015    199.37844     30.39094    168.98749
     -6.25015    321.89572     44.48507    277.41065
     -6.24015    298.86129     41.19428    257.66701
     -6.23015    259.05980     41.18966    217.87014
     -6.22015    260.91084     39.07713    221.83370
     -6.21015    223.48760     26.05770    197.42990
     -6.20015    164.83985     13.55898    151.28088
     -6.19015    155.88250     16.14795    139.73455
     -6.18015    170.25467     22.46724    147.78743
     -6.17015    118.83484     14.74676    104.08808
     -6.16015    100.01673      9.75805     90.25867
     -6.15015    160.78622     18.14691    142.63931
     -6.14015    172.28818     19.45607    152.83211
     -6.13015    136.19910     10.31166    125.88744
     -6.12015    144.14054     12.57257    131.56797
     -6.11015    219.21307     22.92563    196.28744
     -6.10015    194.45329     17.97918    176.47411
     -6.09015     74.90806      5.48025     69.42781
     -6.08015     13.36356      0.70970     12.65386
     -6.07015     19.91887      0.97329     18.94557
     -6.06015    110.30937      7.21685    103.09252
     -6.05015    274.74388     23.65156    251.09232
     -6.04015    316.13390     35.16385    280.97005
     -6.03015    194.58159     27.05403    167.52756
     -6.02015     89.31627     12.87710     76.43917
     -6.01015    116.20135     10.63196    105.56939
     -6.00015    245.04190     18.26212    226.77978
     -5.99015    305.16539     19.53723    285.62816
     -5.98015    225.52410     12.48585    213.03825
     -5.97015     98.56477      5.38071     93.18405
     -5.96015     90.67176      8.97124     81.70052
     -5.95015    201.14850     24.81234    176.33616
     -5.94015    244.98905     34.72075    210.26830
     -5.93015    173.40473     25.26354    148.14119
     -5.92015     80.04927     10.46476     69.58451
     -5.91015     60.92117      8.16474     52.75643
     -5.90015    171.76656     25.32267    146.44389
     -5.89015    268.49872     40.66636    227.83236
     -5.88015    239.26336     34.88614    204.37722
     -5.87015    208.51751     29.57386    178.94366
     -5.86015    171.50160     24.31459    147.18700
     -5.85015    128.88880     13.72331    115.16549
     -5.84015    140.67619      9.14623    131.52996
     -5.83015    151.28290     13.11768    138.16522
     -5.82015    135.15572     20.83930    114.31642
     -5.81015    165.79106     29.72623    136.06482
     -5.80015    243.63294     31.24258    212.39035
     -5.79015    319.81179     30.10635    289.70543
     -5.78015    274.56618     24.19392    250.37226
     -5.77015    113.78364     10.04654    103.73710
     -5.76015     28.32663      2.63285     25.69378
     -5.75015     51.61451      5.22329     46.39122
     -5.74015    127.31290     13.00777    114.30514
     -5.73015    200.08215     22.01645    178.06570
     -5.72015    224.88202     24.32082    200.56120
     -5.71015    194.84404     16.81522    178.02882
     -5.70015    139.73625     12.47859    127.25766
     -5.69015    106.04396     15.67310     90.37087
     -5.68015    166.38299     25.71520    140.66779
     -5.67015    220.00585     25.35442    194.65143
     -5.66015    179.10509     19.44532    159.65977
     -5.65015    199.72360     28.25191    171.47169
     -5.64015    258.42270     33.41276    225.00994
     -5.63015    246.23717     22.26640    223.97077
     -5.62015    295.75000     23.33801    272.41199
     -5.61015    358.10444     32.75577    325.34866
     -5.60015    297.71602     31.84372    265.87230
     -5.59015    344.14154     44.15065    299.99088
     -5.58015    567.47557     74.30173    493.17384
     -5.57015    717.55542     91.20173    626.35370
     -5.56015    702.04320     90.46532    611.57788
     -5.55015    638.84842     77.51423    561.33420
     -5.54015    576.66677     62.01449    514.65228
     -5.53015    535.50457     59.50411    476.00047
     -5.52015    501.24971     55.22361    446.02610
     -5.51015    455.65565     46.59765    409.05801
     -5.50015    450.31879     44.29002    406.02878
     -5.49015    525.73815     56.46994    469.26821
     -5.48015    478.73452     59.11685    419.61767
     -5.47015    302.72964     46.51130    256.21834
     -5.46015    267.75088     47.19173    220.55914
     -5.45015    268.73620     39.38303    229.35317
     -5.44015    205.80091     23.03125    182.76966
     -5.43015    167.40433     18.79117    148.61316
     -5.42015    136.59628     23.35048    113.24579
     -5.41015     84.09947     19.58848     64.51100
     -5.40015     94.51891     24.86580     69.65311
     -5.39015    181.09066     45.73172    135.35895
     -5.38015    256.88107     52.49529    204.38578
     -5.37015    303.74992     40.49120    263.25872
     -5.36015    317.22062     38.27110    278.94952
     -5.35015    254.42487     37.75253    216.67234
     -5.34015    139.01352     21.87159    117.14193
     -5.33015     48.77941      6.79318     41.98623
     -5.32015     36.12557      1.55756     34.56801
     -5.31015     73.88178      1.51857     72.36321
     -5.30015     71.15801      1.43887     69.71914
     -5.29015     55.40048      1.71029     53.69019
     -5.28015    110.61936      6.34343    104.27593
     -5.27015    149.85101     12.33562    137.51540
     -5.26015    104.44499      9.53706     94.90793
     -5.25015     83.26732      3.80705     79.46027
     -5.24015     77.99316      1.77983     76.21333
     -5.23015     34.15893      0.71695     33.44198
     -5.22015     10.35579      0.71487      9.64092
     -5.21015     36.93048      4.18377     32.74671
     -5.20015    125.86587     11.78912    114.07676
     -5.19015    234.83761     17.32952    217.50809
     -5.18015    246.04562     16.97956    229.06606
     -5.17015    123.59167      9.16575    114.42592
     -5.16015     25.83654      2.07879     23.75775
     -5.15015      2.39114      0.18514      2.20600
     -5.14015      5.12285      0.10720      5.01565
     -5.13015     32.66350      0.66682     31.99668
     -5.12015     85.23585      2.06799     83.16787
     -5.11015    135.03113      6.38057    128.65055
     -5.10015    214.51018     17.91639    196.59379
     -5.09015    216.31149     22.91992    193.39157
     -5.08015     95.90789     11.32807     84.57981
     -5.07015     35.13754      2.47678     32.66077
     -5.06015     63.82793      1.40787     62.42006
     -5.05015     76.15970      1.53489     74.62481
     -5.04015     34.67161      0.69908     33.97254
     -5.03015     16.00265      0.44603     15.55662
     -5.02015     60.74840      2.83070     57.91770
     -5.01015    148.35191      9.53755    138.81436
     -5.00015    179.49869     12.86199    166.63670
     -4.99015    131.43341      7.32600    124.10741
     -4.98015     56.80442      2.00597     54.79844
     -4.97015     11.41838      0.28845     11.12993
     -4.96015      1.36153      0.02891      1.33261
     -4.95015      7.59742      0.15759      7.43984
     -4.94015     50.91467      1.21281     49.70185
     -4.93015    147.76669      5.00816    142.75853
     -4.92015    203.45021     11.29414    192.15607
     -4.91015    138.89452     11.70182    127.19270
     -4.90015     44.82599      4.86012     39.96587
     -4.89015     11.35506      0.87039     10.48467
     -4.88015     33.21420      0.72157     32.49262
     -4.87015     76.36810      1.62230     74.74580
     -4.86015     75.69518      2.22897     73.46621
     -4.85015     86.50724      5.15251     81.35473
     -4.84015    167.04696     11.28568    155.76127
     -4.83015    204.62362     15.35654    189.26709
     -4.82015    159.98673     12.48468    147.50206
     -4.81015    113.20405      5.67367    107.53038
     -4.80015     61.18342      1.73300     59.45042
     -4.79015     15.50164      0.34578     15.15586
     -4.78015      4.27325      0.08810      4.18515
     -4.77015     26.12802      0.53696     25.59106
     -4.76015    100.77819      2.39401     98.38418
     -4.75015    179.33748      6.77636    172.56112
     -4.74015    172.01259     11.97688    160.03572
     -4.73015    104.07383     10.40823     93.66560
     -4.72015    102.85086      7.29704     95.55382
     -4.71015    244.11774     11.01224    233.10550
     -4.70015    424.71470     14.75879    409.95590
     -4.69015    500.92703     14.85335    486.07369
     -4.68015    462.84153     12.51270    450.32883
     -4.67015    446.75088     11.82521    434.92567
     -4.66015    424.96468     15.12237    409.84231
     -4.65015    362.71341     18.70750    344.00591
     -4.64015    277.32919     14.35126    262.97794
     -4.63015    211.82968      7.74727    204.08241
     -4.62015    161.39890      4.69733    156.70156
     -4.61015    131.77156      3.70980    128.06177
     -4.60015    152.93679      4.84412    148.09267
     -4.59015    229.59026      9.05011    220.54014
     -4.58015    273.78782     12.10999    261.67783
     -4.57015    260.70420     14.01058    246.69361
     -4.56015    262.08597     16.29847    245.78750
     -4.55015    201.24185     10.86560    190.37625
     -4.54015    109.54461      4.18178    105.36283
     -4.53015     91.32262      2.61104     88.71158
     -4.52015     82.73063      2.14235     80.58828
     -4.51015     95.95388      2.12222     93.83166
     -4.50015    151.65231      3.68279    147.96951
     -4.49015    195.44786      6.98921    188.45864
     -4.48015    220.94072     13.46916    207.47156
     -4.47015    245.92513     18.04852    227.87661
     -4.46015    232.71321     13.90241    218.81080
     -4.45015    160.83951      6.60878    154.23073
     -4.44015     94.72296      2.74482     91.97814
     -4.43015     81.96731      2.19275     79.77457
     -4.42015     82.24646      2.23162     80.01484
     -4.41015     69.03290      2.18503     66.84787
     -4.40015    139.67829      6.62468    133.05362
     -4.39015    248.43598     14.35241    234.08357
     -4.38015    234.72943     13.33903    221.39040
     -4.37015    122.42465      5.68837    116.73628
     -4.36015     82.34999      3.53223     78.81776
     -4.35015    145.59851      7.03855    138.55996
     -4.34015    139.85353      7.09367    132.75986
     -4.33015     70.36572      3.16371     67.20202
     -4.32015     98.20163      3.54977     94.65186
     -4.31015    215.24200     10.50174    204.74025
     -4.30015    301.37557     16.06442    285.31115
     -4.29015    242.18557     10.64061    231.54497
     -4.28015    126.01935      3.69680    122.32255
     -4.27015    112.14853      2.53782    109.61071
     -4.26015    152.74937      3.26026    149.48911
     -4.25015    119.94681      2.82676    117.12006
     -4.24015    118.58617      5.00734    113.57884
     -4.23015    225.04818     11.64693    213.40125
     -4.22015    332.70838     17.85197    314.85640
     -4.21015    330.12136     15.82294    314.29841
     -4.20015    171.21570      6.68804    164.52766
     -4.19015     57.25867      1.71813     55.54054
     -4.18015     70.26880      1.80394     68.46486
     -4.17015     99.93144      2.37122     97.56022
     -4.16015    109.80633      2.28591    107.52042
     -4.15015    134.62517      4.05177    130.57340
     -4.14015    197.58136     10.61175    186.96961
     -4.13015    265.91609     16.87484    249.04125
     -4.12015    259.94999     14.50048    245.44951
     -4.11015    190.11880      7.89289    182.22591
     -4.10015    136.89424      3.57655    133.31769
     -4.09015    138.38667      2.89910    135.48757
     -4.08015    117.33426      2.73059    114.60367
     -4.07015     74.43989      2.58502     71.85487
     -4.06015    112.67029      7.00129    105.66900
     -4.05015    198.35915     13.42502    184.93413
     -4.04015    209.43214     11.32814    198.10400
     -4.03015    177.63858      5.96028    171.67830
     -4.02015    166.72555      5.62188    161.10367
     -4.01015    183.80493      7.33502    176.46991
     -4.00015    158.05554      5.61375    152.44179
     -3.99015    164.74729      4.84661    159.90068
     -3.98015    186.06965      7.94726    178.12239
     -3.97015    180.29841     12.49833    167.80009
     -3.96015    182.00586     11.22350    170.78236
     -3.95015    164.82417      5.86917    158.95501
     -3.94015    145.84704      3.51569    142.33134
     -3.93015    109.37778      2.60624    106.77154
     -3.92015     70.82120      2.73750     68.08370
     -3.91015     89.97320      5.42452     84.54868
     -3.90015    134.78035      9.01176    125.76859
     -3.89015    174.51598     12.91427    161.60171
     -3.88015    130.70712     10.46967    120.23745
     -3.87015     40.20895      3.42494     36.78401
     -3.86015      4.66154      0.41881      4.24273
     -3.85015      0.39049      0.02318      0.36731
     -3.84015      4.08207      0.11733      3.96475
     -3.83015     35.12073      1.41254     33.70820
     -3.82015    129.74909      7.39303    122.35606
     -3.81015    215.97153     15.91796    200.05357
     -3.80015    159.54923     13.43894    146.11030
     -3.79015     50.44280      4.34674     46.09606
     -3.78015     22.49503      0.83669     21.65834
     -3.77015     81.94952      1.57318     80.37634
     -3.76015    170.18082      3.28273    166.89809
     -3.75015    203.77891      4.90952    198.86939
     -3.74015    248.87996     10.05570    238.82427
     -3.73015    274.82595     14.92637    259.89957
     -3.72015    201.83806     11.48402    190.35404
     -3.71015    141.40591      7.29340    134.11251
     -3.70015    150.31337      5.37441    144.93896
     -3.69015    177.64789      4.13708    173.51082
     -3.68015    146.17571      3.15525    143.02046
     -3.67015    138.53679      5.04607    133.49073
     -3.66015    184.30336     11.24838    173.05498
     -3.65015    182.33233     12.42104    169.91129
     -3.64015    126.41333      6.31268    120.10065
     -3.63015    121.42981      3.91227    117.51754
     -3.62015    133.81017      5.32136    128.48880
     -3.61015    142.29472      5.49679    136.79793
     -3.60015    187.56954      5.77046    181.79907
     -3.59015    237.92149     10.21636    227.70512
     -3.58015    210.84638     13.43484    197.41154
     -3.57015    100.06155      7.77099     92.29056
     -3.56015     34.99248      2.04732     32.94516
     -3.55015     77.17467      1.89710     75.27757
     -3.54015    176.78685      4.81564    171.97122
     -3.53015    234.81431      8.09049    226.72383
     -3.52015    224.58887     10.93190    213.65697
     -3.51015    191.60006     13.47662    178.12344
     -3.50015    149.10476     10.03252    139.07224
     -3.49015     97.83690      4.00290     93.83400
     -3.48015     62.37002      1.46143     60.90859
     -3.47015     81.44234      1.66094     79.78140
     -3.46015    104.38510      3.32483    101.06027
     -3.45015    190.41502     10.06306    180.35196
     -3.44015    310.08427     17.75049    292.33378
     -3.43015    256.06025     13.24916    242.81109
     -3.42015    142.41632      5.02042    137.39590
     -3.41015     67.35789      1.57248     65.78541
     -3.40015     23.22914      0.58032     22.64881
     -3.39015     49.99676      2.30176     47.69500
     -3.38015    173.05289      9.56559    163.48730
     -3.37015    320.65913     17.51643    303.14269
     -3.36015    301.74573     14.10278    287.64295
     -3.35015    133.25581      5.10644    128.14937
     -3.34015     58.13859      1.54485     56.59375
     -3.33015     81.59662      2.09235     79.50427
     -3.32015     86.68625      4.45627     82.22998
     -3.31015    119.01753     10.34435    108.67319
     -3.30015    209.79881     13.59676    196.20206
     -3.29015    255.36902     10.60376    244.76526
     -3.28015    183.29520      6.01719    177.27802
     -3.27015    124.05830      3.27417    120.78414
     -3.26015    141.89177      4.42892    137.46285
     -3.25015    161.44723      9.35021    152.09701
     -3.24015    136.43050     12.17658    124.25392
     -3.23015    113.15219      8.30861    104.84357
     -3.22015    195.91748      7.08184    188.83564
     -3.21015    234.28302      6.89793    227.38508
     -3.20015    156.21204      4.98857    151.22348
     -3.19015    150.81344      8.49126    142.32218
     -3.18015    174.77325     12.85952    161.91373
     -3.17015    149.05206      9.18544    139.86662
     -3.16015    111.56234      4.73647    106.82587
     -3.15015    124.18962      4.88347    119.30615
     -3.14015    181.66804      6.70160    174.96644
     -3.13015    228.98726     11.11377    217.87349
     -3.12015    201.06115     13.34655    187.71459
     -3.11015    183.90643      9.07804    174.82839
     -3.10015    200.46839      6.05024    194.41815
     -3.09015    195.56161      6.58895    188.97265
     -3.08015    195.58025      9.21482    186.36543
     -3.07015    180.77597     12.70798    168.06799
     -3.06015    174.74855     11.80820    162.94035
     -3.05015    196.27327      7.54252    188.73076
     -3.04015    326.16129      9.28214    316.87916
     -3.03015    373.98329     12.39019    361.59310
     -3.02015    236.42923     13.35062    223.07861
     -3.01015    119.80311     12.25208    107.55103
     -3.00015     56.27552      6.06868     50.20684
     -2.99015     68.94455      2.67180     66.27275
     -2.98015    147.87437      5.55384    142.32053
     -2.97015    181.39780     11.34311    170.05469
     -2.96015    133.09689     12.92359    120.17331
     -2.95015     56.22240      6.69979     49.52261
     -2.94015     27.74539      2.20931     25.53608
     -2.93015     90.86602      4.98573     85.88029
     -2.92015    215.65951     12.58871    203.07079
     -2.91015    258.17562     14.48332    243.69230
     -2.90015    163.96784      7.47919    156.48865
     -2.89015     82.12797      3.50711     78.62086
     -2.88015    111.73646      7.73188    104.00458
     -2.87015    145.92690     13.29999    132.62691
     -2.86015     90.89856      9.81390     81.08465
     -2.85015     49.60890      4.05029     45.55861
     -2.84015    119.60441      6.49348    113.11093
     -2.83015    230.76326     13.68214    217.08112
     -2.82015    232.23456     13.31598    218.91858
     -2.81015    165.74244      6.95388    158.78856
     -2.80015    142.56418      6.99670    135.56748
     -2.79015    145.95874     12.07231    133.88642
     -2.78015    113.98482     11.66661    102.31821
     -2.77015    103.29310      7.26092     96.03219
     -2.76015    166.19196      9.12868    157.06327
     -2.75015    215.15418     13.98510    201.16908
     -2.74015    202.41165     12.43686    189.97480
     -2.73015    201.12253      9.04856    192.07397
     -2.72015    200.50217     11.70452    188.79765
     -2.71015    184.40279     14.07691    170.32588
     -2.70015    144.54858     10.21878    134.32981
     -2.69015    169.06964     11.56846    157.50118
     -2.68015    252.17020     16.15373    236.01647
     -2.67015    248.10507     13.71129    234.39378
     -2.66015    250.01676     14.58927    235.42749
     -2.65015    319.38796     18.17637    301.21159
     -2.64015    330.54203     16.87379    313.66824
     -2.63015    259.48649     16.65639    242.83009
     -2.62015    160.98647     14.07778    146.90869
     -2.61015    139.53220     12.51369    127.01851
     -2.60015    175.70965     14.40398    161.30567
     -2.59015    152.24764     13.97278    138.27486
     -2.58015    151.10778     15.01912    136.08866
     -2.57015    189.85895     16.25999    173.59896
     -2.56015    191.14858     18.00600    173.14258
     -2.55015    170.16255     20.27081    149.89174
     -2.54015    207.45720     24.79076    182.66644
     -2.53015    274.68440     28.95115    245.73324
     -2.52015    242.49316     24.33721    218.15595
     -2.51015    133.72704     11.53437    122.19267
     -2.50015     94.10733      3.17263     90.93470
     -2.49015     68.44718      0.93424     67.51294
     -2.48015     31.99510      0.39028     31.60482
     -2.47015     70.39960      1.02831     69.37129
     -2.46015    199.52576      2.97925    196.54651
     -2.45015    278.42329      4.11745    274.30584
     -2.44015    188.05485      2.70617    185.34869
     -2.43015     91.14812      1.24387     89.90424
     -2.42015    131.09265      1.72456    129.36809
     -2.41015    154.53038      2.05044    152.47993
     -2.40015     88.27265      1.26728     87.00537
     -2.39015     89.63125      1.52109     88.11016
     -2.38015    155.30285      2.51629    152.78656
     -2.37015    192.27456      2.97330    189.30126
     -2.36015    187.30996      3.64002    183.66994
     -2.35015    190.15748      5.04728    185.11020
     -2.34015    150.06043      4.15378    145.90665
     -2.33015    142.65811      2.78334    139.87477
     -2.32015    230.58631      3.65973    226.92658
     -2.31015    187.40820      2.93550    184.47270
     -2.30015     62.51284      1.02843     61.48441
     -2.29015     68.56604      1.83000     66.73604
     -2.28015    359.98356     10.35671    349.62685
     -2.27015    930.13972     27.26291    902.87681
     -2.26015   1231.84942     35.88987   1195.95956
     -2.25015   1011.76439     28.97318    982.79122
     -2.24015    635.38809     18.33870    617.04939
     -2.23015    429.34289     12.19619    417.14670
     -2.22015    460.99315     12.36287    448.63028
     -2.21015    490.30448     12.98202    477.32246
     -2.20015    394.54285     10.10275    384.44010
     -2.19015    392.69702      9.84392    382.85309
     -2.18015    500.99836     13.29047    487.70789
     -2.17015    471.46616     12.54110    458.92506
     -2.16015    292.68833      7.11607    285.57226
     -2.15015    145.26458      2.93796    142.32662
     -2.14015     97.24061      1.47081     95.76979
     -2.13015     66.53160      0.90484     65.62676
     -2.12015     24.05235      0.32243     23.72992
     -2.11015     32.92786      0.43962     32.48825
     -2.10015    105.43109      1.42603    104.00506
     -2.09015    149.28722      2.05238    147.23484
     -2.08015     87.90843      1.22762     86.68081
     -2.07015     21.83938      0.30925     21.53014
     -2.06015     11.22978      0.16647     11.06331
     -2.05015     48.19324      0.71176     47.48148
     -2.04015    107.63039      1.53240    106.09798
     -2.03015    125.04066      1.66178    123.37888
     -2.02015     81.91684      1.02701     80.88984
     -2.01015     37.17689      0.51524     36.66165
     -2.00015     92.98899      1.69482     91.29417
     -1.99015    316.65023      6.21022    310.44001
     -1.98015    605.27783     12.29816    592.97967
     -1.97015    748.47981     15.13230    733.34751
     -1.96015    714.31599     14.00484    700.31114
     -1.95015    552.66619     10.67470    541.99149
     -1.94015    428.15314      8.24703    419.90611
     -1.93015    477.29801      9.22308    468.07494
     -1.92015    585.75129     11.40306    574.34823
     -1.91015    541.36545     10.43505    530.93040
     -1.90015    503.19118      9.20595    493.98523
     -1.89015    589.71684     10.35316    579.36368
     -1.88015    542.40770      9.60014    532.80756
     -1.87015    339.42976      6.18427    333.24549
     -1.86015    240.05762      4.43260    235.62501
     -1.85015    216.34524      3.82459    212.52065
     -1.84015    179.38886      2.73898    176.64988
     -1.83015    174.07093      2.31824    171.75269
     -1.82015    151.89377      2.09893    149.79485
     -1.81015    113.56114      1.68960    111.87153
     -1.80015     64.69802      0.97631     63.72171
     -1.79015     47.22205      0.60880     46.61326
     -1.78015    108.10592      1.30917    106.79674
     -1.77015    147.72082      1.84846    145.87237
     -1.76015     86.44157      1.11891     85.32266
     -1.75015     21.85510      0.28834     21.56676
     -1.74015     13.89953      0.16471     13.73482
     -1.73015     60.92024      0.71686     60.20338
     -1.72015    131.86301      1.59350    130.26951
     -1.71015    129.54290      1.61356    127.92934
     -1.70015     71.21840      0.88815     70.33025
     -1.69015     72.11744      0.83688     71.28057
     -1.68015    113.37747      1.29907    112.07840
     -1.67015    142.24824      1.66310    140.58514
     -1.66015    146.94747      1.77270    145.17477
     -1.65015     90.27006      1.11629     89.15377
     -1.64015     28.32000      0.35215     27.96785
     -1.63015     32.66939      0.37778     32.29161
     -1.62015    129.80857      1.49945    128.30912
     -1.61015    224.99536      2.63076    222.36460
     -1.60015    159.76045      1.89746    157.86299
     -1.59015     47.77268      0.57639     47.19629
     -1.58015     15.96519      0.19051     15.77467
     -1.57015     65.71062      0.77138     64.93924
     -1.56015    161.43123      1.88826    159.54297
     -1.55015    178.27958      2.07459    176.20499
     -1.54015    123.79157      1.43708    122.35448
     -1.53015     77.91165      0.94281     76.96884
     -1.52015     88.96729      1.13735     87.82994
     -1.51015    115.78639      1.38584    114.40054
     -1.50015    111.19483      1.19614    109.99869
     -1.49015     95.92064      1.09799     94.82265
     -1.48015    133.14521      1.72488    131.42033
     -1.47015    150.22826      1.92584    148.30241
     -1.46015     89.14059      1.05224     88.08835
     -1.45015     84.31411      0.84178     83.47232
     -1.44015    134.17888      1.47853    132.70036
     -1.43015    120.45224      1.53696    118.91529
     -1.42015     59.61614      0.81140     58.80475
     -1.41015     60.91966      0.69193     60.22773
     -1.40015    122.10930      1.20673    120.90256
     -1.39015    132.14562      1.13776    131.00787
     -1.38015     68.53645      0.52138     68.01506
     -1.37015     27.17364      0.22487     26.94877
     -1.36015     71.14923      0.66273     70.48650
     -1.35015    164.87152      1.48663    163.38489
     -1.34015    218.23086      2.12563    216.10523
     -1.33015    279.70982      3.18587    276.52395
     -1.32015    275.23537      3.19409    272.04129
     -1.31015    149.01458      1.57425    147.44033
     -1.30015     86.94575      0.91843     86.02732
     -1.29015    166.26379      2.05581    164.20797
     -1.28015    230.68969      3.08104    227.60865
     -1.27015    197.35207      2.45845    194.89362
     -1.26015    185.17773      1.74583    183.43190
     -1.25015    148.22696      1.31748    146.90948
     -1.24015    135.52763      1.52513    134.00249
     -1.23015    164.51597      1.93963    162.57634
     -1.22015    109.60813      1.12697    108.48116
     -1.21015     85.66124      0.51466     85.14658
     -1.20015    139.56836      1.11727    138.45109
     -1.19015    184.58084      2.36945    182.21139
     -1.18015    141.31353      2.24183    139.07170
     -1.17015     48.34099      0.84029     47.50070
     -1.16015     11.44273      0.22310     11.21964
     -1.15015     32.61500      0.68215     31.93285
     -1.14015     82.14320      1.66064     80.48256
     -1.13015    104.23343      1.81138    102.42205
     -1.12015     99.74013      1.33344     98.40669
     -1.11015     68.97798      0.89258     68.08540
     -1.10015     59.97940      1.12383     58.85557
     -1.09015     81.07142      1.71429     79.35714
     -1.08015     53.18724      1.12752     52.05971
     -1.07015     23.29027      0.40574     22.88453
     -1.06015     61.14368      0.85901     60.28467
     -1.05015    137.75548      2.14194    135.61355
     -1.04015    130.86630      2.27218    128.59412
     -1.03015     51.59391      0.97849     50.61542
     -1.02015     11.87171      0.24445     11.62726
     -1.01015     28.34651      0.60506     27.74145
     -1.00015     83.90015      1.69075     82.20940
     -0.99015    122.23494      2.09615    120.13878
     -0.98015    105.19960      1.43315    103.76645
     -0.97015     55.72870      0.73775     54.99095
     -0.96015     51.05516      1.02415     50.03101
     -0.95015     79.83877      1.74944     78.08932
     -0.94015     57.45151      1.23798     56.21353
     -0.93015     36.41372      0.57157     35.84215
     -0.92015     83.07603      1.10739     81.96864
     -0.91015    134.83779      2.14253    132.69526
     -0.90015    109.41532      2.06904    107.34628
     -0.89015     42.22644      0.88213     41.34432
     -0.88015     12.29203      0.26692     12.02511
     -0.87015     38.95805      0.80367     38.15438
     -0.86015    110.87587      2.07049    108.80538
     -0.85015    141.15672      2.26155    138.89518
     -0.84015     82.57773      1.13177     81.44595
     -0.83015     33.89467      0.55303     33.34164
     -0.82015     56.34333      1.25548     55.08785
     -0.81015     80.99478      1.81749     79.17728
     -0.80015     59.40874      1.14559     58.26315
     -0.79015     72.48013      0.92058     71.55955
     -0.78015    109.72040      1.54571    108.17470
     -0.77015    112.16536      2.10520    110.06016
     -0.76015     72.02359      1.56987     70.45372
     -0.75015     23.62463      0.52979     23.09484
     -0.74015     26.52346      0.50810     26.01536
     -0.73015    100.13321      1.77856     98.35465
     -0.72015    157.33546      2.62637    154.70909
     -0.71015     94.05510      1.47416     92.58094
     -0.70015     28.52764      0.48384     28.04380
     -0.69015     42.15724      0.96891     41.18833
     -0.68015     83.95498      1.90057     82.05441
     -0.67015     89.90966      1.66799     88.24167
     -0.66015     94.32227      1.19913     93.12313
     -0.65015     91.79160      1.30672     90.48489
     -0.64015     90.85928      1.88963     88.96965
     -0.63015     72.37961      1.68665     70.69296
     -0.62015     32.40173      0.69837     31.70336
     -0.61015     54.00945      0.83757     53.17187
     -0.60015    137.10154      2.22870    134.87284
     -0.59015    140.99229      2.47901    138.51327
     -0.58015     56.54432      1.07406     55.47026
     -0.57015     22.57511      0.50702     22.06808
     -0.56015     62.84790      1.41602     61.43188
     -0.55015    120.40741      2.32938    118.07803
     -0.54015    122.26626      1.81567    120.45059
     -0.53015     75.94605      1.03426     74.91178
     -0.52015     66.15511      1.41862     64.73649
     -0.51015     83.05728      2.00631     81.05096
     -0.50015     65.01018      1.33055     63.67963
     -0.49015     83.74632      1.13078     82.61555
     -0.48015    129.68900      2.04802    127.64097
     -0.47015    114.88745      2.33112    112.55633
     -0.46015     52.96193      1.22489     51.73704
     -0.45015     35.60714      0.73244     34.87471
     -0.44015    105.71887      1.92745    103.79142
     -0.43015    158.07307      2.72557    155.34751
     -0.42015     91.57571      1.51986     90.05585
     -0.41015     42.86480      0.90202     41.96277
     -0.40015     79.48986      1.87462     77.61524
     -0.39015    119.26909      2.30177    116.96732
     -0.38015    115.05857      1.62678    113.43178
     -0.37015     93.18270      1.56869     91.61401
     -0.36015     92.10154      2.18400     89.91754
     -0.35015     79.17981      1.74959     77.43022
     -0.34015     95.35532      1.43437     93.92096
     -0.33015    139.97208      2.35047    137.62160
     -0.32015    113.76026      2.38493    111.37534
     -0.31015     59.95608      1.31717     58.63890
     -0.30015     96.07750      1.73467     94.34283
     -0.29015    159.81907      2.84541    156.97366
     -0.28015    110.15924      2.02557    108.13367
     -0.27015     69.61739      1.46146     68.15593
     -0.26015    128.26201      2.54321    125.71880
     -0.25015    148.18646      2.53797    145.64849
     -0.24015    100.43104      1.79825     98.63280
     -0.23015    114.68801      2.44142    112.24658
     -0.22015    145.80680      2.61249    143.19431
     -0.21015    128.64861      2.16644    126.48217
     -0.20015    132.03274      2.67225    129.36049
     -0.19015    149.73611      2.66956    147.06655
     -0.18015    147.10632      2.51786    144.58846
     -0.17015    162.96828      3.03416    159.93412
     -0.16015    172.16897      2.85887    169.31010
     -0.15015    192.24162      3.16772    189.07391
     -0.14015    219.77065      3.50707    216.26358
     -0.13015    199.26215      3.24324    196.01891
     -0.12015    148.86027      3.11953    145.74074
     -0.11015    100.55693      2.68754     97.86939
     -0.10015     97.91438      2.85611     95.05827
     -0.09015     98.32177      2.89397     95.42780
     -0.08015    104.66304      3.08624    101.57680
     -0.07015    108.93878      3.21423    105.72455
     -0.06015    116.01824      3.42263    112.59561
     -0.05015    122.99056      3.62367    119.36689
     -0.04015    132.36848      3.89013    128.47835
     -0.03015    141.34031      4.13723    137.20308
     -0.02015    141.75580      4.12693    137.62887
     -0.01015    128.18279      3.70171    124.48108
     -0.00015    103.58040      2.96744    100.61296
      0.00985     51.95533      1.48359     50.47173
      0.01985     11.25161      0.32104     10.93057
      0.02985      0.92891      0.02650      0.90241
      0.03985      0.02841      0.00081      0.02760
      0.04985      0.00032      0.00001      0.00031
      0.05985      0.00000      0.00000      0.00000
      0.06985      0.00000      0.00000      0.00000
      0.07985      0.00000      0.00000      0.00000
      0.08985      0.00000      0.00000      0.00000
      0.09985      0.00000      0.00000      0.00000
      0.10985      0.00000      0.00000      0.00000
      0.11985      0.00000      0.00000      0.00000
      0.12985      0.00000      0.00000      0.00000
      0.13985      0.00000      0.00000      0.00000
      0.14985      0.00000      0.00000      0.00000
      0.15985      0.00000      0.00000      0.00000
      0.16985      0.00000      0.00000      0.00000
      0.17985      0.00000      0.00000      0.00000
      0.18985      0.00000      0.00000      0.00000
      0.19985      0.00000      0.00000      0.00000
      0.20985      0.00000      0.00000      0.00000
      0.21985      0.00000      0.00000      0.00000
      0.22985      0.00000      0.00000      0.00000
      0.23985      0.00000      0.00000      0.00000
      0.24985      0.00000      0.00000      0.00000
      0.25985      0.00000      0.00000      0.00000
      0.26985      0.00000      0.00000      0.00000
      0.27985      0.00000      0.00000      0.00000
      0.28985      0.00000      0.00000      0.00000
      0.29985      0.00000      0.00000      0.00000
      0.30985      0.00000      0.00000      0.00000
      0.31985      0.00000      0.00000      0.00000
      0.32985      0.00000      0.00000      0.00000
      0.33985      0.00000      0.00000      0.00000
      0.34985      0.00000      0.00000      0.00000
      0.35985      0.00000      0.00000      0.00000
      0.36985      0.00000      0.00000      0.00000
      0.37985      0.00000      0.00000      0.00000
      0.38985      0.00000      0.00000      0.00000
      0.39985      0.00000      0.00000      0.00000
      0.40985      0.00000      0.00000      0.00000
      0.41985      0.00000      0.00000      0.00000
      0.42985      0.00000      0.00000      0.00000
      0.43985      0.00000      0.00000      0.00000
      0.44985      0.00000      0.00000      0.00000
      0.45985      0.00000      0.00000      0.00000
      0.46985      0.00000      0.00000      0.00000
      0.47985      0.00000      0.00000      0.00000
      0.48985      0.00000      0.00000      0.00000
      0.49985      0.00000      0.00000      0.00000
      0.50985      0.00000      0.00000      0.00000
      0.51985      0.00000      0.00000      0.00000
      0.52985      0.00000      0.00000      0.00000
      0.53985      0.00000      0.00000      0.00000
      0.54985      0.00000      0.00000      0.00000
      0.55985      0.00000      0.00000      0.00000
      0.56985      0.00000      0.00000      0.00000
      0.57985      0.00000      0.00000      0.00000
      0.58985      0.00000      0.00000      0.00000
      0.59985      0.00000      0.00000      0.00000
      0.60985      0.00000      0.00000      0.00000
      0.61985      0.00000      0.00000      0.00000
      0.62985      0.00000      0.00000      0.00000
      0.63985      0.00000      0.00000      0.00000
      0.64985      0.00000      0.00000      0.00000
      0.65985      0.00000      0.00000      0.00000
      0.66985      0.00000      0.00000      0.00000
      0.67985      0.00000      0.00000      0.00000
      0.68985      0.00000      0.00000      0.00000
      0.69985      0.00000      0.00000      0.00000
      0.70985      0.00000      0.00000      0.00000
      0.71985      0.00000      0.00000      0.00000
      0.72985      0.00000      0.00000      0.00000
      0.73985      0.00000      0.00000      0.00000
      0.74985      0.00000      0.00000      0.00000
      0.75985      0.00000      0.00000      0.00000
      0.76985      0.00000      0.00000      0.00000
      0.77985      0.00000      0.00000      0.00000
      0.78985      0.00000      0.00000      0.00000
      0.79985      0.00000      0.00000      0.00000
      0.80985      0.00000      0.00000      0.00000
      0.81985      0.00000      0.00000      0.00000
      0.82985      0.00000      0.00000      0.00000
      0.83985      0.00000      0.00000      0.00000
      0.84985      0.00000      0.00000      0.00000
      0.85985      0.00000      0.00000      0.00000
      0.86985      0.00000      0.00000      0.00000
      0.87985      0.00000      0.00000      0.00000
      0.88985      0.00000      0.00000      0.00000
      0.89985      0.00000      0.00000      0.00000
      0.90985      0.00000      0.00000      0.00000
      0.91985      0.00000      0.00000      0.00000
      0.92985      0.00000      0.00000      0.00000
      0.93985      0.00000      0.00000      0.00000
      0.94985      0.00000      0.00000      0.00000
      0.95985      0.00000      0.00000      0.00000
      0.96985      0.00000      0.00000      0.00000
      0.97985      0.00000      0.00000      0.00000
      0.98985      0.00000      0.00000      0.00000
      0.99985      0.00000      0.00000      0.00000
      1.00985      0.00000      0.00000      0.00000
      1.01985      0.00000      0.00000      0.00000
      1.02985      0.00000      0.00000      0.00000
      1.03985      0.00000      0.00000      0.00000
      1.04985      0.00000      0.00000      0.00000
      1.05985      0.00000      0.00000      0.00000
      1.06985      0.00000      0.00000      0.00000
      1.07985      0.00000      0.00000      0.00000
      1.08985      0.00000      0.00000      0.00000
      1.09985      0.00000      0.00000      0.00000
      1.10985      0.00000      0.00000      0.00000
      1.11985      0.00000      0.00000      0.00000
      1.12985      0.00000      0.00000      0.00000
      1.13985      0.00000      0.00000      0.00000
      1.14985      0.00000      0.00000      0.00000
      1.15985      0.00000      0.00000      0.00000
      1.16985      0.00000      0.00000      0.00000
      1.17985      0.00000      0.00000      0.00000
      1.18985      0.00000      0.00000      0.00000
      1.19985      0.00000      0.00000      0.00000
      1.20985      0.00000      0.00000      0.00000
      1.21985      0.00000      0.00000      0.00000
      1.22985      0.00000      0.00000      0.00000
      1.23985      0.00000      0.00000      0.00000
      1.24985      0.00000      0.00000      0.00000
      1.25985      0.00000      0.00000      0.00000
      1.26985      0.00000      0.00000      0.00000
      1.27985      0.00000      0.00000      0.00000
      1.28985      0.00000      0.00000      0.00000
      1.29985      0.00000      0.00000      0.00000
      1.30985      0.00000      0.00000      0.00000
      1.31985      0.00000      0.00000      0.00000
      1.32985      0.00000      0.00000      0.00000
      1.33985      0.00000      0.00000      0.00000
      1.34985      0.00000      0.00000      0.00000
      1.35985      0.00000      0.00000      0.00000
      1.36985      0.00000      0.00000      0.00000
      1.37985      0.00000      0.00000      0.00000
      1.38985      0.00000      0.00000      0.00000
      1.39985      0.00000      0.00000      0.00000
      1.40985      0.00000      0.00000      0.00000
      1.41985      0.00000      0.00000      0.00000
      1.42985      0.00000      0.00000      0.00000
      1.43985      0.00000      0.00000      0.00000
      1.44985      0.00000      0.00000      0.00000
      1.45985      0.00000      0.00000      0.00000
      1.46985      0.00000      0.00000      0.00000
      1.47985      0.00000      0.00000      0.00000
      1.48985      0.00000      0.00000      0.00000
      1.49985      0.00000      0.00000      0.00000
      1.50985      0.00000      0.00000      0.00000
      1.51985      0.00000      0.00000      0.00000
      1.52985      0.00000      0.00000      0.00000
      1.53985      0.00000      0.00000      0.00000
      1.54985      0.00000      0.00000      0.00000
      1.55985      0.00000      0.00000      0.00000
      1.56985      0.00000      0.00000      0.00000
      1.57985      0.00000      0.00000      0.00000
      1.58985      0.00000      0.00000      0.00000
      1.59985      0.00000      0.00000      0.00000
      1.60985      0.00000      0.00000      0.00000
      1.61985      0.00000      0.00000      0.00000
      1.62985      0.00000      0.00000      0.00000
      1.63985      0.00000      0.00000      0.00000
      1.64985      0.00000      0.00000      0.00000
      1.65985      0.00000      0.00000      0.00000
      1.66985      0.00000      0.00000      0.00000
      1.67985      0.00000      0.00000      0.00000
      1.68985      0.00000      0.00000      0.00000
      1.69985      0.00000      0.00000      0.00000
      1.70985      0.00000      0.00000      0.00000
      1.71985      0.00000      0.00000      0.00000
      1.72985      0.00000      0.00000      0.00000
      1.73985      0.00000      0.00000      0.00000
      1.74985      0.00000      0.00000      0.00000
      1.75985      0.00000      0.00000      0.00000
      1.76985      0.00000      0.00000      0.00000
      1.77985      0.00000      0.00000      0.00000
      1.78985      0.00000      0.00000      0.00000
      1.79985      0.00000      0.00000      0.00000
      1.80985      0.00000      0.00000      0.00000
      1.81985      0.00000      0.00000      0.00000
      1.82985      0.00000      0.00000      0.00000
      1.83985      0.00000      0.00000      0.00000
      1.84985      0.00000      0.00000      0.00000
      1.85985      0.00000      0.00000      0.00000
      1.86985      0.00000      0.00000      0.00000
      1.87985      0.00000      0.00000      0.00000
      1.88985      0.00000      0.00000      0.00000
      1.89985      0.00000      0.00000      0.00000
      1.90985      0.00000      0.00000      0.00000
      1.91985      0.00000      0.00000      0.00000
      1.92985      0.00000      0.00000      0.00000
      1.93985      0.00000      0.00000      0.00000
      1.94985      0.00000      0.00000      0.00000
      1.95985      0.00000      0.00000      0.00000
      1.96985      0.00000      0.00000      0.00000
      1.97985      0.00000      0.00000      0.00000
      1.98985      0.00000      0.00000      0.00000
      1.99985      0.00000      0.00000      0.00000
      2.00985      0.00000      0.00000      0.00000
      2.01985      0.00000      0.00000      0.00000
      2.02985      0.00000      0.00000      0.00000
      2.03985      0.00000      0.00000      0.00000
      2.04985      0.00000      0.00000      0.00000
      2.05985      0.00000      0.00000      0.00000
      2.06985      0.00000      0.00000      0.00000
      2.07985      0.00000      0.00000      0.00000
      2.08985      0.00000      0.00000      0.00000
      2.09985      0.00000      0.00000      0.00000
      2.10985      0.00000      0.00000      0.00000
      2.11985      0.00000      0.00000      0.00000
      2.12985      0.00000      0.00000      0.00000
      2.13985      0.00000      0.00000      0.00000
      2.14985      0.00000      0.00000      0.00000
      2.15985      0.00000      0.00000      0.00000
      2.16985      0.00000      0.00000      0.00000
      2.17985      0.00000      0.00000      0.00000
      2.18985      0.00000      0.00000      0.00000
      2.19985      0.00000      0.00000      0.00000
      2.20985      0.00000      0.00000      0.00000
      2.21985      0.00000      0.00000      0.00000
      2.22985      0.00000      0.00000      0.00000
      2.23985      0.00000      0.00000      0.00000
      2.24985      0.00000      0.00000      0.00000
      2.25985      0.00000      0.00000      0.00000
      2.26985      0.00000      0.00000      0.00000
      2.27985      0.00000      0.00000      0.00000
      2.28985      0.00000      0.00000      0.00000
      2.29985      0.00000      0.00000      0.00000
      2.30985      0.00000      0.00000      0.00000
      2.31985      0.00000      0.00000      0.00000
      2.32985      0.00000      0.00000      0.00000
      2.33985      0.00000      0.00000      0.00000
      2.34985      0.00000      0.00000      0.00000
      2.35985      0.00000      0.00000      0.00000
      2.36985      0.00000      0.00000      0.00000
      2.37985      0.00000      0.00000      0.00000
      2.38985      0.00000      0.00000      0.00000
      2.39985      0.00000      0.00000      0.00000
      2.40985      0.00000      0.00000      0.00000
      2.41985      0.00000      0.00000      0.00000
      2.42985      0.00000      0.00000      0.00000
      2.43985      0.00000      0.00000      0.00000
      2.44985      0.00000      0.00000      0.00000
      2.45985      0.00000      0.00000      0.00000
      2.46985      0.00000      0.00000      0.00000
      2.47985      0.00000      0.00000      0.00000
      2.48985      0.00000      0.00000      0.00000
      2.49985      0.00000      0.00000      0.00000
      2.50985      0.00000      0.00000      0.00000
      2.51985      0.00000      0.00000      0.00000
      2.52985      0.00000      0.00000      0.00000
      2.53985      0.00000      0.00000      0.00000
      2.54985      0.00000      0.00000      0.00000
      2.55985      0.00000      0.00000      0.00000
      2.56985      0.00000      0.00000      0.00000
      2.57985      0.00000      0.00000      0.00000
      2.58985      0.00000      0.00000      0.00000
      2.59985      0.00000      0.00000      0.00000
      2.60985      0.00000      0.00000      0.00000
      2.61985      0.00000      0.00000      0.00000
      2.62985      0.00000      0.00000      0.00000
      2.63985      0.00000      0.00000      0.00000
      2.64985      0.00000      0.00000      0.00000
      2.65985      0.00000      0.00000      0.00000
      2.66985      0.00000      0.00000      0.00000
      2.67985      0.00000      0.00000      0.00000
      2.68985      0.00000      0.00000      0.00000
      2.69985      0.00000      0.00000      0.00000
      2.70985      0.00000      0.00000      0.00000
      2.71985      0.00000      0.00000      0.00000
      2.72985      0.00000      0.00000      0.00000
      2.73985      0.00000      0.00000      0.00000
      2.74985      0.00000      0.00000      0.00000
      2.75985      0.00000      0.00000      0.00000
      2.76985      0.00000      0.00000      0.00000
      2.77985      0.00000      0.00000      0.00000
      2.78985      0.00000      0.00000      0.00000
      2.79985      0.00000      0.00000      0.00000
      2.80985      0.00000      0.00000      0.00000
      2.81985      0.00000      0.00000      0.00000
      2.82985      0.00000      0.00000      0.00000
      2.83985      0.00000      0.00000      0.00000
      2.84985      0.00000      0.00000      0.00000
      2.85985      0.00000      0.00000      0.00000
      2.86985      0.00000      0.00000      0.00000
      2.87985      0.00000      0.00000      0.00000
      2.88985      0.00000      0.00000      0.00000
      2.89985      0.00000      0.00000      0.00000
      2.90985      0.00000      0.00000      0.00000
      2.91985      0.00000      0.00000      0.00000
      2.92985      0.00000      0.00000      0.00000
      2.93985      0.00000      0.00000      0.00000
      2.94985      0.00000      0.00000      0.00000
      2.95985      0.00000      0.00000      0.00000
      2.96985      0.00000      0.00000      0.00000
      2.97985      0.00000      0.00000      0.00000
      2.98985      0.00000      0.00000      0.00000
      2.99985      0.00000      0.00000      0.00000
      3.00985      0.00000      0.00000      0.00000
      3.01985      0.00000      0.00000      0.00000
      3.02985      0.00000      0.00000      0.00000
      3.03985      0.00000      0.00000      0.00000
      3.04985      0.00000      0.00000      0.00000
      3.05985      0.00000      0.00000      0.00000
      3.06985      0.00000      0.00000      0.00000
      3.07985      0.00000      0.00000      0.00000
      3.08985      0.00000      0.00000      0.00000
      3.09985      0.00000      0.00000      0.00000
      3.10985      0.00000      0.00000      0.00000
      3.11985      0.00000      0.00000      0.00000
      3.12985      0.00000      0.00000      0.00000
      3.13985      0.00000      0.00000      0.00000
      3.14985      0.00000      0.00000      0.00000
      3.15985      0.00000      0.00000      0.00000
      3.16985      0.00000      0.00000      0.00000
      3.17985      0.00000      0.00000      0.00000
      3.18985      0.00000      0.00000      0.00000
      3.19985      0.00000      0.00000      0.00000
      3.20985      0.00000      0.00000      0.00000
      3.21985      0.00000      0.00000      0.00000
      3.22985      0.00000      0.00000      0.00000
      3.23985      0.00000      0.00000      0.00000
      3.24985      0.00000      0.00000      0.00000
      3.25985      0.00000      0.00000      0.00000
      3.26985      0.00000      0.00000      0.00000
      3.27985      0.00000      0.00000      0.00000
      3.28985      0.00000      0.00000      0.00000
      3.29985      0.00000      0.00000      0.00000
      3.30985      0.02447      0.00026      0.02421
      3.31985      0.89800      0.00974      0.88826
      3.32985     12.67582      0.13786     12.53796
      3.33985     71.52893      0.78259     70.74634
      3.34985    174.59324      1.93370    172.65954
      3.35985    218.70973      2.48490    216.22483
      3.36985    191.60942      2.27781    189.33161
      3.37985    160.38530      2.01854    158.36676
      3.38985    141.56633      1.88545    139.68088
      3.39985    129.76299      1.82525    127.93773
      3.40985    120.69880      1.78855    118.91024
      3.41985    114.78089      1.78878    112.99211
      3.42985    108.16948      1.77032    106.39917
      3.43985    106.73598      1.82969    104.90629
      3.44985    114.30320      2.04913    112.25407
      3.45985    164.01331      3.01219    161.00112
      3.46985    216.20150      4.01425    212.18726
      3.47985    226.63545      4.28851    222.34694
      3.48985    196.03661      3.79307    192.24355
      3.49985    186.53789      3.72576    182.81213
      3.50985    159.88296      3.27945    156.60350
      3.51985    164.23912      3.44607    160.79305
      3.52985    159.86161      3.44317    156.41844
      3.53985    125.46155      2.81146    122.65009
      3.54985    160.29033      3.61899    156.67134
      3.55985    145.36531      3.30558    142.05974
      3.56985    110.34153      2.72991    107.61162
      3.57985    138.62198      3.40930    135.21268
      3.58985    145.47943      3.42842    142.05100
      3.59985    124.41632      3.23163    121.18469
      3.60985    101.87662      2.82875     99.04787
      3.61985    118.93465      3.06190    115.87274
      3.62985    159.36829      4.15561    155.21268
      3.63985    110.80214      3.09233    107.70981
      3.64985     76.45889      2.36989     74.08900
      3.65985    126.04386      3.72617    122.31769
      3.66985    144.11799      3.86644    140.25155
      3.67985    112.53416      3.23698    109.29717
      3.68985     96.72788      3.32667     93.40121
      3.69985     80.73107      2.69210     78.03897
      3.70985    119.79979      3.53535    116.26443
      3.71985    157.96046      4.79176    153.16871
      3.72985     94.79134      3.10132     91.69002
      3.73985     63.39903      2.44942     60.94961
      3.74985    101.58934      3.82101     97.76834
      3.75985    125.09592      3.92824    121.16767
      3.76985    126.35172      3.84370    122.50802
      3.77985    111.51702      4.20022    107.31680
      3.78985     69.90023      2.96371     66.93652
      3.79985     60.99257      2.46955     58.52302
      3.80985    130.16414      4.75040    125.41374
      3.81985    147.97626      4.97702    142.99924
      3.82985     86.57541      3.05845     83.51697
      3.83985     78.23365      3.62158     74.61208
      3.84985     80.31676      3.82867     76.48809
      3.85985     75.08535      2.92437     72.16098
      3.86985    134.35655      4.81003    129.54652
      3.87985    145.34361      5.64859    139.69502
      3.88985     70.44071      3.06390     67.37680
      3.89985     52.21019      2.73410     49.47609
      3.90985     88.22177      4.55693     83.66483
      3.91985    102.00452      4.26141     97.74310
      3.92985    119.79369      4.16317    115.63052
      3.93985    126.02020      5.40494    120.61526
      3.94985     85.10856      4.42755     80.68102
      3.95985     41.26086      2.33734     38.92353
      3.96985     66.78062      3.67096     63.10966
      3.97985    124.17100      5.87328    118.29772
      3.98985    127.72679      4.85737    122.86942
      3.99985     94.66339      3.90884     90.75455
      4.00985     89.42974      5.10731     84.32242
      4.01985     66.06961      4.07627     61.99335
      4.02985     41.79179      2.41678     39.37500
      4.03985     97.39547      4.92715     92.46832
      4.04985    157.61197      8.91109    148.70088
      4.05985    133.74013     31.45851    102.28162
      4.06985    229.70756    158.71255     70.99501
      4.07985    494.46250    381.48971    112.97280
      4.08985    565.42415    453.94353    111.48062
      4.09985    495.02620    397.95387     97.07234
      4.10985    615.48526    447.14664    168.33862
      4.11985    754.12807    547.33353    206.79454
      4.12985    658.51490    527.75991    130.75499
      4.13985    540.56746    452.03298     88.53448
      4.14985    515.22400    402.11798    113.10602
      4.15985    483.03189    370.21810    112.81380
      4.16985    454.96215    345.95834    109.00381
      4.17985    487.27692    329.89964    157.37727
      4.18985    478.67036    316.02112    162.64924
      4.19985    396.27820    299.42202     96.85618
      4.20985    346.05289    285.19595     60.85694
      4.21985    365.67833    276.48824     89.19009
      4.22985    382.69293    268.00954    114.68338
      4.23985    376.29267    257.27133    119.02135
      4.24985    385.85087    249.46012    136.39075
      4.25985    377.50401    243.13471    134.36930
      4.26985    330.70601    234.74252     95.96349
      4.27985    279.51586    225.62741     53.88845
      4.28985    287.32573    219.78675     67.53898
      4.29985    333.29377    218.01516    115.27861
      4.30985    345.66672    210.91641    134.75031
      4.31985    326.81302    205.56093    121.25210
      4.32985    332.22939    198.70097    133.52842
      4.33985    420.62302    198.29479    222.32823
      4.34985    429.79118    191.91229    237.87889
      4.35985    374.09564    188.86323    185.23241
      4.36985    387.14607    184.37972    202.76635
      4.37985    433.87272    184.80352    249.06919
      4.38985    398.02420    178.99324    219.03096
      4.39985    325.54845    172.81994    152.72851
      4.40985    347.52304    175.07143    172.45162
      4.41985    316.55053    164.83093    151.71960
      4.42985    269.77794    170.33510     99.44284
      4.43985    298.79662    156.88910    141.90752
      4.44985    379.06103    169.49604    209.56499
      4.45985    341.04318    157.04456    183.99861
      4.46985    286.86248    156.53416    130.32832
      4.47985    296.85818    157.57306    139.28512
      4.48985    283.75331    147.76161    135.99170
      4.49985    246.18503    154.15167     92.03336
      4.50985    235.25760    144.14647     91.11113
      4.51985    321.37122    147.74469    173.62653
      4.52985    366.84804    151.06425    215.78378
      4.53985    278.04190    141.55034    136.49156
      4.54985    232.97811    140.83965     92.13845
      4.55985    373.18639    151.87769    221.30870
      4.56985    550.22392    160.37008    389.85384
      4.57985    535.29858    159.91838    375.38020
      4.58985    451.88660    159.32761    292.55899
      4.59985    464.18175    147.43815    316.74360
      4.60985    537.15890    150.64045    386.51845
      4.61985    493.19678    157.05114    336.14563
      4.62985    350.21579    133.36188    216.85391
      4.63985    316.79011    137.42457    179.36553
      4.64985    385.09761    151.56689    233.53071
      4.65985    422.28591    129.14044    293.14547
      4.66985    418.53501    135.99692    282.53809
      4.67985    391.82223    148.50908    243.31314
      4.68985    317.92195    117.79400    200.12795
      4.69985    335.04810    128.74456    206.30354
      4.70985    377.93125    150.82875    227.10250
      4.71985    332.02262    115.01938    217.00324
      4.72985    303.50712    116.04573    187.46139
      4.73985    345.14763    149.61458    195.53305
      4.74985    370.24403    120.65357    249.59046
      4.75985    343.94787    105.98405    237.96382
      4.76985    349.06476    145.29819    203.76657
      4.77985    314.92832    126.32117    188.60715
      4.78985    258.73984     91.15752    167.58232
      4.79985    311.36626    132.28230    179.08395
      4.80985    318.60812    142.46977    176.13835
      4.81985    277.09662     91.19996    185.89666
      4.82985    358.41006    108.74663    249.66343
      4.83985    361.47579    150.10635    211.36945
      4.84985    274.70237    108.74510    165.95727
      4.85985    253.49806     81.79216    171.70590
      4.86985    322.41584    135.20622    187.20962
      4.87985    318.99363    139.11518    179.87845
      4.88985    216.95956     78.40622    138.55335
      4.89985    241.50844     94.10048    147.40796
      4.90985    341.61663    149.25615    192.36048
      4.91985    366.19684    116.61553    249.58131
      4.92985    310.00401     72.33497    237.66905
      4.93985    268.67109    115.46661    153.20448
      4.94985    253.46935    145.34640    108.12295
      4.95985    169.89300     83.96768     85.92532
      4.96985    206.78570     67.76607    139.01964
      4.97985    354.51303    135.47436    219.03867
      4.98985    393.75155    142.93998    250.81157
      4.99985    290.48481     73.21108    217.27373
      5.00985    195.46621     69.61989    125.84632
      5.01985    258.73565    138.69188    120.04377
      5.02985    296.06908    132.21555    163.85353
      5.03985    179.67777     60.31415    119.36361
      5.04985    181.82602     71.33299    110.49303
      5.05985    320.54619    143.90581    176.64038
      5.06985    327.02302    125.69427    201.32875
      5.07985    272.55737     58.49033    214.06704
      5.08985    269.14070     74.62411    194.51660
      5.09985    263.99029    141.95898    122.03131
      5.10985    241.39146    123.85163    117.53983
      5.11985    201.88841     53.98229    147.90612
      5.12985    179.70147     61.84364    117.85783
      5.13985    243.84321    135.86098    107.98223
      5.14985    265.16902    131.45002    133.71899
      5.15985    209.89350     57.52801    152.36550
      5.16985    255.13174     56.36726    198.76448
      5.17985    357.29629    131.03900    226.25730
      5.18985    298.98367    141.69213    157.29154
      5.19985    165.11113     63.57405    101.53707
      5.20985    211.69168     43.61134    168.08034
      5.21985    390.32783    116.09407    274.23376
      5.22985    454.68323    161.94925    292.73398
      5.23985    320.35081     91.61375    228.73706
      5.24985    152.12752     34.11396    118.01356
      5.25985    110.86416     71.48707     39.37709
      5.26985    193.35494    143.04491     50.31003
      5.27985    234.22784    114.03498    120.19286
      5.28985    205.98721     45.15182    160.83539
      5.29985    196.06614     50.91700    145.14914
      5.30985    294.70981    127.78695    166.92286
      5.31985    342.00161    143.86035    198.14127
      5.32985    219.77972     65.10858    154.67114
      5.33985    169.48874     33.79259    135.69616
      5.34985    250.84490     91.11987    159.72503
      5.35985    251.19564    149.14920    102.04644
      5.36985    152.51380     97.19468     55.31912
      5.37985    155.63717     34.76462    120.87255
      5.38985    265.90767     55.10054    210.80713
      5.39985    313.92531    130.90456    183.02075
      5.40985    275.74547    138.77337    136.97211
      5.41985    221.54160     63.46209    158.07951
      5.42985    191.53146     34.54225    156.98922
      5.43985    258.92853     89.67291    169.25561
      5.44985    307.75150    149.08143    158.67008
      5.45985    174.66486     99.86818     74.79669
      5.46985     88.37433     36.31717     52.05716
      5.47985    164.29714     56.89100    107.40615
      5.48985    292.03307    123.51627    168.51680
      5.49985    343.64444    133.13400    210.51044
      5.50985    299.56896     80.49777    219.07119
      5.51985    260.99724     69.62869    191.36855
      5.52985    237.18646     93.71422    143.47224
      5.53985    193.31567    102.55140     90.76428
      5.54985    192.39738    120.20772     72.18965
      5.55985    277.26402    119.77313    157.49089
      5.56985    308.78946     84.20034    224.58912
      5.57985    228.92451     84.51445    144.41006
      5.58985    240.58645    136.79145    103.79501
      5.59985    319.83647    127.81550    192.02097
      5.60985    301.30043     85.58079    215.71963
      5.61985    194.19761     85.74283    108.45477
      5.62985    135.04877     77.81438     57.23439
      5.63985    200.34786     85.67545    114.67241
      5.64985    298.72775    109.12094    189.60681
      5.65985    296.35146    107.71557    188.63589
      5.66985    232.67379     81.50842    151.16537
      5.67985    299.34010    120.10888    179.23122
      5.68985    519.31010    328.20784    191.10226
      5.69985    662.21246    494.11229    168.10017
      5.70985    518.93947    385.04808    133.89139
      5.71985    347.78244    231.96042    115.82202
      5.72985    379.17004    195.83290    183.33714
      5.73985    470.59500    210.12841    260.46659
      5.74985    484.46095    215.89919    268.56176
      5.75985    344.84892    158.97104    185.87788
      5.76985    251.65301    122.42601    129.22701
      5.77985    367.45142    194.16931    173.28211
      5.78985    420.74815    230.16306    190.58509
      5.79985    326.46167    162.50159    163.96009
      5.80985    280.72023     99.67655    181.04368
      5.81985    379.94470    122.72758    257.21711
      5.82985    469.17380    185.21258    283.96123
      5.83985    429.04567    205.42752    223.61815
      5.84985    402.33870    239.89301    162.44569
      5.85985    403.99079    211.56629    192.42450
      5.86985    496.29774    212.39087    283.90687
      5.87985    612.22157    248.57381    363.64776
      5.88985    524.01087    214.14437    309.86650
      5.89985    418.28835    188.92515    229.36320
      5.90985    364.92806    152.14914    212.77892
      5.91985    285.79872    135.66746    150.13126
      5.92985    175.82040    114.04610     61.77430
      5.93985     73.30025     58.43506     14.86518
      5.94985     17.22877     14.84778      2.38099
      5.95985     21.58662     17.76570      3.82092
      5.96985    123.43001     95.35076     28.07925
      5.97985    303.60850    212.13138     91.47712
      5.98985    351.76797    204.34897    147.41900
      5.99985    321.29131    161.53721    159.75410
      6.00985    301.04982    157.22446    143.82536
      6.01985    198.50014     86.22294    112.27720
      6.02985    113.22970     24.15323     89.07647
      6.03985     53.03721      5.84790     47.18931
      6.04985     12.06694      1.32487     10.74207
      6.05985      8.69108      4.59247      4.09861
      6.06985     64.00983     32.96270     31.04713
      6.07985    217.38390    102.07729    115.30661
      6.08985    319.60376    155.23327    164.37049
      6.09985    249.77586    155.64632     94.12954
      6.10985    191.13691    159.60860     31.52831
      6.11985    194.29898    173.03869     21.26030
      6.12985    155.08789    116.86971     38.21818
      6.13985    165.86409     68.34990     97.51419
      6.14985    288.27407    139.74893    148.52514
      6.15985    370.95530    242.13260    128.82269
      6.16985    371.02479    260.04207    110.98272
      6.17985    297.54538    189.69289    107.85249
      6.18985    223.00870    154.27783     68.73087
      6.19985    284.50438    235.48859     49.01579
      6.20985    272.53284    228.55415     43.97868
      6.21985    142.51599     99.41670     43.09929
      6.22985    120.91039     43.20820     77.70218
      6.23985    210.27985     98.49506    111.78479
      6.24985    319.34841    186.26863    133.07978
      6.25985    378.55467    240.34666    138.20801
      6.26985    352.04138    224.86439    127.17700
      6.27985    213.00784    133.10810     79.89973
      6.28985    163.48221    110.00653     53.47567
      6.29985    205.61303    125.72424     79.88880
      6.30985    187.19642    102.50538     84.69105
      6.31985    150.26294    103.03162     47.23132
      6.32985    153.87022    121.00782     32.86240
      6.33985    164.63618    105.22082     59.41537
      6.34985    274.37822    123.66666    150.71156
      6.35985    420.80412    183.61712    237.18701
      6.36985    396.28684    211.06399    185.22285
      6.37985    273.47135    193.46063     80.01072
      6.38985    167.17654    138.26577     28.91077
      6.39985    136.40144    103.94380     32.45763
      6.40985    181.70346    109.14823     72.55523
      6.41985    225.33709    138.51602     86.82107
      6.42985    197.97252    145.76716     52.20537
      6.43985    134.94199     99.57468     35.36731
      6.44985    156.97329     89.72837     67.24493
      6.45985    176.71929     89.81509     86.90421
      6.46985    203.68872    115.90497     87.78375
      6.47985    285.91620    163.13748    122.77961
      6.48985    277.40955    140.89676    136.56066
      6.49985    204.94634     94.91854    111.01576
      6.50985    247.54184    186.17980     69.37819
      6.51985    466.89856    442.78350     51.03009
      6.52985    531.90886    530.90512     42.30543
      6.53985    416.29432    401.03927     52.39278
      6.54985    475.04199    434.99909     80.70423
      6.55985    697.60010    688.50170     72.71052
      6.56985    824.31952    815.35675     82.58071
      6.57985    861.53176    808.28086    116.73338
      6.58985    821.27445    754.25284    120.15455
      6.59985    616.94851    567.51603     96.38765
      6.60985    385.79203    378.52458     46.06184
      6.61985    324.98116    327.09736     31.88482
      6.62985    450.21929    402.17363     85.06203
      6.63985    542.16850    447.89176    132.00751
      6.64985    481.51970    421.73595     94.78143
      6.65985    387.06580    387.06682     33.10392
      6.66985    384.67180    398.33126     20.71177
      6.67985    392.92676    370.48651     55.52607
      6.68985    381.79903    327.99477     81.11145
      6.69985    355.13385    331.42799     48.61654
      6.70985    353.46836    360.79864     20.49083
      6.71985    378.96127    359.32755     49.41649
      6.72985    433.61117    330.05233    132.38471
      6.73985    540.05711    369.12826    197.71263
      6.74985    538.95467    382.47769    177.63161
      6.75985    417.04811    344.69907     93.05364
      6.76985    348.61271    338.02294     36.54393
      6.77985    308.66697    318.15656     17.94487
      6.78985    284.62006    298.76098     11.28207
      6.79985    309.25409    307.86884     25.92689
      6.80985    383.81705    324.92142     82.07903
      6.81985    449.26110    324.82946    142.08254
      6.82985    427.86061    307.55375    139.05000
      6.83985    320.78726    253.32415     89.40117
      6.84985    233.70185    208.02526     46.72903
      6.85985    290.37770    248.38615     64.80269
      6.86985    317.80611    259.45047     78.47650
      6.87985    265.58324    249.33391     37.80040
      6.88985    204.35523    215.59427      8.77845
      6.89985    203.47379    213.57299      6.86626
      6.90985    251.40923    252.62246     18.77109
      6.91985    319.12703    260.79701     77.20782
      6.92985    464.72083    289.89793    190.57520
      6.93985    474.33472    265.42079    219.10530
      6.94985    274.00470    149.62062    128.13837
      6.95985    227.56075    144.25906     88.87413
      6.96985    378.82118    310.66420     85.21049
      6.97985    456.48777    439.32869     43.00468
      6.98985    375.45092    384.44283     13.44999
      6.99985    261.52339    265.75479     13.80268
      7.00985    290.28576    251.74632     58.21699
      7.01985    388.69586    270.71446    134.32798
      7.02985    379.23902    245.68729    141.98858
      7.03985    279.96357    220.61324     70.05509
      7.04985    212.12954    215.13545     16.64724
      7.05985    137.17722    140.16942     11.90121
      7.06985     94.30731     53.67955     45.42959
      7.07985    168.17991     92.94016     80.28914
      7.08985    338.20281    264.62523     87.41479
      7.09985    488.35454    394.38265    115.89274
      7.10985    483.28731    372.14368    136.99119
      7.11985    373.87633    259.32676    133.26577
      7.12985    292.08321    177.37281    123.74731
      7.13985    324.29744    235.00719    104.32627
      7.14985    348.66435    292.02959     79.13476
      7.15985    234.10813    207.94129     39.30379
      7.16985    170.22777    129.29688     45.84931
      7.17985    274.98297    180.41899    104.21435
      7.18985    346.37349    242.31273    121.68824
      7.19985    258.81092    206.51534     67.68930
      7.20985    176.78596    140.36569     42.70329
      7.21985    160.18428     83.93799     77.34739
      7.22985    184.22352     73.70013    110.63431
      7.23985    242.38139    117.23984    125.82641
      7.24985    314.75650    198.26277    121.60923
      7.25985    410.30150    302.64776    123.06092
      7.26985    459.87688    342.66820    138.22504
      7.27985    411.00023    302.60110    124.37649
      7.28985    319.67126    257.54221     74.85232
      7.29985    391.87037    331.32306     78.75958
      7.30985    611.31618    458.27467    172.89824
      7.31985    696.44512    468.86422    240.01346
      7.32985    542.34020    350.79380    199.21580
      7.33985    425.29215    251.20996    186.05319
      7.34985    433.42988    246.18181    203.17906
      7.35985    351.10138    228.00725    137.35545
      7.36985    218.81029    141.82770     84.61174
      7.37985    162.04811     78.91615     86.21211
      7.38985    218.69807    136.77636     88.11994
      7.39985    356.75424    288.77612     79.29176
      7.40985    438.62149    353.77099     97.27357
      7.41985    377.59610    259.86108    128.09638
      7.42985    301.07102    149.75959    155.90764
      7.43985    296.91646    119.18689    178.54666
      7.44985    224.26508     80.08777    144.23382
      7.45985    148.76164     64.07237     84.76225
      7.46985    228.80883    156.80268     72.84462
      7.47985    403.02509    308.12075     98.68250
      7.48985    455.20314    364.19897     98.26866
      7.49985    313.14798    262.85964     58.00332
      7.50985    190.82061    133.70208     62.40228
      7.51985    206.46437     80.78501    127.51781
      7.52985    314.37613    135.87788    178.76266
      7.53985    426.67635    230.09113    196.70892
      7.54985    404.68574    245.25980    160.45003
      7.55985    299.87284    224.29336     80.35953
      7.56985    336.72887    310.16541     40.92988
      7.57985    476.59701    427.79492     72.95774
      7.58985    439.63603    338.13784    120.49142
      7.59985    390.82939    219.95734    182.37355
      7.60985    469.55358    220.03910    261.97028
      7.61985    504.61934    245.89346    273.99946
      7.62985    426.40732    249.42176    190.98830
      7.63985    298.23685    221.43103     88.17717
      7.64985    207.63655    180.13696     35.34394
      7.65985    177.47855    158.86272     26.27160
      7.66985    221.28783    172.70440     61.39543
      7.67985    272.55722    188.09175     96.44792
      7.68985    269.46029    185.90886     93.60913
      7.69985    204.27106    139.65968     73.65265
      7.70985    216.52461    107.70448    114.13408
      7.71985    294.66934    147.48316    154.96585
      7.72985    253.11596    167.56231     98.05935
      7.73985    208.04176    153.10020     63.37412
      7.74985    227.46556    169.92641     62.65853
      7.75985    239.99367    204.88520     43.27307
      7.76985    201.86321    167.27007     41.84216
      7.77985    121.49326     78.73549     45.17042
      7.78985     50.00172     25.32286     25.00306
      7.79985     54.85357     28.23472     27.15885
      7.80985    166.00573    101.50547     68.05799
      7.81985    268.24167    182.69857     94.58375
      7.82985    296.88084    197.63321    109.33861
      7.83985    320.42962    217.16501    112.22367
      7.84985    267.53199    185.84430     88.97336
      7.85985    186.88225    108.61778     81.11561
      7.86985    155.01498     98.08794     57.35278
      7.87985    131.73824    102.32997     29.43176
      7.88985    111.67209     83.49073     28.18183
      7.89985    103.58230     51.78553     51.79690
      7.90985    130.90660     57.43573     73.47882
      7.91985    129.88556     83.28855     46.77721
      7.92985     87.10217     75.61972     12.98616
      7.93985     88.41272     90.09408      2.93527
      7.94985    133.33177    128.42933     10.13657
      7.95985    223.37998    185.76895     40.18862
      7.96985    393.74173    299.55573     97.58548
      7.97985    542.12338    402.41674    148.32226
      7.98985    484.24480    337.73209    155.57918
      7.99985    366.11494    236.61252    133.31952
      8.00985    283.74761    216.87453     68.13932
      8.01985    191.18111    173.19563     18.98194
      8.02985     97.87328     93.16241      6.94638
      8.03985    110.65518     95.44316     21.78250
      8.04985    203.48801    153.06324     59.38626
      8.05985    244.57933    188.01363     62.91022
      8.06985    166.86353    143.16190     26.52537
      8.07985     60.65355     55.07670      6.23628
      8.08985     45.73915     37.53905      8.26389
      8.09985    101.03733     82.26338     18.77628
      8.10985    158.77514    132.99942     25.77580
      8.11985    183.67172    149.63618     34.03921
      8.12985    163.12137    109.18639     54.03790
      8.13985    199.57716    107.06253     93.57816
      8.14985    288.79367    181.12611    111.71644
      8.15985    386.71377    287.77580    104.68861
      8.16985    370.33181    304.05637     69.67931
      8.17985    258.48769    212.83552     47.11517
      8.18985    230.56144    133.22297     97.99537
      8.19985    266.42960    106.19752    160.45362
      8.20985    279.04909    108.86677    171.16370
      8.21985    364.43082    183.18907    186.38445
      8.22985    416.99724    260.98428    166.46887
      8.23985    270.62071    197.73145     83.71800
      8.24985    198.41739    161.78284     48.80284
      8.25985    291.12578    222.39065     79.48404
      8.26985    376.34333    278.77511    101.58165
      8.27985    354.67515    267.91477     87.52624
      8.28985    286.63286    217.53794     70.34868
      8.29985    239.84773    189.48815     53.00825
      8.30985    219.27289    181.64864     39.81904
      8.31985    193.49143    162.56551     31.72226
      8.32985    154.97711    128.78202     26.49523
      8.33985    163.54679    118.90873     46.24990
      8.34985    172.17790    126.43658     52.61773
