Energy-E_F (eV)    DOS (1/eV)    PDOS (1/eV)  of atom type H  C  
     -6.84000    203.33317     10.13387    193.19930
     -6.83000    293.87588     22.76156    271.11432
     -6.82000    227.26353     22.16549    205.09803
     -6.81000    123.96210      9.46608    114.49602
     -6.80000     89.44023      2.83344     86.60679
     -6.79000     62.76788      1.29465     61.47323
     -6.78000     89.29548      1.66603     87.62944
     -6.77000    138.76554      2.85769    135.90786
     -6.76000    164.24145      7.99909    156.24236
     -6.75000    238.25553     24.49730    213.75823
     -6.74000    300.85140     38.41327    262.43813
     -6.73000    212.99528     27.48497    185.51031
     -6.72000    120.75778      9.60622    111.15156
     -6.71000     96.65225      4.33955     92.31270
     -6.70000    123.98298     10.18331    113.79966
     -6.69000    216.82954     18.31157    198.51797
     -6.68000    196.62357     13.47090    183.15267
     -6.67000     97.13419      6.81012     90.32407
     -6.66000    136.66603     15.58391    121.08212
     -6.65000    237.68721     27.66493    210.02228
     -6.64000    168.32671     18.65721    149.66950
     -6.63000     76.31177      5.17922     71.13255
     -6.62000    122.82907      2.39275    120.43632
     -6.61000    160.34925      3.70828    156.64097
     -6.60000    118.43112      9.60495    108.82618
     -6.59000    151.04117     22.85200    128.18917
     -6.58000    224.22758     30.41736    193.81022
     -6.57000    212.15731     25.97860    186.17870
     -6.56000    141.33211     15.19496    126.13715
     -6.55000    116.87470      6.23082    110.64388
     -6.54000    153.55545      3.20370    150.35176
     -6.53000    130.66793      3.76529    126.90264
     -6.52000    115.30611     13.98090    101.32521
     -6.51000    211.10774     33.85822    177.24951
     -6.50000    221.12933     32.21046    188.91887
     -6.49000    128.87303     15.42852    113.44451
     -6.48000    112.97334     10.24751    102.72582
     -6.47000    143.10390      7.41013    135.69377
     -6.46000    174.86076      5.91020    168.95056
     -6.45000    174.93580     14.46428    160.47152
     -6.44000    194.44898     29.45216    164.99682
     -6.43000    188.27132     26.06452    162.20679
     -6.42000    158.07696     16.09724    141.97972
     -6.41000    204.16863     28.71829    175.45034
     -6.40000    273.18190     43.09422    230.08768
     -6.39000    271.77218     35.06933    236.70285
     -6.38000    276.84453     24.36917    252.47536
     -6.37000    214.71086     17.07845    197.63241
     -6.36000    123.31112     12.24837    111.06275
     -6.35000     74.70564      6.19394     68.51170
     -6.34000     93.67497      4.84868     88.82630
     -6.33000    120.23761     11.33175    108.90586
     -6.32000    107.81686     15.60927     92.20758
     -6.31000     90.91986      9.11616     81.80370
     -6.30000    140.79716      4.20303    136.59413
     -6.29000    172.76104      6.71524    166.04580
     -6.28000    138.77749     13.30272    125.47477
     -6.27000    121.60602     18.35156    103.25446
     -6.26000    201.22175     30.67018    170.55157
     -6.25000    322.47695     44.53896    277.93799
     -6.24000    297.96643     41.09878    256.86765
     -6.23000    259.09129     41.21800    217.87329
     -6.22000    260.71245     38.97587    221.73658
     -6.21000    222.48763     25.84357    196.64406
     -6.20000    164.31815     13.47978    150.83837
     -6.19000    156.51616     16.28710    140.22907
     -6.18000    170.17070     22.45905    147.71165
     -6.17000    117.78922     14.58587    103.20335
     -6.16000    100.24650      9.79566     90.45085
     -6.15000    161.47537     18.27112    143.20425
     -6.14000    172.06266     19.35936    152.70330
     -6.13000    135.90737     10.23055    125.67682
     -6.12000    144.97718     12.72110    132.25608
     -6.11000    219.76911     22.99328    196.77583
     -6.10000    193.02744     17.79338    175.23406
     -6.09000     73.70746      5.35578     68.35168
     -6.08000     13.12647      0.68990     12.43657
     -6.07000     20.34095      1.00293     19.33802
     -6.06000    112.02229      7.37853    104.64376
     -6.05000    276.63260     23.91420    252.71841
     -6.04000    315.54404     35.18929    280.35475
     -6.03000    192.80451     26.84431    165.96020
     -6.02000     88.46362     12.71986     75.74376
     -6.01000    117.06601     10.67580    106.39021
     -6.00000    246.32296     18.34104    227.98193
     -5.99000    305.23604     19.50884    285.72720
     -5.98000    224.14738     12.37832    211.76906
     -5.97000     97.59501      5.34082     92.25419
     -5.96000     91.57377      9.12698     82.44679
     -5.95000    202.54678     25.05470    177.49208
     -5.94000    244.88788     34.72569    210.16219
     -5.93000    172.21544     25.04346    147.17198
     -5.92000     78.98300     10.30786     68.67514
     -5.91000     61.41470      8.26758     53.14712
     -5.90000    173.55779     25.63287    147.92492
     -5.89000    268.96332     40.71868    228.24464
     -5.88000    238.88426     34.77134    204.11292
     -5.87000    208.09621     29.51509    178.58113
     -5.86000    170.60753     24.17273    146.43480
     -5.85000    128.53344     13.60231    114.93113
     -5.84000    141.15985      9.17581    131.98404
     -5.83000    151.33548     13.20773    138.12775
     -5.82000    135.14872     20.96101    114.18770
     -5.81000    166.42424     29.78456    136.63969
     -5.80000    244.70501     31.22540    213.47961
     -5.79000    320.35672     30.11276    290.24396
     -5.78000    272.92133     24.03687    248.88446
     -5.77000    111.90579      9.86241    102.04338
     -5.76000     28.08899      2.61129     25.47770
     -5.75000     52.49305      5.31665     47.17640
     -5.74000    128.22622     13.12781    115.09841
     -5.73000    200.50770     22.10996    178.39774
     -5.72000    224.77828     24.26344    200.51484
     -5.71000    194.55451     16.72983    177.82469
     -5.70000    139.10216     12.46069    126.64147
     -5.69000    106.07736     15.77055     90.30681
     -5.68000    167.42928     25.82016    141.60912
     -5.67000    219.71528     25.23162    194.48366
     -5.66000    177.04005     19.22233    157.81772
     -5.65000    197.98474     28.03362    169.95112
     -5.64000    259.88417     33.49100    226.39318
     -5.63000    251.10552     22.80078    228.30474
     -5.62000    299.41954     23.77710    275.64244
     -5.61000    353.53632     32.23843    321.29789
     -5.60000    290.66092     31.09960    259.56132
     -5.59000    344.25564     44.27668    299.97896
     -5.58000    574.96571     75.19847    499.76725
     -5.57000    722.06761     91.72315    630.34446
     -5.56000    702.67339     90.56424    612.10914
     -5.55000    638.70422     77.34892    561.35530
     -5.54000    575.88131     61.85902    514.02229
     -5.53000    534.97712     59.45950    475.51762
     -5.52000    501.21250     55.17388    446.03862
     -5.51000    455.43671     46.54592    408.89079
     -5.50000    450.96330     44.38294    406.58036
     -5.49000    526.91268     56.68706    470.22562
     -5.48000    476.49694     58.95070    417.54624
     -5.47000    299.51812     46.30086    253.21726
     -5.46000    267.28075     47.17501    220.10573
     -5.45000    267.87547     39.12467    228.75080
     -5.44000    204.71595     22.80885    181.90709
     -5.43000    166.94387     18.78006    148.16381
     -5.42000    136.14612     23.35723    112.78889
     -5.41000     83.89240     19.58221     64.31019
     -5.40000     95.55629     25.14201     70.41428
     -5.39000    182.79202     46.12818    136.66383
     -5.38000    257.70949     52.52795    205.18155
     -5.37000    303.30118     40.18279    263.11839
     -5.36000    316.53630     38.15201    278.38428
     -5.35000    253.13698     37.58769    215.54928
     -5.34000    137.76695     21.66369    116.10326
     -5.33000     48.27679      6.70123     41.57556
     -5.32000     36.31606      1.54516     34.77090
     -5.31000     74.10429      1.52174     72.58255
     -5.30000     70.95429      1.43658     69.51771
     -5.29000     55.66829      1.73882     53.92946
     -5.28000    111.49598      6.43983    105.05616
     -5.27000    149.83371     12.36997    137.46374
     -5.26000    103.72616      9.44477     94.28140
     -5.25000     83.10341      3.75195     79.35146
     -5.24000     77.74726      1.76647     75.98079
     -5.23000     33.83304      0.71021     33.12284
     -5.22000     10.29475      0.71609      9.57866
     -5.21000     37.15253      4.19995     32.95258
     -5.20000    126.68321     11.84048    114.84273
     -5.19000    235.95350     17.42173    218.53177
     -5.18000    245.71482     16.97496    228.73986
     -5.17000    122.31774      9.05658    113.26115
     -5.16000     25.31108      2.02731     23.28377
     -5.15000      2.33303      0.17854      2.15449
     -5.14000      5.19949      0.10850      5.09099
     -5.13000     32.96192      0.67279     32.28913
     -5.12000     85.54209      2.07605     83.46603
     -5.11000    135.30594      6.40940    128.89654
     -5.10000    214.91982     17.98383    196.93599
     -5.09000    215.93681     22.91010    193.02672
     -5.08000     95.22940     11.25023     83.97916
     -5.07000     35.11236      2.44877     32.66359
     -5.06000     64.10364      1.41020     62.69344
     -5.05000     75.99434      1.53144     74.46290
     -5.04000     34.37998      0.69348     33.68650
     -5.03000     16.10688      0.45477     15.65211
     -5.02000     61.48659      2.89167     58.59492
     -5.01000    149.15401      9.63135    139.52265
     -5.00000    179.20391     12.83070    166.37321
     -4.99000    130.62728      7.23262    123.39466
     -4.98000     56.30326      1.97022     54.33304
     -4.97000     11.27707      0.28311     10.99396
     -4.96000      1.35512      0.02871      1.32641
     -4.95000      7.70912      0.16030      7.54883
     -4.94000     51.42836      1.23241     50.19596
     -4.93000    148.66123      5.08033    143.58090
     -4.92000    203.73977     11.37228    192.36749
     -4.91000    138.03997     11.64367    126.39630
     -4.90000     44.06509      4.77171     39.29338
     -4.89000     11.23058      0.84746     10.38312
     -4.88000     33.41337      0.72404     32.68934
     -4.87000     76.52271      1.62761     74.89509
     -4.86000     75.80109      2.25036     73.55073
     -4.85000     87.29404      5.22457     82.06946
     -4.84000    167.85761     11.36521    156.49240
     -4.83000    204.42841     15.37024    189.05817
     -4.82000    159.16043     12.39365    146.76677
     -4.81000    112.60142      5.59362    107.00781
     -4.80000     60.82923      1.71025     59.11898
     -4.79000     15.36515      0.34184     15.02331
     -4.78000      4.28131      0.08824      4.19308
     -4.77000     26.32063      0.54185     25.77878
     -4.76000    101.31846      2.42137     98.89709
     -4.75000    179.98784      6.85800    173.12984
     -4.74000    172.03436     12.02657    160.00780
     -4.73000    103.57021     10.34637     93.22384
     -4.72000    103.38576      7.29226     96.09350
     -4.71000    245.11529     11.03870    234.07659
     -4.70000    424.86278     14.72990    410.13288
     -4.69000    500.71035     14.82681    485.88354
     -4.68000    462.92595     12.50823    450.41772
     -4.67000    447.16097     11.85786    435.30311
     -4.66000    425.07068     15.20207    409.86861
     -4.65000    362.32063     18.72382    343.59682
     -4.64000    276.46940     14.25714    262.21226
     -4.63000    211.31547      7.68951    203.62597
     -4.62000    161.00070      4.67945    156.32125
     -4.61000    131.68466      3.71042    127.97425
     -4.60000    153.43435      4.87960    148.55475
     -4.59000    230.36834      9.10455    221.26379
     -4.58000    273.75965     12.12458    261.63506
     -4.57000    260.67820     14.05242    246.62578
     -4.56000    261.85692     16.28221    245.57471
     -4.55000    200.32938     10.76843    189.56095
     -4.54000    109.10100      4.13875    104.96226
     -4.53000     91.29156      2.60633     88.68523
     -4.52000     82.68810      2.13992     80.54818
     -4.51000     96.11287      2.12553     93.98734
     -4.50000    151.89982      3.69819    148.20162
     -4.49000    195.94080      7.05310    188.88770
     -4.48000    221.74627     13.57574    208.17052
     -4.47000    246.19998     18.05352    228.14646
     -4.46000    231.88829     13.80189    218.08640
     -4.45000    159.95198      6.53489    153.41709
     -4.44000     94.42854      2.72593     91.70261
     -4.43000     82.00467      2.19310     79.81156
     -4.42000     82.20284      2.23139     79.97145
     -4.41000     69.24674      2.20556     67.04118
     -4.40000    140.54256      6.70813    133.83443
     -4.39000    248.89898     14.40623    234.49275
     -4.38000    233.99973     13.26174    220.73799
     -4.37000    121.78790      5.62668    116.16122
     -4.36000     82.74485      3.55664     79.18821
     -4.35000    146.18333      7.07793    139.10540
     -4.34000    139.30084      7.05873    132.24210
     -4.33000     69.87812      3.12791     66.75021
     -4.32000     98.66481      3.58782     95.07699
     -4.31000    216.17905     10.59765    205.58140
     -4.30000    301.52155     16.06243    285.45911
     -4.29000    241.34278     10.54535    230.79743
     -4.28000    125.43133      3.65354    121.77779
     -4.27000    112.25924      2.53723    109.72201
     -4.26000    152.82406      3.26209    149.56197
     -4.25000    119.91984      2.84039    117.07945
     -4.24000    119.35808      5.06943    114.28866
     -4.23000    225.92087     11.72613    214.19474
     -4.22000    332.82929     17.87243    314.95686
     -4.21000    329.20477     15.73480    313.46998
     -4.20000    170.14403      6.60796    163.53607
     -4.19000     57.00079      1.70099     55.29980
     -4.18000     70.41759      1.80665     68.61094
     -4.17000    100.09720      2.37330     97.72390
     -4.16000    110.02649      2.29376    107.73272
     -4.15000    134.95094      4.09707    130.85386
     -4.14000    198.31642     10.70781    187.60861
     -4.13000    266.31477     16.90007    249.41469
     -4.12000    259.47761     14.43075    245.04686
     -4.11000    189.30519      7.81950    181.48569
     -4.10000    136.60378      3.54856    133.05523
     -4.09000    138.19298      2.89274    135.30024
     -4.08000    117.10991      2.72889    114.38101
     -4.07000     74.65067      2.61228     72.03838
     -4.06000    113.45149      7.08431    106.36719
     -4.05000    198.57015     13.45001    185.12015
     -4.04000    208.91092     11.25155    197.65936
     -4.03000    177.60831      5.93188    171.67643
     -4.02000    167.20657      5.65489    161.55168
     -4.01000    183.80061      7.33568    176.46493
     -4.00000    157.64772      5.57945    152.06827
     -3.99000    164.84841      4.85325    159.99516
     -3.98000    186.28263      8.00931    178.27333
     -3.97000    180.47619     12.53842    167.93777
     -3.96000    181.77340     11.16081    170.61259
     -3.95000    164.62614      5.81861    158.80753
     -3.94000    145.60770      3.50204    142.10566
     -3.93000    109.13045      2.60531    106.52514
     -3.92000     71.10637      2.76662     68.33975
     -3.91000     90.51003      5.46754     85.04250
     -3.90000    134.96954      9.05068    125.91887
     -3.89000    174.47018     12.93330    161.53688
     -3.88000    129.93982     10.39609    119.54373
     -3.87000     39.64851      3.36473     36.28378
     -3.86000      4.55491      0.40687      4.14804
     -3.85000      0.38685      0.02254      0.36431
     -3.84000      4.13480      0.12009      4.01471
     -3.83000     35.52149      1.44208     34.07941
     -3.82000    130.88309      7.49580    123.38729
     -3.81000    216.57137     15.98085    200.59052
     -3.80000    158.46132     13.34033    145.12099
     -3.79000     49.54837      4.26456     45.28381
     -3.78000     22.42115      0.82263     21.59852
     -3.77000     82.24401      1.57804     80.66597
     -3.76000    170.38128      3.28949    167.09178
     -3.75000    203.90608      4.93889    198.96719
     -3.74000    249.38084     10.13143    239.24941
     -3.73000    274.96102     14.94268    260.01834
     -3.72000    201.71007     11.44021    190.26986
     -3.71000    141.31625      7.26756    134.04869
     -3.70000    149.90951      5.33891    144.57061
     -3.69000    177.35709      4.11758    173.23951
     -3.68000    146.04451      3.15888    142.88564
     -3.67000    138.91094      5.09793    133.81302
     -3.66000    184.83647     11.31207    173.52440
     -3.65000    182.03917     12.37967    169.65950
     -3.64000    126.10466      6.25586    119.84881
     -3.63000    121.77141      3.92347    117.84793
     -3.62000    134.05440      5.34091    128.71350
     -3.61000    141.94132      5.47541    136.46591
     -3.60000    187.47100      5.77716    181.69384
     -3.59000    238.33372     10.28143    228.05229
     -3.58000    210.69157     13.43348    197.25810
     -3.57000     99.36651      7.69652     91.66999
     -3.56000     34.81056      2.01641     32.79416
     -3.55000     77.55017      1.90678     75.64339
     -3.54000    177.45729      4.84962    172.60768
     -3.53000    235.09692      8.12445    226.97247
     -3.52000    224.39686     10.96555    213.43131
     -3.51000    191.37838     13.47948    177.89890
     -3.50000    148.62538      9.96484    138.66054
     -3.49000     97.47786      3.95984     93.51803
     -3.48000     62.35090      1.45515     60.89575
     -3.47000     81.59102      1.66717     79.92384
     -3.46000    104.80407      3.36334    101.44073
     -3.45000    191.45286     10.15735    181.29551
     -3.44000    310.12538     17.76455    292.36083
     -3.43000    255.02688     13.15531    241.87156
     -3.42000    141.87320      4.96878    136.90442
     -3.41000     67.15689      1.56245     65.59444
     -3.40000     23.20937      0.58272     22.62665
     -3.39000     50.36993      2.33559     48.03435
     -3.38000    174.01833      9.65215    164.36618
     -3.37000    321.23254     17.54649    303.68605
     -3.36000    300.93969     14.02378    286.91590
     -3.35000    132.37835      5.04585    127.33251
     -3.34000     57.98575      1.53359     56.45216
     -3.33000     81.68472      2.10162     79.58310
     -3.32000     86.96927      4.50223     82.46704
     -3.31000    119.56669     10.40334    109.16335
     -3.30000    210.11536     13.58432    196.53104
     -3.29000    255.23093     10.56411    244.66681
     -3.28000    182.66525      5.97852    176.68673
     -3.27000    123.77178      3.25909    120.51269
     -3.26000    142.09386      4.45706    137.63680
     -3.25000    161.81496      9.41065    152.40431
     -3.24000    136.36037     12.17177    124.18860
     -3.23000    113.19121      8.26908    104.92213
     -3.22000    196.29406      7.08018    189.21389
     -3.21000    233.84666      6.87788    226.96878
     -3.20000    155.83674      4.98877    150.84797
     -3.19000    151.12032      8.54380    142.57653
     -3.18000    174.83373     12.86394    161.96979
     -3.17000    148.79443      9.13544    139.65899
     -3.16000    111.80762      4.73238    107.07524
     -3.15000    124.44998      4.89491    119.55507
     -3.14000    181.54587      6.71056    174.83531
     -3.13000    229.07005     11.15560    217.91444
     -3.12000    200.91043     13.33407    187.57636
     -3.11000    183.72518      9.02782    174.69736
     -3.10000    200.64853      6.04627    194.60226
     -3.09000    195.84986      6.61153    189.23833
     -3.08000    195.48324      9.24031    186.24294
     -3.07000    180.62069     12.72685    167.89385
     -3.06000    174.36108     11.76417    162.59691
     -3.05000    195.97150      7.50153    188.46996
     -3.04000    326.55376      9.29542    317.25834
     -3.03000    374.53387     12.43246    362.10141
     -3.02000    236.35525     13.38229    222.97296
     -3.01000    119.33231     12.22307    107.10924
     -3.00000     55.89214      6.01669     49.87545
     -2.99000     69.14905      2.66889     66.48016
     -2.98000    148.49959      5.59623    142.90336
     -2.97000    181.57942     11.38612    170.19330
     -2.96000    132.57719     12.89826    119.67893
     -2.95000     55.73327      6.64490     49.08836
     -2.94000     27.89059      2.20459     25.68600
     -2.93000     91.66974      5.03680     86.63295
     -2.92000    216.16089     12.63689    203.52400
     -2.91000    257.60352     14.44515    243.15837
     -2.90000    163.30568      7.42408    155.88160
     -2.89000     82.29624      3.51602     78.78022
     -2.88000    112.32068      7.78661    104.53407
     -2.87000    145.76292     13.30956    132.45336
     -2.86000     90.29155      9.75885     80.53270
     -2.85000     49.63878      4.03260     45.60618
     -2.84000    120.17409      6.53157    113.64251
     -2.83000    230.83382     13.70475    217.12907
     -2.82000    231.81209     13.28038    218.53171
     -2.81000    165.72243      6.93450    158.78793
     -2.80000    142.87680      7.02405    135.85275
     -2.79000    145.85727     12.08899    133.76829
     -2.78000    113.71261     11.64092    102.07168
     -2.77000    103.46225      7.25230     96.20994
     -2.76000    166.39862      9.15462    157.24400
     -2.75000    215.13754     13.99750    201.14004
     -2.74000    202.40555     12.41463    189.99093
     -2.73000    201.05679      9.04110    192.01569
     -2.72000    200.53792     11.72549    188.81243
     -2.71000    184.41693     14.07089    170.34604
     -2.70000    144.32618     10.19837    134.12780
     -2.69000    169.21472     11.58795    157.62677
     -2.68000    252.10186     16.14916    235.95270
     -2.67000    247.84279     13.68926    234.15353
     -2.66000    250.42499     14.61230    235.81268
     -2.65000    320.74298     18.22209    302.52088
     -2.64000    331.72720     16.91421    314.81299
     -2.63000    258.56456     16.63188    241.93268
     -2.62000    159.34356     14.01249    145.33107
     -2.61000    139.05684     12.49579    126.56105
     -2.60000    175.63791     14.39907    161.23884
     -2.59000    152.15089     13.96538    138.18552
     -2.58000    151.06207     15.00910    136.05297
     -2.57000    189.73546     16.23927    173.49619
     -2.56000    190.91507     17.98134    172.93373
     -2.55000    170.18461     20.27717    149.90743
     -2.54000    208.51338     24.92602    183.58736
     -2.53000    276.16653     29.14525    247.02128
     -2.52000    242.14472     24.29742    217.84731
     -2.51000    132.38398     11.35443    121.02955
     -2.50000     93.55527      3.09518     90.46009
     -2.49000     68.32722      0.92341     67.40380
     -2.48000     31.97233      0.38968     31.58265
     -2.47000     70.48474      1.02970     69.45504
     -2.46000    199.67330      2.98161    196.69169
     -2.45000    278.43018      4.11752    274.31266
     -2.44000    187.92033      2.70413    185.21620
     -2.43000     91.14809      1.24380     89.90429
     -2.42000    131.21093      1.72619    129.48474
     -2.41000    154.47127      2.04973    152.42155
     -2.40000     88.18676      1.26635     86.92041
     -2.39000     89.70785      1.52247     88.18538
     -2.38000    155.39963      2.51755    152.88208
     -2.37000    192.30399      2.97437    189.32962
     -2.36000    187.38746      3.64478    183.74268
     -2.35000    190.19853      5.05050    185.14803
     -2.34000    149.86964      4.14833    145.72131
     -2.33000    142.61393      2.78042    139.83351
     -2.32000    230.61255      3.65971    226.95284
     -2.31000    187.28906      2.93364    184.35542
     -2.30000     62.42108      1.02679     61.39429
     -2.29000     68.47211      1.82635     66.64576
     -2.28000    359.92287     10.35265    349.57022
     -2.27000    931.36326     27.29996    904.06330
     -2.26000   1234.19467     35.96325   1198.23142
     -2.25000   1012.05255     28.98319    983.06936
     -2.24000    633.67914     18.28660    615.39254
     -2.23000    427.31533     12.13347    415.18186
     -2.22000    459.27857     12.31000    446.96858
     -2.21000    490.17651     12.97819    477.19832
     -2.20000    396.43848     10.15953    386.27895
     -2.19000    396.89199      9.96815    386.92384
     -2.18000    500.69819     13.28276    487.41543
     -2.17000    466.70502     12.40210    454.30292
     -2.16000    292.40255      7.10809    285.29446
     -2.15000    146.19773      2.96517    143.23256
     -2.14000     97.47018      1.47738     95.99280
     -2.13000     66.52007      0.90500     65.61507
     -2.12000     24.03386      0.32220     23.71166
     -2.11000     32.94563      0.43984     32.50579
     -2.10000    105.46310      1.42645    104.03665
     -2.09000    149.27813      2.05227    147.22585
     -2.08000     87.87508      1.22718     86.64789
     -2.07000     21.82669      0.30908     21.51761
     -2.06000     11.24211      0.16666     11.07545
     -2.05000     48.23475      0.71239     47.52236
     -2.04000    107.66184      1.53282    106.12902
     -2.03000    125.02612      1.66148    123.36463
     -2.02000     81.87121      1.02634     80.84487
     -2.01000     37.08908      0.51357     36.57551
     -2.00000     92.54707      1.68540     90.86167
     -1.99000    315.67389      6.18934    309.48455
     -1.98000    605.15237     12.29506    592.85732
     -1.97000    749.72145     15.15769    734.56376
     -1.96000    715.19840     14.02295    701.17545
     -1.95000    552.71796     10.67606    542.04190
     -1.94000    427.51040      8.23465    419.27575
     -1.93000    475.48496      9.18829    466.29667
     -1.92000    584.97854     11.38885    573.58969
     -1.91000    542.94131     10.46622    532.47509
     -1.90000    504.38556      9.22918    495.15638
     -1.89000    590.44343     10.36695    580.07648
     -1.88000    542.84613      9.60866    533.23747
     -1.87000    338.82355      6.17284    332.65071
     -1.86000    238.88671      4.40898    234.47772
     -1.85000    216.37477      3.82252    212.55225
     -1.84000    179.85777      2.74641    177.11136
     -1.83000    174.35556      2.32282    172.03274
     -1.82000    152.50942      2.10894    150.40048
     -1.81000    113.72317      1.69300    112.03017
     -1.80000     64.05899      0.96706     63.09193
     -1.79000     46.85817      0.60333     46.25484
     -1.78000    108.04942      1.30831    106.74111
     -1.77000    147.71173      1.84833    145.86339
     -1.76000     86.44321      1.11894     85.32427
     -1.75000     21.86105      0.28841     21.57264
     -1.74000     13.92408      0.16499     13.75909
     -1.73000     60.97377      0.71747     60.25630
     -1.72000    131.86253      1.59350    130.26903
     -1.71000    129.49182      1.61297    127.87885
     -1.70000     71.21305      0.88808     70.32497
     -1.69000     72.15209      0.83727     71.31483
     -1.68000    113.39616      1.29928    112.09687
     -1.67000    142.21657      1.66273    140.55385
     -1.66000    146.88469      1.77196    145.11273
     -1.65000     90.26557      1.11625     89.14932
     -1.64000     28.34625      0.35247     27.99378
     -1.63000     32.73224      0.37850     32.35374
     -1.62000    129.90416      1.50053    128.40363
     -1.61000    224.94701      2.63019    222.31681
     -1.60000    159.66084      1.89634    157.76450
     -1.59000     47.75587      0.57622     47.17965
     -1.58000     15.97565      0.19062     15.78503
     -1.57000     65.74714      0.77173     64.97541
     -1.56000    161.48315      1.88882    159.59433
     -1.55000    178.30805      2.07501    176.23304
     -1.54000    123.75991      1.43679    122.32313
     -1.53000     77.84365      0.94202     76.90164
     -1.52000     88.96203      1.13721     87.82482
     -1.51000    115.85659      1.38654    114.47005
     -1.50000    111.21831      1.19646    110.02186
     -1.49000     95.89177      1.09787     94.79390
     -1.48000    133.17372      1.72534    131.44838
     -1.47000    150.21582      1.92567    148.29015
     -1.46000     89.11109      1.05179     88.05930
     -1.45000     84.38202      0.84257     83.53944
     -1.44000    134.23948      1.47967    132.75981
     -1.43000    120.38584      1.53646    118.84938
     -1.42000     59.54353      0.81041     58.73311
     -1.41000     60.95685      0.69224     60.26461
     -1.40000    122.13709      1.20693    120.93016
     -1.39000    132.09037      1.13708    130.95329
     -1.38000     68.49677      0.52102     67.97575
     -1.37000     27.27865      0.22617     27.05248
     -1.36000     71.47129      0.66662     70.80467
     -1.35000    164.88873      1.48729    163.40144
     -1.34000    217.67973      2.12004    215.55969
     -1.33000    279.35220      3.18200    276.17020
     -1.32000    275.38498      3.19499    272.18999
     -1.31000    149.31472      1.57673    147.73799
     -1.30000     87.24285      0.92171     86.32115
     -1.29000    166.12892      2.05518    164.07374
     -1.28000    230.37174      3.07748    227.29426
     -1.27000    197.52896      2.45906    195.06990
     -1.26000    185.33472      1.74695    183.58778
     -1.25000    148.19394      1.31752    146.87642
     -1.24000    135.58496      1.52589    134.05907
     -1.23000    164.50481      1.93953    162.56528
     -1.22000    109.48919      1.12592    108.36327
     -1.21000     85.64708      0.51459     85.13249
     -1.20000    139.62353      1.11839    138.50514
     -1.19000    184.60404      2.37038    182.23366
     -1.18000    141.23989      2.24087    138.99902
     -1.17000     48.27776      0.83924     47.43852
     -1.16000     11.44097      0.22310     11.21787
     -1.15000     32.66024      0.68311     31.97712
     -1.14000     82.17513      1.66130     80.51383
     -1.13000    104.19960      1.81059    102.38901
     -1.12000     99.70967      1.33277     98.37690
     -1.11000     68.98180      0.89278     68.08903
     -1.10000     60.02608      1.12491     58.90117
     -1.09000     81.07774      1.71446     79.36328
     -1.08000     53.13445      1.12641     52.00804
     -1.07000     23.27168      0.40532     22.86637
     -1.06000     61.18059      0.85972     60.32087
     -1.05000    137.80781      2.14307    135.66474
     -1.04000    130.83958      2.27173    128.56786
     -1.03000     51.53860      0.97736     50.56124
     -1.02000     11.86369      0.24429     11.61940
     -1.01000     28.38673      0.60594     27.78079
     -1.00000     83.93758      1.69157     82.24600
     -0.99000    122.19971      2.09538    120.10434
     -0.98000    105.16055      1.43231    103.72823
     -0.97000     55.73244      0.73787     54.99457
     -0.96000     51.09596      1.02508     50.07088
     -0.95000     79.84831      1.74968     78.09863
     -0.94000     57.41016      1.23708     56.17308
     -0.93000     36.40037      0.57123     35.82914
     -0.92000     83.11186      1.10813     82.00374
     -0.91000    134.88491      2.14364    132.74127
     -0.90000    109.38846      2.06854    107.31992
     -0.89000     42.17454      0.88100     41.29354
     -0.88000     12.28874      0.26685     12.02190
     -0.87000     39.00654      0.80472     38.20183
     -0.86000    110.91647      2.07126    108.84521
     -0.85000    141.11863      2.26063    138.85800
     -0.84000     82.53290      1.13093     81.40197
     -0.83000     33.90571      0.55340     33.35232
     -0.82000     56.39141      1.25661     55.13480
     -0.81000     80.98774      1.81732     79.17042
     -0.80000     59.37932      1.14469     58.23463
     -0.79000     72.50317      0.92074     71.58243
     -0.78000    109.74843      1.54651    108.20193
     -0.77000    112.16122      2.10550    110.05572
     -0.76000     71.97359      1.56886     70.40473
     -0.75000     23.59634      0.52915     23.06719
     -0.74000     26.55918      0.50882     26.05035
     -0.73000    100.21097      1.78007     98.43089
     -0.72000    157.32228      2.62602    154.69626
     -0.71000     93.97862      1.47270     92.50593
     -0.70000     28.51551      0.48374     28.03178
     -0.69000     42.20935      0.97016     41.23919
     -0.68000     83.97966      1.90105     82.07861
     -0.67000     89.88717      1.66705     88.22012
     -0.66000     94.31894      1.19882     93.12012
     -0.65000     91.80339      1.30743     90.49596
     -0.64000     90.87640      1.89039     88.98601
     -0.63000     72.33302      1.68561     70.64741
     -0.62000     32.37272      0.69756     31.67516
     -0.61000     54.07784      0.83873     53.23911
     -0.60000    137.18316      2.23039    134.95277
     -0.59000    140.92851      2.47797    138.45053
     -0.58000     56.46075      1.07243     55.38832
     -0.57000     22.59421      0.50754     22.08667
     -0.56000     62.94188      1.41802     61.52385
     -0.55000    120.45077      2.32958    118.12119
     -0.54000    122.21177      1.81413    120.39764
     -0.53000     75.90300      1.03410     74.86890
     -0.52000     66.20890      1.42046     64.78844
     -0.51000     83.05057      2.00615     81.04443
     -0.50000     64.96369      1.32885     63.63484
     -0.49000     83.81009      1.13157     82.67852
     -0.48000    129.75551      2.05010    127.70540
     -0.47000    114.82238      2.33034    112.49205
     -0.46000     52.86433      1.22266     51.64167
     -0.45000     35.66509      0.73353     34.93156
     -0.44000    105.89128      1.93086    103.96042
     -0.43000    158.03736      2.72462    155.31274
     -0.42000     91.41831      1.51686     89.90145
     -0.41000     42.89567      0.90328     41.99239
     -0.40000     79.60761      1.87731     77.73030
     -0.39000    119.25449      2.30034    116.95415
     -0.38000    115.00415      1.62532    113.37883
     -0.37000     93.23277      1.57113     91.66164
     -0.36000     92.12083      2.18502     89.93580
     -0.35000     79.06850      1.74649     77.32201
     -0.34000     95.38004      1.43467     93.94537
     -0.33000    140.07350      2.35340    137.72010
     -0.32000    113.68562      2.38333    111.30229
     -0.31000     59.90205      1.31548     58.58657
     -0.30000     96.24096      1.73813     94.50283
     -0.29000    159.84695      2.84612    157.00083
     -0.28000    109.99480      2.02212    107.97267
     -0.27000     69.65533      1.46280     68.19253
     -0.26000    128.34892      2.54517    125.80375
     -0.25000    148.08696      2.53527    145.55169
     -0.24000    100.42092      1.79838     98.62254
     -0.23000    114.76592      2.44322    112.32270
     -0.22000    145.76031      2.61074    143.14958
     -0.21000    128.64531      2.16685    126.47846
     -0.20000    132.06731      2.67339    129.39393
     -0.19000    149.68122      2.66765    147.01358
     -0.18000    147.15625      2.51840    144.63785
     -0.17000    163.08214      3.03506    160.04708
     -0.16000    172.21047      2.85862    169.35185
     -0.15000    192.30441      3.16873    189.13568
     -0.14000    219.65083      3.50520    216.14564
     -0.13000    199.07529      3.24088    195.83441
     -0.12000    148.76588      3.11804    145.64784
     -0.11000    100.48035      2.68542     97.79493
     -0.10000     97.84517      2.85390     94.99127
     -0.09000     98.19684      2.89005     95.30679
     -0.08000    104.51075      3.08143    101.42932
     -0.07000    108.72267      3.20744    105.51523
     -0.06000    115.73128      3.41363    112.31765
     -0.05000    122.69981      3.61444    119.08536
     -0.04000    132.46085      3.89210    128.56875
     -0.03000    142.26467      4.16366    138.10101
     -0.02000    143.00517      4.16320    138.84197
     -0.01000    128.67453      3.71613    124.95841
      0.00000    103.18764      2.95657    100.23107
      0.01000     51.13764      1.46052     49.67712
      0.02000     10.91583      0.31152     10.60431
      0.03000      0.88777      0.02533      0.86244
      0.04000      0.02674      0.00076      0.02598
      0.05000      0.00000      0.00000      0.00000
      0.06000      0.00000      0.00000      0.00000
      0.07000      0.00000      0.00000      0.00000
      0.08000      0.00000      0.00000      0.00000
      0.09000      0.00000      0.00000      0.00000
      0.10000      0.00000      0.00000      0.00000
      0.11000      0.00000      0.00000      0.00000
      0.12000      0.00000      0.00000      0.00000
      0.13000      0.00000      0.00000      0.00000
      0.14000      0.00000      0.00000      0.00000
      0.15000      0.00000      0.00000      0.00000
      0.16000      0.00000      0.00000      0.00000
      0.17000      0.00000      0.00000      0.00000
      0.18000      0.00000      0.00000      0.00000
      0.19000      0.00000      0.00000      0.00000
      0.20000      0.00000      0.00000      0.00000
      0.21000      0.00000      0.00000      0.00000
      0.22000      0.00000      0.00000      0.00000
      0.23000      0.00000      0.00000      0.00000
      0.24000      0.00000      0.00000      0.00000
      0.25000      0.00000      0.00000      0.00000
      0.26000      0.00000      0.00000      0.00000
      0.27000      0.00000      0.00000      0.00000
      0.28000      0.00000      0.00000      0.00000
      0.29000      0.00000      0.00000      0.00000
      0.30000      0.00000      0.00000      0.00000
      0.31000      0.00000      0.00000      0.00000
      0.32000      0.00000      0.00000      0.00000
      0.33000      0.00000      0.00000      0.00000
      0.34000      0.00000      0.00000      0.00000
      0.35000      0.00000      0.00000      0.00000
      0.36000      0.00000      0.00000      0.00000
      0.37000      0.00000      0.00000      0.00000
      0.38000      0.00000      0.00000      0.00000
      0.39000      0.00000      0.00000      0.00000
      0.40000      0.00000      0.00000      0.00000
      0.41000      0.00000      0.00000      0.00000
      0.42000      0.00000      0.00000      0.00000
      0.43000      0.00000      0.00000      0.00000
      0.44000      0.00000      0.00000      0.00000
      0.45000      0.00000      0.00000      0.00000
      0.46000      0.00000      0.00000      0.00000
      0.47000      0.00000      0.00000      0.00000
      0.48000      0.00000      0.00000      0.00000
      0.49000      0.00000      0.00000      0.00000
      0.50000      0.00000      0.00000      0.00000
      0.51000      0.00000      0.00000      0.00000
      0.52000      0.00000      0.00000      0.00000
      0.53000      0.00000      0.00000      0.00000
      0.54000      0.00000      0.00000      0.00000
      0.55000      0.00000      0.00000      0.00000
      0.56000      0.00000      0.00000      0.00000
      0.57000      0.00000      0.00000      0.00000
      0.58000      0.00000      0.00000      0.00000
      0.59000      0.00000      0.00000      0.00000
      0.60000      0.00000      0.00000      0.00000
      0.61000      0.00000      0.00000      0.00000
      0.62000      0.00000      0.00000      0.00000
      0.63000      0.00000      0.00000      0.00000
      0.64000      0.00000      0.00000      0.00000
      0.65000      0.00000      0.00000      0.00000
      0.66000      0.00000      0.00000      0.00000
      0.67000      0.00000      0.00000      0.00000
      0.68000      0.00000      0.00000      0.00000
      0.69000      0.00000      0.00000      0.00000
      0.70000      0.00000      0.00000      0.00000
      0.71000      0.00000      0.00000      0.00000
      0.72000      0.00000      0.00000      0.00000
      0.73000      0.00000      0.00000      0.00000
      0.74000      0.00000      0.00000      0.00000
      0.75000      0.00000      0.00000      0.00000
      0.76000      0.00000      0.00000      0.00000
      0.77000      0.00000      0.00000      0.00000
      0.78000      0.00000      0.00000      0.00000
      0.79000      0.00000      0.00000      0.00000
      0.80000      0.00000      0.00000      0.00000
      0.81000      0.00000      0.00000      0.00000
      0.82000      0.00000      0.00000      0.00000
      0.83000      0.00000      0.00000      0.00000
      0.84000      0.00000      0.00000      0.00000
      0.85000      0.00000      0.00000      0.00000
      0.86000      0.00000      0.00000      0.00000
      0.87000      0.00000      0.00000      0.00000
      0.88000      0.00000      0.00000      0.00000
      0.89000      0.00000      0.00000      0.00000
      0.90000      0.00000      0.00000      0.00000
      0.91000      0.00000      0.00000      0.00000
      0.92000      0.00000      0.00000      0.00000
      0.93000      0.00000      0.00000      0.00000
      0.94000      0.00000      0.00000      0.00000
      0.95000      0.00000      0.00000      0.00000
      0.96000      0.00000      0.00000      0.00000
      0.97000      0.00000      0.00000      0.00000
      0.98000      0.00000      0.00000      0.00000
      0.99000      0.00000      0.00000      0.00000
      1.00000      0.00000      0.00000      0.00000
      1.01000      0.00000      0.00000      0.00000
      1.02000      0.00000      0.00000      0.00000
      1.03000      0.00000      0.00000      0.00000
      1.04000      0.00000      0.00000      0.00000
      1.05000      0.00000      0.00000      0.00000
      1.06000      0.00000      0.00000      0.00000
      1.07000      0.00000      0.00000      0.00000
      1.08000      0.00000      0.00000      0.00000
      1.09000      0.00000      0.00000      0.00000
      1.10000      0.00000      0.00000      0.00000
      1.11000      0.00000      0.00000      0.00000
      1.12000      0.00000      0.00000      0.00000
      1.13000      0.00000      0.00000      0.00000
      1.14000      0.00000      0.00000      0.00000
      1.15000      0.00000      0.00000      0.00000
      1.16000      0.00000      0.00000      0.00000
      1.17000      0.00000      0.00000      0.00000
      1.18000      0.00000      0.00000      0.00000
      1.19000      0.00000      0.00000      0.00000
      1.20000      0.00000      0.00000      0.00000
      1.21000      0.00000      0.00000      0.00000
      1.22000      0.00000      0.00000      0.00000
      1.23000      0.00000      0.00000      0.00000
      1.24000      0.00000      0.00000      0.00000
      1.25000      0.00000      0.00000      0.00000
      1.26000      0.00000      0.00000      0.00000
      1.27000      0.00000      0.00000      0.00000
      1.28000      0.00000      0.00000      0.00000
      1.29000      0.00000      0.00000      0.00000
      1.30000      0.00000      0.00000      0.00000
      1.31000      0.00000      0.00000      0.00000
      1.32000      0.00000      0.00000      0.00000
      1.33000      0.00000      0.00000      0.00000
      1.34000      0.00000      0.00000      0.00000
      1.35000      0.00000      0.00000      0.00000
      1.36000      0.00000      0.00000      0.00000
      1.37000      0.00000      0.00000      0.00000
      1.38000      0.00000      0.00000      0.00000
      1.39000      0.00000      0.00000      0.00000
      1.40000      0.00000      0.00000      0.00000
      1.41000      0.00000      0.00000      0.00000
      1.42000      0.00000      0.00000      0.00000
      1.43000      0.00000      0.00000      0.00000
      1.44000      0.00000      0.00000      0.00000
      1.45000      0.00000      0.00000      0.00000
      1.46000      0.00000      0.00000      0.00000
      1.47000      0.00000      0.00000      0.00000
      1.48000      0.00000      0.00000      0.00000
      1.49000      0.00000      0.00000      0.00000
      1.50000      0.00000      0.00000      0.00000
      1.51000      0.00000      0.00000      0.00000
      1.52000      0.00000      0.00000      0.00000
      1.53000      0.00000      0.00000      0.00000
      1.54000      0.00000      0.00000      0.00000
      1.55000      0.00000      0.00000      0.00000
      1.56000      0.00000      0.00000      0.00000
      1.57000      0.00000      0.00000      0.00000
      1.58000      0.00000      0.00000      0.00000
      1.59000      0.00000      0.00000      0.00000
      1.60000      0.00000      0.00000      0.00000
      1.61000      0.00000      0.00000      0.00000
      1.62000      0.00000      0.00000      0.00000
      1.63000      0.00000      0.00000      0.00000
      1.64000      0.00000      0.00000      0.00000
      1.65000      0.00000      0.00000      0.00000
      1.66000      0.00000      0.00000      0.00000
      1.67000      0.00000      0.00000      0.00000
      1.68000      0.00000      0.00000      0.00000
      1.69000      0.00000      0.00000      0.00000
      1.70000      0.00000      0.00000      0.00000
      1.71000      0.00000      0.00000      0.00000
      1.72000      0.00000      0.00000      0.00000
      1.73000      0.00000      0.00000      0.00000
      1.74000      0.00000      0.00000      0.00000
      1.75000      0.00000      0.00000      0.00000
      1.76000      0.00000      0.00000      0.00000
      1.77000      0.00000      0.00000      0.00000
      1.78000      0.00000      0.00000      0.00000
      1.79000      0.00000      0.00000      0.00000
      1.80000      0.00000      0.00000      0.00000
      1.81000      0.00000      0.00000      0.00000
      1.82000      0.00000      0.00000      0.00000
      1.83000      0.00000      0.00000      0.00000
      1.84000      0.00000      0.00000      0.00000
      1.85000      0.00000      0.00000      0.00000
      1.86000      0.00000      0.00000      0.00000
      1.87000      0.00000      0.00000      0.00000
      1.88000      0.00000      0.00000      0.00000
      1.89000      0.00000      0.00000      0.00000
      1.90000      0.00000      0.00000      0.00000
      1.91000      0.00000      0.00000      0.00000
      1.92000      0.00000      0.00000      0.00000
      1.93000      0.00000      0.00000      0.00000
      1.94000      0.00000      0.00000      0.00000
      1.95000      0.00000      0.00000      0.00000
      1.96000      0.00000      0.00000      0.00000
      1.97000      0.00000      0.00000      0.00000
      1.98000      0.00000      0.00000      0.00000
      1.99000      0.00000      0.00000      0.00000
      2.00000      0.00000      0.00000      0.00000
      2.01000      0.00000      0.00000      0.00000
      2.02000      0.00000      0.00000      0.00000
      2.03000      0.00000      0.00000      0.00000
      2.04000      0.00000      0.00000      0.00000
      2.05000      0.00000      0.00000      0.00000
      2.06000      0.00000      0.00000      0.00000
      2.07000      0.00000      0.00000      0.00000
      2.08000      0.00000      0.00000      0.00000
      2.09000      0.00000      0.00000      0.00000
      2.10000      0.00000      0.00000      0.00000
      2.11000      0.00000      0.00000      0.00000
      2.12000      0.00000      0.00000      0.00000
      2.13000      0.00000      0.00000      0.00000
      2.14000      0.00000      0.00000      0.00000
      2.15000      0.00000      0.00000      0.00000
      2.16000      0.00000      0.00000      0.00000
      2.17000      0.00000      0.00000      0.00000
      2.18000      0.00000      0.00000      0.00000
      2.19000      0.00000      0.00000      0.00000
      2.20000      0.00000      0.00000      0.00000
      2.21000      0.00000      0.00000      0.00000
      2.22000      0.00000      0.00000      0.00000
      2.23000      0.00000      0.00000      0.00000
      2.24000      0.00000      0.00000      0.00000
      2.25000      0.00000      0.00000      0.00000
      2.26000      0.00000      0.00000      0.00000
      2.27000      0.00000      0.00000      0.00000
      2.28000      0.00000      0.00000      0.00000
      2.29000      0.00000      0.00000      0.00000
      2.30000      0.00000      0.00000      0.00000
      2.31000      0.00000      0.00000      0.00000
      2.32000      0.00000      0.00000      0.00000
      2.33000      0.00000      0.00000      0.00000
      2.34000      0.00000      0.00000      0.00000
      2.35000      0.00000      0.00000      0.00000
      2.36000      0.00000      0.00000      0.00000
      2.37000      0.00000      0.00000      0.00000
      2.38000      0.00000      0.00000      0.00000
      2.39000      0.00000      0.00000      0.00000
      2.40000      0.00000      0.00000      0.00000
      2.41000      0.00000      0.00000      0.00000
      2.42000      0.00000      0.00000      0.00000
      2.43000      0.00000      0.00000      0.00000
      2.44000      0.00000      0.00000      0.00000
      2.45000      0.00000      0.00000      0.00000
      2.46000      0.00000      0.00000      0.00000
      2.47000      0.00000      0.00000      0.00000
      2.48000      0.00000      0.00000      0.00000
      2.49000      0.00000      0.00000      0.00000
      2.50000      0.00000      0.00000      0.00000
      2.51000      0.00000      0.00000      0.00000
      2.52000      0.00000      0.00000      0.00000
      2.53000      0.00000      0.00000      0.00000
      2.54000      0.00000      0.00000      0.00000
      2.55000      0.00000      0.00000      0.00000
      2.56000      0.00000      0.00000      0.00000
      2.57000      0.00000      0.00000      0.00000
      2.58000      0.00000      0.00000      0.00000
      2.59000      0.00000      0.00000      0.00000
      2.60000      0.00000      0.00000      0.00000
      2.61000      0.00000      0.00000      0.00000
      2.62000      0.00000      0.00000      0.00000
      2.63000      0.00000      0.00000      0.00000
      2.64000      0.00000      0.00000      0.00000
      2.65000      0.00000      0.00000      0.00000
      2.66000      0.00000      0.00000      0.00000
      2.67000      0.00000      0.00000      0.00000
      2.68000      0.00000      0.00000      0.00000
      2.69000      0.00000      0.00000      0.00000
      2.70000      0.00000      0.00000      0.00000
      2.71000      0.00000      0.00000      0.00000
      2.72000      0.00000      0.00000      0.00000
      2.73000      0.00000      0.00000      0.00000
      2.74000      0.00000      0.00000      0.00000
      2.75000      0.00000      0.00000      0.00000
      2.76000      0.00000      0.00000      0.00000
      2.77000      0.00000      0.00000      0.00000
      2.78000      0.00000      0.00000      0.00000
      2.79000      0.00000      0.00000      0.00000
      2.80000      0.00000      0.00000      0.00000
      2.81000      0.00000      0.00000      0.00000
      2.82000      0.00000      0.00000      0.00000
      2.83000      0.00000      0.00000      0.00000
      2.84000      0.00000      0.00000      0.00000
      2.85000      0.00000      0.00000      0.00000
      2.86000      0.00000      0.00000      0.00000
      2.87000      0.00000      0.00000      0.00000
      2.88000      0.00000      0.00000      0.00000
      2.89000      0.00000      0.00000      0.00000
      2.90000      0.00000      0.00000      0.00000
      2.91000      0.00000      0.00000      0.00000
      2.92000      0.00000      0.00000      0.00000
      2.93000      0.00000      0.00000      0.00000
      2.94000      0.00000      0.00000      0.00000
      2.95000      0.00000      0.00000      0.00000
      2.96000      0.00000      0.00000      0.00000
      2.97000      0.00000      0.00000      0.00000
      2.98000      0.00000      0.00000      0.00000
      2.99000      0.00000      0.00000      0.00000
      3.00000      0.00000      0.00000      0.00000
      3.01000      0.00000      0.00000      0.00000
      3.02000      0.00000      0.00000      0.00000
      3.03000      0.00000      0.00000      0.00000
      3.04000      0.00000      0.00000      0.00000
      3.05000      0.00000      0.00000      0.00000
      3.06000      0.00000      0.00000      0.00000
      3.07000      0.00000      0.00000      0.00000
      3.08000      0.00000      0.00000      0.00000
      3.09000      0.00000      0.00000      0.00000
      3.10000      0.00000      0.00000      0.00000
      3.11000      0.00000      0.00000      0.00000
      3.12000      0.00000      0.00000      0.00000
      3.13000      0.00000      0.00000      0.00000
      3.14000      0.00000      0.00000      0.00000
      3.15000      0.00000      0.00000      0.00000
      3.16000      0.00000      0.00000      0.00000
      3.17000      0.00000      0.00000      0.00000
      3.18000      0.00000      0.00000      0.00000
      3.19000      0.00000      0.00000      0.00000
      3.20000      0.00000      0.00000      0.00000
      3.21000      0.00000      0.00000      0.00000
      3.22000      0.00000      0.00000      0.00000
      3.23000      0.00000      0.00000      0.00000
      3.24000      0.00000      0.00000      0.00000
      3.25000      0.00000      0.00000      0.00000
      3.26000      0.00000      0.00000      0.00000
      3.27000      0.00000      0.00000      0.00000
      3.28000      0.00000      0.00000      0.00000
      3.29000      0.00000      0.00000      0.00000
      3.30000      0.00000      0.00000      0.00000
      3.31000      0.02484      0.00027      0.02457
      3.32000      0.90876      0.00985      0.89890
      3.33000     12.79047      0.13911     12.65135
      3.34000     71.97034      0.78750     71.18285
      3.35000    175.17981      1.94046    173.23935
      3.36000    218.87827      2.48733    216.39094
      3.37000    191.41467      2.27617    189.13850
      3.38000    160.14667      2.01624    158.13043
      3.39000    141.42071      1.88415    139.53656
      3.40000    129.68717      1.82472    127.86244
      3.41000    120.61586      1.78783    118.82803
      3.42000    114.73192      1.78850    112.94342
      3.43000    108.17347      1.77088    106.40259
      3.44000    106.72398      1.82988    104.89409
      3.45000    114.39606      2.05127    112.34480
      3.46000    164.34033      3.01838    161.32195
      3.47000    216.49084      4.01990    212.47094
      3.48000    226.61009      4.28841    222.32169
      3.49000    195.93276      3.79153    192.14123
      3.50000    186.43001      3.72425    182.70576
      3.51000    159.75176      3.27732    156.47444
      3.52000    164.39233      3.44964    160.94269
      3.53000    159.56418      3.43770    156.12647
      3.54000    125.39264      2.81066    122.58198
      3.55000    160.44103      3.62230    156.81873
      3.56000    145.07685      3.29980    141.77705
      3.57000    110.29940      2.72991    107.56949
      3.58000    138.79793      3.41265    135.38528
      3.59000    145.44411      3.42815    142.01596
      3.60000    124.27719      3.23027    121.04692
      3.61000    101.79665      2.82650     98.97015
      3.62000    119.13288      3.06652    116.06636
      3.63000    159.37097      4.15666    155.21431
      3.64000    110.52242      3.08585    107.43657
      3.65000     76.57628      2.37396     74.20232
      3.66000    126.31670      3.73242    122.58428
      3.67000    144.02612      3.86304    140.16308
      3.68000    112.38578      3.23594    109.14984
      3.69000     96.64122      3.32540     93.31582
      3.70000     80.72704      2.69045     78.03659
      3.71000    120.10605      3.54440    116.56165
      3.72000    157.88578      4.79074    153.09504
      3.73000     94.46694      3.09230     91.37464
      3.74000     63.48832      2.45419     61.03413
      3.75000    101.74851      3.82531     97.92320
      3.76000    125.09875      3.92537    121.17338
      3.77000    126.34743      3.84627    122.50116
      3.78000    111.41807      4.19988    107.21819
      3.79000     69.70560      2.95610     66.74950
      3.80000     61.15800      2.47544     58.68256
      3.81000    130.46346      4.76021    125.70325
      3.82000    147.77234      4.96866    142.80369
      3.83000     86.39652      3.05509     83.34143
      3.84000     78.32841      3.62826     74.70014
      3.85000     80.22274      3.82336     76.39938
      3.86000     75.16637      2.92469     72.24168
      3.87000    134.63105      4.82166    129.80938
      3.88000    145.14107      5.64268    139.49839
      3.89000     70.16895      3.05378     67.11517
      3.90000     52.33221      2.74163     49.59057
      3.91000     88.34388      4.56158     83.78230
      3.92000    102.02508      4.25668     97.76840
      3.93000    119.88843      4.16779    115.72064
      3.94000    125.96550      5.40872    120.55678
      3.95000     84.85508      4.41678     80.43830
      3.96000     41.19146      2.33397     38.85749
      3.97000     67.03220      3.68351     63.34869
      3.98000    124.33080      5.87599    118.45481
      3.99000    127.59618      4.84888    122.74730
      4.00000     94.57508      3.91125     90.66383
      4.01000     89.42216      5.11088     84.31128
      4.02000     65.89253      4.06572     61.82681
      4.03000     41.83010      2.41745     39.41265
      4.04000     97.74244      4.94150     92.80094
      4.05000    157.59094      8.87998    148.71096
      4.06000    133.22392     31.25660    101.96733
      4.07000    229.68629    158.67024     71.01605
      4.08000    495.92206    382.73734    113.18472
      4.09000    566.71860    455.24537    111.47323
      4.10000    495.57161    398.35199     97.21961
      4.11000    616.68337    447.94226    168.74112
      4.12000    754.41026    547.73559    206.67467
      4.13000    657.44296    527.07956    130.36341
      4.14000    539.74407    451.25210     88.49197
      4.15000    514.80800    401.63717    113.17083
      4.16000    482.66734    369.94538    112.72196
      4.17000    454.96727    345.83075    109.13652
      4.18000    487.42460    329.84582    157.57878
      4.19000    478.43189    315.98221    162.44968
      4.20000    395.95705    299.39092     96.56614
      4.21000    346.03205    285.16402     60.86803
      4.22000    365.80206    276.43265     89.36940
      4.23000    382.66394    267.93973    114.72421
      4.24000    376.33009    257.22240    119.10769
      4.25000    385.90031    249.44816    136.45215
      4.26000    377.40496    243.14195    134.26302
      4.27000    330.43962    234.72293     95.71669
      4.28000    279.43798    225.62794     53.81004
      4.29000    287.54989    219.78818     67.76171
      4.30000    333.49991    218.02102    115.47889
      4.31000    345.63019    210.88886    134.74133
      4.32000    326.72337    205.54364    121.17973
      4.33000    332.57581    198.69251    133.88330
      4.34000    421.03121    198.30588    222.72533
      4.35000    429.48771    191.87005    237.61767
      4.36000    374.07646    188.87615    185.20031
      4.37000    387.39198    184.33663    203.05535
      4.38000    434.02330    184.84246    249.18084
      4.39000    397.48260    178.89207    218.59053
      4.40000    325.49387    172.87745    152.61642
      4.41000    347.60770    174.99332    172.61438
      4.42000    316.19260    164.86485    151.32776
      4.43000    269.64213    170.28088     99.36126
      4.44000    299.22176    156.88480    142.33696
      4.45000    379.22193    169.53653    209.68540
      4.46000    340.52559    156.92904    183.59654
      4.47000    286.80598    156.61290    130.19308
      4.48000    296.93066    157.49160    139.43906
      4.49000    283.69344    147.78985    135.90359
      4.50000    245.91821    154.13385     91.78436
      4.51000    235.41605    144.09656     91.31950
      4.52000    321.87518    147.80544    174.06974
      4.53000    366.67477    151.02072    215.65404
      4.54000    277.50901    141.50927    135.99973
      4.55000    233.23852    140.87721     92.36131
      4.56000    374.39078    151.94646    222.44432
      4.57000    550.95172    160.39672    390.55499
      4.58000    534.87953    159.93822    374.94130
      4.59000    451.39916    159.26524    292.13392
      4.60000    464.25600    147.35307    316.90293
      4.61000    537.27706    150.71773    386.55933
      4.62000    492.49180    156.97170    335.52010
      4.63000    349.62527    133.26234    216.36293
      4.64000    316.94877    137.55598    179.39279
      4.65000    385.33626    151.48891    233.84735
      4.66000    422.32296    129.05415    293.26882
      4.67000    418.55710    136.17238    282.38472
      4.68000    391.49904    148.40526    243.09378
      4.69000    317.76806    117.67331    200.09476
      4.70000    335.48493    128.96602    206.51891
      4.71000    377.88974    150.73972    227.15003
      4.72000    331.68438    114.82257    216.86181
      4.73000    303.58565    116.26532    187.32033
      4.74000    345.35598    149.62309    195.73290
      4.75000    370.12303    120.40486    249.71817
      4.76000    343.95441    106.15525    237.79915
      4.77000    349.12845    145.41268    203.71576
      4.78000    314.54758    126.02147    188.52610
      4.79000    258.74359     91.21138    167.53221
      4.80000    311.72966    132.55862    179.17104
      4.81000    318.25218    142.22643    176.02575
      4.82000    277.16302     91.04779    186.11523
      4.83000    358.83220    109.07423    249.75796
      4.84000    361.16753    150.08864    211.07889
      4.85000    274.32958    108.40480    165.92478
      4.86000    253.70225     81.94820    171.75405
      4.87000    322.78753    135.49747    187.29006
      4.88000    318.52452    138.81029    179.71423
      4.89000    216.62901     78.20872    138.42029
      4.90000    241.94148     94.45127    147.49021
      4.91000    341.90118    149.33528    192.56590
      4.92000    366.04977    116.24235    249.80743
      4.93000    309.75691     72.35254    237.40437
      4.94000    268.76349    115.82666    152.93682
      4.95000    253.15332    145.17974    107.97358
      4.96000    169.55110     83.62313     85.92797
      4.97000    207.36277     68.00073    139.36204
      4.98000    354.99795    135.80205    219.19590
      4.99000    393.43223    142.63694    250.79529
      5.00000    289.95147     72.92959    217.02189
      5.01000    195.55315     69.92002    125.63313
      5.02000    259.25864    138.97175    120.28689
      5.03000    295.69792    131.84653    163.85140
      5.04000    179.19661     60.08125    119.11536
      5.05000    182.39402     71.70096    110.69305
      5.06000    320.97474    144.13764    176.83710
      5.07000    326.71056    125.29370    201.41686
      5.08000    272.49306     58.30635    214.18671
      5.09000    269.21211     74.97494    194.23717
      5.10000    263.94770    142.17877    121.76893
      5.11000    241.14624    123.45819    117.68806
      5.12000    201.64423     53.75217    147.89206
      5.13000    179.85772     62.15946    117.69827
      5.14000    244.22083    136.15987    108.06097
      5.15000    264.78626    131.09118    133.69508
      5.16000    209.66460     57.24645    152.41814
      5.17000    255.71653     56.63112    199.08541
      5.18000    357.69612    131.40434    226.29179
      5.19000    298.31277    141.41368    156.89910
      5.20000    164.64869     63.21762    101.43108
      5.21000    212.15220     43.77679    168.37541
      5.22000    391.07850    116.56477    274.51373
      5.23000    454.62953    161.85639    292.77315
      5.24000    319.56043     91.14430    228.41613
      5.25000    151.60563     34.05764    117.54800
      5.26000    111.16043     71.90076     39.25967
      5.27000    193.71982    143.21657     50.50325
      5.28000    234.05674    113.62182    120.43492
      5.29000    205.75034     44.93615    160.81419
      5.30000    196.33601     51.18592    145.15009
      5.31000    295.23346    128.16067    167.07279
      5.32000    341.69354    143.60070    198.09284
      5.33000    219.22683     64.73668    154.49015
      5.34000    169.77541     33.88723    135.88818
      5.35000    251.27708     91.56262    159.71446
      5.36000    250.87108    149.18293    101.68815
      5.37000    152.03607     96.74449     55.29159
      5.38000    155.89017     34.62925    121.26092
      5.39000    266.36255     55.41587    210.94669
      5.40000    314.02391    131.25344    182.77047
      5.41000    275.41501    138.48875    136.92625
      5.42000    221.22224     63.10032    158.12192
      5.43000    191.60125     34.61901    156.98223
      5.44000    259.47695     90.09535    169.38160
      5.45000    307.58532    149.13701    158.44832
      5.46000    173.96038     99.44180     74.51858
      5.47000     88.33107     36.17914     52.15193
      5.48000    164.88290     57.16940    107.71351
      5.49000    292.64523    123.79237    168.85286
      5.50000    343.53469    132.96330    210.57139
      5.51000    299.05329     80.24693    218.80636
      5.52000    260.86347     69.70404    191.15943
      5.53000    237.20085     93.81802    143.38284
      5.54000    193.29053    102.65506     90.63547
      5.55000    192.60437    120.23334     72.37103
      5.56000    277.61125    119.60619    158.00505
      5.57000    308.50974     84.03185    224.47789
      5.58000    228.56556     84.64967    143.91589
      5.59000    240.80913    136.98563    103.82349
      5.60000    319.85817    127.62371    192.23446
      5.61000    300.88919     85.36830    215.52089
      5.62000    193.92101     85.71837    108.20264
      5.63000    135.32641     77.93556     57.39085
      5.64000    200.99600     85.87864    115.11736
      5.65000    298.89764    109.04735    189.85029
      5.66000    295.83495    107.53304    188.30190
      5.67000    232.52126     81.57467    150.94659
      5.68000    300.57108    121.09144    179.47964
      5.69000    521.17054    329.93960    191.23094
      5.70000    662.03028    494.13925    167.89104
      5.71000    517.01133    383.39058    133.62075
      5.72000    347.07816    231.16695    115.91122
      5.73000    379.69445    196.00467    183.68978
      5.74000    470.72188    210.04609    260.67579
      5.75000    483.60956    215.08824    268.52132
      5.76000    344.13398    158.61582    185.51816
      5.77000    251.59059    122.48739    129.10320
      5.78000    367.26446    193.98614    173.27832
      5.79000    421.36091    230.67489    190.68602
      5.80000    327.10516    162.94055    164.16461
      5.81000    280.47169     99.10047    181.37122
      5.82000    378.98045    121.46639    257.51406
      5.83000    467.91260    184.05872    283.85388
      5.84000    426.20425    203.18096    223.02329
      5.85000    401.42321    239.01509    162.40811
      5.86000    408.98681    215.64865    193.33816
      5.87000    500.89744    216.54915    284.34830
      5.88000    611.59531    248.88523    362.71007
      5.89000    521.63967    212.50014    309.13953
      5.90000    417.69064    188.10631    229.58433
      5.91000    364.04060    151.32753    212.71306
      5.92000    283.54859    133.89877    149.64982
      5.93000    175.01265    113.47305     61.53959
      5.94000     75.09088     60.05926     15.03163
      5.95000     18.25299     15.76167      2.49132
      5.96000     21.02793     17.26695      3.76098
      5.97000    121.45444     93.55014     27.90429
      5.98000    303.51875    211.89823     91.62052
      5.99000    355.65377    207.59714    148.05663
      6.00000    324.92043    164.63244    160.28799
      6.01000    300.04477    156.42872    143.61606
      6.02000    195.96495     84.15531    111.80964
      6.03000    112.38152     23.51060     88.87091
      6.04000     52.84771      5.77806     47.06965
      6.05000     11.97970      1.28800     10.69170
      6.06000      8.24609      4.20766      4.03843
      6.07000     62.44315     31.53836     30.90479
      6.08000    216.82117    101.41731    115.40385
      6.09000    322.04547    157.36842    164.67704
      6.10000    251.57869    157.40078     94.17790
      6.11000    191.12782    159.66762     31.46020
      6.12000    193.75467    172.53266     21.22201
      6.13000    154.60677    116.31220     38.29457
      6.14000    166.30545     68.57646     97.72899
      6.15000    290.52581    141.69505    148.83076
      6.16000    372.93398    243.88374    129.05024
      6.17000    368.10931    257.63094    110.47837
      6.18000    294.96033    187.56161    107.39871
      6.19000    222.88828    154.27499     68.61328
      6.20000    283.48927    234.74577     48.74349
      6.21000    272.32603    228.33876     43.98726
      6.22000    143.80200    100.33662     43.46537
      6.23000    122.82661     44.67173     78.15488
      6.24000    214.25638    101.67141    112.58497
      6.25000    322.17172    188.58968    133.58204
      6.26000    378.42908    240.39004    138.03905
      6.27000    349.33311    222.74189    126.59122
      6.28000    210.51732    131.06339     79.45393
      6.29000    163.08359    109.67512     53.40846
      6.30000    204.39388    124.78256     79.61132
      6.31000    185.54772    101.25077     84.29695
      6.32000    146.14264     99.92646     46.21618
      6.33000    148.44518    116.84291     31.60228
      6.34000    165.61105    105.87190     59.73914
      6.35000    276.95002    125.55596    151.39407
      6.36000    422.40384    184.81777    237.58606
      6.37000    396.77141    211.46063    185.31078
      6.38000    275.35152    194.92724     80.42428
      6.39000    169.41759    139.97317     29.44442
      6.40000    137.25652    104.57197     32.68455
      6.41000    182.26042    109.56694     72.69348
      6.42000    226.29859    139.36844     86.93014
      6.43000    197.64102    145.54404     52.09698
      6.44000    133.66190     98.54612     35.11579
      6.45000    157.01868     89.74341     67.27528
      6.46000    179.65879     91.78455     87.87424
      6.47000    207.29368    118.31298     88.98069
      6.48000    283.55163    161.49917    122.05336
      6.49000    273.79936    138.43354    135.41435
      6.50000    203.41400     93.93400    110.47836
      6.51000    245.39587    185.04869     68.42088
      6.52000    465.29773    442.07229     50.24538
      6.53000    534.30056    532.52269     43.11144
      6.54000    418.72508    402.60437     53.22893
      6.55000    477.58657    437.44081     80.93075
      6.56000    701.79751    692.70592     72.97415
      6.57000    826.42327    816.73492     83.39123
      6.58000    858.25764    804.37344    117.25735
      6.59000    815.84800    749.43854    119.45733
      6.60000    615.90548    566.96595     95.84144
      6.61000    386.29007    379.09373     45.95953
      6.62000    325.62405    327.84099     31.83998
      6.63000    450.52505    402.65639     84.97913
      6.64000    541.42276    447.18032    131.99329
      6.65000    481.04036    421.11746     94.90127
      6.66000    387.03471    386.93215     33.19826
      6.67000    384.89410    398.53443     20.73638
      6.68000    393.69454    371.19829     55.57959
      6.69000    382.63626    328.72532     81.22357
      6.70000    354.79998    331.14628     48.60003
      6.71000    352.66306    360.05291     20.45134
      6.72000    379.40446    359.48012     49.70213
      6.73000    438.55737    333.29511    134.08525
      6.74000    548.47742    374.63702    200.61204
      6.75000    536.54940    380.94642    176.74602
      6.76000    407.95459    338.79862     89.88083
      6.77000    345.12499    335.71052     35.38406
      6.78000    309.12455    318.51531     18.03109
      6.79000    285.69313    299.60039     11.50624
      6.80000    310.75516    309.03284     26.26376
      6.81000    384.77821    325.69073     82.25698
      6.82000    447.61116    323.63581    141.61805
      6.83000    426.55828    306.60894    138.72154
      6.84000    320.54123    253.02340     89.45569
      6.85000    233.76147    207.97838     46.82619
      6.86000    290.58286    248.53485     64.84953
      6.87000    317.78225    259.41815     78.47232
      6.88000    265.42175    249.20186     37.77072
      6.89000    204.29098    215.51254      8.77955
      6.90000    203.92495    213.96539      6.93471
      6.91000    252.76667    253.72210     19.04113
      6.92000    320.71639    262.12238     77.46295
      6.93000    464.29865    289.69604    190.34183
      6.94000    472.71421    264.04649    218.83234
      6.95000    273.26749    148.92590    128.08122
      6.96000    228.44810    145.05906     88.97633
      6.97000    379.22407    311.10028     85.22064
      6.98000    455.73421    438.71576     42.89246
      6.99000    374.48650    383.51424     13.39858
      7.00000    261.60356    265.81283     13.82409
      7.01000    291.02510    252.47470     58.23245
      7.02000    388.78385    270.83576    134.26848
      7.03000    378.79423    245.26339    141.95470
      7.04000    279.63770    220.32838     70.05769
      7.05000    211.96960    214.99771     16.64791
      7.06000    136.70548    139.68128     11.87048
      7.07000     94.30951     53.58958     45.48671
      7.08000    170.21661     94.16103     81.08413
      7.09000    340.83890    266.20965     88.45241
      7.10000    486.06558    392.97711    115.04058
      7.11000    480.49295    370.49227    135.87318
      7.12000    373.91864    259.37605    133.22702
      7.13000    292.56555    177.72645    123.87207
      7.14000    324.89466    235.59928    104.37621
      7.15000    349.02069    292.38432     79.13257
      7.16000    233.37958    207.32250     39.14724
      7.17000    167.48656    127.38977     45.01257
      7.18000    272.31673    178.84835    103.16264
      7.19000    348.51422    243.80441    122.36844
      7.20000    261.74249    208.35935     68.74628
      7.21000    177.24950    140.56346     42.92569
      7.22000    159.95698     83.67130     77.37292
      7.23000    184.71096     73.95053    110.87013
      7.24000    242.71845    117.38472    126.02084
      7.25000    314.60138    198.04399    121.68086
      7.26000    409.95274    302.33924    123.02567
      7.27000    459.86938    342.88350    138.00081
      7.28000    411.51195    303.16682    124.32983
      7.29000    320.96439    257.91763     75.78547
      7.30000    393.87984    331.99773     80.09869
      7.31000    609.25958    457.67583    171.42406
      7.32000    691.86939    467.35511    236.93665
      7.33000    541.62506    350.48412    198.83382
      7.34000    426.84669    251.68570    187.16253
      7.35000    433.92138    246.15707    203.69365
      7.36000    350.93405    227.60906    137.56311
      7.37000    218.95263    141.67989     84.87404
      7.38000    163.80493     79.98232     86.90618
      7.39000    222.50019    139.84600     88.88641
      7.40000    358.69045    290.50664     79.49966
      7.41000    435.00561    350.91941     96.47686
      7.42000    374.98998    257.68255    127.65193
      7.43000    300.90670    149.59161    155.90754
      7.44000    296.91637    119.28020    178.45271
      7.45000    226.43412     81.21708    145.27356
      7.46000    156.54066     68.15670     88.45826
      7.47000    231.94174    158.50119     74.28855
      7.48000    395.93460    304.49971     95.23196
      7.49000    450.62334    361.87698     96.01273
      7.50000    311.91136    262.13056     57.48294
      7.51000    190.58458    133.51084     62.34435
      7.52000    207.95361     81.76208    128.02192
      7.53000    317.75759    138.15869    179.86161
      7.54000    427.28404    230.46464    196.94473
      7.55000    401.55469    243.24074    159.34912
      7.56000    298.53420    223.63983     79.70912
      7.57000    337.36320    310.89260     40.90268
      7.58000    476.56686    427.75478     72.98527
      7.59000    438.48495    336.97604    120.43417
      7.60000    390.22635    219.34043    182.35191
      7.61000    469.42001    220.06337    261.83254
      7.62000    505.02392    246.25318    274.05728
      7.63000    429.12879    250.92540    192.17892
      7.64000    299.90842    222.38801     88.87280
      7.65000    205.32678    178.85893     34.31985
      7.66000    175.84586    157.99734     25.54052
      7.67000    220.96858    172.59485     61.20344
      7.68000    272.17533    187.94857     96.18027
      7.69000    269.23888    185.72414     93.55585
      7.70000    204.85053    139.90339     73.98180
      7.71000    217.93448    108.76338    114.49616
      7.72000    295.41597    148.08726    155.15329
      7.73000    254.66559    168.25872     98.91862
      7.74000    212.32867    155.40677     65.31412
      7.75000    226.68930    169.45553     62.34729
      7.76000    234.99133    201.95387     41.21066
      7.77000    199.72044    165.90103     41.05390
      7.78000    121.05758     78.41633     45.04093
      7.79000     49.86366     25.26990     24.91691
      7.80000     55.18039     28.60461     27.13555
      7.81000    167.04269    102.56755     68.11223
      7.82000    269.13267    183.35699     94.88188
      7.83000    297.14922    197.35025    109.84528
      7.84000    319.82938    216.65797    112.09227
      7.85000    266.16039    185.06147     88.35780
      7.86000    186.29523    108.23985     80.88358
      7.87000    154.92226     97.96278     57.37944
      7.88000    131.43220    102.04309     29.41215
      7.89000    111.63750     83.46256     28.17540
      7.90000    103.85940     52.03979     51.81973
      7.91000    131.20202     57.69888     73.51130
      7.92000    130.02356     83.39667     46.81068
      7.93000     87.17164     75.71233     12.98185
      7.94000     88.43552     90.19295      2.88277
      7.95000    132.05871    127.44210      9.83814
      7.96000    220.55048    183.76416     39.33110
      7.97000    390.29696    297.38389     96.25395
      7.98000    542.19978    402.20975    148.54895
      7.99000    489.77758    341.04197    157.83023
      8.00000    369.44527    239.16573    134.14971
      8.01000    283.56940    217.21469     67.65103
      8.02000    190.03084    172.28046     18.75053
      8.03000     97.46519     92.65757      7.03463
      8.04000    111.16498     95.56175     22.17119
      8.05000    204.28291    153.52645     59.73610
      8.06000    244.24466    188.03867     62.56332
      8.07000    166.03822    142.71141     26.13795
      8.08000     60.25780     54.78577      6.12219
      8.09000     45.24289     37.14035      8.16484
      8.10000    101.02882     82.20210     18.82897
      8.11000    160.07783    133.92173     26.15618
      8.12000    184.12588    150.13049     33.99898
      8.13000    162.06826    108.65154     53.51795
      8.14000    200.54254    107.22472     94.36972
      8.15000    289.12206    180.63718    112.51227
      8.16000    384.60248    286.77568    103.58135
      8.17000    370.46578    305.05274     68.84219
      8.18000    256.62307    212.68697     45.41089
      8.19000    221.83181    130.22312     92.26344
      8.20000    262.92460    104.98151    158.16494
      8.21000    288.07958    111.70102    177.38534
      8.22000    372.07116    185.98814    191.30005
      8.23000    418.65429    261.70455    167.43809
      8.24000    267.66213    196.40563     82.06402
      8.25000    195.03734    160.36653     46.84692
      8.26000    293.04947    223.23752     80.51242
      8.27000    381.37202    281.10544    104.22966
      8.28000    356.16819    268.61599     88.31510
      8.29000    286.08473    217.37739     69.99023
      8.30000    234.59191    186.65573     50.60254
      8.31000    213.72857    178.09918     37.80075
      8.32000    195.48330    163.71446     32.54663
      8.33000    159.29741    131.49350     28.10555
      8.34000    165.20416    119.82605     47.02899
      8.35000    171.37889    126.28564     52.05329
